Copyright 1986-2018 Xilinx, Inc. All Rights Reserved.
---------------------------------------------------------------------------------------------
| Tool Version : Vivado v.2018.2 (win64) Build 2258646 Thu Jun 14 20:03:12 MDT 2018
| Date         : Wed May 15 01:31:30 2019
| Host         : DESKTOP-9NGIUQU running 64-bit major release  (build 9200)
| Command      : report_control_sets -verbose -file design_1_wrapper_control_sets_placed.rpt
| Design       : design_1_wrapper
| Device       : xc7z020
---------------------------------------------------------------------------------------------

Control Set Information

Table of Contents
-----------------
1. Summary
2. Histogram
3. Flip-Flop Distribution
4. Detailed Control Set Information

1. Summary
----------

+----------------------------------------------------------+-------+
|                          Status                          | Count |
+----------------------------------------------------------+-------+
| Number of unique control sets                            |   120 |
| Unused register locations in slices containing registers |   188 |
+----------------------------------------------------------+-------+


2. Histogram
------------

+--------+--------------+
| Fanout | Control Sets |
+--------+--------------+
|      2 |            2 |
|      4 |            4 |
|      8 |           22 |
|     10 |            8 |
|     12 |            7 |
|     14 |            2 |
|    16+ |           75 |
+--------+--------------+


3. Flip-Flop Distribution
-------------------------

+--------------+-----------------------+------------------------+-----------------+--------------+
| Clock Enable | Synchronous Set/Reset | Asynchronous Set/Reset | Total Registers | Total Slices |
+--------------+-----------------------+------------------------+-----------------+--------------+
| No           | No                    | No                     |             530 |          100 |
| No           | No                    | Yes                    |               0 |            0 |
| No           | Yes                   | No                     |             636 |          104 |
| Yes          | No                    | No                     |            1302 |          151 |
| Yes          | No                    | Yes                    |               0 |            0 |
| Yes          | Yes                   | No                     |            1216 |          174 |
+--------------+-----------------------+------------------------+-----------------+--------------+


4. Detailed Control Set Information
-----------------------------------

+-------------------------------------------------+----------------------------------------------------------------------------------------------------------------------------------------------------------------+--------------------------------------------------------------------------------------------------------------------------------------------+------------------+----------------+
|                   Clock Signal                  |                                                                          Enable Signal                                                                         |                                                              Set/Reset Signal                                                              | Slice Load Count | Bel Load Count |
+-------------------------------------------------+----------------------------------------------------------------------------------------------------------------------------------------------------------------+--------------------------------------------------------------------------------------------------------------------------------------------+------------------+----------------+
|  design_1_i/processing_system7_0/inst/FCLK_CLK0 | design_1_i/AXI_UART_DRIVER_0/inst/AXI_UART_DRIVER_UART_m_axi_U/bus_write/bus_equal_gen.fifo_burst/E[0]                                                         | design_1_i/AXI_UART_DRIVER_0/inst/AXI_UART_DRIVER_UART_m_axi_U/bus_write/buff_wdata/waddr_reg[7]_0                                         |                1 |              2 |
|  design_1_i/processing_system7_0/inst/FCLK_CLK0 | design_1_i/ps7_0_axi_periph/s01_couplers/auto_pc/inst/gen_axilite.gen_b2s_conv.axilite_b2s/RD.r_channel_0/r_push_r                                             |                                                                                                                                            |                1 |              2 |
|  design_1_i/processing_system7_0/inst/FCLK_CLK0 | design_1_i/AXI_UART_DRIVER_0/inst/AXI_UART_DRIVER_UART_m_axi_U/bus_write/fifo_resp/pop0                                                                        | design_1_i/AXI_UART_DRIVER_0/inst/AXI_UART_DRIVER_UART_m_axi_U/bus_write/buff_wdata/waddr_reg[7]_0                                         |                1 |              4 |
|  design_1_i/processing_system7_0/inst/FCLK_CLK0 | design_1_i/AXI_UART_DRIVER_0/inst/AXI_UART_DRIVER_UART_m_axi_U/bus_write/fifo_resp/push_0                                                                      |                                                                                                                                            |                1 |              4 |
|  design_1_i/processing_system7_0/inst/FCLK_CLK0 | design_1_i/AXI_UART_DRIVER_0/inst/AXI_UART_DRIVER_UART_m_axi_U/bus_write/fifo_wreq/align_len_reg[31][0]                                                        | design_1_i/AXI_UART_DRIVER_0/inst/AXI_UART_DRIVER_UART_m_axi_U/bus_write/fifo_wreq/SR[0]                                                   |                1 |              4 |
|  design_1_i/processing_system7_0/inst/FCLK_CLK0 | design_1_i/ps7_0_axi_periph/s00_couplers/auto_pc/inst/gen_axilite.gen_b2s_conv.axilite_b2s/WR.b_channel_0/bid_fifo_0/bresp_push                                |                                                                                                                                            |                1 |              4 |
|  design_1_i/processing_system7_0/inst/FCLK_CLK0 |                                                                                                                                                                | design_1_i/ps7_0_axi_periph/s01_couplers/auto_pc/inst/gen_axilite.gen_b2s_conv.axilite_b2s/SI_REG/aw.aw_pipe/s_ready_i_reg_0               |                2 |              8 |
|  design_1_i/processing_system7_0/inst/FCLK_CLK0 | design_1_i/axi_uart16550_0/U0/XUART_I_1/UART16550_I_1/msr_reg0                                                                                                 |                                                                                                                                            |                1 |              8 |
|  design_1_i/processing_system7_0/inst/FCLK_CLK0 | design_1_i/AXI_UART_DRIVER_0/inst/AXI_UART_DRIVER_UART_m_axi_U/bus_read/fifo_rctl/could_multi_bursts.arlen_buf_reg[0]_0                                        | design_1_i/AXI_UART_DRIVER_0/inst/AXI_UART_DRIVER_UART_m_axi_U/bus_write/buff_wdata/waddr_reg[7]_0                                         |                2 |              8 |
|  design_1_i/processing_system7_0/inst/FCLK_CLK0 |                                                                                                                                                                | design_1_i/axi_uart16550_0/U0/XUART_I_1/UART16550_I_1/rx16550_1/framing_error_flag0                                                        |                1 |              8 |
|  design_1_i/processing_system7_0/inst/FCLK_CLK0 | design_1_i/axi_uart16550_0/U0/XUART_I_1/UART16550_I_1/ier1                                                                                                     | design_1_i/axi_uart16550_0/U0/bus2ip_reset_int_core                                                                                        |                1 |              8 |
|  design_1_i/processing_system7_0/inst/FCLK_CLK0 |                                                                                                                                                                | design_1_i/axi_uart16550_0/U0/XUART_I_1/UART16550_I_1/msr_reg0                                                                             |                1 |              8 |
|  design_1_i/processing_system7_0/inst/FCLK_CLK0 | design_1_i/ps7_0_axi_periph/xbar/inst/gen_sasd.crossbar_sasd_0/addr_arbiter_inst/m_grant_enc_i                                                                 | design_1_i/ps7_0_axi_periph/xbar/inst/gen_sasd.crossbar_sasd_0/addr_arbiter_inst/SR[0]                                                     |                1 |              8 |
|  design_1_i/processing_system7_0/inst/FCLK_CLK0 | design_1_i/ps7_0_axi_periph/s00_couplers/auto_pc/inst/gen_axilite.gen_b2s_conv.axilite_b2s/RD.ar_channel_0/ar_cmd_fsm_0/E[0]                                   | design_1_i/ps7_0_axi_periph/s00_couplers/auto_pc/inst/gen_axilite.gen_b2s_conv.axilite_b2s/RD.ar_channel_0/ar_cmd_fsm_0/axlen_cnt_reg[7]   |                1 |              8 |
|  design_1_i/processing_system7_0/inst/FCLK_CLK0 | design_1_i/ps7_0_axi_periph/s00_couplers/auto_pc/inst/gen_axilite.gen_b2s_conv.axilite_b2s/WR.aw_channel_0/aw_cmd_fsm_0/axaddr_wrap_reg[11][0]                 | design_1_i/ps7_0_axi_periph/s00_couplers/auto_pc/inst/gen_axilite.gen_b2s_conv.axilite_b2s/WR.aw_channel_0/aw_cmd_fsm_0/axlen_cnt_reg[7]_1 |                1 |              8 |
|  design_1_i/processing_system7_0/inst/FCLK_CLK0 |                                                                                                                                                                | design_1_i/ps7_0_axi_periph/xbar/inst/gen_sasd.crossbar_sasd_0/addr_arbiter_inst/s_arvalid_reg                                             |                2 |              8 |
|  design_1_i/processing_system7_0/inst/FCLK_CLK0 |                                                                                                                                                                | design_1_i/ps7_0_axi_periph/s00_couplers/auto_pc/inst/gen_axilite.gen_b2s_conv.axilite_b2s/SI_REG/ar.ar_pipe/m_valid_i_reg_0               |                2 |              8 |
|  design_1_i/processing_system7_0/inst/FCLK_CLK0 |                                                                                                                                                                | design_1_i/ps7_0_axi_periph/s00_couplers/auto_pc/inst/gen_axilite.gen_b2s_conv.axilite_b2s/SI_REG/aw.aw_pipe/s_ready_i_reg_0               |                2 |              8 |
|  design_1_i/processing_system7_0/inst/FCLK_CLK0 |                                                                                                                                                                | design_1_i/ps7_0_axi_periph/s01_couplers/auto_pc/inst/gen_axilite.gen_b2s_conv.axilite_b2s/SI_REG/ar.ar_pipe/m_valid_i_reg_0               |                2 |              8 |
|  design_1_i/processing_system7_0/inst/FCLK_CLK0 | design_1_i/axi_uart16550_0/U0/XUART_I_1/UART16550_I_1/rx16550_1/clkdiv[3]_i_2_n_0                                                                              | design_1_i/axi_uart16550_0/U0/XUART_I_1/UART16550_I_1/rx16550_1/clkdiv[3]_i_1__0_n_0                                                       |                2 |              8 |
|  design_1_i/processing_system7_0/inst/FCLK_CLK0 | design_1_i/AXI_UART_DRIVER_0/inst/AXI_UART_DRIVER_UART_m_axi_U/bus_write/fifo_resp/pout[3]_i_1_n_0                                                             | design_1_i/AXI_UART_DRIVER_0/inst/AXI_UART_DRIVER_UART_m_axi_U/bus_write/buff_wdata/waddr_reg[7]_0                                         |                1 |              8 |
|  design_1_i/processing_system7_0/inst/FCLK_CLK0 | design_1_i/AXI_UART_DRIVER_0/inst/AXI_UART_DRIVER_CTRL_s_axi_U/waddr                                                                                           |                                                                                                                                            |                2 |              8 |
|  design_1_i/processing_system7_0/inst/FCLK_CLK0 | design_1_i/axi_uart16550_0/U0/XUART_I_1/UART16550_I_1/GENERATING_FIFOS.rx_error_in_fifo_cnt[3]_i_2_n_0                                                         | design_1_i/axi_uart16550_0/U0/XUART_I_1/UART16550_I_1/p_1_out                                                                              |                1 |              8 |
|  design_1_i/processing_system7_0/inst/FCLK_CLK0 | design_1_i/AXI_UART_DRIVER_0/inst/AXI_UART_DRIVER_UART_m_axi_U/bus_write/bus_equal_gen.fifo_burst/push                                                         |                                                                                                                                            |                1 |              8 |
|  design_1_i/processing_system7_0/inst/FCLK_CLK0 | design_1_i/axi_uart16550_0/U0/XUART_I_1/UART16550_I_1/tx16550_1/clkdiv[3]_i_1_n_0                                                                              | design_1_i/axi_uart16550_0/U0/bus2ip_reset_int_core                                                                                        |                1 |              8 |
|  design_1_i/processing_system7_0/inst/FCLK_CLK0 | design_1_i/AXI_UART_DRIVER_0/inst/AXI_UART_DRIVER_UART_m_axi_U/bus_read/fifo_rctl/pout[3]_i_1__0_n_0                                                           | design_1_i/AXI_UART_DRIVER_0/inst/AXI_UART_DRIVER_UART_m_axi_U/bus_write/buff_wdata/waddr_reg[7]_0                                         |                1 |              8 |
|  design_1_i/processing_system7_0/inst/FCLK_CLK0 | design_1_i/ps7_0_axi_periph/s01_couplers/auto_pc/inst/gen_axilite.gen_b2s_conv.axilite_b2s/WR.aw_channel_0/aw_cmd_fsm_0/b_push                                 |                                                                                                                                            |                1 |              8 |
|  design_1_i/processing_system7_0/inst/FCLK_CLK0 | design_1_i/axi_uart16550_0/U0/AXI_LITE_IPIF_I/I_SLAVE_ATTACHMENT/bus2ip_addr_i[4]_i_1_n_0                                                                      | design_1_i/axi_uart16550_0/U0/bus2ip_reset_int_core                                                                                        |                1 |              8 |
|  design_1_i/processing_system7_0/inst/FCLK_CLK0 | design_1_i/axi_uart16550_0/U0/XUART_I_1/UART16550_I_1/mcr0                                                                                                     | design_1_i/axi_uart16550_0/U0/bus2ip_reset_int_core                                                                                        |                2 |             10 |
|  design_1_i/processing_system7_0/inst/FCLK_CLK0 |                                                                                                                                                                | design_1_i/rst_ps7_0_100M/U0/EXT_LPF/lpf_int                                                                                               |                1 |             10 |
|  design_1_i/processing_system7_0/inst/FCLK_CLK0 | design_1_i/AXI_UART_DRIVER_0/inst/AXI_UART_DRIVER_UART_m_axi_U/bus_read/fifo_rreq/push                                                                         |                                                                                                                                            |                2 |             10 |
|  design_1_i/processing_system7_0/inst/FCLK_CLK0 | design_1_i/AXI_UART_DRIVER_0/inst/AXI_UART_DRIVER_UART_m_axi_U/bus_write/fifo_wreq/push                                                                        |                                                                                                                                            |                2 |             10 |
|  design_1_i/processing_system7_0/inst/FCLK_CLK0 | design_1_i/AXI_UART_DRIVER_0/inst/AXI_UART_DRIVER_UART_m_axi_U/bus_write/bus_equal_gen.fifo_burst/pop0                                                         | design_1_i/AXI_UART_DRIVER_0/inst/AXI_UART_DRIVER_UART_m_axi_U/bus_write/buff_wdata/waddr_reg[7]_0                                         |                2 |             10 |
|  design_1_i/processing_system7_0/inst/FCLK_CLK0 | design_1_i/ps7_0_axi_periph/xbar/inst/gen_sasd.crossbar_sasd_0/reg_slice_r/aa_rready                                                                           |                                                                                                                                            |                3 |             10 |
|  design_1_i/processing_system7_0/inst/FCLK_CLK0 | design_1_i/AXI_UART_DRIVER_0/inst/AXI_UART_DRIVER_UART_m_axi_U/bus_write/fifo_wreq/align_len_reg[31][0]                                                        | design_1_i/AXI_UART_DRIVER_0/inst/AXI_UART_DRIVER_UART_m_axi_U/bus_write/buff_wdata/waddr_reg[7]_0                                         |                1 |             10 |
|  design_1_i/processing_system7_0/inst/FCLK_CLK0 | design_1_i/AXI_UART_DRIVER_0/inst/AXI_UART_DRIVER_CTRL_s_axi_U/ar_hs                                                                                           |                                                                                                                                            |                2 |             10 |
|  design_1_i/processing_system7_0/inst/FCLK_CLK0 |                                                                                                                                                                | design_1_i/axi_uart16550_0/U0/XUART_I_1/UART16550_I_1/rx_fifo_rst                                                                          |                3 |             12 |
|  design_1_i/processing_system7_0/inst/FCLK_CLK0 |                                                                                                                                                                | design_1_i/axi_uart16550_0/U0/XUART_I_1/UART16550_I_1/tx_fifo_rst                                                                          |                2 |             12 |
|  design_1_i/processing_system7_0/inst/FCLK_CLK0 | design_1_i/AXI_UART_DRIVER_0/inst/AXI_UART_DRIVER_UART_m_axi_U/bus_write/bus_equal_gen.fifo_burst/could_multi_bursts.next_loop                                 | design_1_i/AXI_UART_DRIVER_0/inst/AXI_UART_DRIVER_UART_m_axi_U/bus_write/bus_equal_gen.fifo_burst/could_multi_bursts.loop_cnt_reg[0][0]    |                2 |             12 |
|  design_1_i/processing_system7_0/inst/FCLK_CLK0 | design_1_i/AXI_UART_DRIVER_0/inst/AXI_UART_DRIVER_UART_m_axi_U/bus_read/fifo_rctl/pop0                                                                         | design_1_i/AXI_UART_DRIVER_0/inst/AXI_UART_DRIVER_UART_m_axi_U/bus_write/buff_wdata/waddr_reg[7]_0                                         |                3 |             12 |
|  design_1_i/processing_system7_0/inst/FCLK_CLK0 | design_1_i/rst_ps7_0_100M/U0/SEQ/seq_cnt_en                                                                                                                    | design_1_i/rst_ps7_0_100M/U0/SEQ/SEQ_COUNTER/clear                                                                                         |                1 |             12 |
|  design_1_i/processing_system7_0/inst/FCLK_CLK0 | design_1_i/AXI_UART_DRIVER_0/inst/AXI_UART_DRIVER_UART_m_axi_U/bus_write/fifo_wreq/pop0                                                                        | design_1_i/AXI_UART_DRIVER_0/inst/AXI_UART_DRIVER_UART_m_axi_U/bus_write/buff_wdata/waddr_reg[7]_0                                         |                3 |             12 |
|  design_1_i/processing_system7_0/inst/FCLK_CLK0 | design_1_i/AXI_UART_DRIVER_0/inst/AXI_UART_DRIVER_UART_m_axi_U/bus_read/fifo_rctl/p_20_in                                                                      | design_1_i/AXI_UART_DRIVER_0/inst/AXI_UART_DRIVER_UART_m_axi_U/bus_read/fifo_rctl/could_multi_bursts.loop_cnt_reg[0][0]                    |                2 |             12 |
|  design_1_i/processing_system7_0/inst/FCLK_CLK0 | design_1_i/AXI_UART_DRIVER_0/inst/AXI_UART_DRIVER_UART_m_axi_U/bus_read/fifo_rreq/E[0]                                                                         | design_1_i/AXI_UART_DRIVER_0/inst/AXI_UART_DRIVER_UART_m_axi_U/bus_write/buff_wdata/waddr_reg[7]_0                                         |                3 |             14 |
|  design_1_i/processing_system7_0/inst/FCLK_CLK0 | design_1_i/axi_uart16550_0/U0/XUART_I_1/UART16550_I_1/rx16550_1/clk1x                                                                                          | design_1_i/axi_uart16550_0/U0/XUART_I_1/UART16550_I_1/rx16550_1/parity_error_d0                                                            |                6 |             14 |
|  design_1_i/processing_system7_0/inst/FCLK_CLK0 | design_1_i/AXI_UART_DRIVER_0/inst/AXI_UART_DRIVER_UART_m_axi_U/bus_write/bus_equal_gen.fifo_burst/E[0]                                                         | design_1_i/AXI_UART_DRIVER_0/inst/AXI_UART_DRIVER_UART_m_axi_U/bus_write/bus_equal_gen.fifo_burst/bus_equal_gen.len_cnt_reg[0][0]          |                3 |             16 |
|  design_1_i/processing_system7_0/inst/FCLK_CLK0 | design_1_i/axi_uart16550_0/U0/XUART_I_1/UART16550_I_1/dll0                                                                                                     | design_1_i/axi_uart16550_0/U0/bus2ip_reset_int_core                                                                                        |                2 |             16 |
|  design_1_i/processing_system7_0/inst/FCLK_CLK0 | design_1_i/axi_uart16550_0/U0/XUART_I_1/UART16550_I_1/dlm0                                                                                                     | design_1_i/axi_uart16550_0/U0/bus2ip_reset_int_core                                                                                        |                3 |             16 |
|  design_1_i/processing_system7_0/inst/FCLK_CLK0 | design_1_i/axi_uart16550_0/U0/XUART_I_1/UART16550_I_1/GENERATING_FIFOS.tx_fifo_block_1/srl_fifo_rbu_f_i1/DYNSHREG_F_I/tx_fifo_wr_en_i                          |                                                                                                                                            |                2 |             16 |
|  design_1_i/processing_system7_0/inst/FCLK_CLK0 | design_1_i/axi_uart16550_0/U0/XUART_I_1/UART16550_I_1/Thr0                                                                                                     | design_1_i/axi_uart16550_0/U0/bus2ip_reset_int_core                                                                                        |                2 |             16 |
|  design_1_i/processing_system7_0/inst/FCLK_CLK0 | design_1_i/AXI_UART_DRIVER_0/inst/AXI_UART_DRIVER_UART_m_axi_U/bus_write/buff_wdata/usedw[7]_i_1_n_0                                                           | design_1_i/AXI_UART_DRIVER_0/inst/AXI_UART_DRIVER_UART_m_axi_U/bus_write/buff_wdata/waddr_reg[7]_0                                         |                2 |             16 |
|  design_1_i/processing_system7_0/inst/FCLK_CLK0 | design_1_i/axi_uart16550_0/U0/XUART_I_1/UART16550_I_1/Lcr[7]_i_1_n_0                                                                                           | design_1_i/axi_uart16550_0/U0/bus2ip_reset_int_core                                                                                        |                2 |             16 |
|  design_1_i/processing_system7_0/inst/FCLK_CLK0 | design_1_i/axi_uart16550_0/U0/AXI_LITE_IPIF_I/I_SLAVE_ATTACHMENT/s_axi_rresp_i                                                                                 | design_1_i/axi_uart16550_0/U0/bus2ip_reset_int_core                                                                                        |                2 |             16 |
|  design_1_i/processing_system7_0/inst/FCLK_CLK0 | design_1_i/axi_uart16550_0/U0/XUART_I_1/UART16550_I_1/xuart_tx_load_sm_1/tsr_com                                                                               | design_1_i/axi_uart16550_0/U0/bus2ip_reset_int_core                                                                                        |                2 |             16 |
|  design_1_i/processing_system7_0/inst/FCLK_CLK0 | design_1_i/axi_uart16550_0/U0/XUART_I_1/UART16550_I_1/scr0                                                                                                     | design_1_i/axi_uart16550_0/U0/bus2ip_reset_int_core                                                                                        |                4 |             16 |
|  design_1_i/processing_system7_0/inst/FCLK_CLK0 | design_1_i/AXI_UART_DRIVER_0/inst/AXI_UART_DRIVER_UART_m_axi_U/bus_read/buff_rdata/usedw[7]_i_1__0_n_0                                                         | design_1_i/AXI_UART_DRIVER_0/inst/AXI_UART_DRIVER_UART_m_axi_U/bus_write/buff_wdata/waddr_reg[7]_0                                         |                3 |             16 |
|  design_1_i/processing_system7_0/inst/FCLK_CLK0 | design_1_i/axi_uart16550_0/U0/XUART_I_1/UART16550_I_1/p_92_in                                                                                                  | design_1_i/axi_uart16550_0/U0/bus2ip_reset_int_core                                                                                        |                5 |             16 |
|  design_1_i/processing_system7_0/inst/FCLK_CLK0 | design_1_i/ps7_0_axi_periph/s00_couplers/auto_pc/inst/gen_axilite.gen_b2s_conv.axilite_b2s/WR.b_channel_0/mhandshake_r                                         | design_1_i/ps7_0_axi_periph/s00_couplers/auto_pc/inst/gen_axilite.gen_b2s_conv.axilite_b2s/WR.b_channel_0/bid_fifo_0/SR[0]                 |                3 |             16 |
|  design_1_i/processing_system7_0/inst/FCLK_CLK0 | design_1_i/AXI_UART_DRIVER_0/inst/AXI_UART_DRIVER_UART_m_axi_U/bus_read/buff_rdata/E[0]                                                                        |                                                                                                                                            |                1 |             16 |
|  design_1_i/processing_system7_0/inst/FCLK_CLK0 | design_1_i/AXI_UART_DRIVER_0/inst/AXI_UART_DRIVER_UART_m_axi_U/bus_read/rs_rdata/load_p2                                                                       |                                                                                                                                            |                1 |             16 |
|  design_1_i/processing_system7_0/inst/FCLK_CLK0 | design_1_i/AXI_UART_DRIVER_0/inst/AXI_UART_DRIVER_UART_m_axi_U/bus_read/rs_rdata/load_p1                                                                       |                                                                                                                                            |                2 |             16 |
|  design_1_i/processing_system7_0/inst/FCLK_CLK0 | design_1_i/ps7_0_axi_periph/s00_couplers/auto_pc/inst/gen_axilite.gen_b2s_conv.axilite_b2s/RD.ar_channel_0/ar_cmd_fsm_0/axaddr_incr_reg[0][0]                  |                                                                                                                                            |                3 |             16 |
|  design_1_i/processing_system7_0/inst/FCLK_CLK0 | design_1_i/ps7_0_axi_periph/s01_couplers/auto_pc/inst/gen_axilite.gen_b2s_conv.axilite_b2s/WR.aw_channel_0/cmd_translator_0/incr_cmd_0/axaddr_incr[11]_i_1_n_0 |                                                                                                                                            |                2 |             16 |
|  design_1_i/processing_system7_0/inst/FCLK_CLK0 | design_1_i/AXI_UART_DRIVER_0/inst/AXI_UART_DRIVER_UART_m_axi_U/bus_read/rs_rdata/E[0]                                                                          |                                                                                                                                            |                2 |             16 |
|  design_1_i/processing_system7_0/inst/FCLK_CLK0 | design_1_i/ps7_0_axi_periph/s00_couplers/auto_pc/inst/gen_axilite.gen_b2s_conv.axilite_b2s/RD.ar_channel_0/ar_cmd_fsm_0/wrap_boundary_axaddr_r_reg[11][0]      |                                                                                                                                            |                3 |             16 |
|  design_1_i/processing_system7_0/inst/FCLK_CLK0 | design_1_i/AXI_UART_DRIVER_0/inst/AXI_UART_DRIVER_UART_m_axi_U/bus_write/E[0]                                                                                  | design_1_i/AXI_UART_DRIVER_0/inst/AXI_UART_DRIVER_UART_m_axi_U/bus_write/buff_wdata/waddr_reg[7]_0                                         |                2 |             16 |
|  design_1_i/processing_system7_0/inst/FCLK_CLK0 | design_1_i/ps7_0_axi_periph/s01_couplers/auto_pc/inst/gen_axilite.gen_b2s_conv.axilite_b2s/WR.aw_channel_0/aw_cmd_fsm_0/axaddr_wrap_reg[0][0]                  |                                                                                                                                            |                4 |             16 |
|  design_1_i/processing_system7_0/inst/FCLK_CLK0 | design_1_i/ps7_0_axi_periph/s00_couplers/auto_pc/inst/gen_axilite.gen_b2s_conv.axilite_b2s/WR.aw_channel_0/cmd_translator_0/incr_cmd_0/axaddr_incr[11]_i_1_n_0 |                                                                                                                                            |                2 |             16 |
|  design_1_i/processing_system7_0/inst/FCLK_CLK0 | design_1_i/ps7_0_axi_periph/s00_couplers/auto_pc/inst/gen_axilite.gen_b2s_conv.axilite_b2s/WR.aw_channel_0/aw_cmd_fsm_0/E[0]                                   |                                                                                                                                            |                4 |             16 |
|  design_1_i/processing_system7_0/inst/FCLK_CLK0 | design_1_i/axi_uart16550_0/U0/XUART_I_1/UART16550_I_1/rx16550_1/rbr_d0                                                                                         | design_1_i/axi_uart16550_0/U0/XUART_I_1/UART16550_I_1/rx16550_1/rx_rst                                                                     |                3 |             16 |
|  design_1_i/processing_system7_0/inst/FCLK_CLK0 | design_1_i/ps7_0_axi_periph/s01_couplers/auto_pc/inst/gen_axilite.gen_b2s_conv.axilite_b2s/RD.ar_channel_0/ar_cmd_fsm_0/axaddr_wrap_reg[11]_0[0]               |                                                                                                                                            |                4 |             16 |
|  design_1_i/processing_system7_0/inst/FCLK_CLK0 | design_1_i/ps7_0_axi_periph/s01_couplers/auto_pc/inst/gen_axilite.gen_b2s_conv.axilite_b2s/RD.ar_channel_0/ar_cmd_fsm_0/axaddr_incr_reg[0][0]                  |                                                                                                                                            |                2 |             16 |
|  design_1_i/processing_system7_0/inst/FCLK_CLK0 | design_1_i/axi_uart16550_0/U0/XUART_I_1/UART16550_I_1/rx16550_1/clk1x_d                                                                                        | design_1_i/axi_uart16550_0/U0/XUART_I_1/UART16550_I_1/rx16550_1/rx_rst                                                                     |                2 |             16 |
|  design_1_i/processing_system7_0/inst/FCLK_CLK0 | design_1_i/ps7_0_axi_periph/s01_couplers/auto_pc/inst/gen_axilite.gen_b2s_conv.axilite_b2s/WR.b_channel_0/mhandshake_r                                         | design_1_i/ps7_0_axi_periph/s01_couplers/auto_pc/inst/gen_axilite.gen_b2s_conv.axilite_b2s/WR.b_channel_0/bid_fifo_0/SR[0]                 |                2 |             16 |
|  design_1_i/processing_system7_0/inst/FCLK_CLK0 | design_1_i/AXI_UART_DRIVER_0/inst/AXI_UART_DRIVER_UART_m_axi_U/bus_write/bus_equal_gen.fifo_burst/E[0]                                                         |                                                                                                                                            |                2 |             16 |
|  design_1_i/processing_system7_0/inst/FCLK_CLK0 |                                                                                                                                                                | design_1_i/ps7_0_axi_periph/xbar/inst/gen_sasd.crossbar_sasd_0/addr_arbiter_inst/SR[0]                                                     |                3 |             20 |
|  design_1_i/processing_system7_0/inst/FCLK_CLK0 | design_1_i/axi_uart16550_0/U0/XUART_I_1/UART16550_I_1/GENERATING_FIFOS.rx_fifo_block_1/rx_fifo_control_1/character_counter0                                    | design_1_i/axi_uart16550_0/U0/XUART_I_1/UART16550_I_1/rx16550_1/SR[0]                                                                      |                3 |             20 |
|  design_1_i/processing_system7_0/inst/FCLK_CLK0 | design_1_i/axi_uart16550_0/U0/XUART_I_1/UART16550_I_1/rx16550_1/rx_fifo_wr_en_i                                                                                |                                                                                                                                            |                2 |             22 |
|  design_1_i/processing_system7_0/inst/FCLK_CLK0 | design_1_i/axi_uart16550_0/U0/XUART_I_1/UART16550_I_1/rx16550_1/rclk_int                                                                                       | design_1_i/axi_uart16550_0/U0/XUART_I_1/UART16550_I_1/rx16550_1/rx_rst                                                                     |                2 |             24 |
|  design_1_i/processing_system7_0/inst/FCLK_CLK0 | design_1_i/ps7_0_axi_periph/s00_couplers/auto_pc/inst/gen_axilite.gen_b2s_conv.axilite_b2s/RD.r_channel_0/r_push_r                                             |                                                                                                                                            |                4 |             26 |
|  design_1_i/processing_system7_0/inst/FCLK_CLK0 | design_1_i/axi_uart16550_0/U0/XUART_I_1/UART16550_I_1/tx16550_1/Sout0                                                                                          | design_1_i/axi_uart16550_0/U0/bus2ip_reset_int_core                                                                                        |                6 |             28 |
|  design_1_i/processing_system7_0/inst/FCLK_CLK0 | design_1_i/AXI_UART_DRIVER_0/inst/AXI_UART_DRIVER_UART_m_axi_U/bus_write/buff_wdata/push                                                                       | design_1_i/AXI_UART_DRIVER_0/inst/AXI_UART_DRIVER_UART_m_axi_U/bus_write/buff_wdata/waddr_reg[7]_0                                         |                4 |             28 |
|  design_1_i/processing_system7_0/inst/FCLK_CLK0 | design_1_i/ps7_0_axi_periph/s00_couplers/auto_pc/inst/gen_axilite.gen_b2s_conv.axilite_b2s/SI_REG/b.b_pipe/p_1_in                                              |                                                                                                                                            |                2 |             28 |
|  design_1_i/processing_system7_0/inst/FCLK_CLK0 | design_1_i/ps7_0_axi_periph/s00_couplers/auto_pc/inst/gen_axilite.gen_b2s_conv.axilite_b2s/SI_REG/b.b_pipe/skid_buffer_reg[0]_0                                |                                                                                                                                            |                2 |             28 |
|  design_1_i/processing_system7_0/inst/FCLK_CLK0 | design_1_i/ps7_0_axi_periph/s00_couplers/auto_pc/inst/gen_axilite.gen_b2s_conv.axilite_b2s/WR.aw_channel_0/aw_cmd_fsm_0/b_push                                 |                                                                                                                                            |                3 |             32 |
|  design_1_i/processing_system7_0/inst/FCLK_CLK0 | design_1_i/ps7_0_axi_periph/s00_couplers/auto_pc/inst/gen_axilite.gen_b2s_conv.axilite_b2s/RD.ar_channel_0/ar_cmd_fsm_0/E[0]                                   |                                                                                                                                            |                6 |             32 |
|  design_1_i/processing_system7_0/inst/FCLK_CLK0 | design_1_i/ps7_0_axi_periph/s00_couplers/auto_pc/inst/gen_axilite.gen_b2s_conv.axilite_b2s/WR.aw_channel_0/aw_cmd_fsm_0/axaddr_wrap_reg[11][0]                 |                                                                                                                                            |                6 |             32 |
|  design_1_i/processing_system7_0/inst/FCLK_CLK0 | design_1_i/AXI_UART_DRIVER_0/inst/AXI_UART_DRIVER_UART_m_axi_U/bus_read/buff_rdata/push                                                                        | design_1_i/AXI_UART_DRIVER_0/inst/AXI_UART_DRIVER_UART_m_axi_U/bus_write/buff_wdata/waddr_reg[7]_0                                         |                4 |             34 |
|  design_1_i/processing_system7_0/inst/FCLK_CLK0 | design_1_i/AXI_UART_DRIVER_0/inst/AXI_UART_DRIVER_UART_m_axi_U/bus_read/buff_rdata/pop                                                                         | design_1_i/AXI_UART_DRIVER_0/inst/AXI_UART_DRIVER_UART_m_axi_U/bus_write/buff_wdata/waddr_reg[7]_0                                         |                6 |             34 |
|  design_1_i/processing_system7_0/inst/FCLK_CLK0 | design_1_i/AXI_UART_DRIVER_0/inst/AXI_UART_DRIVER_UART_m_axi_U/bus_write/buff_wdata/pop                                                                        | design_1_i/AXI_UART_DRIVER_0/inst/AXI_UART_DRIVER_UART_m_axi_U/bus_write/buff_wdata/waddr_reg[7]_0                                         |                6 |             34 |
|  design_1_i/processing_system7_0/inst/FCLK_CLK0 |                                                                                                                                                                | design_1_i/axi_uart16550_0/U0/XUART_I_1/UART16550_I_1/rx16550_1/rx_rst                                                                     |                3 |             36 |
|  design_1_i/processing_system7_0/inst/FCLK_CLK0 | design_1_i/AXI_UART_DRIVER_0/inst/AXI_UART_DRIVER_UART_m_axi_U/bus_write/fifo_wreq/sect_cnt_reg[0][0]                                                          | design_1_i/AXI_UART_DRIVER_0/inst/AXI_UART_DRIVER_UART_m_axi_U/bus_write/buff_wdata/waddr_reg[7]_0                                         |                3 |             40 |
|  design_1_i/processing_system7_0/inst/FCLK_CLK0 | design_1_i/AXI_UART_DRIVER_0/inst/AXI_UART_DRIVER_UART_m_axi_U/bus_read/fifo_rreq/sect_cnt_reg[0][0]                                                           | design_1_i/AXI_UART_DRIVER_0/inst/AXI_UART_DRIVER_UART_m_axi_U/bus_write/buff_wdata/waddr_reg[7]_0                                         |                3 |             40 |
|  design_1_i/processing_system7_0/inst/FCLK_CLK0 | design_1_i/ps7_0_axi_periph/s00_couplers/auto_pc/inst/gen_axilite.gen_b2s_conv.axilite_b2s/RD.r_channel_0/rd_data_fifo_0/wr_en0                                |                                                                                                                                            |                7 |             48 |
|  design_1_i/processing_system7_0/inst/FCLK_CLK0 | design_1_i/ps7_0_axi_periph/s01_couplers/auto_pc/inst/gen_axilite.gen_b2s_conv.axilite_b2s/RD.r_channel_0/rd_data_fifo_0/wr_en0                                |                                                                                                                                            |                7 |             48 |
|  design_1_i/processing_system7_0/inst/FCLK_CLK0 | design_1_i/ps7_0_axi_periph/xbar/inst/gen_sasd.crossbar_sasd_0/addr_arbiter_inst/E[0]                                                                          |                                                                                                                                            |               10 |             50 |
|  design_1_i/processing_system7_0/inst/FCLK_CLK0 | design_1_i/ps7_0_axi_periph/s01_couplers/auto_pc/inst/gen_axilite.gen_b2s_conv.axilite_b2s/SI_REG/r.r_pipe/p_1_in                                              |                                                                                                                                            |                5 |             50 |
|  design_1_i/processing_system7_0/inst/FCLK_CLK0 | design_1_i/ps7_0_axi_periph/s01_couplers/auto_pc/inst/gen_axilite.gen_b2s_conv.axilite_b2s/SI_REG/r.r_pipe/skid_buffer_reg[0]_0                                |                                                                                                                                            |                4 |             50 |
|  design_1_i/processing_system7_0/inst/FCLK_CLK0 | design_1_i/ps7_0_axi_periph/xbar/inst/gen_sasd.crossbar_sasd_0/addr_arbiter_inst/p_0_in                                                                        | design_1_i/ps7_0_axi_periph/xbar/inst/gen_sasd.crossbar_sasd_0/addr_arbiter_inst/SR[0]                                                     |               10 |             50 |
|  design_1_i/processing_system7_0/inst/FCLK_CLK0 | design_1_i/AXI_UART_DRIVER_0/inst/AXI_UART_DRIVER_UART_m_axi_U/bus_read/fifo_rctl/p_20_in                                                                      | design_1_i/AXI_UART_DRIVER_0/inst/AXI_UART_DRIVER_UART_m_axi_U/bus_write/buff_wdata/waddr_reg[7]_0                                         |                5 |             60 |
|  design_1_i/processing_system7_0/inst/FCLK_CLK0 | design_1_i/AXI_UART_DRIVER_0/inst/AXI_UART_DRIVER_UART_m_axi_U/bus_read/fifo_rctl/p_21_in                                                                      | design_1_i/AXI_UART_DRIVER_0/inst/AXI_UART_DRIVER_UART_m_axi_U/bus_write/buff_wdata/waddr_reg[7]_0                                         |                5 |             62 |
|  design_1_i/processing_system7_0/inst/FCLK_CLK0 | design_1_i/AXI_UART_DRIVER_0/inst/AXI_UART_DRIVER_UART_m_axi_U/bus_write/bus_equal_gen.fifo_burst/p_26_in                                                      | design_1_i/AXI_UART_DRIVER_0/inst/AXI_UART_DRIVER_UART_m_axi_U/bus_write/buff_wdata/waddr_reg[7]_0                                         |                7 |             62 |
|  design_1_i/processing_system7_0/inst/FCLK_CLK0 | design_1_i/ps7_0_axi_periph/s01_couplers/auto_pc/inst/gen_axilite.gen_b2s_conv.axilite_b2s/RD.ar_channel_0/ar_cmd_fsm_0/m_payload_i_reg[0]_0[0]                |                                                                                                                                            |                7 |             64 |
|  design_1_i/processing_system7_0/inst/FCLK_CLK0 | design_1_i/ps7_0_axi_periph/s01_couplers/auto_pc/inst/gen_axilite.gen_b2s_conv.axilite_b2s/SI_REG/ar.ar_pipe/s_axi_arready                                     |                                                                                                                                            |                5 |             64 |
|  design_1_i/processing_system7_0/inst/FCLK_CLK0 | design_1_i/ps7_0_axi_periph/s01_couplers/auto_pc/inst/gen_axilite.gen_b2s_conv.axilite_b2s/SI_REG/aw.aw_pipe/s_axi_awready                                     |                                                                                                                                            |               10 |             64 |
|  design_1_i/processing_system7_0/inst/FCLK_CLK0 | design_1_i/ps7_0_axi_periph/s01_couplers/auto_pc/inst/gen_axilite.gen_b2s_conv.axilite_b2s/WR.aw_channel_0/aw_cmd_fsm_0/m_payload_i_reg[0][0]                  |                                                                                                                                            |                5 |             64 |
|  design_1_i/processing_system7_0/inst/FCLK_CLK0 | design_1_i/AXI_UART_DRIVER_0/inst/AXI_UART_DRIVER_UART_m_axi_U/bus_write/bus_equal_gen.fifo_burst/could_multi_bursts.next_loop                                 | design_1_i/AXI_UART_DRIVER_0/inst/AXI_UART_DRIVER_UART_m_axi_U/bus_write/buff_wdata/waddr_reg[7]_0                                         |                6 |             68 |
|  design_1_i/processing_system7_0/inst/FCLK_CLK0 | design_1_i/ps7_0_axi_periph/s00_couplers/auto_pc/inst/gen_axilite.gen_b2s_conv.axilite_b2s/SI_REG/r.r_pipe/skid_buffer_reg[0]_0                                |                                                                                                                                            |                6 |             74 |
|  design_1_i/processing_system7_0/inst/FCLK_CLK0 | design_1_i/ps7_0_axi_periph/s00_couplers/auto_pc/inst/gen_axilite.gen_b2s_conv.axilite_b2s/SI_REG/r.r_pipe/p_1_in                                              |                                                                                                                                            |                6 |             74 |
|  design_1_i/processing_system7_0/inst/FCLK_CLK0 | design_1_i/AXI_UART_DRIVER_0/inst/AXI_UART_DRIVER_UART_m_axi_U/bus_write/fifo_wreq/next_wreq                                                                   | design_1_i/AXI_UART_DRIVER_0/inst/AXI_UART_DRIVER_UART_m_axi_U/bus_write/buff_wdata/waddr_reg[7]_0                                         |               11 |             80 |
|  design_1_i/processing_system7_0/inst/FCLK_CLK0 | design_1_i/AXI_UART_DRIVER_0/inst/AXI_UART_DRIVER_UART_m_axi_U/bus_read/fifo_rreq/next_rreq                                                                    | design_1_i/AXI_UART_DRIVER_0/inst/AXI_UART_DRIVER_UART_m_axi_U/bus_write/buff_wdata/waddr_reg[7]_0                                         |               10 |             80 |
|  design_1_i/processing_system7_0/inst/FCLK_CLK0 |                                                                                                                                                                | design_1_i/ps7_0_axi_periph/s01_couplers/auto_pc/inst/gen_axilite.gen_b2s_conv.axilite_b2s/areset_d1                                       |               12 |             92 |
|  design_1_i/processing_system7_0/inst/FCLK_CLK0 |                                                                                                                                                                | design_1_i/axi_uart16550_0/U0/bus2ip_reset_int_core                                                                                        |               20 |             94 |
|  design_1_i/processing_system7_0/inst/FCLK_CLK0 | design_1_i/ps7_0_axi_periph/s00_couplers/auto_pc/inst/gen_axilite.gen_b2s_conv.axilite_b2s/RD.ar_channel_0/ar_cmd_fsm_0/m_payload_i_reg[0]_1[0]                |                                                                                                                                            |               10 |             96 |
|  design_1_i/processing_system7_0/inst/FCLK_CLK0 | design_1_i/ps7_0_axi_periph/s00_couplers/auto_pc/inst/gen_axilite.gen_b2s_conv.axilite_b2s/WR.aw_channel_0/aw_cmd_fsm_0/m_payload_i_reg[0][0]                  |                                                                                                                                            |                9 |             96 |
|  design_1_i/processing_system7_0/inst/FCLK_CLK0 | design_1_i/ps7_0_axi_periph/s00_couplers/auto_pc/inst/gen_axilite.gen_b2s_conv.axilite_b2s/SI_REG/aw.aw_pipe/s_axi_awready                                     |                                                                                                                                            |                9 |             96 |
|  design_1_i/processing_system7_0/inst/FCLK_CLK0 | design_1_i/ps7_0_axi_periph/s00_couplers/auto_pc/inst/gen_axilite.gen_b2s_conv.axilite_b2s/SI_REG/ar.ar_pipe/s_axi_arready                                     |                                                                                                                                            |                9 |             96 |
|  design_1_i/processing_system7_0/inst/FCLK_CLK0 |                                                                                                                                                                | design_1_i/ps7_0_axi_periph/s00_couplers/auto_pc/inst/gen_axilite.gen_b2s_conv.axilite_b2s/areset_d1                                       |               12 |            120 |
|  design_1_i/processing_system7_0/inst/FCLK_CLK0 |                                                                                                                                                                | design_1_i/AXI_UART_DRIVER_0/inst/AXI_UART_DRIVER_UART_m_axi_U/bus_write/buff_wdata/waddr_reg[7]_0                                         |               36 |            184 |
|  design_1_i/processing_system7_0/inst/FCLK_CLK0 |                                                                                                                                                                |                                                                                                                                            |              102 |            538 |
+-------------------------------------------------+----------------------------------------------------------------------------------------------------------------------------------------------------------------+--------------------------------------------------------------------------------------------------------------------------------------------+------------------+----------------+


