

================================================================
== Vivado HLS Report for 'flightmain'
================================================================
* Date:           Mon May 27 18:52:09 2019

* Version:        2018.2 (Build 2258646 on Thu Jun 14 20:25:20 MDT 2018)
* Project:        Flight_Main
* Solution:       solution1
* Product family: zynq
* Target device:  xc7z020clg400-1


================================================================
== Performance Estimates
================================================================
+ Timing (ns): 
    * Summary: 
    +--------+-------+----------+------------+
    |  Clock | Target| Estimated| Uncertainty|
    +--------+-------+----------+------------+
    |ap_clk  |  10.00|     8.750|        1.25|
    +--------+-------+----------+------------+

+ Latency (clock cycles): 
    * Summary: 
    +-----+-----+-----+-----+----------+
    |  Latency  |  Interval | Pipeline |
    | min | max | min | max |   Type   |
    +-----+-----+-----+-----+----------+
    |   21|   21|    8|    8| function |
    +-----+-----+-----+-----+----------+

    + Detail: 
        * Instance: 
        N/A

        * Loop: 
        N/A



================================================================
== Utilization Estimates
================================================================
* Summary: 
+-----------------+---------+-------+--------+-------+
|       Name      | BRAM_18K| DSP48E|   FF   |  LUT  |
+-----------------+---------+-------+--------+-------+
|DSP              |        -|      -|       -|      -|
|Expression       |        -|      -|       0|    180|
|FIFO             |        -|      -|       -|      -|
|Instance         |        6|      -|     763|    897|
|Memory           |        -|      -|       -|      -|
|Multiplexer      |        -|      -|       -|    334|
|Register         |        -|      -|     230|      -|
+-----------------+---------+-------+--------+-------+
|Total            |        6|      0|     993|   1411|
+-----------------+---------+-------+--------+-------+
|Available        |      280|    220|  106400|  53200|
+-----------------+---------+-------+--------+-------+
|Utilization (%)  |        2|      0|   ~0   |      2|
+-----------------+---------+-------+--------+-------+

+ Detail: 
    * Instance: 
    +--------------------------+------------------------+---------+-------+-----+-----+
    |         Instance         |         Module         | BRAM_18K| DSP48E|  FF | LUT |
    +--------------------------+------------------------+---------+-------+-----+-----+
    |flightmain_CMD_s_axi_U    |flightmain_CMD_s_axi    |        4|      0|  190|  180|
    |flightmain_CTRL_s_axi_U   |flightmain_CTRL_s_axi   |        0|      0|   36|   40|
    |flightmain_OUT_r_m_axi_U  |flightmain_OUT_r_m_axi  |        2|      0|  537|  677|
    +--------------------------+------------------------+---------+-------+-----+-----+
    |Total                     |                        |        6|      0|  763|  897|
    +--------------------------+------------------------+---------+-------+-----+-----+

    * DSP48: 
    N/A

    * Memory: 
    N/A

    * FIFO: 
    N/A

    * Expression: 
    +--------------------------------------+----------+-------+---+----+------------+------------+
    |             Variable Name            | Operation| DSP48E| FF| LUT| Bitwidth P0| Bitwidth P1|
    +--------------------------------------+----------+-------+---+----+------------+------------+
    |grp_fu_478_p2                         |     +    |      0|  0|  10|           1|           2|
    |ap_block_state10_pp0_stage1_iter1     |    and   |      0|  0|   2|           1|           1|
    |ap_block_state11_io                   |    and   |      0|  0|   2|           1|           1|
    |ap_block_state4_io                    |    and   |      0|  0|   2|           1|           1|
    |ap_block_state5_io                    |    and   |      0|  0|   2|           1|           1|
    |ap_block_state6_io                    |    and   |      0|  0|   2|           1|           1|
    |ap_block_state7_io                    |    and   |      0|  0|   2|           1|           1|
    |ap_block_state8_io                    |    and   |      0|  0|   2|           1|           1|
    |ap_predicate_op101_writereq_state14   |    and   |      0|  0|   2|           1|           1|
    |ap_predicate_op102_write_state14      |    and   |      0|  0|   2|           1|           1|
    |ap_predicate_op103_write_state14      |    and   |      0|  0|   2|           1|           1|
    |ap_predicate_op138_write_state17      |    and   |      0|  0|   2|           1|           1|
    |ap_predicate_op144_write_state17      |    and   |      0|  0|   2|           1|           1|
    |ap_predicate_op163_writeresp_state19  |    and   |      0|  0|   2|           1|           1|
    |ap_predicate_op180_writeresp_state20  |    and   |      0|  0|   2|           1|           1|
    |ap_predicate_op181_writeresp_state20  |    and   |      0|  0|   2|           1|           1|
    |ap_predicate_op54_writereq_state4     |    and   |      0|  0|   2|           1|           1|
    |ap_predicate_op85_writereq_state9     |    and   |      0|  0|   2|           1|           1|
    |ap_predicate_op86_write_state9        |    and   |      0|  0|   2|           1|           1|
    |not_tmp_3_fu_641_p2                   |   icmp   |      0|  0|  13|          16|          13|
    |not_tmp_s_fu_653_p2                   |   icmp   |      0|  0|  13|          16|          13|
    |phitmp1_fu_635_p2                     |   icmp   |      0|  0|  13|          16|          14|
    |phitmp2_fu_647_p2                     |   icmp   |      0|  0|  13|          16|          14|
    |tmp_2_fu_573_p2                       |   icmp   |      0|  0|  13|          14|           1|
    |tmp_4_fu_595_p2                       |   icmp   |      0|  0|   8|           2|           1|
    |tmp_8_fu_613_p2                       |   icmp   |      0|  0|  13|          14|           1|
    |ap_block_state10_io                   |    or    |      0|  0|   2|           1|           1|
    |ap_block_state12_io                   |    or    |      0|  0|   2|           1|           1|
    |ap_block_state12_pp0_stage3_iter1     |    or    |      0|  0|   2|           1|           1|
    |ap_block_state13_io                   |    or    |      0|  0|   2|           1|           1|
    |ap_block_state14_io                   |    or    |      0|  0|   2|           1|           1|
    |ap_block_state14_pp0_stage5_iter1     |    or    |      0|  0|   2|           1|           1|
    |ap_block_state15_io                   |    or    |      0|  0|   2|           1|           1|
    |ap_block_state15_pp0_stage6_iter1     |    or    |      0|  0|   2|           1|           1|
    |ap_block_state16_io                   |    or    |      0|  0|   2|           1|           1|
    |ap_block_state16_pp0_stage7_iter1     |    or    |      0|  0|   2|           1|           1|
    |ap_block_state17_io                   |    or    |      0|  0|   2|           1|           1|
    |ap_block_state19_pp0_stage2_iter2     |    or    |      0|  0|   2|           1|           1|
    |ap_block_state20_pp0_stage3_iter2     |    or    |      0|  0|   2|           1|           1|
    |ap_block_state21_pp0_stage4_iter2     |    or    |      0|  0|   2|           1|           1|
    |ap_block_state22_pp0_stage5_iter2     |    or    |      0|  0|   2|           1|           1|
    |ap_block_state4_pp0_stage3_iter0      |    or    |      0|  0|   2|           1|           1|
    |ap_block_state9_io                    |    or    |      0|  0|   2|           1|           1|
    |brmerge_fu_671_p2                     |    or    |      0|  0|   2|           1|           1|
    |tmp1_fu_665_p2                        |    or    |      0|  0|   2|           1|           1|
    |tmp_fu_659_p2                         |    or    |      0|  0|   2|           1|           1|
    |p_1_fu_619_p3                         |  select  |      0|  0|   2|           1|           2|
    |p_2_fu_587_p3                         |  select  |      0|  0|   2|           1|           2|
    |p_3_fu_627_p3                         |  select  |      0|  0|   2|           1|           2|
    |p_s_fu_579_p3                         |  select  |      0|  0|   2|           1|           2|
    +--------------------------------------+----------+-------+---+----+------------+------------+
    |Total                                 |          |      0|  0| 180|         137|         105|
    +--------------------------------------+----------+-------+---+----+------------+------------+

    * Multiplexer: 
    +------------------------------+----+-----------+-----+-----------+
    |             Name             | LUT| Input Size| Bits| Total Bits|
    +------------------------------+----+-----------+-----+-----------+
    |OUT_r_AWADDR                  |  27|          5|   32|        160|
    |OUT_r_AWLEN                   |  21|          4|   32|        128|
    |OUT_r_WDATA                   |  56|         13|   16|        208|
    |OUT_r_blk_n_AW                |   9|          2|    1|          2|
    |OUT_r_blk_n_B                 |   9|          2|    1|          2|
    |OUT_r_blk_n_W                 |   9|          2|    1|          2|
    |ap_NS_iter0_fsm               |  44|          9|    8|         72|
    |ap_NS_iter1_fsm               |  47|         10|    9|         90|
    |ap_NS_iter2_fsm               |  41|          8|    7|         56|
    |ap_sig_ioackin_OUT_r_AWREADY  |   9|          2|    1|          2|
    |ap_sig_ioackin_OUT_r_WREADY   |   9|          2|    1|          2|
    |rcCmdIn_V_address0            |  53|         12|    3|         36|
    +------------------------------+----+-----------+-----+-----------+
    |Total                         | 334|         71|  112|        760|
    +------------------------------+----+-----------+-----+-----------+

    * Register: 
    +--------------------------------+----+----+-----+-----------+
    |              Name              | FF | LUT| Bits| Const Bits|
    +--------------------------------+----+----+-----+-----------+
    |ap_CS_iter0_fsm                 |   8|   0|    8|          0|
    |ap_CS_iter1_fsm                 |   9|   0|    9|          0|
    |ap_CS_iter2_fsm                 |   7|   0|    7|          0|
    |ap_reg_ioackin_OUT_r_AWREADY    |   1|   0|    1|          0|
    |ap_reg_ioackin_OUT_r_WREADY     |   1|   0|    1|          0|
    |brmerge_reg_732                 |   1|   0|    1|          0|
    |brmerge_reg_732_pp0_iter0_reg   |   1|   0|    1|          0|
    |brmerge_reg_732_pp0_iter1_reg   |   1|   0|    1|          0|
    |p_3_reg_708                     |   2|   0|    2|          0|
    |p_3_reg_708_pp0_iter0_reg       |   2|   0|    2|          0|
    |p_3_reg_708_pp0_iter1_reg       |   2|   0|    2|          0|
    |p_Val2_1_reg_702                |  16|   0|   16|          0|
    |p_Val2_1_reg_702_pp0_iter0_reg  |  16|   0|   16|          0|
    |p_Val2_s_reg_682                |  16|   0|   16|          0|
    |p_Val2_s_reg_682_pp0_iter0_reg  |  16|   0|   16|          0|
    |reg_512                         |  16|   0|   16|          0|
    |reg_512_pp0_iter0_reg           |  16|   0|   16|          0|
    |reg_518                         |  16|   0|   16|          0|
    |reg_518_pp0_iter0_reg           |  16|   0|   16|          0|
    |reg_524                         |  16|   0|   16|          0|
    |reg_524_pp0_iter0_reg           |  16|   0|   16|          0|
    |reg_530                         |  16|   0|   16|          0|
    |reg_530_pp0_iter0_reg           |  16|   0|   16|          0|
    |tmp_4_reg_688                   |   1|   0|    1|          0|
    |tmp_4_reg_688_pp0_iter0_reg     |   1|   0|    1|          0|
    |tmp_4_reg_688_pp0_iter1_reg     |   1|   0|    1|          0|
    +--------------------------------+----+----+-----+-----------+
    |Total                           | 230|   0|  230|          0|
    +--------------------------------+----+----+-----+-----------+



================================================================
== Interface
================================================================
* Summary: 
+----------------------+-----+-----+------------+--------------+--------------+
|       RTL Ports      | Dir | Bits|  Protocol  | Source Object|    C Type    |
+----------------------+-----+-----+------------+--------------+--------------+
|s_axi_CMD_AWVALID     |  in |    1|    s_axi   |      CMD     |     array    |
|s_axi_CMD_AWREADY     | out |    1|    s_axi   |      CMD     |     array    |
|s_axi_CMD_AWADDR      |  in |    6|    s_axi   |      CMD     |     array    |
|s_axi_CMD_WVALID      |  in |    1|    s_axi   |      CMD     |     array    |
|s_axi_CMD_WREADY      | out |    1|    s_axi   |      CMD     |     array    |
|s_axi_CMD_WDATA       |  in |   32|    s_axi   |      CMD     |     array    |
|s_axi_CMD_WSTRB       |  in |    4|    s_axi   |      CMD     |     array    |
|s_axi_CMD_ARVALID     |  in |    1|    s_axi   |      CMD     |     array    |
|s_axi_CMD_ARREADY     | out |    1|    s_axi   |      CMD     |     array    |
|s_axi_CMD_ARADDR      |  in |    6|    s_axi   |      CMD     |     array    |
|s_axi_CMD_RVALID      | out |    1|    s_axi   |      CMD     |     array    |
|s_axi_CMD_RREADY      |  in |    1|    s_axi   |      CMD     |     array    |
|s_axi_CMD_RDATA       | out |   32|    s_axi   |      CMD     |     array    |
|s_axi_CMD_RRESP       | out |    2|    s_axi   |      CMD     |     array    |
|s_axi_CMD_BVALID      | out |    1|    s_axi   |      CMD     |     array    |
|s_axi_CMD_BREADY      |  in |    1|    s_axi   |      CMD     |     array    |
|s_axi_CMD_BRESP       | out |    2|    s_axi   |      CMD     |     array    |
|s_axi_CTRL_AWVALID    |  in |    1|    s_axi   |     CTRL     |  return void |
|s_axi_CTRL_AWREADY    | out |    1|    s_axi   |     CTRL     |  return void |
|s_axi_CTRL_AWADDR     |  in |    4|    s_axi   |     CTRL     |  return void |
|s_axi_CTRL_WVALID     |  in |    1|    s_axi   |     CTRL     |  return void |
|s_axi_CTRL_WREADY     | out |    1|    s_axi   |     CTRL     |  return void |
|s_axi_CTRL_WDATA      |  in |   32|    s_axi   |     CTRL     |  return void |
|s_axi_CTRL_WSTRB      |  in |    4|    s_axi   |     CTRL     |  return void |
|s_axi_CTRL_ARVALID    |  in |    1|    s_axi   |     CTRL     |  return void |
|s_axi_CTRL_ARREADY    | out |    1|    s_axi   |     CTRL     |  return void |
|s_axi_CTRL_ARADDR     |  in |    4|    s_axi   |     CTRL     |  return void |
|s_axi_CTRL_RVALID     | out |    1|    s_axi   |     CTRL     |  return void |
|s_axi_CTRL_RREADY     |  in |    1|    s_axi   |     CTRL     |  return void |
|s_axi_CTRL_RDATA      | out |   32|    s_axi   |     CTRL     |  return void |
|s_axi_CTRL_RRESP      | out |    2|    s_axi   |     CTRL     |  return void |
|s_axi_CTRL_BVALID     | out |    1|    s_axi   |     CTRL     |  return void |
|s_axi_CTRL_BREADY     |  in |    1|    s_axi   |     CTRL     |  return void |
|s_axi_CTRL_BRESP      | out |    2|    s_axi   |     CTRL     |  return void |
|ap_clk                |  in |    1| ap_ctrl_hs |  flightmain  | return value |
|ap_rst_n              |  in |    1| ap_ctrl_hs |  flightmain  | return value |
|interrupt             | out |    1| ap_ctrl_hs |  flightmain  | return value |
|m_axi_OUT_r_AWVALID   | out |    1|    m_axi   |     OUT_r    |    pointer   |
|m_axi_OUT_r_AWREADY   |  in |    1|    m_axi   |     OUT_r    |    pointer   |
|m_axi_OUT_r_AWADDR    | out |   32|    m_axi   |     OUT_r    |    pointer   |
|m_axi_OUT_r_AWID      | out |    1|    m_axi   |     OUT_r    |    pointer   |
|m_axi_OUT_r_AWLEN     | out |    8|    m_axi   |     OUT_r    |    pointer   |
|m_axi_OUT_r_AWSIZE    | out |    3|    m_axi   |     OUT_r    |    pointer   |
|m_axi_OUT_r_AWBURST   | out |    2|    m_axi   |     OUT_r    |    pointer   |
|m_axi_OUT_r_AWLOCK    | out |    2|    m_axi   |     OUT_r    |    pointer   |
|m_axi_OUT_r_AWCACHE   | out |    4|    m_axi   |     OUT_r    |    pointer   |
|m_axi_OUT_r_AWPROT    | out |    3|    m_axi   |     OUT_r    |    pointer   |
|m_axi_OUT_r_AWQOS     | out |    4|    m_axi   |     OUT_r    |    pointer   |
|m_axi_OUT_r_AWREGION  | out |    4|    m_axi   |     OUT_r    |    pointer   |
|m_axi_OUT_r_AWUSER    | out |    1|    m_axi   |     OUT_r    |    pointer   |
|m_axi_OUT_r_WVALID    | out |    1|    m_axi   |     OUT_r    |    pointer   |
|m_axi_OUT_r_WREADY    |  in |    1|    m_axi   |     OUT_r    |    pointer   |
|m_axi_OUT_r_WDATA     | out |   32|    m_axi   |     OUT_r    |    pointer   |
|m_axi_OUT_r_WSTRB     | out |    4|    m_axi   |     OUT_r    |    pointer   |
|m_axi_OUT_r_WLAST     | out |    1|    m_axi   |     OUT_r    |    pointer   |
|m_axi_OUT_r_WID       | out |    1|    m_axi   |     OUT_r    |    pointer   |
|m_axi_OUT_r_WUSER     | out |    1|    m_axi   |     OUT_r    |    pointer   |
|m_axi_OUT_r_ARVALID   | out |    1|    m_axi   |     OUT_r    |    pointer   |
|m_axi_OUT_r_ARREADY   |  in |    1|    m_axi   |     OUT_r    |    pointer   |
|m_axi_OUT_r_ARADDR    | out |   32|    m_axi   |     OUT_r    |    pointer   |
|m_axi_OUT_r_ARID      | out |    1|    m_axi   |     OUT_r    |    pointer   |
|m_axi_OUT_r_ARLEN     | out |    8|    m_axi   |     OUT_r    |    pointer   |
|m_axi_OUT_r_ARSIZE    | out |    3|    m_axi   |     OUT_r    |    pointer   |
|m_axi_OUT_r_ARBURST   | out |    2|    m_axi   |     OUT_r    |    pointer   |
|m_axi_OUT_r_ARLOCK    | out |    2|    m_axi   |     OUT_r    |    pointer   |
|m_axi_OUT_r_ARCACHE   | out |    4|    m_axi   |     OUT_r    |    pointer   |
|m_axi_OUT_r_ARPROT    | out |    3|    m_axi   |     OUT_r    |    pointer   |
|m_axi_OUT_r_ARQOS     | out |    4|    m_axi   |     OUT_r    |    pointer   |
|m_axi_OUT_r_ARREGION  | out |    4|    m_axi   |     OUT_r    |    pointer   |
|m_axi_OUT_r_ARUSER    | out |    1|    m_axi   |     OUT_r    |    pointer   |
|m_axi_OUT_r_RVALID    |  in |    1|    m_axi   |     OUT_r    |    pointer   |
|m_axi_OUT_r_RREADY    | out |    1|    m_axi   |     OUT_r    |    pointer   |
|m_axi_OUT_r_RDATA     |  in |   32|    m_axi   |     OUT_r    |    pointer   |
|m_axi_OUT_r_RLAST     |  in |    1|    m_axi   |     OUT_r    |    pointer   |
|m_axi_OUT_r_RID       |  in |    1|    m_axi   |     OUT_r    |    pointer   |
|m_axi_OUT_r_RUSER     |  in |    1|    m_axi   |     OUT_r    |    pointer   |
|m_axi_OUT_r_RRESP     |  in |    2|    m_axi   |     OUT_r    |    pointer   |
|m_axi_OUT_r_BVALID    |  in |    1|    m_axi   |     OUT_r    |    pointer   |
|m_axi_OUT_r_BREADY    | out |    1|    m_axi   |     OUT_r    |    pointer   |
|m_axi_OUT_r_BRESP     |  in |    2|    m_axi   |     OUT_r    |    pointer   |
|m_axi_OUT_r_BID       |  in |    1|    m_axi   |     OUT_r    |    pointer   |
|m_axi_OUT_r_BUSER     |  in |    1|    m_axi   |     OUT_r    |    pointer   |
+----------------------+-----+-----+------------+--------------+--------------+

