

================================================================
== Vivado HLS Report for 'flightmain'
================================================================
* Date:           Mon May 27 18:52:08 2019

* Version:        2018.2 (Build 2258646 on Thu Jun 14 20:25:20 MDT 2018)
* Project:        Flight_Main
* Solution:       solution1
* Product family: zynq
* Target device:  xc7z020clg400-1


================================================================
== Performance Estimates
================================================================
+ Timing (ns): 
    * Summary: 
    +--------+-------+----------+------------+
    |  Clock | Target| Estimated| Uncertainty|
    +--------+-------+----------+------------+
    |ap_clk  |  10.00|     8.750|        1.25|
    +--------+-------+----------+------------+

+ Latency (clock cycles): 
    * Summary: 
    +-----+-----+-----+-----+----------+
    |  Latency  |  Interval | Pipeline |
    | min | max | min | max |   Type   |
    +-----+-----+-----+-----+----------+
    |   21|   21|    8|    8| function |
    +-----+-----+-----+-----+----------+

    + Detail: 
        * Instance: 
        N/A

        * Loop: 
        N/A

============================================================
+ Verbose Summary: Synthesis Manager
============================================================
InlineROM: 1
ExposeGlobal: 0
============================================================
+ Verbose Summary: CDFG Model
============================================================
IsTopModel: 1
ResetActiveHigh: 1
IsCombinational: 0
IsDatapathOnly: 0
HasWiredReturn: 1
HasMFsm: 1
HasVarLatency: 0
IsPipeline: 1
IsRtlPipelined: 1
IsInstanceOverlapped: 0
IsDontTouch: 0
HasImplIP: 0
IsGatedGlobalClock: 0

+ Individual pipeline summary: 
  * Pipeline-0: initiation interval (II) = 8, depth = 22


============================================================
+ Verbose Summary: Schedule
============================================================
* Number of FSM states : 22
* Pipeline : 1
  Pipeline-0 : II = 8, D = 22, States = { 1 2 3 4 5 6 7 8 9 10 11 12 13 14 15 16 17 18 19 20 21 22 }
* Dataflow Pipeline: 0

* FSM state transitions: 
1 --> 
	2  / true
2 --> 
	3  / true
3 --> 
	4  / true
4 --> 
	5  / true
5 --> 
	6  / true
6 --> 
	7  / true
7 --> 
	8  / true
8 --> 
	9  / true
9 --> 
	10  / true
10 --> 
	11  / true
11 --> 
	12  / true
12 --> 
	13  / true
13 --> 
	14  / true
14 --> 
	15  / true
15 --> 
	16  / true
16 --> 
	17  / true
17 --> 
	18  / true
18 --> 
	19  / true
19 --> 
	20  / true
20 --> 
	21  / true
21 --> 
	22  / true
22 --> 

* FSM state operations: 

State 1 <SV = 0> <Delay = 2.32>
ST_1 : Operation 23 [1/1] (0.00ns)   --->   "%rcCmdIn_V_addr_1 = getelementptr [6 x i16]* %rcCmdIn_V, i64 0, i64 4" [Flight_Main/flightMain.cpp:33]   --->   Operation 23 'getelementptr' 'rcCmdIn_V_addr_1' <Predicate = true> <Delay = 0.00>
ST_1 : Operation 24 [2/2] (2.32ns)   --->   "%p_Val2_s = load i16* %rcCmdIn_V_addr_1, align 2" [Flight_Main/flightMain.cpp:33]   --->   Operation 24 'load' 'p_Val2_s' <Predicate = true> <Delay = 2.32> <Core = "RAM_1P">   --->   Core 42 'RAM_1P' <Latency = 1> <II = 1> <Delay = 2.32> <Storage> <Opcode : 'load' 'store'> <Ports = 1> <Width = 16> <Depth = 6> <RAM>

State 2 <SV = 1> <Delay = 5.52>
ST_2 : Operation 25 [1/2] (2.32ns)   --->   "%p_Val2_s = load i16* %rcCmdIn_V_addr_1, align 2" [Flight_Main/flightMain.cpp:33]   --->   Operation 25 'load' 'p_Val2_s' <Predicate = true> <Delay = 2.32> <Core = "RAM_1P">   --->   Core 42 'RAM_1P' <Latency = 1> <II = 1> <Delay = 2.32> <Storage> <Opcode : 'load' 'store'> <Ports = 1> <Width = 16> <Depth = 6> <RAM>
ST_2 : Operation 26 [1/1] (0.00ns)   --->   "%ret_V = call i2 @_ssdm_op_PartSelect.i2.i16.i32.i32(i16 %p_Val2_s, i32 14, i32 15)" [Flight_Main/flightMain.cpp:33]   --->   Operation 26 'partselect' 'ret_V' <Predicate = true> <Delay = 0.00>
ST_2 : Operation 27 [1/1] (0.00ns) (grouped into LUT with out node tmp_4)   --->   "%tmp_1 = call i1 @_ssdm_op_BitSelect.i1.i16.i32(i16 %p_Val2_s, i32 15)" [Flight_Main/flightMain.cpp:33]   --->   Operation 27 'bitselect' 'tmp_1' <Predicate = true> <Delay = 0.00>
ST_2 : Operation 28 [1/1] (0.00ns)   --->   "%tmp_3 = trunc i16 %p_Val2_s to i14" [Flight_Main/flightMain.cpp:33]   --->   Operation 28 'trunc' 'tmp_3' <Predicate = true> <Delay = 0.00>
ST_2 : Operation 29 [1/1] (2.20ns)   --->   "%tmp_2 = icmp eq i14 %tmp_3, 0" [Flight_Main/flightMain.cpp:33]   --->   Operation 29 'icmp' 'tmp_2' <Predicate = true> <Delay = 2.20> <Core = "Cmp">   --->   Core 25 'Cmp' <Latency = 0> <II = 1> <Delay = 2.42> <FuncUnit> <Opcode : 'icmp'> <InPorts = 2> <OutPorts = 1>
ST_2 : Operation 30 [1/1] (1.56ns)   --->   "%ret_V_1 = add i2 1, %ret_V" [Flight_Main/flightMain.cpp:33]   --->   Operation 30 'add' 'ret_V_1' <Predicate = true> <Delay = 1.56> <Core = "AddSub">   --->   Core 14 'AddSub' <Latency = 0> <II = 1> <Delay = 1.56> <FuncUnit> <Opcode : 'add' 'sub'> <InPorts = 2> <OutPorts = 1>
ST_2 : Operation 31 [1/1] (0.00ns) (grouped into LUT with out node tmp_4)   --->   "%p_s = select i1 %tmp_2, i2 %ret_V, i2 %ret_V_1" [Flight_Main/flightMain.cpp:33]   --->   Operation 31 'select' 'p_s' <Predicate = true> <Delay = 0.00> <Core = "Sel">   --->   Core 26 'Sel' <Latency = 0> <II = 1> <Delay = 0.99> <FuncUnit> <Opcode : 'select'> <InPorts = 3> <OutPorts = 1>
ST_2 : Operation 32 [1/1] (0.00ns) (grouped into LUT with out node tmp_4)   --->   "%p_2 = select i1 %tmp_1, i2 %p_s, i2 %ret_V" [Flight_Main/flightMain.cpp:33]   --->   Operation 32 'select' 'p_2' <Predicate = true> <Delay = 0.00> <Core = "Sel">   --->   Core 26 'Sel' <Latency = 0> <II = 1> <Delay = 0.99> <FuncUnit> <Opcode : 'select'> <InPorts = 3> <OutPorts = 1>
ST_2 : Operation 33 [1/1] (0.99ns) (out node of the LUT)   --->   "%tmp_4 = icmp eq i2 %p_2, 0" [Flight_Main/flightMain.cpp:33]   --->   Operation 33 'icmp' 'tmp_4' <Predicate = true> <Delay = 0.99> <Core = "Cmp">   --->   Core 25 'Cmp' <Latency = 0> <II = 1> <Delay = 2.42> <FuncUnit> <Opcode : 'icmp'> <InPorts = 2> <OutPorts = 1>
ST_2 : Operation 34 [1/1] (0.00ns)   --->   "%rcCmdIn_V_addr_2 = getelementptr [6 x i16]* %rcCmdIn_V, i64 0, i64 5" [Flight_Main/flightMain.cpp:35]   --->   Operation 34 'getelementptr' 'rcCmdIn_V_addr_2' <Predicate = true> <Delay = 0.00>
ST_2 : Operation 35 [2/2] (2.32ns)   --->   "%p_Val2_1 = load i16* %rcCmdIn_V_addr_2, align 2" [Flight_Main/flightMain.cpp:35]   --->   Operation 35 'load' 'p_Val2_1' <Predicate = true> <Delay = 2.32> <Core = "RAM_1P">   --->   Core 42 'RAM_1P' <Latency = 1> <II = 1> <Delay = 2.32> <Storage> <Opcode : 'load' 'store'> <Ports = 1> <Width = 16> <Depth = 6> <RAM>
ST_2 : Operation 36 [1/1] (0.00ns)   --->   "br i1 %tmp_4, label %ap_fixed_base.exit313, label %0" [Flight_Main/flightMain.cpp:40]   --->   Operation 36 'br' <Predicate = true> <Delay = 0.00>

State 3 <SV = 2> <Delay = 6.65>
ST_3 : Operation 37 [1/1] (0.00ns)   --->   "%rcCmdIn_V_addr = getelementptr [6 x i16]* %rcCmdIn_V, i64 0, i64 0"   --->   Operation 37 'getelementptr' 'rcCmdIn_V_addr' <Predicate = true> <Delay = 0.00>
ST_3 : Operation 38 [1/2] (2.32ns)   --->   "%p_Val2_1 = load i16* %rcCmdIn_V_addr_2, align 2" [Flight_Main/flightMain.cpp:35]   --->   Operation 38 'load' 'p_Val2_1' <Predicate = true> <Delay = 2.32> <Core = "RAM_1P">   --->   Core 42 'RAM_1P' <Latency = 1> <II = 1> <Delay = 2.32> <Storage> <Opcode : 'load' 'store'> <Ports = 1> <Width = 16> <Depth = 6> <RAM>
ST_3 : Operation 39 [1/1] (0.00ns)   --->   "%ret_V_2 = call i2 @_ssdm_op_PartSelect.i2.i16.i32.i32(i16 %p_Val2_1, i32 14, i32 15)" [Flight_Main/flightMain.cpp:35]   --->   Operation 39 'partselect' 'ret_V_2' <Predicate = true> <Delay = 0.00>
ST_3 : Operation 40 [1/1] (0.00ns) (grouped into LUT with out node p_3)   --->   "%tmp_5 = call i1 @_ssdm_op_BitSelect.i1.i16.i32(i16 %p_Val2_1, i32 15)" [Flight_Main/flightMain.cpp:35]   --->   Operation 40 'bitselect' 'tmp_5' <Predicate = true> <Delay = 0.00>
ST_3 : Operation 41 [1/1] (0.00ns)   --->   "%tmp_6 = trunc i16 %p_Val2_1 to i14" [Flight_Main/flightMain.cpp:35]   --->   Operation 41 'trunc' 'tmp_6' <Predicate = true> <Delay = 0.00>
ST_3 : Operation 42 [1/1] (2.20ns)   --->   "%tmp_8 = icmp eq i14 %tmp_6, 0" [Flight_Main/flightMain.cpp:35]   --->   Operation 42 'icmp' 'tmp_8' <Predicate = true> <Delay = 2.20> <Core = "Cmp">   --->   Core 25 'Cmp' <Latency = 0> <II = 1> <Delay = 2.42> <FuncUnit> <Opcode : 'icmp'> <InPorts = 2> <OutPorts = 1>
ST_3 : Operation 43 [1/1] (1.56ns)   --->   "%ret_V_3 = add i2 1, %ret_V_2" [Flight_Main/flightMain.cpp:35]   --->   Operation 43 'add' 'ret_V_3' <Predicate = true> <Delay = 1.56> <Core = "AddSub">   --->   Core 14 'AddSub' <Latency = 0> <II = 1> <Delay = 1.56> <FuncUnit> <Opcode : 'add' 'sub'> <InPorts = 2> <OutPorts = 1>
ST_3 : Operation 44 [1/1] (0.00ns) (grouped into LUT with out node p_3)   --->   "%p_1 = select i1 %tmp_8, i2 %ret_V_2, i2 %ret_V_3" [Flight_Main/flightMain.cpp:35]   --->   Operation 44 'select' 'p_1' <Predicate = true> <Delay = 0.00> <Core = "Sel">   --->   Core 26 'Sel' <Latency = 0> <II = 1> <Delay = 0.99> <FuncUnit> <Opcode : 'select'> <InPorts = 3> <OutPorts = 1>
ST_3 : Operation 45 [1/1] (0.99ns) (out node of the LUT)   --->   "%p_3 = select i1 %tmp_5, i2 %p_1, i2 %ret_V_2" [Flight_Main/flightMain.cpp:35]   --->   Operation 45 'select' 'p_3' <Predicate = true> <Delay = 0.99> <Core = "Sel">   --->   Core 26 'Sel' <Latency = 0> <II = 1> <Delay = 0.99> <FuncUnit> <Opcode : 'select'> <InPorts = 3> <OutPorts = 1>
ST_3 : Operation 46 [1/1] (1.13ns)   --->   "switch i2 %p_3, label %ap_fixed_base.exit237 [
    i2 0, label %.preheader144.0
    i2 1, label %ap_fixed_base.exit303
  ]" [Flight_Main/flightMain.cpp:42]   --->   Operation 46 'switch' <Predicate = (!tmp_4)> <Delay = 1.13>
ST_3 : Operation 47 [1/1] (0.00ns)   --->   "%rcCmdIn_V_addr_6 = getelementptr [6 x i16]* %rcCmdIn_V, i64 0, i64 1" [Flight_Main/flightMain.cpp:56]   --->   Operation 47 'getelementptr' 'rcCmdIn_V_addr_6' <Predicate = (!tmp_4 & p_3 == 1)> <Delay = 0.00>
ST_3 : Operation 48 [2/2] (2.32ns)   --->   "%rcCmdIn_V_load = load i16* %rcCmdIn_V_addr_6, align 2" [Flight_Main/flightMain.cpp:56]   --->   Operation 48 'load' 'rcCmdIn_V_load' <Predicate = (!tmp_4 & p_3 == 1)> <Delay = 2.32> <Core = "RAM_1P">   --->   Core 42 'RAM_1P' <Latency = 1> <II = 1> <Delay = 2.32> <Storage> <Opcode : 'load' 'store'> <Ports = 1> <Width = 16> <Depth = 6> <RAM>
ST_3 : Operation 49 [2/2] (2.32ns)   --->   "%rcCmdIn_V_load_4 = load i16* %rcCmdIn_V_addr, align 2" [Flight_Main/flightMain.cpp:49]   --->   Operation 49 'load' 'rcCmdIn_V_load_4' <Predicate = (!tmp_4 & p_3 == 0)> <Delay = 2.32> <Core = "RAM_1P">   --->   Core 42 'RAM_1P' <Latency = 1> <II = 1> <Delay = 2.32> <Storage> <Opcode : 'load' 'store'> <Ports = 1> <Width = 16> <Depth = 6> <RAM>

State 4 <SV = 3> <Delay = 8.75>
ST_4 : Operation 50 [1/2] (2.32ns)   --->   "%rcCmdIn_V_load = load i16* %rcCmdIn_V_addr_6, align 2" [Flight_Main/flightMain.cpp:56]   --->   Operation 50 'load' 'rcCmdIn_V_load' <Predicate = (!tmp_4 & p_3 == 1)> <Delay = 2.32> <Core = "RAM_1P">   --->   Core 42 'RAM_1P' <Latency = 1> <II = 1> <Delay = 2.32> <Storage> <Opcode : 'load' 'store'> <Ports = 1> <Width = 16> <Depth = 6> <RAM>
ST_4 : Operation 51 [1/1] (0.00ns)   --->   "%rcCmdIn_V_addr_7 = getelementptr [6 x i16]* %rcCmdIn_V, i64 0, i64 2" [Flight_Main/flightMain.cpp:57]   --->   Operation 51 'getelementptr' 'rcCmdIn_V_addr_7' <Predicate = (!tmp_4 & p_3 == 1)> <Delay = 0.00>
ST_4 : Operation 52 [2/2] (2.32ns)   --->   "%rcCmdIn_V_load_2 = load i16* %rcCmdIn_V_addr_7, align 2" [Flight_Main/flightMain.cpp:57]   --->   Operation 52 'load' 'rcCmdIn_V_load_2' <Predicate = (!tmp_4 & p_3 == 1)> <Delay = 2.32> <Core = "RAM_1P">   --->   Core 42 'RAM_1P' <Latency = 1> <II = 1> <Delay = 2.32> <Storage> <Opcode : 'load' 'store'> <Ports = 1> <Width = 16> <Depth = 6> <RAM>
ST_4 : Operation 53 [1/2] (2.32ns)   --->   "%rcCmdIn_V_load_4 = load i16* %rcCmdIn_V_addr, align 2" [Flight_Main/flightMain.cpp:49]   --->   Operation 53 'load' 'rcCmdIn_V_load_4' <Predicate = (!tmp_4 & p_3 == 0)> <Delay = 2.32> <Core = "RAM_1P">   --->   Core 42 'RAM_1P' <Latency = 1> <II = 1> <Delay = 2.32> <Storage> <Opcode : 'load' 'store'> <Ports = 1> <Width = 16> <Depth = 6> <RAM>
ST_4 : Operation 54 [1/1] (8.75ns)   --->   "%OUT_req = call i1 @_ssdm_op_WriteReq.m_axi.i16P(i16* %OUT_r, i32 6)" [Flight_Main/flightMain.cpp:49]   --->   Operation 54 'writereq' 'OUT_req' <Predicate = (!tmp_4 & p_3 == 0)> <Delay = 8.75> <Core = "m_axi">   --->   Core 9 'm_axi' <Latency = 6> <II = 1> <Delay = 1.00> <Adapter> <Opcode : 'read' 'write' 'readreq' 'writereq' 'writeresp'>
ST_4 : Operation 55 [1/1] (0.00ns)   --->   "%rcCmdIn_V_addr_3 = getelementptr [6 x i16]* %rcCmdIn_V, i64 0, i64 1" [Flight_Main/flightMain.cpp:49]   --->   Operation 55 'getelementptr' 'rcCmdIn_V_addr_3' <Predicate = (!tmp_4 & p_3 == 0)> <Delay = 0.00>
ST_4 : Operation 56 [2/2] (2.32ns)   --->   "%rcCmdIn_V_load_5 = load i16* %rcCmdIn_V_addr_3, align 2" [Flight_Main/flightMain.cpp:49]   --->   Operation 56 'load' 'rcCmdIn_V_load_5' <Predicate = (!tmp_4 & p_3 == 0)> <Delay = 2.32> <Core = "RAM_1P">   --->   Core 42 'RAM_1P' <Latency = 1> <II = 1> <Delay = 2.32> <Storage> <Opcode : 'load' 'store'> <Ports = 1> <Width = 16> <Depth = 6> <RAM>

State 5 <SV = 4> <Delay = 8.75>
ST_5 : Operation 57 [1/2] (2.32ns)   --->   "%rcCmdIn_V_load_2 = load i16* %rcCmdIn_V_addr_7, align 2" [Flight_Main/flightMain.cpp:57]   --->   Operation 57 'load' 'rcCmdIn_V_load_2' <Predicate = (!tmp_4 & p_3 == 1)> <Delay = 2.32> <Core = "RAM_1P">   --->   Core 42 'RAM_1P' <Latency = 1> <II = 1> <Delay = 2.32> <Storage> <Opcode : 'load' 'store'> <Ports = 1> <Width = 16> <Depth = 6> <RAM>
ST_5 : Operation 58 [2/2] (2.32ns)   --->   "%rcCmdIn_V_load_9 = load i16* %rcCmdIn_V_addr, align 2" [Flight_Main/flightMain.cpp:72]   --->   Operation 58 'load' 'rcCmdIn_V_load_9' <Predicate = (!tmp_4 & p_3 == 1)> <Delay = 2.32> <Core = "RAM_1P">   --->   Core 42 'RAM_1P' <Latency = 1> <II = 1> <Delay = 2.32> <Storage> <Opcode : 'load' 'store'> <Ports = 1> <Width = 16> <Depth = 6> <RAM>
ST_5 : Operation 59 [1/1] (8.75ns)   --->   "call void @_ssdm_op_Write.m_axi.i16P(i16* %OUT_r, i16 %rcCmdIn_V_load_4, i2 -1)" [Flight_Main/flightMain.cpp:49]   --->   Operation 59 'write' <Predicate = (!tmp_4 & p_3 == 0)> <Delay = 8.75> <Core = "m_axi">   --->   Core 9 'm_axi' <Latency = 6> <II = 1> <Delay = 1.00> <Adapter> <Opcode : 'read' 'write' 'readreq' 'writereq' 'writeresp'>
ST_5 : Operation 60 [1/2] (2.32ns)   --->   "%rcCmdIn_V_load_5 = load i16* %rcCmdIn_V_addr_3, align 2" [Flight_Main/flightMain.cpp:49]   --->   Operation 60 'load' 'rcCmdIn_V_load_5' <Predicate = (!tmp_4 & p_3 == 0)> <Delay = 2.32> <Core = "RAM_1P">   --->   Core 42 'RAM_1P' <Latency = 1> <II = 1> <Delay = 2.32> <Storage> <Opcode : 'load' 'store'> <Ports = 1> <Width = 16> <Depth = 6> <RAM>
ST_5 : Operation 61 [1/1] (0.00ns)   --->   "%rcCmdIn_V_addr_4 = getelementptr [6 x i16]* %rcCmdIn_V, i64 0, i64 2" [Flight_Main/flightMain.cpp:49]   --->   Operation 61 'getelementptr' 'rcCmdIn_V_addr_4' <Predicate = (!tmp_4 & p_3 == 0)> <Delay = 0.00>
ST_5 : Operation 62 [2/2] (2.32ns)   --->   "%rcCmdIn_V_load_7 = load i16* %rcCmdIn_V_addr_4, align 2" [Flight_Main/flightMain.cpp:49]   --->   Operation 62 'load' 'rcCmdIn_V_load_7' <Predicate = (!tmp_4 & p_3 == 0)> <Delay = 2.32> <Core = "RAM_1P">   --->   Core 42 'RAM_1P' <Latency = 1> <II = 1> <Delay = 2.32> <Storage> <Opcode : 'load' 'store'> <Ports = 1> <Width = 16> <Depth = 6> <RAM>

State 6 <SV = 5> <Delay = 8.75>
ST_6 : Operation 63 [1/1] (2.42ns)   --->   "%phitmp1 = icmp sgt i16 %rcCmdIn_V_load, 8354" [Flight_Main/flightMain.cpp:56]   --->   Operation 63 'icmp' 'phitmp1' <Predicate = (!tmp_4 & p_3 == 1)> <Delay = 2.42> <Core = "Cmp">   --->   Core 25 'Cmp' <Latency = 0> <II = 1> <Delay = 2.42> <FuncUnit> <Opcode : 'icmp'> <InPorts = 2> <OutPorts = 1>
ST_6 : Operation 64 [1/1] (2.42ns)   --->   "%not_tmp_3 = icmp slt i16 %rcCmdIn_V_load, 8029" [Flight_Main/flightMain.cpp:56]   --->   Operation 64 'icmp' 'not_tmp_3' <Predicate = (!tmp_4 & p_3 == 1)> <Delay = 2.42> <Core = "Cmp">   --->   Core 25 'Cmp' <Latency = 0> <II = 1> <Delay = 2.42> <FuncUnit> <Opcode : 'icmp'> <InPorts = 2> <OutPorts = 1>
ST_6 : Operation 65 [1/1] (2.42ns)   --->   "%phitmp2 = icmp sgt i16 %rcCmdIn_V_load_2, 8354" [Flight_Main/flightMain.cpp:57]   --->   Operation 65 'icmp' 'phitmp2' <Predicate = (!tmp_4 & p_3 == 1)> <Delay = 2.42> <Core = "Cmp">   --->   Core 25 'Cmp' <Latency = 0> <II = 1> <Delay = 2.42> <FuncUnit> <Opcode : 'icmp'> <InPorts = 2> <OutPorts = 1>
ST_6 : Operation 66 [1/1] (2.42ns)   --->   "%not_tmp_s = icmp slt i16 %rcCmdIn_V_load_2, 8029" [Flight_Main/flightMain.cpp:57]   --->   Operation 66 'icmp' 'not_tmp_s' <Predicate = (!tmp_4 & p_3 == 1)> <Delay = 2.42> <Core = "Cmp">   --->   Core 25 'Cmp' <Latency = 0> <II = 1> <Delay = 2.42> <FuncUnit> <Opcode : 'icmp'> <InPorts = 2> <OutPorts = 1>
ST_6 : Operation 67 [1/1] (0.00ns) (grouped into LUT with out node brmerge)   --->   "%tmp = or i1 %phitmp1, %not_tmp_3" [Flight_Main/flightMain.cpp:60]   --->   Operation 67 'or' 'tmp' <Predicate = (!tmp_4 & p_3 == 1)> <Delay = 0.00> <Core = "LogicGate">   --->   Core 27 'LogicGate' <Latency = 0> <II = 1> <Delay = 0.97> <FuncUnit> <Opcode : 'and' 'or' 'xor'> <InPorts = 2> <OutPorts = 1>
ST_6 : Operation 68 [1/1] (0.00ns) (grouped into LUT with out node brmerge)   --->   "%tmp1 = or i1 %not_tmp_s, %phitmp2" [Flight_Main/flightMain.cpp:60]   --->   Operation 68 'or' 'tmp1' <Predicate = (!tmp_4 & p_3 == 1)> <Delay = 0.00> <Core = "LogicGate">   --->   Core 27 'LogicGate' <Latency = 0> <II = 1> <Delay = 0.97> <FuncUnit> <Opcode : 'and' 'or' 'xor'> <InPorts = 2> <OutPorts = 1>
ST_6 : Operation 69 [1/1] (0.97ns) (out node of the LUT)   --->   "%brmerge = or i1 %tmp1, %tmp" [Flight_Main/flightMain.cpp:60]   --->   Operation 69 'or' 'brmerge' <Predicate = (!tmp_4 & p_3 == 1)> <Delay = 0.97> <Core = "LogicGate">   --->   Core 27 'LogicGate' <Latency = 0> <II = 1> <Delay = 0.97> <FuncUnit> <Opcode : 'and' 'or' 'xor'> <InPorts = 2> <OutPorts = 1>
ST_6 : Operation 70 [1/2] (2.32ns)   --->   "%rcCmdIn_V_load_9 = load i16* %rcCmdIn_V_addr, align 2" [Flight_Main/flightMain.cpp:72]   --->   Operation 70 'load' 'rcCmdIn_V_load_9' <Predicate = (!tmp_4 & p_3 == 1)> <Delay = 2.32> <Core = "RAM_1P">   --->   Core 42 'RAM_1P' <Latency = 1> <II = 1> <Delay = 2.32> <Storage> <Opcode : 'load' 'store'> <Ports = 1> <Width = 16> <Depth = 6> <RAM>
ST_6 : Operation 71 [1/1] (0.00ns)   --->   "br i1 %brmerge, label %.preheader142.0, label %ap_fixed_base.exit211" [Flight_Main/flightMain.cpp:60]   --->   Operation 71 'br' <Predicate = (!tmp_4 & p_3 == 1)> <Delay = 0.00>
ST_6 : Operation 72 [1/1] (0.00ns)   --->   "%rcCmdIn_V_addr_9 = getelementptr [6 x i16]* %rcCmdIn_V, i64 0, i64 3" [Flight_Main/flightMain.cpp:63]   --->   Operation 72 'getelementptr' 'rcCmdIn_V_addr_9' <Predicate = (!tmp_4 & p_3 == 1 & !brmerge)> <Delay = 0.00>
ST_6 : Operation 73 [2/2] (2.32ns)   --->   "%rcCmdIn_V_load_6 = load i16* %rcCmdIn_V_addr_9, align 2" [Flight_Main/flightMain.cpp:63]   --->   Operation 73 'load' 'rcCmdIn_V_load_6' <Predicate = (!tmp_4 & p_3 == 1 & !brmerge)> <Delay = 2.32> <Core = "RAM_1P">   --->   Core 42 'RAM_1P' <Latency = 1> <II = 1> <Delay = 2.32> <Storage> <Opcode : 'load' 'store'> <Ports = 1> <Width = 16> <Depth = 6> <RAM>
ST_6 : Operation 74 [1/1] (0.00ns)   --->   "%rcCmdIn_V_addr_8 = getelementptr [6 x i16]* %rcCmdIn_V, i64 0, i64 3" [Flight_Main/flightMain.cpp:72]   --->   Operation 74 'getelementptr' 'rcCmdIn_V_addr_8' <Predicate = (!tmp_4 & p_3 == 1 & brmerge)> <Delay = 0.00>
ST_6 : Operation 75 [2/2] (2.32ns)   --->   "%rcCmdIn_V_load_10 = load i16* %rcCmdIn_V_addr_8, align 2" [Flight_Main/flightMain.cpp:72]   --->   Operation 75 'load' 'rcCmdIn_V_load_10' <Predicate = (!tmp_4 & p_3 == 1 & brmerge)> <Delay = 2.32> <Core = "RAM_1P">   --->   Core 42 'RAM_1P' <Latency = 1> <II = 1> <Delay = 2.32> <Storage> <Opcode : 'load' 'store'> <Ports = 1> <Width = 16> <Depth = 6> <RAM>
ST_6 : Operation 76 [1/1] (8.75ns)   --->   "call void @_ssdm_op_Write.m_axi.i16P(i16* %OUT_r, i16 %rcCmdIn_V_load_5, i2 -1)" [Flight_Main/flightMain.cpp:49]   --->   Operation 76 'write' <Predicate = (!tmp_4 & p_3 == 0)> <Delay = 8.75> <Core = "m_axi">   --->   Core 9 'm_axi' <Latency = 6> <II = 1> <Delay = 1.00> <Adapter> <Opcode : 'read' 'write' 'readreq' 'writereq' 'writeresp'>
ST_6 : Operation 77 [1/2] (2.32ns)   --->   "%rcCmdIn_V_load_7 = load i16* %rcCmdIn_V_addr_4, align 2" [Flight_Main/flightMain.cpp:49]   --->   Operation 77 'load' 'rcCmdIn_V_load_7' <Predicate = (!tmp_4 & p_3 == 0)> <Delay = 2.32> <Core = "RAM_1P">   --->   Core 42 'RAM_1P' <Latency = 1> <II = 1> <Delay = 2.32> <Storage> <Opcode : 'load' 'store'> <Ports = 1> <Width = 16> <Depth = 6> <RAM>
ST_6 : Operation 78 [1/1] (0.00ns)   --->   "%rcCmdIn_V_addr_5 = getelementptr [6 x i16]* %rcCmdIn_V, i64 0, i64 3" [Flight_Main/flightMain.cpp:49]   --->   Operation 78 'getelementptr' 'rcCmdIn_V_addr_5' <Predicate = (!tmp_4 & p_3 == 0)> <Delay = 0.00>
ST_6 : Operation 79 [2/2] (2.32ns)   --->   "%rcCmdIn_V_load_8 = load i16* %rcCmdIn_V_addr_5, align 2" [Flight_Main/flightMain.cpp:49]   --->   Operation 79 'load' 'rcCmdIn_V_load_8' <Predicate = (!tmp_4 & p_3 == 0)> <Delay = 2.32> <Core = "RAM_1P">   --->   Core 42 'RAM_1P' <Latency = 1> <II = 1> <Delay = 2.32> <Storage> <Opcode : 'load' 'store'> <Ports = 1> <Width = 16> <Depth = 6> <RAM>

State 7 <SV = 6> <Delay = 8.75>
ST_7 : Operation 80 [1/2] (2.32ns)   --->   "%rcCmdIn_V_load_6 = load i16* %rcCmdIn_V_addr_9, align 2" [Flight_Main/flightMain.cpp:63]   --->   Operation 80 'load' 'rcCmdIn_V_load_6' <Predicate = (!tmp_4 & p_3 == 1 & !brmerge)> <Delay = 2.32> <Core = "RAM_1P">   --->   Core 42 'RAM_1P' <Latency = 1> <II = 1> <Delay = 2.32> <Storage> <Opcode : 'load' 'store'> <Ports = 1> <Width = 16> <Depth = 6> <RAM>
ST_7 : Operation 81 [1/2] (2.32ns)   --->   "%rcCmdIn_V_load_10 = load i16* %rcCmdIn_V_addr_8, align 2" [Flight_Main/flightMain.cpp:72]   --->   Operation 81 'load' 'rcCmdIn_V_load_10' <Predicate = (!tmp_4 & p_3 == 1 & brmerge)> <Delay = 2.32> <Core = "RAM_1P">   --->   Core 42 'RAM_1P' <Latency = 1> <II = 1> <Delay = 2.32> <Storage> <Opcode : 'load' 'store'> <Ports = 1> <Width = 16> <Depth = 6> <RAM>
ST_7 : Operation 82 [1/1] (8.75ns)   --->   "call void @_ssdm_op_Write.m_axi.i16P(i16* %OUT_r, i16 %rcCmdIn_V_load_7, i2 -1)" [Flight_Main/flightMain.cpp:49]   --->   Operation 82 'write' <Predicate = (!tmp_4 & p_3 == 0)> <Delay = 8.75> <Core = "m_axi">   --->   Core 9 'm_axi' <Latency = 6> <II = 1> <Delay = 1.00> <Adapter> <Opcode : 'read' 'write' 'readreq' 'writereq' 'writeresp'>
ST_7 : Operation 83 [1/2] (2.32ns)   --->   "%rcCmdIn_V_load_8 = load i16* %rcCmdIn_V_addr_5, align 2" [Flight_Main/flightMain.cpp:49]   --->   Operation 83 'load' 'rcCmdIn_V_load_8' <Predicate = (!tmp_4 & p_3 == 0)> <Delay = 2.32> <Core = "RAM_1P">   --->   Core 42 'RAM_1P' <Latency = 1> <II = 1> <Delay = 2.32> <Storage> <Opcode : 'load' 'store'> <Ports = 1> <Width = 16> <Depth = 6> <RAM>

State 8 <SV = 7> <Delay = 8.75>
ST_8 : Operation 84 [1/1] (8.75ns)   --->   "call void @_ssdm_op_Write.m_axi.i16P(i16* %OUT_r, i16 %rcCmdIn_V_load_8, i2 -1)" [Flight_Main/flightMain.cpp:49]   --->   Operation 84 'write' <Predicate = (!tmp_4 & p_3 == 0)> <Delay = 8.75> <Core = "m_axi">   --->   Core 9 'm_axi' <Latency = 6> <II = 1> <Delay = 1.00> <Adapter> <Opcode : 'read' 'write' 'readreq' 'writereq' 'writeresp'>

State 9 <SV = 8> <Delay = 8.75>
ST_9 : Operation 85 [1/1] (8.75ns)   --->   "%OUT_req6 = call i1 @_ssdm_op_WriteReq.m_axi.i16P(i16* %OUT_r, i32 1)" [Flight_Main/flightMain.cpp:72]   --->   Operation 85 'writereq' 'OUT_req6' <Predicate = (!tmp_4 & p_3 == 1)> <Delay = 8.75> <Core = "m_axi">   --->   Core 9 'm_axi' <Latency = 6> <II = 1> <Delay = 1.00> <Adapter> <Opcode : 'read' 'write' 'readreq' 'writereq' 'writeresp'>
ST_9 : Operation 86 [1/1] (8.75ns)   --->   "call void @_ssdm_op_Write.m_axi.i16P(i16* %OUT_r, i16 %p_Val2_s, i2 -1)" [Flight_Main/flightMain.cpp:49]   --->   Operation 86 'write' <Predicate = (!tmp_4 & p_3 == 0)> <Delay = 8.75> <Core = "m_axi">   --->   Core 9 'm_axi' <Latency = 6> <II = 1> <Delay = 1.00> <Adapter> <Opcode : 'read' 'write' 'readreq' 'writereq' 'writeresp'>

State 10 <SV = 9> <Delay = 8.75>
ST_10 : Operation 87 [1/1] (8.75ns)   --->   "call void @_ssdm_op_Write.m_axi.i16P(i16* %OUT_r, i16 %rcCmdIn_V_load_9, i2 -1)" [Flight_Main/flightMain.cpp:72]   --->   Operation 87 'write' <Predicate = (!tmp_4 & p_3 == 1)> <Delay = 8.75> <Core = "m_axi">   --->   Core 9 'm_axi' <Latency = 6> <II = 1> <Delay = 1.00> <Adapter> <Opcode : 'read' 'write' 'readreq' 'writereq' 'writeresp'>
ST_10 : Operation 88 [1/1] (0.00ns)   --->   "%OUT_addr_6 = getelementptr i16* %OUT_r, i64 1"   --->   Operation 88 'getelementptr' 'OUT_addr_6' <Predicate = (!tmp_4 & p_3 == 1 & brmerge)> <Delay = 0.00>
ST_10 : Operation 89 [1/1] (8.75ns)   --->   "%OUT_addr_11_req = call i1 @_ssdm_op_WriteReq.m_axi.i16P(i16* %OUT_addr_6, i32 5)" [Flight_Main/flightMain.cpp:72]   --->   Operation 89 'writereq' 'OUT_addr_11_req' <Predicate = (!tmp_4 & p_3 == 1 & brmerge)> <Delay = 8.75> <Core = "m_axi">   --->   Core 9 'm_axi' <Latency = 6> <II = 1> <Delay = 1.00> <Adapter> <Opcode : 'read' 'write' 'readreq' 'writereq' 'writeresp'>
ST_10 : Operation 90 [1/1] (8.75ns)   --->   "call void @_ssdm_op_Write.m_axi.i16P(i16* %OUT_r, i16 %p_Val2_1, i2 -1)" [Flight_Main/flightMain.cpp:49]   --->   Operation 90 'write' <Predicate = (!tmp_4 & p_3 == 0)> <Delay = 8.75> <Core = "m_axi">   --->   Core 9 'm_axi' <Latency = 6> <II = 1> <Delay = 1.00> <Adapter> <Opcode : 'read' 'write' 'readreq' 'writereq' 'writeresp'>

State 11 <SV = 10> <Delay = 8.75>
ST_11 : Operation 91 [1/1] (8.75ns)   --->   "call void @_ssdm_op_Write.m_axi.i16P(i16* %OUT_addr_6, i16 %rcCmdIn_V_load, i2 -1)" [Flight_Main/flightMain.cpp:72]   --->   Operation 91 'write' <Predicate = (!tmp_4 & p_3 == 1 & brmerge)> <Delay = 8.75> <Core = "m_axi">   --->   Core 9 'm_axi' <Latency = 6> <II = 1> <Delay = 1.00> <Adapter> <Opcode : 'read' 'write' 'readreq' 'writereq' 'writeresp'>

State 12 <SV = 11> <Delay = 8.75>
ST_12 : Operation 92 [1/1] (8.75ns)   --->   "call void @_ssdm_op_Write.m_axi.i16P(i16* %OUT_addr_6, i16 %rcCmdIn_V_load_2, i2 -1)" [Flight_Main/flightMain.cpp:72]   --->   Operation 92 'write' <Predicate = (!tmp_4 & p_3 == 1 & brmerge)> <Delay = 8.75> <Core = "m_axi">   --->   Core 9 'm_axi' <Latency = 6> <II = 1> <Delay = 1.00> <Adapter> <Opcode : 'read' 'write' 'readreq' 'writereq' 'writeresp'>
ST_12 : Operation 93 [1/1] (8.75ns)   --->   "%OUT_req4 = call i1 @_ssdm_op_WriteReq.m_axi.i16P(i16* %OUT_r, i32 1)" [Flight_Main/flightMain.cpp:114]   --->   Operation 93 'writereq' 'OUT_req4' <Predicate = (!tmp_4 & p_3 != 0 & p_3 != 1)> <Delay = 8.75> <Core = "m_axi">   --->   Core 9 'm_axi' <Latency = 6> <II = 1> <Delay = 1.00> <Adapter> <Opcode : 'read' 'write' 'readreq' 'writereq' 'writeresp'>

State 13 <SV = 12> <Delay = 8.75>
ST_13 : Operation 94 [1/1] (0.00ns)   --->   "%OUT_addr_7 = getelementptr i16* %OUT_r, i64 3"   --->   Operation 94 'getelementptr' 'OUT_addr_7' <Predicate = (!tmp_4 & p_3 == 1 & !brmerge)> <Delay = 0.00>
ST_13 : Operation 95 [1/1] (8.75ns)   --->   "%OUT_addr_16_req = call i1 @_ssdm_op_WriteReq.m_axi.i16P(i16* %OUT_addr_7, i32 1)" [Flight_Main/flightMain.cpp:63]   --->   Operation 95 'writereq' 'OUT_addr_16_req' <Predicate = (!tmp_4 & p_3 == 1 & !brmerge)> <Delay = 8.75> <Core = "m_axi">   --->   Core 9 'm_axi' <Latency = 6> <II = 1> <Delay = 1.00> <Adapter> <Opcode : 'read' 'write' 'readreq' 'writereq' 'writeresp'>
ST_13 : Operation 96 [1/1] (8.75ns)   --->   "call void @_ssdm_op_Write.m_axi.i16P(i16* %OUT_addr_6, i16 %rcCmdIn_V_load_10, i2 -1)" [Flight_Main/flightMain.cpp:72]   --->   Operation 96 'write' <Predicate = (!tmp_4 & p_3 == 1 & brmerge)> <Delay = 8.75> <Core = "m_axi">   --->   Core 9 'm_axi' <Latency = 6> <II = 1> <Delay = 1.00> <Adapter> <Opcode : 'read' 'write' 'readreq' 'writereq' 'writeresp'>
ST_13 : Operation 97 [1/1] (0.00ns)   --->   "%OUT_addr_3 = getelementptr i16* %OUT_r, i64 3"   --->   Operation 97 'getelementptr' 'OUT_addr_3' <Predicate = (!tmp_4 & p_3 != 0 & p_3 != 1)> <Delay = 0.00>
ST_13 : Operation 98 [1/1] (8.75ns)   --->   "%OUT_addr_3_req = call i1 @_ssdm_op_WriteReq.m_axi.i16P(i16* %OUT_addr_3, i32 1)" [Flight_Main/flightMain.cpp:115]   --->   Operation 98 'writereq' 'OUT_addr_3_req' <Predicate = (!tmp_4 & p_3 != 0 & p_3 != 1)> <Delay = 8.75> <Core = "m_axi">   --->   Core 9 'm_axi' <Latency = 6> <II = 1> <Delay = 1.00> <Adapter> <Opcode : 'read' 'write' 'readreq' 'writereq' 'writeresp'>
ST_13 : Operation 99 [1/1] (8.75ns)   --->   "%OUT_req2 = call i1 @_ssdm_op_WriteReq.m_axi.i16P(i16* %OUT_r, i32 1)" [Flight_Main/flightMain.cpp:126]   --->   Operation 99 'writereq' 'OUT_req2' <Predicate = (tmp_4)> <Delay = 8.75> <Core = "m_axi">   --->   Core 9 'm_axi' <Latency = 6> <II = 1> <Delay = 1.00> <Adapter> <Opcode : 'read' 'write' 'readreq' 'writereq' 'writeresp'>

State 14 <SV = 13> <Delay = 8.75>
ST_14 : Operation 100 [1/1] (0.00ns)   --->   "%OUT_addr_8 = getelementptr i16* %OUT_r, i64 1"   --->   Operation 100 'getelementptr' 'OUT_addr_8' <Predicate = (!tmp_4 & p_3 == 1 & !brmerge)> <Delay = 0.00>
ST_14 : Operation 101 [1/1] (8.75ns)   --->   "%OUT_addr_17_req = call i1 @_ssdm_op_WriteReq.m_axi.i16P(i16* %OUT_addr_8, i32 1)" [Flight_Main/flightMain.cpp:64]   --->   Operation 101 'writereq' 'OUT_addr_17_req' <Predicate = (!tmp_4 & p_3 == 1 & !brmerge)> <Delay = 8.75> <Core = "m_axi">   --->   Core 9 'm_axi' <Latency = 6> <II = 1> <Delay = 1.00> <Adapter> <Opcode : 'read' 'write' 'readreq' 'writereq' 'writeresp'>
ST_14 : Operation 102 [1/1] (8.75ns)   --->   "call void @_ssdm_op_Write.m_axi.i16P(i16* %OUT_addr_6, i16 %p_Val2_s, i2 -1)" [Flight_Main/flightMain.cpp:72]   --->   Operation 102 'write' <Predicate = (!tmp_4 & p_3 == 1 & brmerge)> <Delay = 8.75> <Core = "m_axi">   --->   Core 9 'm_axi' <Latency = 6> <II = 1> <Delay = 1.00> <Adapter> <Opcode : 'read' 'write' 'readreq' 'writereq' 'writeresp'>
ST_14 : Operation 103 [1/1] (8.75ns)   --->   "call void @_ssdm_op_Write.m_axi.i16P(i16* %OUT_r, i16 0, i2 -1)" [Flight_Main/flightMain.cpp:114]   --->   Operation 103 'write' <Predicate = (!tmp_4 & p_3 != 0 & p_3 != 1)> <Delay = 8.75> <Core = "m_axi">   --->   Core 9 'm_axi' <Latency = 6> <II = 1> <Delay = 1.00> <Adapter> <Opcode : 'read' 'write' 'readreq' 'writereq' 'writeresp'>
ST_14 : Operation 104 [1/1] (0.00ns)   --->   "%OUT_addr_4 = getelementptr i16* %OUT_r, i64 1"   --->   Operation 104 'getelementptr' 'OUT_addr_4' <Predicate = (!tmp_4 & p_3 != 0 & p_3 != 1)> <Delay = 0.00>
ST_14 : Operation 105 [1/1] (8.75ns)   --->   "%OUT_addr_4_req = call i1 @_ssdm_op_WriteReq.m_axi.i16P(i16* %OUT_addr_4, i32 1)" [Flight_Main/flightMain.cpp:116]   --->   Operation 105 'writereq' 'OUT_addr_4_req' <Predicate = (!tmp_4 & p_3 != 0 & p_3 != 1)> <Delay = 8.75> <Core = "m_axi">   --->   Core 9 'm_axi' <Latency = 6> <II = 1> <Delay = 1.00> <Adapter> <Opcode : 'read' 'write' 'readreq' 'writereq' 'writeresp'>
ST_14 : Operation 106 [1/1] (8.75ns)   --->   "call void @_ssdm_op_Write.m_axi.i16P(i16* %OUT_r, i16 0, i2 -1)" [Flight_Main/flightMain.cpp:126]   --->   Operation 106 'write' <Predicate = (tmp_4)> <Delay = 8.75> <Core = "m_axi">   --->   Core 9 'm_axi' <Latency = 6> <II = 1> <Delay = 1.00> <Adapter> <Opcode : 'read' 'write' 'readreq' 'writereq' 'writeresp'>
ST_14 : Operation 107 [1/1] (0.00ns)   --->   "%OUT_addr = getelementptr i16* %OUT_r, i64 3"   --->   Operation 107 'getelementptr' 'OUT_addr' <Predicate = (tmp_4)> <Delay = 0.00>
ST_14 : Operation 108 [1/1] (8.75ns)   --->   "%OUT_addr_req = call i1 @_ssdm_op_WriteReq.m_axi.i16P(i16* %OUT_addr, i32 1)" [Flight_Main/flightMain.cpp:127]   --->   Operation 108 'writereq' 'OUT_addr_req' <Predicate = (tmp_4)> <Delay = 8.75> <Core = "m_axi">   --->   Core 9 'm_axi' <Latency = 6> <II = 1> <Delay = 1.00> <Adapter> <Opcode : 'read' 'write' 'readreq' 'writereq' 'writeresp'>

State 15 <SV = 14> <Delay = 8.75>
ST_15 : Operation 109 [5/5] (8.75ns)   --->   "%OUT_resp7 = call i1 @_ssdm_op_WriteResp.m_axi.i16P(i16* %OUT_r)" [Flight_Main/flightMain.cpp:72]   --->   Operation 109 'writeresp' 'OUT_resp7' <Predicate = (!tmp_4 & p_3 == 1)> <Delay = 8.75> <Core = "m_axi">   --->   Core 9 'm_axi' <Latency = 6> <II = 1> <Delay = 1.00> <Adapter> <Opcode : 'read' 'write' 'readreq' 'writereq' 'writeresp'>
ST_15 : Operation 110 [1/1] (8.75ns)   --->   "call void @_ssdm_op_Write.m_axi.i16P(i16* %OUT_addr_7, i16 %rcCmdIn_V_load_6, i2 -1)" [Flight_Main/flightMain.cpp:63]   --->   Operation 110 'write' <Predicate = (!tmp_4 & p_3 == 1 & !brmerge)> <Delay = 8.75> <Core = "m_axi">   --->   Core 9 'm_axi' <Latency = 6> <II = 1> <Delay = 1.00> <Adapter> <Opcode : 'read' 'write' 'readreq' 'writereq' 'writeresp'>
ST_15 : Operation 111 [1/1] (0.00ns)   --->   "%OUT_addr_9 = getelementptr i16* %OUT_r, i64 2"   --->   Operation 111 'getelementptr' 'OUT_addr_9' <Predicate = (!tmp_4 & p_3 == 1 & !brmerge)> <Delay = 0.00>
ST_15 : Operation 112 [1/1] (8.75ns)   --->   "%OUT_addr_18_req = call i1 @_ssdm_op_WriteReq.m_axi.i16P(i16* %OUT_addr_9, i32 1)" [Flight_Main/flightMain.cpp:65]   --->   Operation 112 'writereq' 'OUT_addr_18_req' <Predicate = (!tmp_4 & p_3 == 1 & !brmerge)> <Delay = 8.75> <Core = "m_axi">   --->   Core 9 'm_axi' <Latency = 6> <II = 1> <Delay = 1.00> <Adapter> <Opcode : 'read' 'write' 'readreq' 'writereq' 'writeresp'>
ST_15 : Operation 113 [1/1] (8.75ns)   --->   "call void @_ssdm_op_Write.m_axi.i16P(i16* %OUT_addr_6, i16 %p_Val2_1, i2 -1)" [Flight_Main/flightMain.cpp:72]   --->   Operation 113 'write' <Predicate = (!tmp_4 & p_3 == 1 & brmerge)> <Delay = 8.75> <Core = "m_axi">   --->   Core 9 'm_axi' <Latency = 6> <II = 1> <Delay = 1.00> <Adapter> <Opcode : 'read' 'write' 'readreq' 'writereq' 'writeresp'>
ST_15 : Operation 114 [5/5] (8.75ns)   --->   "%OUT_resp5 = call i1 @_ssdm_op_WriteResp.m_axi.i16P(i16* %OUT_r)" [Flight_Main/flightMain.cpp:114]   --->   Operation 114 'writeresp' 'OUT_resp5' <Predicate = (!tmp_4 & p_3 != 0 & p_3 != 1)> <Delay = 8.75> <Core = "m_axi">   --->   Core 9 'm_axi' <Latency = 6> <II = 1> <Delay = 1.00> <Adapter> <Opcode : 'read' 'write' 'readreq' 'writereq' 'writeresp'>
ST_15 : Operation 115 [1/1] (8.75ns)   --->   "call void @_ssdm_op_Write.m_axi.i16P(i16* %OUT_addr_3, i16 8192, i2 -1)" [Flight_Main/flightMain.cpp:115]   --->   Operation 115 'write' <Predicate = (!tmp_4 & p_3 != 0 & p_3 != 1)> <Delay = 8.75> <Core = "m_axi">   --->   Core 9 'm_axi' <Latency = 6> <II = 1> <Delay = 1.00> <Adapter> <Opcode : 'read' 'write' 'readreq' 'writereq' 'writeresp'>
ST_15 : Operation 116 [1/1] (0.00ns)   --->   "%OUT_addr_5 = getelementptr i16* %OUT_r, i64 2"   --->   Operation 116 'getelementptr' 'OUT_addr_5' <Predicate = (!tmp_4 & p_3 != 0 & p_3 != 1)> <Delay = 0.00>
ST_15 : Operation 117 [1/1] (8.75ns)   --->   "%OUT_addr_5_req = call i1 @_ssdm_op_WriteReq.m_axi.i16P(i16* %OUT_addr_5, i32 1)" [Flight_Main/flightMain.cpp:117]   --->   Operation 117 'writereq' 'OUT_addr_5_req' <Predicate = (!tmp_4 & p_3 != 0 & p_3 != 1)> <Delay = 8.75> <Core = "m_axi">   --->   Core 9 'm_axi' <Latency = 6> <II = 1> <Delay = 1.00> <Adapter> <Opcode : 'read' 'write' 'readreq' 'writereq' 'writeresp'>
ST_15 : Operation 118 [5/5] (8.75ns)   --->   "%OUT_resp3 = call i1 @_ssdm_op_WriteResp.m_axi.i16P(i16* %OUT_r)" [Flight_Main/flightMain.cpp:126]   --->   Operation 118 'writeresp' 'OUT_resp3' <Predicate = (tmp_4)> <Delay = 8.75> <Core = "m_axi">   --->   Core 9 'm_axi' <Latency = 6> <II = 1> <Delay = 1.00> <Adapter> <Opcode : 'read' 'write' 'readreq' 'writereq' 'writeresp'>
ST_15 : Operation 119 [1/1] (8.75ns)   --->   "call void @_ssdm_op_Write.m_axi.i16P(i16* %OUT_addr, i16 8192, i2 -1)" [Flight_Main/flightMain.cpp:127]   --->   Operation 119 'write' <Predicate = (tmp_4)> <Delay = 8.75> <Core = "m_axi">   --->   Core 9 'm_axi' <Latency = 6> <II = 1> <Delay = 1.00> <Adapter> <Opcode : 'read' 'write' 'readreq' 'writereq' 'writeresp'>
ST_15 : Operation 120 [1/1] (0.00ns)   --->   "%OUT_addr_1 = getelementptr i16* %OUT_r, i64 1"   --->   Operation 120 'getelementptr' 'OUT_addr_1' <Predicate = (tmp_4)> <Delay = 0.00>
ST_15 : Operation 121 [1/1] (8.75ns)   --->   "%OUT_addr_1_req = call i1 @_ssdm_op_WriteReq.m_axi.i16P(i16* %OUT_addr_1, i32 1)" [Flight_Main/flightMain.cpp:128]   --->   Operation 121 'writereq' 'OUT_addr_1_req' <Predicate = (tmp_4)> <Delay = 8.75> <Core = "m_axi">   --->   Core 9 'm_axi' <Latency = 6> <II = 1> <Delay = 1.00> <Adapter> <Opcode : 'read' 'write' 'readreq' 'writereq' 'writeresp'>

State 16 <SV = 15> <Delay = 8.75>
ST_16 : Operation 122 [4/5] (8.75ns)   --->   "%OUT_resp7 = call i1 @_ssdm_op_WriteResp.m_axi.i16P(i16* %OUT_r)" [Flight_Main/flightMain.cpp:72]   --->   Operation 122 'writeresp' 'OUT_resp7' <Predicate = (!tmp_4 & p_3 == 1)> <Delay = 8.75> <Core = "m_axi">   --->   Core 9 'm_axi' <Latency = 6> <II = 1> <Delay = 1.00> <Adapter> <Opcode : 'read' 'write' 'readreq' 'writereq' 'writeresp'>
ST_16 : Operation 123 [5/5] (8.75ns)   --->   "%OUT_addr_16_resp = call i1 @_ssdm_op_WriteResp.m_axi.i16P(i16* %OUT_addr_7)" [Flight_Main/flightMain.cpp:63]   --->   Operation 123 'writeresp' 'OUT_addr_16_resp' <Predicate = (!tmp_4 & p_3 == 1 & !brmerge)> <Delay = 8.75> <Core = "m_axi">   --->   Core 9 'm_axi' <Latency = 6> <II = 1> <Delay = 1.00> <Adapter> <Opcode : 'read' 'write' 'readreq' 'writereq' 'writeresp'>
ST_16 : Operation 124 [1/1] (8.75ns)   --->   "call void @_ssdm_op_Write.m_axi.i16P(i16* %OUT_addr_8, i16 8192, i2 -1)" [Flight_Main/flightMain.cpp:64]   --->   Operation 124 'write' <Predicate = (!tmp_4 & p_3 == 1 & !brmerge)> <Delay = 8.75> <Core = "m_axi">   --->   Core 9 'm_axi' <Latency = 6> <II = 1> <Delay = 1.00> <Adapter> <Opcode : 'read' 'write' 'readreq' 'writereq' 'writeresp'>
ST_16 : Operation 125 [5/5] (8.75ns)   --->   "%OUT_addr_11_resp = call i1 @_ssdm_op_WriteResp.m_axi.i16P(i16* %OUT_addr_6)" [Flight_Main/flightMain.cpp:72]   --->   Operation 125 'writeresp' 'OUT_addr_11_resp' <Predicate = (!tmp_4 & p_3 == 1 & brmerge)> <Delay = 8.75> <Core = "m_axi">   --->   Core 9 'm_axi' <Latency = 6> <II = 1> <Delay = 1.00> <Adapter> <Opcode : 'read' 'write' 'readreq' 'writereq' 'writeresp'>
ST_16 : Operation 126 [5/5] (8.75ns)   --->   "%OUT_resp = call i1 @_ssdm_op_WriteResp.m_axi.i16P(i16* %OUT_r)" [Flight_Main/flightMain.cpp:49]   --->   Operation 126 'writeresp' 'OUT_resp' <Predicate = (!tmp_4 & p_3 == 0)> <Delay = 8.75> <Core = "m_axi">   --->   Core 9 'm_axi' <Latency = 6> <II = 1> <Delay = 1.00> <Adapter> <Opcode : 'read' 'write' 'readreq' 'writereq' 'writeresp'>
ST_16 : Operation 127 [4/5] (8.75ns)   --->   "%OUT_resp5 = call i1 @_ssdm_op_WriteResp.m_axi.i16P(i16* %OUT_r)" [Flight_Main/flightMain.cpp:114]   --->   Operation 127 'writeresp' 'OUT_resp5' <Predicate = (!tmp_4 & p_3 != 0 & p_3 != 1)> <Delay = 8.75> <Core = "m_axi">   --->   Core 9 'm_axi' <Latency = 6> <II = 1> <Delay = 1.00> <Adapter> <Opcode : 'read' 'write' 'readreq' 'writereq' 'writeresp'>
ST_16 : Operation 128 [5/5] (8.75ns)   --->   "%OUT_addr_3_resp = call i1 @_ssdm_op_WriteResp.m_axi.i16P(i16* %OUT_addr_3)" [Flight_Main/flightMain.cpp:115]   --->   Operation 128 'writeresp' 'OUT_addr_3_resp' <Predicate = (!tmp_4 & p_3 != 0 & p_3 != 1)> <Delay = 8.75> <Core = "m_axi">   --->   Core 9 'm_axi' <Latency = 6> <II = 1> <Delay = 1.00> <Adapter> <Opcode : 'read' 'write' 'readreq' 'writereq' 'writeresp'>
ST_16 : Operation 129 [1/1] (8.75ns)   --->   "call void @_ssdm_op_Write.m_axi.i16P(i16* %OUT_addr_4, i16 8192, i2 -1)" [Flight_Main/flightMain.cpp:116]   --->   Operation 129 'write' <Predicate = (!tmp_4 & p_3 != 0 & p_3 != 1)> <Delay = 8.75> <Core = "m_axi">   --->   Core 9 'm_axi' <Latency = 6> <II = 1> <Delay = 1.00> <Adapter> <Opcode : 'read' 'write' 'readreq' 'writereq' 'writeresp'>
ST_16 : Operation 130 [4/5] (8.75ns)   --->   "%OUT_resp3 = call i1 @_ssdm_op_WriteResp.m_axi.i16P(i16* %OUT_r)" [Flight_Main/flightMain.cpp:126]   --->   Operation 130 'writeresp' 'OUT_resp3' <Predicate = (tmp_4)> <Delay = 8.75> <Core = "m_axi">   --->   Core 9 'm_axi' <Latency = 6> <II = 1> <Delay = 1.00> <Adapter> <Opcode : 'read' 'write' 'readreq' 'writereq' 'writeresp'>
ST_16 : Operation 131 [5/5] (8.75ns)   --->   "%OUT_addr_resp = call i1 @_ssdm_op_WriteResp.m_axi.i16P(i16* %OUT_addr)" [Flight_Main/flightMain.cpp:127]   --->   Operation 131 'writeresp' 'OUT_addr_resp' <Predicate = (tmp_4)> <Delay = 8.75> <Core = "m_axi">   --->   Core 9 'm_axi' <Latency = 6> <II = 1> <Delay = 1.00> <Adapter> <Opcode : 'read' 'write' 'readreq' 'writereq' 'writeresp'>
ST_16 : Operation 132 [1/1] (8.75ns)   --->   "call void @_ssdm_op_Write.m_axi.i16P(i16* %OUT_addr_1, i16 8192, i2 -1)" [Flight_Main/flightMain.cpp:128]   --->   Operation 132 'write' <Predicate = (tmp_4)> <Delay = 8.75> <Core = "m_axi">   --->   Core 9 'm_axi' <Latency = 6> <II = 1> <Delay = 1.00> <Adapter> <Opcode : 'read' 'write' 'readreq' 'writereq' 'writeresp'>
ST_16 : Operation 133 [1/1] (0.00ns)   --->   "%OUT_addr_2 = getelementptr i16* %OUT_r, i64 2"   --->   Operation 133 'getelementptr' 'OUT_addr_2' <Predicate = (tmp_4)> <Delay = 0.00>
ST_16 : Operation 134 [1/1] (8.75ns)   --->   "%OUT_addr_2_req = call i1 @_ssdm_op_WriteReq.m_axi.i16P(i16* %OUT_addr_2, i32 1)" [Flight_Main/flightMain.cpp:129]   --->   Operation 134 'writereq' 'OUT_addr_2_req' <Predicate = (tmp_4)> <Delay = 8.75> <Core = "m_axi">   --->   Core 9 'm_axi' <Latency = 6> <II = 1> <Delay = 1.00> <Adapter> <Opcode : 'read' 'write' 'readreq' 'writereq' 'writeresp'>

State 17 <SV = 16> <Delay = 8.75>
ST_17 : Operation 135 [3/5] (8.75ns)   --->   "%OUT_resp7 = call i1 @_ssdm_op_WriteResp.m_axi.i16P(i16* %OUT_r)" [Flight_Main/flightMain.cpp:72]   --->   Operation 135 'writeresp' 'OUT_resp7' <Predicate = (!tmp_4 & p_3 == 1)> <Delay = 8.75> <Core = "m_axi">   --->   Core 9 'm_axi' <Latency = 6> <II = 1> <Delay = 1.00> <Adapter> <Opcode : 'read' 'write' 'readreq' 'writereq' 'writeresp'>
ST_17 : Operation 136 [4/5] (8.75ns)   --->   "%OUT_addr_16_resp = call i1 @_ssdm_op_WriteResp.m_axi.i16P(i16* %OUT_addr_7)" [Flight_Main/flightMain.cpp:63]   --->   Operation 136 'writeresp' 'OUT_addr_16_resp' <Predicate = (!tmp_4 & p_3 == 1 & !brmerge)> <Delay = 8.75> <Core = "m_axi">   --->   Core 9 'm_axi' <Latency = 6> <II = 1> <Delay = 1.00> <Adapter> <Opcode : 'read' 'write' 'readreq' 'writereq' 'writeresp'>
ST_17 : Operation 137 [5/5] (8.75ns)   --->   "%OUT_addr_17_resp = call i1 @_ssdm_op_WriteResp.m_axi.i16P(i16* %OUT_addr_8)" [Flight_Main/flightMain.cpp:64]   --->   Operation 137 'writeresp' 'OUT_addr_17_resp' <Predicate = (!tmp_4 & p_3 == 1 & !brmerge)> <Delay = 8.75> <Core = "m_axi">   --->   Core 9 'm_axi' <Latency = 6> <II = 1> <Delay = 1.00> <Adapter> <Opcode : 'read' 'write' 'readreq' 'writereq' 'writeresp'>
ST_17 : Operation 138 [1/1] (8.75ns)   --->   "call void @_ssdm_op_Write.m_axi.i16P(i16* %OUT_addr_9, i16 8192, i2 -1)" [Flight_Main/flightMain.cpp:65]   --->   Operation 138 'write' <Predicate = (!tmp_4 & p_3 == 1 & !brmerge)> <Delay = 8.75> <Core = "m_axi">   --->   Core 9 'm_axi' <Latency = 6> <II = 1> <Delay = 1.00> <Adapter> <Opcode : 'read' 'write' 'readreq' 'writereq' 'writeresp'>
ST_17 : Operation 139 [4/5] (8.75ns)   --->   "%OUT_addr_11_resp = call i1 @_ssdm_op_WriteResp.m_axi.i16P(i16* %OUT_addr_6)" [Flight_Main/flightMain.cpp:72]   --->   Operation 139 'writeresp' 'OUT_addr_11_resp' <Predicate = (!tmp_4 & p_3 == 1 & brmerge)> <Delay = 8.75> <Core = "m_axi">   --->   Core 9 'm_axi' <Latency = 6> <II = 1> <Delay = 1.00> <Adapter> <Opcode : 'read' 'write' 'readreq' 'writereq' 'writeresp'>
ST_17 : Operation 140 [4/5] (8.75ns)   --->   "%OUT_resp = call i1 @_ssdm_op_WriteResp.m_axi.i16P(i16* %OUT_r)" [Flight_Main/flightMain.cpp:49]   --->   Operation 140 'writeresp' 'OUT_resp' <Predicate = (!tmp_4 & p_3 == 0)> <Delay = 8.75> <Core = "m_axi">   --->   Core 9 'm_axi' <Latency = 6> <II = 1> <Delay = 1.00> <Adapter> <Opcode : 'read' 'write' 'readreq' 'writereq' 'writeresp'>
ST_17 : Operation 141 [3/5] (8.75ns)   --->   "%OUT_resp5 = call i1 @_ssdm_op_WriteResp.m_axi.i16P(i16* %OUT_r)" [Flight_Main/flightMain.cpp:114]   --->   Operation 141 'writeresp' 'OUT_resp5' <Predicate = (!tmp_4 & p_3 != 0 & p_3 != 1)> <Delay = 8.75> <Core = "m_axi">   --->   Core 9 'm_axi' <Latency = 6> <II = 1> <Delay = 1.00> <Adapter> <Opcode : 'read' 'write' 'readreq' 'writereq' 'writeresp'>
ST_17 : Operation 142 [4/5] (8.75ns)   --->   "%OUT_addr_3_resp = call i1 @_ssdm_op_WriteResp.m_axi.i16P(i16* %OUT_addr_3)" [Flight_Main/flightMain.cpp:115]   --->   Operation 142 'writeresp' 'OUT_addr_3_resp' <Predicate = (!tmp_4 & p_3 != 0 & p_3 != 1)> <Delay = 8.75> <Core = "m_axi">   --->   Core 9 'm_axi' <Latency = 6> <II = 1> <Delay = 1.00> <Adapter> <Opcode : 'read' 'write' 'readreq' 'writereq' 'writeresp'>
ST_17 : Operation 143 [5/5] (8.75ns)   --->   "%OUT_addr_4_resp = call i1 @_ssdm_op_WriteResp.m_axi.i16P(i16* %OUT_addr_4)" [Flight_Main/flightMain.cpp:116]   --->   Operation 143 'writeresp' 'OUT_addr_4_resp' <Predicate = (!tmp_4 & p_3 != 0 & p_3 != 1)> <Delay = 8.75> <Core = "m_axi">   --->   Core 9 'm_axi' <Latency = 6> <II = 1> <Delay = 1.00> <Adapter> <Opcode : 'read' 'write' 'readreq' 'writereq' 'writeresp'>
ST_17 : Operation 144 [1/1] (8.75ns)   --->   "call void @_ssdm_op_Write.m_axi.i16P(i16* %OUT_addr_5, i16 8192, i2 -1)" [Flight_Main/flightMain.cpp:117]   --->   Operation 144 'write' <Predicate = (!tmp_4 & p_3 != 0 & p_3 != 1)> <Delay = 8.75> <Core = "m_axi">   --->   Core 9 'm_axi' <Latency = 6> <II = 1> <Delay = 1.00> <Adapter> <Opcode : 'read' 'write' 'readreq' 'writereq' 'writeresp'>
ST_17 : Operation 145 [3/5] (8.75ns)   --->   "%OUT_resp3 = call i1 @_ssdm_op_WriteResp.m_axi.i16P(i16* %OUT_r)" [Flight_Main/flightMain.cpp:126]   --->   Operation 145 'writeresp' 'OUT_resp3' <Predicate = (tmp_4)> <Delay = 8.75> <Core = "m_axi">   --->   Core 9 'm_axi' <Latency = 6> <II = 1> <Delay = 1.00> <Adapter> <Opcode : 'read' 'write' 'readreq' 'writereq' 'writeresp'>
ST_17 : Operation 146 [4/5] (8.75ns)   --->   "%OUT_addr_resp = call i1 @_ssdm_op_WriteResp.m_axi.i16P(i16* %OUT_addr)" [Flight_Main/flightMain.cpp:127]   --->   Operation 146 'writeresp' 'OUT_addr_resp' <Predicate = (tmp_4)> <Delay = 8.75> <Core = "m_axi">   --->   Core 9 'm_axi' <Latency = 6> <II = 1> <Delay = 1.00> <Adapter> <Opcode : 'read' 'write' 'readreq' 'writereq' 'writeresp'>
ST_17 : Operation 147 [5/5] (8.75ns)   --->   "%OUT_addr_1_resp = call i1 @_ssdm_op_WriteResp.m_axi.i16P(i16* %OUT_addr_1)" [Flight_Main/flightMain.cpp:128]   --->   Operation 147 'writeresp' 'OUT_addr_1_resp' <Predicate = (tmp_4)> <Delay = 8.75> <Core = "m_axi">   --->   Core 9 'm_axi' <Latency = 6> <II = 1> <Delay = 1.00> <Adapter> <Opcode : 'read' 'write' 'readreq' 'writereq' 'writeresp'>
ST_17 : Operation 148 [1/1] (8.75ns)   --->   "call void @_ssdm_op_Write.m_axi.i16P(i16* %OUT_addr_2, i16 8192, i2 -1)" [Flight_Main/flightMain.cpp:129]   --->   Operation 148 'write' <Predicate = (tmp_4)> <Delay = 8.75> <Core = "m_axi">   --->   Core 9 'm_axi' <Latency = 6> <II = 1> <Delay = 1.00> <Adapter> <Opcode : 'read' 'write' 'readreq' 'writereq' 'writeresp'>

State 18 <SV = 17> <Delay = 8.75>
ST_18 : Operation 149 [2/5] (8.75ns)   --->   "%OUT_resp7 = call i1 @_ssdm_op_WriteResp.m_axi.i16P(i16* %OUT_r)" [Flight_Main/flightMain.cpp:72]   --->   Operation 149 'writeresp' 'OUT_resp7' <Predicate = (!tmp_4 & p_3 == 1)> <Delay = 8.75> <Core = "m_axi">   --->   Core 9 'm_axi' <Latency = 6> <II = 1> <Delay = 1.00> <Adapter> <Opcode : 'read' 'write' 'readreq' 'writereq' 'writeresp'>
ST_18 : Operation 150 [3/5] (8.75ns)   --->   "%OUT_addr_16_resp = call i1 @_ssdm_op_WriteResp.m_axi.i16P(i16* %OUT_addr_7)" [Flight_Main/flightMain.cpp:63]   --->   Operation 150 'writeresp' 'OUT_addr_16_resp' <Predicate = (!tmp_4 & p_3 == 1 & !brmerge)> <Delay = 8.75> <Core = "m_axi">   --->   Core 9 'm_axi' <Latency = 6> <II = 1> <Delay = 1.00> <Adapter> <Opcode : 'read' 'write' 'readreq' 'writereq' 'writeresp'>
ST_18 : Operation 151 [4/5] (8.75ns)   --->   "%OUT_addr_17_resp = call i1 @_ssdm_op_WriteResp.m_axi.i16P(i16* %OUT_addr_8)" [Flight_Main/flightMain.cpp:64]   --->   Operation 151 'writeresp' 'OUT_addr_17_resp' <Predicate = (!tmp_4 & p_3 == 1 & !brmerge)> <Delay = 8.75> <Core = "m_axi">   --->   Core 9 'm_axi' <Latency = 6> <II = 1> <Delay = 1.00> <Adapter> <Opcode : 'read' 'write' 'readreq' 'writereq' 'writeresp'>
ST_18 : Operation 152 [5/5] (8.75ns)   --->   "%OUT_addr_18_resp = call i1 @_ssdm_op_WriteResp.m_axi.i16P(i16* %OUT_addr_9)" [Flight_Main/flightMain.cpp:65]   --->   Operation 152 'writeresp' 'OUT_addr_18_resp' <Predicate = (!tmp_4 & p_3 == 1 & !brmerge)> <Delay = 8.75> <Core = "m_axi">   --->   Core 9 'm_axi' <Latency = 6> <II = 1> <Delay = 1.00> <Adapter> <Opcode : 'read' 'write' 'readreq' 'writereq' 'writeresp'>
ST_18 : Operation 153 [3/5] (8.75ns)   --->   "%OUT_addr_11_resp = call i1 @_ssdm_op_WriteResp.m_axi.i16P(i16* %OUT_addr_6)" [Flight_Main/flightMain.cpp:72]   --->   Operation 153 'writeresp' 'OUT_addr_11_resp' <Predicate = (!tmp_4 & p_3 == 1 & brmerge)> <Delay = 8.75> <Core = "m_axi">   --->   Core 9 'm_axi' <Latency = 6> <II = 1> <Delay = 1.00> <Adapter> <Opcode : 'read' 'write' 'readreq' 'writereq' 'writeresp'>
ST_18 : Operation 154 [3/5] (8.75ns)   --->   "%OUT_resp = call i1 @_ssdm_op_WriteResp.m_axi.i16P(i16* %OUT_r)" [Flight_Main/flightMain.cpp:49]   --->   Operation 154 'writeresp' 'OUT_resp' <Predicate = (!tmp_4 & p_3 == 0)> <Delay = 8.75> <Core = "m_axi">   --->   Core 9 'm_axi' <Latency = 6> <II = 1> <Delay = 1.00> <Adapter> <Opcode : 'read' 'write' 'readreq' 'writereq' 'writeresp'>
ST_18 : Operation 155 [2/5] (8.75ns)   --->   "%OUT_resp5 = call i1 @_ssdm_op_WriteResp.m_axi.i16P(i16* %OUT_r)" [Flight_Main/flightMain.cpp:114]   --->   Operation 155 'writeresp' 'OUT_resp5' <Predicate = (!tmp_4 & p_3 != 0 & p_3 != 1)> <Delay = 8.75> <Core = "m_axi">   --->   Core 9 'm_axi' <Latency = 6> <II = 1> <Delay = 1.00> <Adapter> <Opcode : 'read' 'write' 'readreq' 'writereq' 'writeresp'>
ST_18 : Operation 156 [3/5] (8.75ns)   --->   "%OUT_addr_3_resp = call i1 @_ssdm_op_WriteResp.m_axi.i16P(i16* %OUT_addr_3)" [Flight_Main/flightMain.cpp:115]   --->   Operation 156 'writeresp' 'OUT_addr_3_resp' <Predicate = (!tmp_4 & p_3 != 0 & p_3 != 1)> <Delay = 8.75> <Core = "m_axi">   --->   Core 9 'm_axi' <Latency = 6> <II = 1> <Delay = 1.00> <Adapter> <Opcode : 'read' 'write' 'readreq' 'writereq' 'writeresp'>
ST_18 : Operation 157 [4/5] (8.75ns)   --->   "%OUT_addr_4_resp = call i1 @_ssdm_op_WriteResp.m_axi.i16P(i16* %OUT_addr_4)" [Flight_Main/flightMain.cpp:116]   --->   Operation 157 'writeresp' 'OUT_addr_4_resp' <Predicate = (!tmp_4 & p_3 != 0 & p_3 != 1)> <Delay = 8.75> <Core = "m_axi">   --->   Core 9 'm_axi' <Latency = 6> <II = 1> <Delay = 1.00> <Adapter> <Opcode : 'read' 'write' 'readreq' 'writereq' 'writeresp'>
ST_18 : Operation 158 [5/5] (8.75ns)   --->   "%OUT_addr_5_resp = call i1 @_ssdm_op_WriteResp.m_axi.i16P(i16* %OUT_addr_5)" [Flight_Main/flightMain.cpp:117]   --->   Operation 158 'writeresp' 'OUT_addr_5_resp' <Predicate = (!tmp_4 & p_3 != 0 & p_3 != 1)> <Delay = 8.75> <Core = "m_axi">   --->   Core 9 'm_axi' <Latency = 6> <II = 1> <Delay = 1.00> <Adapter> <Opcode : 'read' 'write' 'readreq' 'writereq' 'writeresp'>
ST_18 : Operation 159 [2/5] (8.75ns)   --->   "%OUT_resp3 = call i1 @_ssdm_op_WriteResp.m_axi.i16P(i16* %OUT_r)" [Flight_Main/flightMain.cpp:126]   --->   Operation 159 'writeresp' 'OUT_resp3' <Predicate = (tmp_4)> <Delay = 8.75> <Core = "m_axi">   --->   Core 9 'm_axi' <Latency = 6> <II = 1> <Delay = 1.00> <Adapter> <Opcode : 'read' 'write' 'readreq' 'writereq' 'writeresp'>
ST_18 : Operation 160 [3/5] (8.75ns)   --->   "%OUT_addr_resp = call i1 @_ssdm_op_WriteResp.m_axi.i16P(i16* %OUT_addr)" [Flight_Main/flightMain.cpp:127]   --->   Operation 160 'writeresp' 'OUT_addr_resp' <Predicate = (tmp_4)> <Delay = 8.75> <Core = "m_axi">   --->   Core 9 'm_axi' <Latency = 6> <II = 1> <Delay = 1.00> <Adapter> <Opcode : 'read' 'write' 'readreq' 'writereq' 'writeresp'>
ST_18 : Operation 161 [4/5] (8.75ns)   --->   "%OUT_addr_1_resp = call i1 @_ssdm_op_WriteResp.m_axi.i16P(i16* %OUT_addr_1)" [Flight_Main/flightMain.cpp:128]   --->   Operation 161 'writeresp' 'OUT_addr_1_resp' <Predicate = (tmp_4)> <Delay = 8.75> <Core = "m_axi">   --->   Core 9 'm_axi' <Latency = 6> <II = 1> <Delay = 1.00> <Adapter> <Opcode : 'read' 'write' 'readreq' 'writereq' 'writeresp'>
ST_18 : Operation 162 [5/5] (8.75ns)   --->   "%OUT_addr_2_resp = call i1 @_ssdm_op_WriteResp.m_axi.i16P(i16* %OUT_addr_2)" [Flight_Main/flightMain.cpp:129]   --->   Operation 162 'writeresp' 'OUT_addr_2_resp' <Predicate = (tmp_4)> <Delay = 8.75> <Core = "m_axi">   --->   Core 9 'm_axi' <Latency = 6> <II = 1> <Delay = 1.00> <Adapter> <Opcode : 'read' 'write' 'readreq' 'writereq' 'writeresp'>

State 19 <SV = 18> <Delay = 8.75>
ST_19 : Operation 163 [1/5] (8.75ns)   --->   "%OUT_resp7 = call i1 @_ssdm_op_WriteResp.m_axi.i16P(i16* %OUT_r)" [Flight_Main/flightMain.cpp:72]   --->   Operation 163 'writeresp' 'OUT_resp7' <Predicate = (!tmp_4 & p_3 == 1)> <Delay = 8.75> <Core = "m_axi">   --->   Core 9 'm_axi' <Latency = 6> <II = 1> <Delay = 1.00> <Adapter> <Opcode : 'read' 'write' 'readreq' 'writereq' 'writeresp'>
ST_19 : Operation 164 [2/5] (8.75ns)   --->   "%OUT_addr_16_resp = call i1 @_ssdm_op_WriteResp.m_axi.i16P(i16* %OUT_addr_7)" [Flight_Main/flightMain.cpp:63]   --->   Operation 164 'writeresp' 'OUT_addr_16_resp' <Predicate = (!tmp_4 & p_3 == 1 & !brmerge)> <Delay = 8.75> <Core = "m_axi">   --->   Core 9 'm_axi' <Latency = 6> <II = 1> <Delay = 1.00> <Adapter> <Opcode : 'read' 'write' 'readreq' 'writereq' 'writeresp'>
ST_19 : Operation 165 [3/5] (8.75ns)   --->   "%OUT_addr_17_resp = call i1 @_ssdm_op_WriteResp.m_axi.i16P(i16* %OUT_addr_8)" [Flight_Main/flightMain.cpp:64]   --->   Operation 165 'writeresp' 'OUT_addr_17_resp' <Predicate = (!tmp_4 & p_3 == 1 & !brmerge)> <Delay = 8.75> <Core = "m_axi">   --->   Core 9 'm_axi' <Latency = 6> <II = 1> <Delay = 1.00> <Adapter> <Opcode : 'read' 'write' 'readreq' 'writereq' 'writeresp'>
ST_19 : Operation 166 [4/5] (8.75ns)   --->   "%OUT_addr_18_resp = call i1 @_ssdm_op_WriteResp.m_axi.i16P(i16* %OUT_addr_9)" [Flight_Main/flightMain.cpp:65]   --->   Operation 166 'writeresp' 'OUT_addr_18_resp' <Predicate = (!tmp_4 & p_3 == 1 & !brmerge)> <Delay = 8.75> <Core = "m_axi">   --->   Core 9 'm_axi' <Latency = 6> <II = 1> <Delay = 1.00> <Adapter> <Opcode : 'read' 'write' 'readreq' 'writereq' 'writeresp'>
ST_19 : Operation 167 [2/5] (8.75ns)   --->   "%OUT_addr_11_resp = call i1 @_ssdm_op_WriteResp.m_axi.i16P(i16* %OUT_addr_6)" [Flight_Main/flightMain.cpp:72]   --->   Operation 167 'writeresp' 'OUT_addr_11_resp' <Predicate = (!tmp_4 & p_3 == 1 & brmerge)> <Delay = 8.75> <Core = "m_axi">   --->   Core 9 'm_axi' <Latency = 6> <II = 1> <Delay = 1.00> <Adapter> <Opcode : 'read' 'write' 'readreq' 'writereq' 'writeresp'>
ST_19 : Operation 168 [2/5] (8.75ns)   --->   "%OUT_resp = call i1 @_ssdm_op_WriteResp.m_axi.i16P(i16* %OUT_r)" [Flight_Main/flightMain.cpp:49]   --->   Operation 168 'writeresp' 'OUT_resp' <Predicate = (!tmp_4 & p_3 == 0)> <Delay = 8.75> <Core = "m_axi">   --->   Core 9 'm_axi' <Latency = 6> <II = 1> <Delay = 1.00> <Adapter> <Opcode : 'read' 'write' 'readreq' 'writereq' 'writeresp'>
ST_19 : Operation 169 [1/5] (8.75ns)   --->   "%OUT_resp5 = call i1 @_ssdm_op_WriteResp.m_axi.i16P(i16* %OUT_r)" [Flight_Main/flightMain.cpp:114]   --->   Operation 169 'writeresp' 'OUT_resp5' <Predicate = (!tmp_4 & p_3 != 0 & p_3 != 1)> <Delay = 8.75> <Core = "m_axi">   --->   Core 9 'm_axi' <Latency = 6> <II = 1> <Delay = 1.00> <Adapter> <Opcode : 'read' 'write' 'readreq' 'writereq' 'writeresp'>
ST_19 : Operation 170 [2/5] (8.75ns)   --->   "%OUT_addr_3_resp = call i1 @_ssdm_op_WriteResp.m_axi.i16P(i16* %OUT_addr_3)" [Flight_Main/flightMain.cpp:115]   --->   Operation 170 'writeresp' 'OUT_addr_3_resp' <Predicate = (!tmp_4 & p_3 != 0 & p_3 != 1)> <Delay = 8.75> <Core = "m_axi">   --->   Core 9 'm_axi' <Latency = 6> <II = 1> <Delay = 1.00> <Adapter> <Opcode : 'read' 'write' 'readreq' 'writereq' 'writeresp'>
ST_19 : Operation 171 [3/5] (8.75ns)   --->   "%OUT_addr_4_resp = call i1 @_ssdm_op_WriteResp.m_axi.i16P(i16* %OUT_addr_4)" [Flight_Main/flightMain.cpp:116]   --->   Operation 171 'writeresp' 'OUT_addr_4_resp' <Predicate = (!tmp_4 & p_3 != 0 & p_3 != 1)> <Delay = 8.75> <Core = "m_axi">   --->   Core 9 'm_axi' <Latency = 6> <II = 1> <Delay = 1.00> <Adapter> <Opcode : 'read' 'write' 'readreq' 'writereq' 'writeresp'>
ST_19 : Operation 172 [4/5] (8.75ns)   --->   "%OUT_addr_5_resp = call i1 @_ssdm_op_WriteResp.m_axi.i16P(i16* %OUT_addr_5)" [Flight_Main/flightMain.cpp:117]   --->   Operation 172 'writeresp' 'OUT_addr_5_resp' <Predicate = (!tmp_4 & p_3 != 0 & p_3 != 1)> <Delay = 8.75> <Core = "m_axi">   --->   Core 9 'm_axi' <Latency = 6> <II = 1> <Delay = 1.00> <Adapter> <Opcode : 'read' 'write' 'readreq' 'writereq' 'writeresp'>
ST_19 : Operation 173 [1/5] (8.75ns)   --->   "%OUT_resp3 = call i1 @_ssdm_op_WriteResp.m_axi.i16P(i16* %OUT_r)" [Flight_Main/flightMain.cpp:126]   --->   Operation 173 'writeresp' 'OUT_resp3' <Predicate = (tmp_4)> <Delay = 8.75> <Core = "m_axi">   --->   Core 9 'm_axi' <Latency = 6> <II = 1> <Delay = 1.00> <Adapter> <Opcode : 'read' 'write' 'readreq' 'writereq' 'writeresp'>
ST_19 : Operation 174 [2/5] (8.75ns)   --->   "%OUT_addr_resp = call i1 @_ssdm_op_WriteResp.m_axi.i16P(i16* %OUT_addr)" [Flight_Main/flightMain.cpp:127]   --->   Operation 174 'writeresp' 'OUT_addr_resp' <Predicate = (tmp_4)> <Delay = 8.75> <Core = "m_axi">   --->   Core 9 'm_axi' <Latency = 6> <II = 1> <Delay = 1.00> <Adapter> <Opcode : 'read' 'write' 'readreq' 'writereq' 'writeresp'>
ST_19 : Operation 175 [3/5] (8.75ns)   --->   "%OUT_addr_1_resp = call i1 @_ssdm_op_WriteResp.m_axi.i16P(i16* %OUT_addr_1)" [Flight_Main/flightMain.cpp:128]   --->   Operation 175 'writeresp' 'OUT_addr_1_resp' <Predicate = (tmp_4)> <Delay = 8.75> <Core = "m_axi">   --->   Core 9 'm_axi' <Latency = 6> <II = 1> <Delay = 1.00> <Adapter> <Opcode : 'read' 'write' 'readreq' 'writereq' 'writeresp'>
ST_19 : Operation 176 [4/5] (8.75ns)   --->   "%OUT_addr_2_resp = call i1 @_ssdm_op_WriteResp.m_axi.i16P(i16* %OUT_addr_2)" [Flight_Main/flightMain.cpp:129]   --->   Operation 176 'writeresp' 'OUT_addr_2_resp' <Predicate = (tmp_4)> <Delay = 8.75> <Core = "m_axi">   --->   Core 9 'm_axi' <Latency = 6> <II = 1> <Delay = 1.00> <Adapter> <Opcode : 'read' 'write' 'readreq' 'writereq' 'writeresp'>

State 20 <SV = 19> <Delay = 8.75>
ST_20 : Operation 177 [1/5] (8.75ns)   --->   "%OUT_addr_16_resp = call i1 @_ssdm_op_WriteResp.m_axi.i16P(i16* %OUT_addr_7)" [Flight_Main/flightMain.cpp:63]   --->   Operation 177 'writeresp' 'OUT_addr_16_resp' <Predicate = (!tmp_4 & p_3 == 1 & !brmerge)> <Delay = 8.75> <Core = "m_axi">   --->   Core 9 'm_axi' <Latency = 6> <II = 1> <Delay = 1.00> <Adapter> <Opcode : 'read' 'write' 'readreq' 'writereq' 'writeresp'>
ST_20 : Operation 178 [2/5] (8.75ns)   --->   "%OUT_addr_17_resp = call i1 @_ssdm_op_WriteResp.m_axi.i16P(i16* %OUT_addr_8)" [Flight_Main/flightMain.cpp:64]   --->   Operation 178 'writeresp' 'OUT_addr_17_resp' <Predicate = (!tmp_4 & p_3 == 1 & !brmerge)> <Delay = 8.75> <Core = "m_axi">   --->   Core 9 'm_axi' <Latency = 6> <II = 1> <Delay = 1.00> <Adapter> <Opcode : 'read' 'write' 'readreq' 'writereq' 'writeresp'>
ST_20 : Operation 179 [3/5] (8.75ns)   --->   "%OUT_addr_18_resp = call i1 @_ssdm_op_WriteResp.m_axi.i16P(i16* %OUT_addr_9)" [Flight_Main/flightMain.cpp:65]   --->   Operation 179 'writeresp' 'OUT_addr_18_resp' <Predicate = (!tmp_4 & p_3 == 1 & !brmerge)> <Delay = 8.75> <Core = "m_axi">   --->   Core 9 'm_axi' <Latency = 6> <II = 1> <Delay = 1.00> <Adapter> <Opcode : 'read' 'write' 'readreq' 'writereq' 'writeresp'>
ST_20 : Operation 180 [1/5] (8.75ns)   --->   "%OUT_addr_11_resp = call i1 @_ssdm_op_WriteResp.m_axi.i16P(i16* %OUT_addr_6)" [Flight_Main/flightMain.cpp:72]   --->   Operation 180 'writeresp' 'OUT_addr_11_resp' <Predicate = (!tmp_4 & p_3 == 1 & brmerge)> <Delay = 8.75> <Core = "m_axi">   --->   Core 9 'm_axi' <Latency = 6> <II = 1> <Delay = 1.00> <Adapter> <Opcode : 'read' 'write' 'readreq' 'writereq' 'writeresp'>
ST_20 : Operation 181 [1/5] (8.75ns)   --->   "%OUT_resp = call i1 @_ssdm_op_WriteResp.m_axi.i16P(i16* %OUT_r)" [Flight_Main/flightMain.cpp:49]   --->   Operation 181 'writeresp' 'OUT_resp' <Predicate = (!tmp_4 & p_3 == 0)> <Delay = 8.75> <Core = "m_axi">   --->   Core 9 'm_axi' <Latency = 6> <II = 1> <Delay = 1.00> <Adapter> <Opcode : 'read' 'write' 'readreq' 'writereq' 'writeresp'>
ST_20 : Operation 182 [1/5] (8.75ns)   --->   "%OUT_addr_3_resp = call i1 @_ssdm_op_WriteResp.m_axi.i16P(i16* %OUT_addr_3)" [Flight_Main/flightMain.cpp:115]   --->   Operation 182 'writeresp' 'OUT_addr_3_resp' <Predicate = (!tmp_4 & p_3 != 0 & p_3 != 1)> <Delay = 8.75> <Core = "m_axi">   --->   Core 9 'm_axi' <Latency = 6> <II = 1> <Delay = 1.00> <Adapter> <Opcode : 'read' 'write' 'readreq' 'writereq' 'writeresp'>
ST_20 : Operation 183 [2/5] (8.75ns)   --->   "%OUT_addr_4_resp = call i1 @_ssdm_op_WriteResp.m_axi.i16P(i16* %OUT_addr_4)" [Flight_Main/flightMain.cpp:116]   --->   Operation 183 'writeresp' 'OUT_addr_4_resp' <Predicate = (!tmp_4 & p_3 != 0 & p_3 != 1)> <Delay = 8.75> <Core = "m_axi">   --->   Core 9 'm_axi' <Latency = 6> <II = 1> <Delay = 1.00> <Adapter> <Opcode : 'read' 'write' 'readreq' 'writereq' 'writeresp'>
ST_20 : Operation 184 [3/5] (8.75ns)   --->   "%OUT_addr_5_resp = call i1 @_ssdm_op_WriteResp.m_axi.i16P(i16* %OUT_addr_5)" [Flight_Main/flightMain.cpp:117]   --->   Operation 184 'writeresp' 'OUT_addr_5_resp' <Predicate = (!tmp_4 & p_3 != 0 & p_3 != 1)> <Delay = 8.75> <Core = "m_axi">   --->   Core 9 'm_axi' <Latency = 6> <II = 1> <Delay = 1.00> <Adapter> <Opcode : 'read' 'write' 'readreq' 'writereq' 'writeresp'>
ST_20 : Operation 185 [1/5] (8.75ns)   --->   "%OUT_addr_resp = call i1 @_ssdm_op_WriteResp.m_axi.i16P(i16* %OUT_addr)" [Flight_Main/flightMain.cpp:127]   --->   Operation 185 'writeresp' 'OUT_addr_resp' <Predicate = (tmp_4)> <Delay = 8.75> <Core = "m_axi">   --->   Core 9 'm_axi' <Latency = 6> <II = 1> <Delay = 1.00> <Adapter> <Opcode : 'read' 'write' 'readreq' 'writereq' 'writeresp'>
ST_20 : Operation 186 [2/5] (8.75ns)   --->   "%OUT_addr_1_resp = call i1 @_ssdm_op_WriteResp.m_axi.i16P(i16* %OUT_addr_1)" [Flight_Main/flightMain.cpp:128]   --->   Operation 186 'writeresp' 'OUT_addr_1_resp' <Predicate = (tmp_4)> <Delay = 8.75> <Core = "m_axi">   --->   Core 9 'm_axi' <Latency = 6> <II = 1> <Delay = 1.00> <Adapter> <Opcode : 'read' 'write' 'readreq' 'writereq' 'writeresp'>
ST_20 : Operation 187 [3/5] (8.75ns)   --->   "%OUT_addr_2_resp = call i1 @_ssdm_op_WriteResp.m_axi.i16P(i16* %OUT_addr_2)" [Flight_Main/flightMain.cpp:129]   --->   Operation 187 'writeresp' 'OUT_addr_2_resp' <Predicate = (tmp_4)> <Delay = 8.75> <Core = "m_axi">   --->   Core 9 'm_axi' <Latency = 6> <II = 1> <Delay = 1.00> <Adapter> <Opcode : 'read' 'write' 'readreq' 'writereq' 'writeresp'>

State 21 <SV = 20> <Delay = 8.75>
ST_21 : Operation 188 [1/5] (8.75ns)   --->   "%OUT_addr_17_resp = call i1 @_ssdm_op_WriteResp.m_axi.i16P(i16* %OUT_addr_8)" [Flight_Main/flightMain.cpp:64]   --->   Operation 188 'writeresp' 'OUT_addr_17_resp' <Predicate = (!tmp_4 & p_3 == 1 & !brmerge)> <Delay = 8.75> <Core = "m_axi">   --->   Core 9 'm_axi' <Latency = 6> <II = 1> <Delay = 1.00> <Adapter> <Opcode : 'read' 'write' 'readreq' 'writereq' 'writeresp'>
ST_21 : Operation 189 [2/5] (8.75ns)   --->   "%OUT_addr_18_resp = call i1 @_ssdm_op_WriteResp.m_axi.i16P(i16* %OUT_addr_9)" [Flight_Main/flightMain.cpp:65]   --->   Operation 189 'writeresp' 'OUT_addr_18_resp' <Predicate = (!tmp_4 & p_3 == 1 & !brmerge)> <Delay = 8.75> <Core = "m_axi">   --->   Core 9 'm_axi' <Latency = 6> <II = 1> <Delay = 1.00> <Adapter> <Opcode : 'read' 'write' 'readreq' 'writereq' 'writeresp'>
ST_21 : Operation 190 [1/5] (8.75ns)   --->   "%OUT_addr_4_resp = call i1 @_ssdm_op_WriteResp.m_axi.i16P(i16* %OUT_addr_4)" [Flight_Main/flightMain.cpp:116]   --->   Operation 190 'writeresp' 'OUT_addr_4_resp' <Predicate = (!tmp_4 & p_3 != 0 & p_3 != 1)> <Delay = 8.75> <Core = "m_axi">   --->   Core 9 'm_axi' <Latency = 6> <II = 1> <Delay = 1.00> <Adapter> <Opcode : 'read' 'write' 'readreq' 'writereq' 'writeresp'>
ST_21 : Operation 191 [2/5] (8.75ns)   --->   "%OUT_addr_5_resp = call i1 @_ssdm_op_WriteResp.m_axi.i16P(i16* %OUT_addr_5)" [Flight_Main/flightMain.cpp:117]   --->   Operation 191 'writeresp' 'OUT_addr_5_resp' <Predicate = (!tmp_4 & p_3 != 0 & p_3 != 1)> <Delay = 8.75> <Core = "m_axi">   --->   Core 9 'm_axi' <Latency = 6> <II = 1> <Delay = 1.00> <Adapter> <Opcode : 'read' 'write' 'readreq' 'writereq' 'writeresp'>
ST_21 : Operation 192 [1/5] (8.75ns)   --->   "%OUT_addr_1_resp = call i1 @_ssdm_op_WriteResp.m_axi.i16P(i16* %OUT_addr_1)" [Flight_Main/flightMain.cpp:128]   --->   Operation 192 'writeresp' 'OUT_addr_1_resp' <Predicate = (tmp_4)> <Delay = 8.75> <Core = "m_axi">   --->   Core 9 'm_axi' <Latency = 6> <II = 1> <Delay = 1.00> <Adapter> <Opcode : 'read' 'write' 'readreq' 'writereq' 'writeresp'>
ST_21 : Operation 193 [2/5] (8.75ns)   --->   "%OUT_addr_2_resp = call i1 @_ssdm_op_WriteResp.m_axi.i16P(i16* %OUT_addr_2)" [Flight_Main/flightMain.cpp:129]   --->   Operation 193 'writeresp' 'OUT_addr_2_resp' <Predicate = (tmp_4)> <Delay = 8.75> <Core = "m_axi">   --->   Core 9 'm_axi' <Latency = 6> <II = 1> <Delay = 1.00> <Adapter> <Opcode : 'read' 'write' 'readreq' 'writereq' 'writeresp'>

State 22 <SV = 21> <Delay = 8.75>
ST_22 : Operation 194 [1/1] (0.00ns)   --->   "call void (...)* @_ssdm_op_SpecBitsMap([6 x i16]* %rcCmdIn_V), !map !64"   --->   Operation 194 'specbitsmap' <Predicate = true> <Delay = 0.00>
ST_22 : Operation 195 [1/1] (0.00ns)   --->   "call void (...)* @_ssdm_op_SpecBitsMap([5 x i16]* %obj_avd_cmd_V), !map !70"   --->   Operation 195 'specbitsmap' <Predicate = true> <Delay = 0.00>
ST_22 : Operation 196 [1/1] (0.00ns)   --->   "call void (...)* @_ssdm_op_SpecBitsMap(i16* %OUT_r), !map !76"   --->   Operation 196 'specbitsmap' <Predicate = true> <Delay = 0.00>
ST_22 : Operation 197 [1/1] (0.00ns)   --->   "call void (...)* @_ssdm_op_SpecTopModule([11 x i8]* @flightmain_str) nounwind"   --->   Operation 197 'spectopmodule' <Predicate = true> <Delay = 0.00>
ST_22 : Operation 198 [1/1] (0.00ns)   --->   "call void (...)* @_ssdm_op_SpecPipeline(i32 1, i32 2, i32 1, i32 0, [1 x i8]* @p_str) nounwind" [Flight_Main/flightMain.cpp:13]   --->   Operation 198 'specpipeline' <Predicate = true> <Delay = 0.00>
ST_22 : Operation 199 [1/1] (0.00ns)   --->   "call void (...)* @_ssdm_op_SpecInterface(i32 0, [10 x i8]* @p_str1, i32 0, i32 0, [1 x i8]* @p_str, i32 0, i32 0, [5 x i8]* @p_str2, [1 x i8]* @p_str, [1 x i8]* @p_str, i32 0, i32 0, i32 0, i32 0, [1 x i8]* @p_str, [1 x i8]* @p_str) nounwind" [Flight_Main/flightMain.cpp:15]   --->   Operation 199 'specinterface' <Predicate = true> <Delay = 0.00>
ST_22 : Operation 200 [1/1] (0.00ns)   --->   "%empty = call i32 (...)* @_ssdm_op_SpecMemCore([6 x i16]* %rcCmdIn_V, [1 x i8]* @p_str, [7 x i8]* @RAM_1P_str, [1 x i8]* @p_str, i32 -1, [1 x i8]* @p_str, [1 x i8]* @p_str, [1 x i8]* @p_str, [1 x i8]* @p_str, [1 x i8]* @p_str)"   --->   Operation 200 'specmemcore' 'empty' <Predicate = true> <Delay = 0.00>
ST_22 : Operation 201 [1/1] (0.00ns)   --->   "call void (...)* @_ssdm_op_SpecInterface([6 x i16]* %rcCmdIn_V, [10 x i8]* @p_str1, i32 0, i32 0, [1 x i8]* @p_str, i32 0, i32 0, [4 x i8]* @p_str3, [1 x i8]* @p_str, [1 x i8]* @p_str, i32 0, i32 0, i32 0, i32 0, [1 x i8]* @p_str, [1 x i8]* @p_str) nounwind"   --->   Operation 201 'specinterface' <Predicate = true> <Delay = 0.00>
ST_22 : Operation 202 [1/1] (0.00ns)   --->   "%empty_4 = call i32 (...)* @_ssdm_op_SpecMemCore([5 x i16]* %obj_avd_cmd_V, [1 x i8]* @p_str, [7 x i8]* @RAM_1P_str, [1 x i8]* @p_str, i32 -1, [1 x i8]* @p_str, [1 x i8]* @p_str, [1 x i8]* @p_str, [1 x i8]* @p_str, [1 x i8]* @p_str)"   --->   Operation 202 'specmemcore' 'empty_4' <Predicate = true> <Delay = 0.00>
ST_22 : Operation 203 [1/1] (0.00ns)   --->   "call void (...)* @_ssdm_op_SpecInterface([5 x i16]* %obj_avd_cmd_V, [10 x i8]* @p_str1, i32 0, i32 0, [1 x i8]* @p_str, i32 0, i32 0, [4 x i8]* @p_str3, [1 x i8]* @p_str, [1 x i8]* @p_str, i32 0, i32 0, i32 0, i32 0, [1 x i8]* @p_str, [1 x i8]* @p_str) nounwind"   --->   Operation 203 'specinterface' <Predicate = true> <Delay = 0.00>
ST_22 : Operation 204 [1/1] (0.00ns)   --->   "call void (...)* @_ssdm_op_SpecInterface(i16* %OUT_r, [6 x i8]* @p_str4, i32 0, i32 0, [1 x i8]* @p_str, i32 0, i32 0, [4 x i8]* @p_str5, [4 x i8]* @p_str6, [1 x i8]* @p_str, i32 16, i32 16, i32 16, i32 16, [1 x i8]* @p_str, [1 x i8]* @p_str)"   --->   Operation 204 'specinterface' <Predicate = true> <Delay = 0.00>
ST_22 : Operation 205 [1/5] (8.75ns)   --->   "%OUT_addr_18_resp = call i1 @_ssdm_op_WriteResp.m_axi.i16P(i16* %OUT_addr_9)" [Flight_Main/flightMain.cpp:65]   --->   Operation 205 'writeresp' 'OUT_addr_18_resp' <Predicate = (!tmp_4 & p_3 == 1 & !brmerge)> <Delay = 8.75> <Core = "m_axi">   --->   Core 9 'm_axi' <Latency = 6> <II = 1> <Delay = 1.00> <Adapter> <Opcode : 'read' 'write' 'readreq' 'writereq' 'writeresp'>
ST_22 : Operation 206 [1/1] (0.00ns)   --->   "br label %.loopexit143" [Flight_Main/flightMain.cpp:66]   --->   Operation 206 'br' <Predicate = (!tmp_4 & p_3 == 1 & !brmerge)> <Delay = 0.00>
ST_22 : Operation 207 [1/1] (0.00ns)   --->   "br label %.loopexit143"   --->   Operation 207 'br' <Predicate = (!tmp_4 & p_3 == 1 & brmerge)> <Delay = 0.00>
ST_22 : Operation 208 [1/1] (0.00ns)   --->   "br label %.loopexit145" [Flight_Main/flightMain.cpp:76]   --->   Operation 208 'br' <Predicate = (!tmp_4 & p_3 == 1)> <Delay = 0.00>
ST_22 : Operation 209 [1/1] (0.00ns)   --->   "br label %.loopexit145"   --->   Operation 209 'br' <Predicate = (!tmp_4 & p_3 == 0)> <Delay = 0.00>
ST_22 : Operation 210 [1/5] (8.75ns)   --->   "%OUT_addr_5_resp = call i1 @_ssdm_op_WriteResp.m_axi.i16P(i16* %OUT_addr_5)" [Flight_Main/flightMain.cpp:117]   --->   Operation 210 'writeresp' 'OUT_addr_5_resp' <Predicate = (!tmp_4 & p_3 != 0 & p_3 != 1)> <Delay = 8.75> <Core = "m_axi">   --->   Core 9 'm_axi' <Latency = 6> <II = 1> <Delay = 1.00> <Adapter> <Opcode : 'read' 'write' 'readreq' 'writereq' 'writeresp'>
ST_22 : Operation 211 [1/1] (0.00ns)   --->   "br label %.loopexit145" [Flight_Main/flightMain.cpp:119]   --->   Operation 211 'br' <Predicate = (!tmp_4 & p_3 != 0 & p_3 != 1)> <Delay = 0.00>
ST_22 : Operation 212 [1/1] (0.00ns)   --->   "br label %1" [Flight_Main/flightMain.cpp:121]   --->   Operation 212 'br' <Predicate = (!tmp_4)> <Delay = 0.00>
ST_22 : Operation 213 [1/5] (8.75ns)   --->   "%OUT_addr_2_resp = call i1 @_ssdm_op_WriteResp.m_axi.i16P(i16* %OUT_addr_2)" [Flight_Main/flightMain.cpp:129]   --->   Operation 213 'writeresp' 'OUT_addr_2_resp' <Predicate = (tmp_4)> <Delay = 8.75> <Core = "m_axi">   --->   Core 9 'm_axi' <Latency = 6> <II = 1> <Delay = 1.00> <Adapter> <Opcode : 'read' 'write' 'readreq' 'writereq' 'writeresp'>
ST_22 : Operation 214 [1/1] (0.00ns)   --->   "br label %1"   --->   Operation 214 'br' <Predicate = (tmp_4)> <Delay = 0.00>
ST_22 : Operation 215 [1/1] (0.00ns)   --->   "ret void" [Flight_Main/flightMain.cpp:131]   --->   Operation 215 'ret' <Predicate = true> <Delay = 0.00>


============================================================
+ Verbose Summary: Timing violations
============================================================
Target clock period: 10ns, clock uncertainty: 1.25ns.

 <State 1>: 2.32ns
The critical path consists of the following:
	'getelementptr' operation ('rcCmdIn_V_addr_1', Flight_Main/flightMain.cpp:33) [16]  (0 ns)
	'load' operation ('__Val2__', Flight_Main/flightMain.cpp:33) on array 'rcCmdIn_V' [17]  (2.32 ns)

 <State 2>: 5.52ns
The critical path consists of the following:
	'load' operation ('__Val2__', Flight_Main/flightMain.cpp:33) on array 'rcCmdIn_V' [17]  (2.32 ns)
	'icmp' operation ('tmp_2', Flight_Main/flightMain.cpp:33) [21]  (2.21 ns)
	'select' operation ('p_s', Flight_Main/flightMain.cpp:33) [23]  (0 ns)
	'select' operation ('p_2', Flight_Main/flightMain.cpp:33) [24]  (0 ns)
	'icmp' operation ('tmp_4', Flight_Main/flightMain.cpp:33) [25]  (0.993 ns)

 <State 3>: 6.65ns
The critical path consists of the following:
	'load' operation ('__Val2__', Flight_Main/flightMain.cpp:35) on array 'rcCmdIn_V' [27]  (2.32 ns)
	'icmp' operation ('tmp_8', Flight_Main/flightMain.cpp:35) [31]  (2.21 ns)
	'select' operation ('p_1', Flight_Main/flightMain.cpp:35) [33]  (0 ns)
	'select' operation ('p_3', Flight_Main/flightMain.cpp:35) [34]  (0.993 ns)

 <State 4>: 8.75ns
The critical path consists of the following:
	bus request on port 'OUT_r' (Flight_Main/flightMain.cpp:49) [87]  (8.75 ns)

 <State 5>: 8.75ns
The critical path consists of the following:
	bus write on port 'OUT_r' (Flight_Main/flightMain.cpp:49) [88]  (8.75 ns)

 <State 6>: 8.75ns
The critical path consists of the following:
	bus write on port 'OUT_r' (Flight_Main/flightMain.cpp:49) [91]  (8.75 ns)

 <State 7>: 8.75ns
The critical path consists of the following:
	bus write on port 'OUT_r' (Flight_Main/flightMain.cpp:49) [94]  (8.75 ns)

 <State 8>: 8.75ns
The critical path consists of the following:
	bus write on port 'OUT_r' (Flight_Main/flightMain.cpp:49) [97]  (8.75 ns)

 <State 9>: 8.75ns
The critical path consists of the following:
	bus request on port 'OUT_r' (Flight_Main/flightMain.cpp:72) [51]  (8.75 ns)

 <State 10>: 8.75ns
The critical path consists of the following:
	bus write on port 'OUT_r' (Flight_Main/flightMain.cpp:72) [52]  (8.75 ns)

 <State 11>: 8.75ns
The critical path consists of the following:
	bus write on port 'OUT_r' (Flight_Main/flightMain.cpp:72) [74]  (8.75 ns)

 <State 12>: 8.75ns
The critical path consists of the following:
	bus write on port 'OUT_r' (Flight_Main/flightMain.cpp:72) [75]  (8.75 ns)

 <State 13>: 8.75ns
The critical path consists of the following:
	'getelementptr' operation ('OUT_addr_7') [58]  (0 ns)
	bus request on port 'OUT_r' (Flight_Main/flightMain.cpp:63) [59]  (8.75 ns)

 <State 14>: 8.75ns
The critical path consists of the following:
	'getelementptr' operation ('OUT_addr_8') [62]  (0 ns)
	bus request on port 'OUT_r' (Flight_Main/flightMain.cpp:64) [63]  (8.75 ns)

 <State 15>: 8.75ns
The critical path consists of the following:
	bus access on port 'OUT_r' (Flight_Main/flightMain.cpp:72) [53]  (8.75 ns)

 <State 16>: 8.75ns
The critical path consists of the following:
	bus access on port 'OUT_r' (Flight_Main/flightMain.cpp:72) [53]  (8.75 ns)

 <State 17>: 8.75ns
The critical path consists of the following:
	bus access on port 'OUT_r' (Flight_Main/flightMain.cpp:72) [53]  (8.75 ns)

 <State 18>: 8.75ns
The critical path consists of the following:
	bus access on port 'OUT_r' (Flight_Main/flightMain.cpp:72) [53]  (8.75 ns)

 <State 19>: 8.75ns
The critical path consists of the following:
	bus access on port 'OUT_r' (Flight_Main/flightMain.cpp:72) [53]  (8.75 ns)

 <State 20>: 8.75ns
The critical path consists of the following:
	bus access on port 'OUT_r' (Flight_Main/flightMain.cpp:63) [61]  (8.75 ns)

 <State 21>: 8.75ns
The critical path consists of the following:
	bus access on port 'OUT_r' (Flight_Main/flightMain.cpp:64) [65]  (8.75 ns)

 <State 22>: 8.75ns
The critical path consists of the following:
	bus access on port 'OUT_r' (Flight_Main/flightMain.cpp:65) [69]  (8.75 ns)


============================================================
+ Verbose Summary: Binding
============================================================
N/A
* FSMD analyzer results:
  - Output states:
 - Input state : 
  - Chain level:
	State 1
	State 2
	State 3
	State 4
	State 5
	State 6
	State 7
	State 8
	State 9
	State 10
	State 11
	State 12
	State 13
	State 14
	State 15
	State 16
	State 17
	State 18
	State 19
	State 20
	State 21
	State 22


============================================================
+ Verbose Summary: Datapath Resource usage 
============================================================
N/A
