==============================================================
File generated by Vivado(TM) HLS - High-Level Synthesis from C, C++ and SystemC
Version: 2018.2
Copyright (C) 1986-2018 Xilinx, Inc. All Rights Reserved.

==============================================================

INFO: [SYN 201-201] Setting up clock 'default' with a period of 10ns.
INFO: [HLS 200-10] Setting target device to 'xc7z020clg400-1'
INFO: [SIM 211-2] *************** CSIM start ***************
INFO: [SIM 211-4] CSIM will launch GCC as the compiler.
INFO: [SIM 211-1] CSim done with 0 errors.
INFO: [SIM 211-3] *************** CSIM finish ***************
==============================================================
File generated by Vivado(TM) HLS - High-Level Synthesis from C, C++ and SystemC
Version: 2018.2
Copyright (C) 1986-2018 Xilinx, Inc. All Rights Reserved.

==============================================================

INFO: [SYN 201-201] Setting up clock 'default' with a period of 10ns.
INFO: [HLS 200-10] Setting target device to 'xc7z020clg400-1'
INFO: [SYN 201-201] Setting up clock 'default' with a period of 10ns.
INFO: [HLS 200-10] Analyzing design file 'POSITION_CTRL/positionCtrl.cpp' ... 
INFO: [HLS 200-111] Finished Linking Time (s): cpu = 00:00:01 ; elapsed = 00:00:33 . Memory (MB): peak = 111.648 ; gain = 45.711
INFO: [HLS 200-111] Finished Checking Pragmas Time (s): cpu = 00:00:01 ; elapsed = 00:00:33 . Memory (MB): peak = 111.648 ; gain = 45.711
INFO: [HLS 200-10] Starting code transformations ...
INFO: [HLS 200-111] Finished Standard Transforms Time (s): cpu = 00:00:01 ; elapsed = 00:00:34 . Memory (MB): peak = 115.563 ; gain = 49.625
INFO: [HLS 200-10] Checking synthesizability ...
WARNING: [SYNCHK 200-77] The top function 'positionCtrl' (POSITION_CTRL/positionCtrl.cpp:12) has no outputs. Possible cause(s) are: (1) Output parameters are passed by value; (2) intended outputs (parameters or global variables) are never written; (3) there are infinite loops.
INFO: [SYNCHK 200-10] 0 error(s), 1 warning(s).
INFO: [HLS 200-111] Finished Checking Synthesizability Time (s): cpu = 00:00:02 ; elapsed = 00:00:35 . Memory (MB): peak = 118.211 ; gain = 52.273
INFO: [HLS 200-111] Finished Pre-synthesis Time (s): cpu = 00:00:02 ; elapsed = 00:00:35 . Memory (MB): peak = 141.574 ; gain = 75.637
WARNING: [XFORM 203-803] Cannot bundle argument 'pos_data' to m_axi port 'CTRL' since its offset mode is off.
INFO: [HLS 200-111] Finished Architecture Synthesis Time (s): cpu = 00:00:02 ; elapsed = 00:00:35 . Memory (MB): peak = 141.953 ; gain = 76.016
INFO: [HLS 200-10] Starting hardware synthesis ...
INFO: [HLS 200-10] Synthesizing 'positionCtrl' ...
INFO: [HLS 200-10] ----------------------------------------------------------------
INFO: [HLS 200-42] -- Implementing module 'positionCtrl' 
INFO: [HLS 200-10] ----------------------------------------------------------------
INFO: [SCHED 204-11] Starting scheduling ...
INFO: [SCHED 204-11] Finished scheduling.
INFO: [HLS 200-111]  Elapsed time: 35.178 seconds; current allocated memory: 82.961 MB.
INFO: [BIND 205-100] Starting micro-architecture generation ...
INFO: [BIND 205-101] Performing variable lifetime analysis.
INFO: [BIND 205-101] Exploring resource sharing.
INFO: [BIND 205-101] Binding ...
INFO: [BIND 205-100] Finished micro-architecture generation.
INFO: [HLS 200-111]  Elapsed time: 0.085 seconds; current allocated memory: 83.016 MB.
INFO: [HLS 200-10] ----------------------------------------------------------------
INFO: [HLS 200-10] -- Generating RTL for module 'positionCtrl' 
INFO: [HLS 200-10] ----------------------------------------------------------------
INFO: [RTGEN 206-500] Setting interface mode on port 'positionCtrl/pmod_data' to 's_axilite & ap_memory'.
INFO: [RTGEN 206-500] Setting interface mode on port 'positionCtrl/CTRL' to 'm_axi'.
INFO: [RTGEN 206-500] Setting interface mode on function 'positionCtrl' to 's_axilite & ap_ctrl_hs'.
INFO: [RTGEN 206-100] Bundling port 'return' to AXI-Lite port CTRL.
WARNING: [RTGEN 206-101] Port 'positionCtrl/m_axi_CTRL_AWVALID' has no fanin or fanout and is left dangling.
               Please use C simulation to confirm this function argument can be read from or written to.
WARNING: [RTGEN 206-101] Setting dangling out port 'positionCtrl/m_axi_CTRL_AWVALID' to 0.
WARNING: [RTGEN 206-101] Port 'positionCtrl/m_axi_CTRL_AWREADY' has no fanin or fanout and is left dangling.
               Please use C simulation to confirm this function argument can be read from or written to.
WARNING: [RTGEN 206-101] Port 'positionCtrl/m_axi_CTRL_AWADDR' has no fanin or fanout and is left dangling.
               Please use C simulation to confirm this function argument can be read from or written to.
WARNING: [RTGEN 206-101] Setting dangling out port 'positionCtrl/m_axi_CTRL_AWADDR' to 0.
WARNING: [RTGEN 206-101] Port 'positionCtrl/m_axi_CTRL_AWID' has no fanin or fanout and is left dangling.
               Please use C simulation to confirm this function argument can be read from or written to.
WARNING: [RTGEN 206-101] Setting dangling out port 'positionCtrl/m_axi_CTRL_AWID' to 0.
WARNING: [RTGEN 206-101] Port 'positionCtrl/m_axi_CTRL_AWLEN' has no fanin or fanout and is left dangling.
               Please use C simulation to confirm this function argument can be read from or written to.
WARNING: [RTGEN 206-101] Setting dangling out port 'positionCtrl/m_axi_CTRL_AWLEN' to 0.
WARNING: [RTGEN 206-101] Port 'positionCtrl/m_axi_CTRL_AWSIZE' has no fanin or fanout and is left dangling.
               Please use C simulation to confirm this function argument can be read from or written to.
WARNING: [RTGEN 206-101] Setting dangling out port 'positionCtrl/m_axi_CTRL_AWSIZE' to 0.
WARNING: [RTGEN 206-101] Port 'positionCtrl/m_axi_CTRL_AWBURST' has no fanin or fanout and is left dangling.
               Please use C simulation to confirm this function argument can be read from or written to.
WARNING: [RTGEN 206-101] Setting dangling out port 'positionCtrl/m_axi_CTRL_AWBURST' to 0.
WARNING: [RTGEN 206-101] Port 'positionCtrl/m_axi_CTRL_AWLOCK' has no fanin or fanout and is left dangling.
               Please use C simulation to confirm this function argument can be read from or written to.
WARNING: [RTGEN 206-101] Setting dangling out port 'positionCtrl/m_axi_CTRL_AWLOCK' to 0.
WARNING: [RTGEN 206-101] Port 'positionCtrl/m_axi_CTRL_AWCACHE' has no fanin or fanout and is left dangling.
               Please use C simulation to confirm this function argument can be read from or written to.
WARNING: [RTGEN 206-101] Setting dangling out port 'positionCtrl/m_axi_CTRL_AWCACHE' to 0.
WARNING: [RTGEN 206-101] Port 'positionCtrl/m_axi_CTRL_AWPROT' has no fanin or fanout and is left dangling.
               Please use C simulation to confirm this function argument can be read from or written to.
WARNING: [RTGEN 206-101] Setting dangling out port 'positionCtrl/m_axi_CTRL_AWPROT' to 0.
WARNING: [RTGEN 206-101] Port 'positionCtrl/m_axi_CTRL_AWQOS' has no fanin or fanout and is left dangling.
               Please use C simulation to confirm this function argument can be read from or written to.
WARNING: [RTGEN 206-101] Setting dangling out port 'positionCtrl/m_axi_CTRL_AWQOS' to 0.
WARNING: [RTGEN 206-101] Port 'positionCtrl/m_axi_CTRL_AWREGION' has no fanin or fanout and is left dangling.
               Please use C simulation to confirm this function argument can be read from or written to.
WARNING: [RTGEN 206-101] Setting dangling out port 'positionCtrl/m_axi_CTRL_AWREGION' to 0.
WARNING: [RTGEN 206-101] Port 'positionCtrl/m_axi_CTRL_AWUSER' has no fanin or fanout and is left dangling.
               Please use C simulation to confirm this function argument can be read from or written to.
WARNING: [RTGEN 206-101] Setting dangling out port 'positionCtrl/m_axi_CTRL_AWUSER' to 0.
WARNING: [RTGEN 206-101] Port 'positionCtrl/m_axi_CTRL_WVALID' has no fanin or fanout and is left dangling.
               Please use C simulation to confirm this function argument can be read from or written to.
WARNING: [RTGEN 206-101] Setting dangling out port 'positionCtrl/m_axi_CTRL_WVALID' to 0.
WARNING: [RTGEN 206-101] Port 'positionCtrl/m_axi_CTRL_WREADY' has no fanin or fanout and is left dangling.
               Please use C simulation to confirm this function argument can be read from or written to.
WARNING: [RTGEN 206-101] Port 'positionCtrl/m_axi_CTRL_WDATA' has no fanin or fanout and is left dangling.
               Please use C simulation to confirm this function argument can be read from or written to.
WARNING: [RTGEN 206-101] Setting dangling out port 'positionCtrl/m_axi_CTRL_WDATA' to 0.
WARNING: [RTGEN 206-101] Port 'positionCtrl/m_axi_CTRL_WSTRB' has no fanin or fanout and is left dangling.
               Please use C simulation to confirm this function argument can be read from or written to.
WARNING: [RTGEN 206-101] Setting dangling out port 'positionCtrl/m_axi_CTRL_WSTRB' to 0.
WARNING: [RTGEN 206-101] Port 'positionCtrl/m_axi_CTRL_WLAST' has no fanin or fanout and is left dangling.
               Please use C simulation to confirm this function argument can be read from or written to.
WARNING: [RTGEN 206-101] Setting dangling out port 'positionCtrl/m_axi_CTRL_WLAST' to 0.
WARNING: [RTGEN 206-101] Port 'positionCtrl/m_axi_CTRL_WID' has no fanin or fanout and is left dangling.
               Please use C simulation to confirm this function argument can be read from or written to.
WARNING: [RTGEN 206-101] Setting dangling out port 'positionCtrl/m_axi_CTRL_WID' to 0.
WARNING: [RTGEN 206-101] Port 'positionCtrl/m_axi_CTRL_WUSER' has no fanin or fanout and is left dangling.
               Please use C simulation to confirm this function argument can be read from or written to.
WARNING: [RTGEN 206-101] Setting dangling out port 'positionCtrl/m_axi_CTRL_WUSER' to 0.
WARNING: [RTGEN 206-101] Port 'positionCtrl/m_axi_CTRL_ARVALID' has no fanin or fanout and is left dangling.
               Please use C simulation to confirm this function argument can be read from or written to.
WARNING: [RTGEN 206-101] Setting dangling out port 'positionCtrl/m_axi_CTRL_ARVALID' to 0.
WARNING: [RTGEN 206-101] Port 'positionCtrl/m_axi_CTRL_ARREADY' has no fanin or fanout and is left dangling.
               Please use C simulation to confirm this function argument can be read from or written to.
WARNING: [RTGEN 206-101] Port 'positionCtrl/m_axi_CTRL_ARADDR' has no fanin or fanout and is left dangling.
               Please use C simulation to confirm this function argument can be read from or written to.
WARNING: [RTGEN 206-101] Setting dangling out port 'positionCtrl/m_axi_CTRL_ARADDR' to 0.
WARNING: [RTGEN 206-101] Port 'positionCtrl/m_axi_CTRL_ARID' has no fanin or fanout and is left dangling.
               Please use C simulation to confirm this function argument can be read from or written to.
WARNING: [RTGEN 206-101] Setting dangling out port 'positionCtrl/m_axi_CTRL_ARID' to 0.
WARNING: [RTGEN 206-101] Port 'positionCtrl/m_axi_CTRL_ARLEN' has no fanin or fanout and is left dangling.
               Please use C simulation to confirm this function argument can be read from or written to.
WARNING: [RTGEN 206-101] Setting dangling out port 'positionCtrl/m_axi_CTRL_ARLEN' to 0.
WARNING: [RTGEN 206-101] Port 'positionCtrl/m_axi_CTRL_ARSIZE' has no fanin or fanout and is left dangling.
               Please use C simulation to confirm this function argument can be read from or written to.
WARNING: [RTGEN 206-101] Setting dangling out port 'positionCtrl/m_axi_CTRL_ARSIZE' to 0.
WARNING: [RTGEN 206-101] Port 'positionCtrl/m_axi_CTRL_ARBURST' has no fanin or fanout and is left dangling.
               Please use C simulation to confirm this function argument can be read from or written to.
WARNING: [RTGEN 206-101] Setting dangling out port 'positionCtrl/m_axi_CTRL_ARBURST' to 0.
WARNING: [RTGEN 206-101] Port 'positionCtrl/m_axi_CTRL_ARLOCK' has no fanin or fanout and is left dangling.
               Please use C simulation to confirm this function argument can be read from or written to.
WARNING: [RTGEN 206-101] Setting dangling out port 'positionCtrl/m_axi_CTRL_ARLOCK' to 0.
WARNING: [RTGEN 206-101] Port 'positionCtrl/m_axi_CTRL_ARCACHE' has no fanin or fanout and is left dangling.
               Please use C simulation to confirm this function argument can be read from or written to.
WARNING: [RTGEN 206-101] Setting dangling out port 'positionCtrl/m_axi_CTRL_ARCACHE' to 0.
WARNING: [RTGEN 206-101] Port 'positionCtrl/m_axi_CTRL_ARPROT' has no fanin or fanout and is left dangling.
               Please use C simulation to confirm this function argument can be read from or written to.
WARNING: [RTGEN 206-101] Setting dangling out port 'positionCtrl/m_axi_CTRL_ARPROT' to 0.
WARNING: [RTGEN 206-101] Port 'positionCtrl/m_axi_CTRL_ARQOS' has no fanin or fanout and is left dangling.
               Please use C simulation to confirm this function argument can be read from or written to.
WARNING: [RTGEN 206-101] Setting dangling out port 'positionCtrl/m_axi_CTRL_ARQOS' to 0.
WARNING: [RTGEN 206-101] Port 'positionCtrl/m_axi_CTRL_ARREGION' has no fanin or fanout and is left dangling.
               Please use C simulation to confirm this function argument can be read from or written to.
WARNING: [RTGEN 206-101] Setting dangling out port 'positionCtrl/m_axi_CTRL_ARREGION' to 0.
WARNING: [RTGEN 206-101] Port 'positionCtrl/m_axi_CTRL_ARUSER' has no fanin or fanout and is left dangling.
               Please use C simulation to confirm this function argument can be read from or written to.
WARNING: [RTGEN 206-101] Setting dangling out port 'positionCtrl/m_axi_CTRL_ARUSER' to 0.
WARNING: [RTGEN 206-101] Port 'positionCtrl/m_axi_CTRL_RVALID' has no fanin or fanout and is left dangling.
               Please use C simulation to confirm this function argument can be read from or written to.
WARNING: [RTGEN 206-101] Port 'positionCtrl/m_axi_CTRL_RREADY' has no fanin or fanout and is left dangling.
               Please use C simulation to confirm this function argument can be read from or written to.
WARNING: [RTGEN 206-101] Setting dangling out port 'positionCtrl/m_axi_CTRL_RREADY' to 0.
WARNING: [RTGEN 206-101] Port 'positionCtrl/m_axi_CTRL_RDATA' has no fanin or fanout and is left dangling.
               Please use C simulation to confirm this function argument can be read from or written to.
WARNING: [RTGEN 206-101] Port 'positionCtrl/m_axi_CTRL_RLAST' has no fanin or fanout and is left dangling.
               Please use C simulation to confirm this function argument can be read from or written to.
WARNING: [RTGEN 206-101] Port 'positionCtrl/m_axi_CTRL_RID' has no fanin or fanout and is left dangling.
               Please use C simulation to confirm this function argument can be read from or written to.
WARNING: [RTGEN 206-101] Port 'positionCtrl/m_axi_CTRL_RUSER' has no fanin or fanout and is left dangling.
               Please use C simulation to confirm this function argument can be read from or written to.
WARNING: [RTGEN 206-101] Port 'positionCtrl/m_axi_CTRL_RRESP' has no fanin or fanout and is left dangling.
               Please use C simulation to confirm this function argument can be read from or written to.
WARNING: [RTGEN 206-101] Port 'positionCtrl/m_axi_CTRL_BVALID' has no fanin or fanout and is left dangling.
               Please use C simulation to confirm this function argument can be read from or written to.
WARNING: [RTGEN 206-101] Port 'positionCtrl/m_axi_CTRL_BREADY' has no fanin or fanout and is left dangling.
               Please use C simulation to confirm this function argument can be read from or written to.
WARNING: [RTGEN 206-101] Setting dangling out port 'positionCtrl/m_axi_CTRL_BREADY' to 0.
WARNING: [RTGEN 206-101] Port 'positionCtrl/m_axi_CTRL_BRESP' has no fanin or fanout and is left dangling.
               Please use C simulation to confirm this function argument can be read from or written to.
WARNING: [RTGEN 206-101] Port 'positionCtrl/m_axi_CTRL_BID' has no fanin or fanout and is left dangling.
               Please use C simulation to confirm this function argument can be read from or written to.
WARNING: [RTGEN 206-101] Port 'positionCtrl/m_axi_CTRL_BUSER' has no fanin or fanout and is left dangling.
               Please use C simulation to confirm this function argument can be read from or written to.
INFO: [RTGEN 206-100] Finished creating RTL model for 'positionCtrl'.
INFO: [HLS 200-111]  Elapsed time: 0.302 seconds; current allocated memory: 83.324 MB.
INFO: [HLS 200-111] Finished generating all RTL models Time (s): cpu = 00:00:03 ; elapsed = 00:00:38 . Memory (MB): peak = 141.953 ; gain = 76.016
INFO: [SYSC 207-301] Generating SystemC RTL for positionCtrl.
INFO: [VHDL 208-304] Generating VHDL RTL for positionCtrl.
INFO: [VLOG 209-307] Generating Verilog RTL for positionCtrl.
INFO: [HLS 200-112] Total elapsed time: 37.991 seconds; peak allocated memory: 83.324 MB.
==============================================================
File generated by Vivado(TM) HLS - High-Level Synthesis from C, C++ and SystemC
Version: 2018.2
Copyright (C) 1986-2018 Xilinx, Inc. All Rights Reserved.

==============================================================

INFO: [SYN 201-201] Setting up clock 'default' with a period of 10ns.
INFO: [HLS 200-10] Setting target device to 'xc7z020clg400-1'
INFO: [IMPL 213-8] Exporting RTL as a Vivado IP.
