

================================================================
== Vivado HLS Report for 'positionCtrl'
================================================================
* Date:           Thu May 16 22:11:45 2019

* Version:        2018.2 (Build 2258646 on Thu Jun 14 20:25:20 MDT 2018)
* Project:        POSITION_CTRL
* Solution:       solution1
* Product family: zynq
* Target device:  xc7z020clg400-1


================================================================
== Performance Estimates
================================================================
+ Timing (ns): 
    * Summary: 
    +--------+-------+----------+------------+
    |  Clock | Target| Estimated| Uncertainty|
    +--------+-------+----------+------------+
    |ap_clk  |  10.00|     0.000|        1.25|
    +--------+-------+----------+------------+

+ Latency (clock cycles): 
    * Summary: 
    +-----+-----+-----+-----+---------+
    |  Latency  |  Interval | Pipeline|
    | min | max | min | max |   Type  |
    +-----+-----+-----+-----+---------+
    |    0|    0|    0|    0|   none  |
    +-----+-----+-----+-----+---------+

    + Detail: 
        * Instance: 
        N/A

        * Loop: 
        N/A



================================================================
== Utilization Estimates
================================================================
* Summary: 
+-----------------+---------+-------+--------+-------+
|       Name      | BRAM_18K| DSP48E|   FF   |  LUT  |
+-----------------+---------+-------+--------+-------+
|DSP              |        -|      -|       -|      -|
|Expression       |        -|      -|       -|      -|
|FIFO             |        -|      -|       -|      -|
|Instance         |        4|      -|     116|    110|
|Memory           |        -|      -|       -|      -|
|Multiplexer      |        -|      -|       -|      -|
|Register         |        -|      -|       1|      -|
+-----------------+---------+-------+--------+-------+
|Total            |        4|      0|     117|    110|
+-----------------+---------+-------+--------+-------+
|Available        |      280|    220|  106400|  53200|
+-----------------+---------+-------+--------+-------+
|Utilization (%)  |        1|      0|   ~0   |   ~0  |
+-----------------+---------+-------+--------+-------+

+ Detail: 
    * Instance: 
    +---------------------------+-------------------------+---------+-------+-----+-----+
    |          Instance         |          Module         | BRAM_18K| DSP48E|  FF | LUT |
    +---------------------------+-------------------------+---------+-------+-----+-----+
    |positionCtrl_CTRL_s_axi_U  |positionCtrl_CTRL_s_axi  |        4|      0|  116|  110|
    +---------------------------+-------------------------+---------+-------+-----+-----+
    |Total                      |                         |        4|      0|  116|  110|
    +---------------------------+-------------------------+---------+-------+-----+-----+

    * DSP48: 
    N/A

    * Memory: 
    N/A

    * FIFO: 
    N/A

    * Expression: 
    N/A

    * Multiplexer: 
    N/A

    * Register: 
    +-----------+---+----+-----+-----------+
    |    Name   | FF| LUT| Bits| Const Bits|
    +-----------+---+----+-----+-----------+
    |ap_CS_fsm  |  1|   0|    1|          0|
    +-----------+---+----+-----+-----------+
    |Total      |  1|   0|    1|          0|
    +-----------+---+----+-----+-----------+



================================================================
== Interface
================================================================
* Summary: 
+---------------------+-----+-----+------------+--------------+--------------+
|      RTL Ports      | Dir | Bits|  Protocol  | Source Object|    C Type    |
+---------------------+-----+-----+------------+--------------+--------------+
|s_axi_CTRL_AWVALID   |  in |    1|    s_axi   |     CTRL     |     array    |
|s_axi_CTRL_AWREADY   | out |    1|    s_axi   |     CTRL     |     array    |
|s_axi_CTRL_AWADDR    |  in |   14|    s_axi   |     CTRL     |     array    |
|s_axi_CTRL_WVALID    |  in |    1|    s_axi   |     CTRL     |     array    |
|s_axi_CTRL_WREADY    | out |    1|    s_axi   |     CTRL     |     array    |
|s_axi_CTRL_WDATA     |  in |   32|    s_axi   |     CTRL     |     array    |
|s_axi_CTRL_WSTRB     |  in |    4|    s_axi   |     CTRL     |     array    |
|s_axi_CTRL_ARVALID   |  in |    1|    s_axi   |     CTRL     |     array    |
|s_axi_CTRL_ARREADY   | out |    1|    s_axi   |     CTRL     |     array    |
|s_axi_CTRL_ARADDR    |  in |   14|    s_axi   |     CTRL     |     array    |
|s_axi_CTRL_RVALID    | out |    1|    s_axi   |     CTRL     |     array    |
|s_axi_CTRL_RREADY    |  in |    1|    s_axi   |     CTRL     |     array    |
|s_axi_CTRL_RDATA     | out |   32|    s_axi   |     CTRL     |     array    |
|s_axi_CTRL_RRESP     | out |    2|    s_axi   |     CTRL     |     array    |
|s_axi_CTRL_BVALID    | out |    1|    s_axi   |     CTRL     |     array    |
|s_axi_CTRL_BREADY    |  in |    1|    s_axi   |     CTRL     |     array    |
|s_axi_CTRL_BRESP     | out |    2|    s_axi   |     CTRL     |     array    |
|ap_clk               |  in |    1| ap_ctrl_hs | positionCtrl | return value |
|ap_rst_n             |  in |    1| ap_ctrl_hs | positionCtrl | return value |
|interrupt            | out |    1| ap_ctrl_hs | positionCtrl | return value |
|m_axi_CTRL_AWVALID   | out |    1|    m_axi   |     CTRL     |    pointer   |
|m_axi_CTRL_AWREADY   |  in |    1|    m_axi   |     CTRL     |    pointer   |
|m_axi_CTRL_AWADDR    | out |   32|    m_axi   |     CTRL     |    pointer   |
|m_axi_CTRL_AWID      | out |    1|    m_axi   |     CTRL     |    pointer   |
|m_axi_CTRL_AWLEN     | out |    8|    m_axi   |     CTRL     |    pointer   |
|m_axi_CTRL_AWSIZE    | out |    3|    m_axi   |     CTRL     |    pointer   |
|m_axi_CTRL_AWBURST   | out |    2|    m_axi   |     CTRL     |    pointer   |
|m_axi_CTRL_AWLOCK    | out |    2|    m_axi   |     CTRL     |    pointer   |
|m_axi_CTRL_AWCACHE   | out |    4|    m_axi   |     CTRL     |    pointer   |
|m_axi_CTRL_AWPROT    | out |    3|    m_axi   |     CTRL     |    pointer   |
|m_axi_CTRL_AWQOS     | out |    4|    m_axi   |     CTRL     |    pointer   |
|m_axi_CTRL_AWREGION  | out |    4|    m_axi   |     CTRL     |    pointer   |
|m_axi_CTRL_AWUSER    | out |    1|    m_axi   |     CTRL     |    pointer   |
|m_axi_CTRL_WVALID    | out |    1|    m_axi   |     CTRL     |    pointer   |
|m_axi_CTRL_WREADY    |  in |    1|    m_axi   |     CTRL     |    pointer   |
|m_axi_CTRL_WDATA     | out |   32|    m_axi   |     CTRL     |    pointer   |
|m_axi_CTRL_WSTRB     | out |    4|    m_axi   |     CTRL     |    pointer   |
|m_axi_CTRL_WLAST     | out |    1|    m_axi   |     CTRL     |    pointer   |
|m_axi_CTRL_WID       | out |    1|    m_axi   |     CTRL     |    pointer   |
|m_axi_CTRL_WUSER     | out |    1|    m_axi   |     CTRL     |    pointer   |
|m_axi_CTRL_ARVALID   | out |    1|    m_axi   |     CTRL     |    pointer   |
|m_axi_CTRL_ARREADY   |  in |    1|    m_axi   |     CTRL     |    pointer   |
|m_axi_CTRL_ARADDR    | out |   32|    m_axi   |     CTRL     |    pointer   |
|m_axi_CTRL_ARID      | out |    1|    m_axi   |     CTRL     |    pointer   |
|m_axi_CTRL_ARLEN     | out |    8|    m_axi   |     CTRL     |    pointer   |
|m_axi_CTRL_ARSIZE    | out |    3|    m_axi   |     CTRL     |    pointer   |
|m_axi_CTRL_ARBURST   | out |    2|    m_axi   |     CTRL     |    pointer   |
|m_axi_CTRL_ARLOCK    | out |    2|    m_axi   |     CTRL     |    pointer   |
|m_axi_CTRL_ARCACHE   | out |    4|    m_axi   |     CTRL     |    pointer   |
|m_axi_CTRL_ARPROT    | out |    3|    m_axi   |     CTRL     |    pointer   |
|m_axi_CTRL_ARQOS     | out |    4|    m_axi   |     CTRL     |    pointer   |
|m_axi_CTRL_ARREGION  | out |    4|    m_axi   |     CTRL     |    pointer   |
|m_axi_CTRL_ARUSER    | out |    1|    m_axi   |     CTRL     |    pointer   |
|m_axi_CTRL_RVALID    |  in |    1|    m_axi   |     CTRL     |    pointer   |
|m_axi_CTRL_RREADY    | out |    1|    m_axi   |     CTRL     |    pointer   |
|m_axi_CTRL_RDATA     |  in |   32|    m_axi   |     CTRL     |    pointer   |
|m_axi_CTRL_RLAST     |  in |    1|    m_axi   |     CTRL     |    pointer   |
|m_axi_CTRL_RID       |  in |    1|    m_axi   |     CTRL     |    pointer   |
|m_axi_CTRL_RUSER     |  in |    1|    m_axi   |     CTRL     |    pointer   |
|m_axi_CTRL_RRESP     |  in |    2|    m_axi   |     CTRL     |    pointer   |
|m_axi_CTRL_BVALID    |  in |    1|    m_axi   |     CTRL     |    pointer   |
|m_axi_CTRL_BREADY    | out |    1|    m_axi   |     CTRL     |    pointer   |
|m_axi_CTRL_BRESP     |  in |    2|    m_axi   |     CTRL     |    pointer   |
|m_axi_CTRL_BID       |  in |    1|    m_axi   |     CTRL     |    pointer   |
|m_axi_CTRL_BUSER     |  in |    1|    m_axi   |     CTRL     |    pointer   |
+---------------------+-----+-----+------------+--------------+--------------+

============================================================
+ Verbose Summary: Synthesis Manager
============================================================
InlineROM: 1
ExposeGlobal: 0
============================================================
+ Verbose Summary: CDFG Model
============================================================
IsTopModel: 1
ResetActiveHigh: 1
IsCombinational: 2
IsDatapathOnly: 2
HasWiredReturn: 1
HasMFsm: 0
HasVarLatency: 0
IsPipeline: 0
IsRtlPipelined: 0
IsInstanceOverlapped: 0
IsDontTouch: 0
HasImplIP: 0
IsGatedGlobalClock: 0


============================================================
+ Verbose Summary: Schedule
============================================================
* Number of FSM states : 1
* Pipeline : 0
* Dataflow Pipeline: 0

* FSM state transitions: 
1 --> 

* FSM state operations: 

State 1 <SV = 0> <Delay = 0.00>
ST_1 : Operation 2 [1/1] (0.00ns)   --->   "call void (...)* @_ssdm_op_SpecBitsMap([4096 x i16]* %pmod_data) nounwind, !map !14"   --->   Operation 2 'specbitsmap' <Predicate = true> <Delay = 0.00>
ST_1 : Operation 3 [1/1] (0.00ns)   --->   "call void (...)* @_ssdm_op_SpecBitsMap(i16* %CTRL), !map !20"   --->   Operation 3 'specbitsmap' <Predicate = true> <Delay = 0.00>
ST_1 : Operation 4 [1/1] (0.00ns)   --->   "call void (...)* @_ssdm_op_SpecTopModule([13 x i8]* @positionCtrl_str) nounwind"   --->   Operation 4 'spectopmodule' <Predicate = true> <Delay = 0.00>
ST_1 : Operation 5 [1/1] (0.00ns)   --->   "call void (...)* @_ssdm_op_SpecInterface(i32 0, [10 x i8]* @p_str, i32 0, i32 0, [1 x i8]* @p_str1, i32 0, i32 0, [5 x i8]* @p_str2, [1 x i8]* @p_str1, [1 x i8]* @p_str1, i32 0, i32 0, i32 0, i32 0, [1 x i8]* @p_str1, [1 x i8]* @p_str1) nounwind" [POSITION_CTRL/positionCtrl.cpp:14]   --->   Operation 5 'specinterface' <Predicate = true> <Delay = 0.00>
ST_1 : Operation 6 [1/1] (0.00ns)   --->   "%empty = call i32 (...)* @_ssdm_op_SpecMemCore([4096 x i16]* %pmod_data, [1 x i8]* @p_str5, [7 x i8]* @RAM_1P_str, [1 x i8]* @p_str5, i32 -1, [1 x i8]* @p_str5, [1 x i8]* @p_str5, [1 x i8]* @p_str5, [1 x i8]* @p_str5, [1 x i8]* @p_str5)"   --->   Operation 6 'specmemcore' 'empty' <Predicate = true> <Delay = 0.00>
ST_1 : Operation 7 [1/1] (0.00ns)   --->   "call void (...)* @_ssdm_op_SpecInterface([4096 x i16]* %pmod_data, [10 x i8]* @p_str, i32 0, i32 0, [1 x i8]* @p_str1, i32 0, i32 4096, [5 x i8]* @p_str2, [1 x i8]* @p_str1, [1 x i8]* @p_str1, i32 0, i32 0, i32 0, i32 0, [1 x i8]* @p_str1, [1 x i8]* @p_str1) nounwind"   --->   Operation 7 'specinterface' <Predicate = true> <Delay = 0.00>
ST_1 : Operation 8 [1/1] (0.00ns)   --->   "call void (...)* @_ssdm_op_SpecInterface(i16* %CTRL, [6 x i8]* @p_str3, i32 0, i32 0, [1 x i8]* @p_str1, i32 0, i32 6, [5 x i8]* @p_str2, [4 x i8]* @p_str4, [1 x i8]* @p_str1, i32 16, i32 16, i32 16, i32 16, [1 x i8]* @p_str1, [1 x i8]* @p_str1)"   --->   Operation 8 'specinterface' <Predicate = true> <Delay = 0.00>
ST_1 : Operation 9 [1/1] (0.00ns)   --->   "ret void" [POSITION_CTRL/positionCtrl.cpp:21]   --->   Operation 9 'ret' <Predicate = true> <Delay = 0.00>


============================================================
+ Verbose Summary: Binding
============================================================
STG Binding: 
---------------- STG Properties BEGIN ----------------
- Is combinational: 0
- Is one-state seq: 1
- Is datapath-only: 0
- Is pipelined: 0
- Is top level: 1
Port [ Return ] is wired: 1; IO mode=ap_ctrl_hs:ce=0
Port [ pmod_data]:  wired=1; compound=1; hidden=0; nouse=1; global=0; static=0; extern=0; dir=3; type=1; pingpong=0; private_global=0; MemPort=[]; IO mode=ap_memory:ce=0
Port [ CTRL]:  wired=1; compound=1; hidden=0; nouse=1; global=0; static=0; extern=0; dir=0; type=4; pingpong=0; private_global=0; IO mode=m_axi:ce=0
---------------- STG Properties END ------------------

---------------- Datapath Model BEGIN ----------------

<LifeTime>
<method=bitvector/>
StgValue_2 (specbitsmap  ) [ 00]
StgValue_3 (specbitsmap  ) [ 00]
StgValue_4 (spectopmodule) [ 00]
StgValue_5 (specinterface) [ 00]
empty      (specmemcore  ) [ 00]
StgValue_7 (specinterface) [ 00]
StgValue_8 (specinterface) [ 00]
StgValue_9 (ret          ) [ 00]
</LifeTime>

<model>

<comp_list>
<comp id="0" class="1000" name="pmod_data">
<pin_list>
<pin id="1" dir="1" index="0" bw="1" slack="2147483647"/>
</pin_list>
<bind>
<StgValue><ssdm name="pmod_data"/></StgValue>
</bind>
</comp>

<comp id="2" class="1000" name="CTRL">
<pin_list>
<pin id="3" dir="1" index="0" bw="1" slack="2147483647"/>
</pin_list>
<bind>
<StgValue><ssdm name="CTRL"/></StgValue>
</bind>
</comp>

<comp id="4" class="1001" name="const_4">
<pin_list>
<pin id="5" dir="1" index="0" bw="1" slack="2147483647"/>
</pin_list>
<bind>
<StgValue><ssdm name="_ssdm_op_SpecBitsMap"/></StgValue>
</bind>
</comp>

<comp id="6" class="1001" name="const_6">
<pin_list>
<pin id="7" dir="1" index="0" bw="1" slack="2147483647"/>
</pin_list>
<bind>
<StgValue><ssdm name="_ssdm_op_SpecTopModule"/></StgValue>
</bind>
</comp>

<comp id="8" class="1001" name="const_8">
<pin_list>
<pin id="9" dir="1" index="0" bw="1" slack="2147483647"/>
</pin_list>
<bind>
<StgValue><ssdm name="positionCtrl_str"/></StgValue>
</bind>
</comp>

<comp id="10" class="1001" name="const_10">
<pin_list>
<pin id="11" dir="1" index="0" bw="1" slack="2147483647"/>
</pin_list>
<bind>
<StgValue><ssdm name="_ssdm_op_SpecInterface"/></StgValue>
</bind>
</comp>

<comp id="12" class="1001" name="const_12">
<pin_list>
<pin id="13" dir="1" index="0" bw="1" slack="2147483647"/>
</pin_list>
<bind>
<StgValue><ssdm name=""/></StgValue>
</bind>
</comp>

<comp id="14" class="1001" name="const_14">
<pin_list>
<pin id="15" dir="1" index="0" bw="1" slack="2147483647"/>
</pin_list>
<bind>
<StgValue><ssdm name="p_str"/></StgValue>
</bind>
</comp>

<comp id="16" class="1001" name="const_16">
<pin_list>
<pin id="17" dir="1" index="0" bw="1" slack="2147483647"/>
</pin_list>
<bind>
<StgValue><ssdm name="p_str1"/></StgValue>
</bind>
</comp>

<comp id="18" class="1001" name="const_18">
<pin_list>
<pin id="19" dir="1" index="0" bw="1" slack="2147483647"/>
</pin_list>
<bind>
<StgValue><ssdm name="p_str2"/></StgValue>
</bind>
</comp>

<comp id="20" class="1001" name="const_20">
<pin_list>
<pin id="21" dir="1" index="0" bw="1" slack="2147483647"/>
</pin_list>
<bind>
<StgValue><ssdm name="_ssdm_op_SpecMemCore"/></StgValue>
</bind>
</comp>

<comp id="22" class="1001" name="const_22">
<pin_list>
<pin id="23" dir="1" index="0" bw="1" slack="2147483647"/>
</pin_list>
<bind>
<StgValue><ssdm name="p_str5"/></StgValue>
</bind>
</comp>

<comp id="24" class="1001" name="const_24">
<pin_list>
<pin id="25" dir="1" index="0" bw="1" slack="2147483647"/>
</pin_list>
<bind>
<StgValue><ssdm name="RAM_1P_str"/></StgValue>
</bind>
</comp>

<comp id="26" class="1001" name="const_26">
<pin_list>
<pin id="27" dir="1" index="0" bw="1" slack="2147483647"/>
</pin_list>
<bind>
<StgValue><ssdm name=""/></StgValue>
</bind>
</comp>

<comp id="28" class="1001" name="const_28">
<pin_list>
<pin id="29" dir="1" index="0" bw="1" slack="2147483647"/>
</pin_list>
<bind>
<StgValue><ssdm name=""/></StgValue>
</bind>
</comp>

<comp id="30" class="1001" name="const_30">
<pin_list>
<pin id="31" dir="1" index="0" bw="1" slack="2147483647"/>
</pin_list>
<bind>
<StgValue><ssdm name="p_str3"/></StgValue>
</bind>
</comp>

<comp id="32" class="1001" name="const_32">
<pin_list>
<pin id="33" dir="1" index="0" bw="1" slack="2147483647"/>
</pin_list>
<bind>
<StgValue><ssdm name=""/></StgValue>
</bind>
</comp>

<comp id="34" class="1001" name="const_34">
<pin_list>
<pin id="35" dir="1" index="0" bw="1" slack="2147483647"/>
</pin_list>
<bind>
<StgValue><ssdm name="p_str4"/></StgValue>
</bind>
</comp>

<comp id="36" class="1001" name="const_36">
<pin_list>
<pin id="37" dir="1" index="0" bw="1" slack="2147483647"/>
</pin_list>
<bind>
<StgValue><ssdm name=""/></StgValue>
</bind>
</comp>

</comp_list>

<net_list>
</net_list>

</model> 
---------------- Datapath Model END ------------------

* FSMD analyzer results:
  - Output states:
 - Input state : 
  - Chain level:
	State 1


============================================================
+ Verbose Summary: Datapath Resource usage 
============================================================

* Functional unit list:
|----------|----------------|
| Operation| Functional Unit|
|----------|----------------|
|   Total  |                |
|----------|----------------|

Memories:
N/A

* Register list:
N/A

* Multiplexer (MUX) list: 
|--------|------|------|------|--------|
|  Comp  |  Pin | Size |  BW  | S x BW |
|--------|------|------|------|--------|
|  Total |      |      |      |    0   |
|--------|------|------|------|--------|



* Summary:
+-----------+
|           |
+-----------+
|  Function |
|   Memory  |
|Multiplexer|
|  Register |
+-----------+
|   Total   |
+-----------+
