INFO: [HLS 200-0] Workspace C:/Users/c7benj/Documents/MULTI_ROTOR/Flight_Main/FlightMain/solution1 opened at Thu May 16 22:35:39 -0700 2019
INFO: [HLS 200-100] Execute     config_clock -quiet -name default -period 10 -default=false 
INFO: [SYN 201-201] Setting up clock 'default' with a period of 10ns.
INFO: [HLS 200-100] Command     config_clock returned 0; 0 sec.
INFO: [HLS 200-100] Execute     open_platform DefaultPlatform 
INFO: [HLS 200-100] Command     open_platform returned 0; 0 sec.
INFO: [HLS 200-100] Execute     import_lib E:/sdsoc171/SDx/2017.1/Vivado_HLS/common/technology/xilinx/zynq/zynq 
INFO: [HLS 200-100] Execute       source E:/sdsoc171/SDx/2017.1/Vivado_HLS/common/technology/xilinx/common/xilinx.lib 
INFO: [HLS 200-100] Execute         source E:/sdsoc171/SDx/2017.1/Vivado_HLS/common/technology/xilinx/interface/xilinx_interface.lib 
INFO: [HLS 200-100] Execute           source E:/sdsoc171/SDx/2017.1/Vivado_HLS/common/technology/xilinx/interface/plb46.lib 
INFO: [HLS 200-100] Command           ap_source returned 0; 0 sec.
INFO: [HLS 200-100] Execute           source E:/sdsoc171/SDx/2017.1/Vivado_HLS/common/technology/xilinx/interface/fsl.lib 
INFO: [HLS 200-100] Command           ap_source returned 0; 0 sec.
INFO: [HLS 200-100] Execute           source E:/sdsoc171/SDx/2017.1/Vivado_HLS/common/technology/xilinx/interface/axi4.lib 
INFO: [HLS 200-100] Command           ap_source returned 0; 0.001 sec.
INFO: [HLS 200-100] Execute           source E:/sdsoc171/SDx/2017.1/Vivado_HLS/common/technology/xilinx/interface/maxi.lib 
INFO: [HLS 200-100] Command           ap_source returned 0; 0.001 sec.
INFO: [HLS 200-100] Execute           source E:/sdsoc171/SDx/2017.1/Vivado_HLS/common/technology/xilinx/interface/saxilite.lib 
INFO: [HLS 200-100] Command           ap_source returned 0; 0.001 sec.
INFO: [HLS 200-100] Command         ap_source returned 0; 0.005 sec.
INFO: [HLS 200-100] Execute         source E:/sdsoc171/SDx/2017.1/Vivado_HLS/common/technology/xilinx/common/dsp48.lib 
INFO: [HLS 200-100] Command         ap_source returned 0; 0.001 sec.
INFO: [HLS 200-100] Execute         source E:/sdsoc171/SDx/2017.1/Vivado_HLS/common/technology/xilinx/ip/dds_compiler.lib 
INFO: [HLS 200-100] Command         ap_source returned 0; 0 sec.
INFO: [HLS 200-100] Execute         source E:/sdsoc171/SDx/2017.1/Vivado_HLS/common/technology/xilinx/ip/xfft.lib 
INFO: [HLS 200-100] Command         ap_source returned 0; 0 sec.
INFO: [HLS 200-100] Execute         source E:/sdsoc171/SDx/2017.1/Vivado_HLS/common/technology/xilinx/ip/xfir.lib 
INFO: [HLS 200-100] Command         ap_source returned 0; 0.001 sec.
INFO: [HLS 200-100] Command       ap_source returned 0; 0.014 sec.
INFO: [HLS 200-100] Execute       source E:/sdsoc171/SDx/2017.1/Vivado_HLS/common/technology/xilinx/common/xilinx_old.lib 
INFO: [HLS 200-100] Command       ap_source returned 0; 0.002 sec.
INFO: [HLS 200-100] Execute       source E:/sdsoc171/SDx/2017.1/Vivado_HLS/common/technology/xilinx/common/xilinx_vivado.lib 
INFO: [HLS 200-100] Command       ap_source returned 0; 0.002 sec.
INFO: [HLS 200-100] Execute       source E:/sdsoc171/SDx/2017.1/Vivado_HLS/common/technology/xilinx/common/xilinx.hlp 
INFO: [HLS 200-100] Execute         source E:/sdsoc171/SDx/2017.1/Vivado_HLS/common/technology/xilinx/common/target_info.tcl 
INFO: [HLS 200-100] Command         ap_source returned 0; 0.001 sec.
INFO: [HLS 200-100] Execute         source E:/sdsoc171/SDx/2017.1/Vivado_HLS/common/technology/xilinx/interface/xilinx_interface.hlp 
INFO: [HLS 200-100] Execute           source E:/sdsoc171/SDx/2017.1/Vivado_HLS/common/technology/xilinx/interface/maxi.hlp 
INFO: [HLS 200-100] Command           ap_source returned 0; 0 sec.
INFO: [HLS 200-100] Execute           source E:/sdsoc171/SDx/2017.1/Vivado_HLS/common/technology/xilinx/interface/saxilite.hlp 
INFO: [HLS 200-100] Command           ap_source returned 0; 0.001 sec.
INFO: [HLS 200-100] Command         ap_source returned 0; 0.002 sec.
INFO: [HLS 200-100] Execute         source E:/sdsoc171/SDx/2017.1/Vivado_HLS/common/technology/xilinx/common/dsp48.hlp 
INFO: [HLS 200-100] Command         ap_source returned 0; 0.001 sec.
INFO: [HLS 200-100] Command       ap_source returned 0; 0.008 sec.
INFO: [HLS 200-100] Execute       source E:/sdsoc171/SDx/2017.1/Vivado_HLS/common/technology/xilinx/zynq/dsp48e1.hlp 
INFO: [HLS 200-100] Command       ap_source returned 0; 0 sec.
INFO: [HLS 200-100] Execute       get_default_platform 
INFO: [HLS 200-100] Command       get_default_platform returned 0; 0 sec.
INFO: [HLS 200-100] Execute       config_chip_info -quiet -resource  {SLICE 13300}  {LUT 53200}     {FF 106400} {DSP48E 220}   {BRAM 280}  
INFO: [HLS 200-100] Command       config_chip_info returned 0; 0 sec.
INFO: [HLS 200-100] Execute       config_chip_info -quiet -speed medium 
INFO: [HLS 200-100] Command       config_chip_info returned 0; 0 sec.
INFO: [HLS 200-100] Execute       source E:/sdsoc171/SDx/2017.1/Vivado_HLS/common/technology/xilinx/common/xilinx.hlp 
INFO: [HLS 200-100] Execute         source E:/sdsoc171/SDx/2017.1/Vivado_HLS/common/technology/xilinx/common/target_info.tcl 
INFO: [HLS 200-100] Command         ap_source returned 0; 0.035 sec.
INFO: [HLS 200-100] Execute         source E:/sdsoc171/SDx/2017.1/Vivado_HLS/common/technology/xilinx/interface/xilinx_interface.hlp 
INFO: [HLS 200-100] Execute           source E:/sdsoc171/SDx/2017.1/Vivado_HLS/common/technology/xilinx/interface/maxi.hlp 
INFO: [HLS 200-100] Command           ap_source returned 0; 0 sec.
INFO: [HLS 200-100] Execute           source E:/sdsoc171/SDx/2017.1/Vivado_HLS/common/technology/xilinx/interface/saxilite.hlp 
INFO: [HLS 200-100] Command           ap_source returned 0; 0 sec.
INFO: [HLS 200-100] Command         ap_source returned 0; 0.001 sec.
INFO: [HLS 200-100] Execute         source E:/sdsoc171/SDx/2017.1/Vivado_HLS/common/technology/xilinx/common/dsp48.hlp 
INFO: [HLS 200-100] Command         ap_source returned 0; 0.002 sec.
INFO: [HLS 200-100] Command       ap_source returned 0; 0.042 sec.
INFO: [HLS 200-100] Command     import_lib returned 0; 0.081 sec.
INFO: [HLS 200-100] Execute     source E:/sdsoc171/SDx/2017.1/Vivado_HLS/common/technology/xilinx/zynq/zynq.gen 
INFO: [HLS 200-100] Execute       source E:/sdsoc171/SDx/2017.1/Vivado_HLS/common/technology/xilinx/common/virtex.gen 
INFO: [HLS 200-100] Execute         source E:/sdsoc171/SDx/2017.1/Vivado_HLS/common/technology/xilinx/common/xilinx.gen 
INFO: [HLS 200-100] Execute           source E:/sdsoc171/SDx/2017.1/Vivado_HLS/common/technology/xilinx/interface/plb46.gen 
INFO: [HLS 200-100] Command           ap_source returned 0; 0.003 sec.
INFO: [HLS 200-100] Execute           source E:/sdsoc171/SDx/2017.1/Vivado_HLS/common/technology/xilinx/interface/fsl.gen 
INFO: [HLS 200-100] Command           ap_source returned 0; 0.001 sec.
INFO: [HLS 200-100] Execute           source E:/sdsoc171/SDx/2017.1/Vivado_HLS/common/technology/xilinx/interface/axi4.gen 
INFO: [HLS 200-100] Command           ap_source returned 0; 0.004 sec.
INFO: [HLS 200-100] Execute           source E:/sdsoc171/SDx/2017.1/Vivado_HLS/common/technology/xilinx/interface/nativeAXI4.gen 
INFO: [HLS 200-100] Execute             source E:/sdsoc171/SDx/2017.1/Vivado_HLS/common/technology/xilinx/interface/saxilite.gen 
INFO: [HLS 200-100] Command             ap_source returned 0; 0.01 sec.
INFO: [HLS 200-100] Execute             source E:/sdsoc171/SDx/2017.1/Vivado_HLS/common/technology/xilinx/interface/maxi.gen 
INFO: [HLS 200-100] Command             ap_source returned 0; 0.021 sec.
INFO: [HLS 200-100] Command           ap_source returned 0; 0.032 sec.
INFO: [HLS 200-100] Execute           source E:/sdsoc171/SDx/2017.1/Vivado_HLS/common/technology/xilinx/scripts/xilinxcoregen.gen 
INFO: [HLS 200-100] Command           ap_source returned 0; 0.028 sec.
INFO: [HLS 200-100] Execute           source E:/sdsoc171/SDx/2017.1/Vivado_HLS/common/technology/xilinx/interface/XilEDKCoreGen.gen 
INFO: [HLS 200-100] Command           ap_source returned 0; 0.021 sec.
INFO: [HLS 200-100] Execute           source E:/sdsoc171/SDx/2017.1/Vivado_HLS/common/technology/xilinx/ip/dds_compiler.gen 
INFO: [HLS 200-100] Command           ap_source returned 0; 0.008 sec.
INFO: [HLS 200-100] Execute           source E:/sdsoc171/SDx/2017.1/Vivado_HLS/common/technology/xilinx/ip/util.gen 
INFO: [HLS 200-100] Command           ap_source returned 0; 0 sec.
INFO: [HLS 200-100] Execute           source E:/sdsoc171/SDx/2017.1/Vivado_HLS/common/technology/xilinx/ip/xfft.gen 
INFO: [HLS 200-100] Command           ap_source returned 0; 0.243 sec.
INFO: [HLS 200-100] Execute           source E:/sdsoc171/SDx/2017.1/Vivado_HLS/common/technology/xilinx/ip/xfir.gen 
INFO: [HLS 200-100] Command           ap_source returned 0; 0.002 sec.
INFO: [HLS 200-100] Command         ap_source returned 0; 0.348 sec.
INFO: [HLS 200-100] Execute         source E:/sdsoc171/SDx/2017.1/Vivado_HLS/common/technology/xilinx/common/dsp48.gen 
INFO: [HLS 200-100] Command         ap_source returned 0; 0.001 sec.
INFO: [HLS 200-100] Command       ap_source returned 0; 0.354 sec.
INFO: [HLS 200-100] Command     ap_source returned 0; 0.356 sec.
INFO: [HLS 200-100] Execute     open_platform DefaultPlatform 
INFO: [HLS 200-100] Command     open_platform returned 0; 0 sec.
INFO: [HLS 200-100] Execute     import_lib E:/sdsoc171/SDx/2017.1/Vivado_HLS/common/technology/xilinx/zynq/zynq_fpv6 
INFO: [HLS 200-100] Execute       source E:/sdsoc171/SDx/2017.1/Vivado_HLS/common/technology/xilinx/common/xilinx_fpv7.lib 
INFO: [HLS 200-100] Execute         source E:/sdsoc171/SDx/2017.1/Vivado_HLS/common/technology/xilinx/common/xilinx_hp.lib 
INFO: [HLS 200-100] Command         ap_source returned 0; 0.002 sec.
INFO: [HLS 200-100] Command       ap_source returned 0; 0.009 sec.
INFO: [HLS 200-100] Execute       source E:/sdsoc171/SDx/2017.1/Vivado_HLS/common/technology/xilinx/common/xilinx_fpv.hlp 
INFO: [HLS 200-100] Execute         source E:/sdsoc171/SDx/2017.1/Vivado_HLS/common/technology/xilinx/common/xilinx.hlp 
INFO: [HLS 200-100] Execute           source E:/sdsoc171/SDx/2017.1/Vivado_HLS/common/technology/xilinx/common/target_info.tcl 
INFO: [HLS 200-100] Command           ap_source returned 0; 0.025 sec.
INFO: [HLS 200-100] Execute           source E:/sdsoc171/SDx/2017.1/Vivado_HLS/common/technology/xilinx/interface/xilinx_interface.hlp 
INFO: [HLS 200-100] Execute             source E:/sdsoc171/SDx/2017.1/Vivado_HLS/common/technology/xilinx/interface/maxi.hlp 
INFO: [HLS 200-100] Command             ap_source returned 0; 0 sec.
INFO: [HLS 200-100] Execute             source E:/sdsoc171/SDx/2017.1/Vivado_HLS/common/technology/xilinx/interface/saxilite.hlp 
INFO: [HLS 200-100] Command             ap_source returned 0; 0 sec.
INFO: [HLS 200-100] Command           ap_source returned 0; 0.002 sec.
INFO: [HLS 200-100] Execute           source E:/sdsoc171/SDx/2017.1/Vivado_HLS/common/technology/xilinx/common/dsp48.hlp 
INFO: [HLS 200-100] Command           ap_source returned 0; 0.002 sec.
INFO: [HLS 200-100] Command         ap_source returned 0; 0.035 sec.
INFO: [HLS 200-100] Command       ap_source returned 0; 0.037 sec.
INFO: [HLS 200-100] Execute       source E:/sdsoc171/SDx/2017.1/Vivado_HLS/common/technology/xilinx/zynq/zynq_hp.hlp 
INFO: [HLS 200-100] Command       ap_source returned 0; 0.006 sec.
INFO: [HLS 200-100] Command     import_lib returned 0; 0.077 sec.
INFO: [HLS 200-100] Execute     source E:/sdsoc171/SDx/2017.1/Vivado_HLS/common/technology/xilinx/zynq/zynq_fpv6.gen 
INFO: [HLS 200-100] Execute       source E:/sdsoc171/SDx/2017.1/Vivado_HLS/common/technology/xilinx/common/xilinx_fpv6.gen 
INFO: [HLS 200-100] Command       ap_source returned 0; 0.004 sec.
INFO: [HLS 200-100] Command     ap_source returned 0; 0.006 sec.
INFO: [HLS 200-100] Execute     set_part xc7z020clg400-1 
INFO: [HLS 200-100] Execute       add_library xilinx/zynq/zynq:xc7z020:clg400:-1 
INFO: [HLS 200-100] Execute         get_default_platform 
INFO: [HLS 200-100] Command         get_default_platform returned 0; 0 sec.
INFO: [HLS 200-100] Execute         license_isbetapart xc7z020 
INFO: [HLS 200-100] Command         license_isbetapart returned 1; 0.04 sec.
INFO: [HLS 200-100] Execute         get_default_platform 
INFO: [HLS 200-100] Command         get_default_platform returned 0; 0.001 sec.
INFO: [HLS 200-100] Execute         config_chip_info -quiet -resource  {SLICE 13300}  {LUT 53200}     {FF 106400} {DSP48E 220}   {BRAM 280}  
INFO: [HLS 200-100] Command         config_chip_info returned 0; 0 sec.
INFO: [HLS 200-100] Execute         config_chip_info -quiet -speed slow 
INFO: [HLS 200-100] Command         config_chip_info returned 0; 0 sec.
INFO: [HLS 200-100] Command       add_library returned 0; 0.059 sec.
INFO: [HLS 200-100] Execute       add_library xilinx/zynq/zynq_fpv6 
INFO: [HLS 200-100] Execute         get_default_platform 
INFO: [HLS 200-100] Command         get_default_platform returned 0; 0 sec.
INFO: [HLS 200-100] Command       add_library returned 0; 0.003 sec.
INFO: [HLS 200-10] Setting target device to 'xc7z020clg400-1'
INFO: [HLS 200-100] Execute       get_default_platform 
INFO: [HLS 200-100] Command       get_default_platform returned 0; 0 sec.
INFO: [HLS 200-100] Command     set_part returned 0; 0.163 sec.
INFO: [HLS 200-100] Execute     get_default_platform 
INFO: [HLS 200-100] Command     get_default_platform returned 0; 0 sec.
INFO: [HLS 200-100] Execute     config_chip_info -quiet -resource  {SLICE 13300}  {LUT 53200}     {FF 106400} {DSP48E 220}   {BRAM 280}  
INFO: [HLS 200-100] Command     config_chip_info returned 0; 0 sec.
INFO: [HLS 200-100] Execute     config_chip_info -quiet -speed slow 
INFO: [HLS 200-100] Command     config_chip_info returned 0; 0 sec.
INFO: [HLS 200-100] Command   open_solution returned 0; 0.738 sec.
INFO: [HLS 200-100] Execute   export_design -rtl vhdl -format ip_catalog 
INFO: [HLS 200-100] Execute     source C:/Users/c7benj/Documents/MULTI_ROTOR/Flight_Main/FlightMain/solution1/.autopilot/db/global.setting.tcl 
INFO: [HLS 200-100] Command     ap_source returned 0; 0.001 sec.
INFO: [HLS 200-100] Execute     source E:/sdsoc171/SDx/2017.1/Vivado_HLS/common/technology/generic/autopilot/common.gen 
INFO: [HLS 200-100] Execute       source E:/sdsoc171/SDx/2017.1/Vivado_HLS/common/technology/generic/autopilot/APCoreGen.gen 
INFO: [HLS 200-100] Command       ap_source returned 0; 0.001 sec.
INFO: [HLS 200-100] Command     ap_source returned 0; 0.003 sec.
INFO: [HLS 200-100] Execute     source E:/sdsoc171/SDx/2017.1/Vivado_HLS/common/technology/generic/autopilot/op.gen 
INFO: [HLS 200-100] Command     ap_source returned 0; 0.001 sec.
INFO: [HLS 200-100] Execute     source E:/sdsoc171/SDx/2017.1/Vivado_HLS/common/technology/generic/autopilot/op_simcore.gen 
INFO: [HLS 200-100] Command     ap_source returned 0; 0.003 sec.
INFO: [HLS 200-100] Execute     source E:/sdsoc171/SDx/2017.1/Vivado_HLS/common/technology/generic/autopilot/interface.gen 
INFO: [HLS 200-100] Command     ap_source returned 0; 0 sec.
INFO: [HLS 200-100] Execute     source C:/Users/c7benj/Documents/MULTI_ROTOR/Flight_Main/FlightMain/solution1/.autopilot/db/global.setting.tcl 
INFO: [HLS 200-100] Command     ap_source returned 0; 0.001 sec.
INFO: [HLS 200-100] Execute     source E:/sdsoc171/SDx/2017.1/Vivado_HLS/common/technology/xilinx/zynq/zynq.gen 
INFO: [HLS 200-100] Execute       source E:/sdsoc171/SDx/2017.1/Vivado_HLS/common/technology/xilinx/common/virtex.gen 
INFO: [HLS 200-100] Execute         source E:/sdsoc171/SDx/2017.1/Vivado_HLS/common/technology/xilinx/common/xilinx.gen 
INFO: [HLS 200-100] Execute           source E:/sdsoc171/SDx/2017.1/Vivado_HLS/common/technology/xilinx/interface/plb46.gen 
INFO: [HLS 200-100] Command           ap_source returned 0; 0.002 sec.
INFO: [HLS 200-100] Execute           source E:/sdsoc171/SDx/2017.1/Vivado_HLS/common/technology/xilinx/interface/fsl.gen 
INFO: [HLS 200-100] Command           ap_source returned 0; 0.001 sec.
INFO: [HLS 200-100] Execute           source E:/sdsoc171/SDx/2017.1/Vivado_HLS/common/technology/xilinx/interface/axi4.gen 
INFO: [HLS 200-100] Command           ap_source returned 0; 0.004 sec.
INFO: [HLS 200-100] Execute           source E:/sdsoc171/SDx/2017.1/Vivado_HLS/common/technology/xilinx/interface/nativeAXI4.gen 
INFO: [HLS 200-100] Execute             source E:/sdsoc171/SDx/2017.1/Vivado_HLS/common/technology/xilinx/interface/saxilite.gen 
INFO: [HLS 200-100] Command             ap_source returned 0; 0.008 sec.
INFO: [HLS 200-100] Execute             source E:/sdsoc171/SDx/2017.1/Vivado_HLS/common/technology/xilinx/interface/maxi.gen 
INFO: [HLS 200-100] Command             ap_source returned 0; 0.017 sec.
INFO: [HLS 200-100] Command           ap_source returned 0; 0.025 sec.
INFO: [HLS 200-100] Execute           source E:/sdsoc171/SDx/2017.1/Vivado_HLS/common/technology/xilinx/scripts/xilinxcoregen.gen 
INFO: [HLS 200-100] Command           ap_source returned 0; 0.022 sec.
INFO: [HLS 200-100] Execute           source E:/sdsoc171/SDx/2017.1/Vivado_HLS/common/technology/xilinx/interface/XilEDKCoreGen.gen 
INFO: [HLS 200-100] Command           ap_source returned 0; 0.017 sec.
INFO: [HLS 200-100] Execute           source E:/sdsoc171/SDx/2017.1/Vivado_HLS/common/technology/xilinx/ip/dds_compiler.gen 
INFO: [HLS 200-100] Command           ap_source returned 0; 0.006 sec.
INFO: [HLS 200-100] Execute           source E:/sdsoc171/SDx/2017.1/Vivado_HLS/common/technology/xilinx/ip/util.gen 
INFO: [HLS 200-100] Command           ap_source returned 0; 0.001 sec.
INFO: [HLS 200-100] Execute           source E:/sdsoc171/SDx/2017.1/Vivado_HLS/common/technology/xilinx/ip/xfft.gen 
INFO: [HLS 200-100] Command           ap_source returned 0; 0.204 sec.
INFO: [HLS 200-100] Execute           source E:/sdsoc171/SDx/2017.1/Vivado_HLS/common/technology/xilinx/ip/xfir.gen 
INFO: [HLS 200-100] Command           ap_source returned 0; 0.002 sec.
INFO: [HLS 200-100] Command         ap_source returned 0; 0.286 sec.
INFO: [HLS 200-100] Execute         source E:/sdsoc171/SDx/2017.1/Vivado_HLS/common/technology/xilinx/common/dsp48.gen 
INFO: [HLS 200-100] Command         ap_source returned 0; 0.001 sec.
INFO: [HLS 200-100] Command       ap_source returned 0; 0.292 sec.
INFO: [HLS 200-100] Command     ap_source returned 0; 0.293 sec.
INFO: [HLS 200-100] Execute     source E:/sdsoc171/SDx/2017.1/Vivado_HLS/common/technology/xilinx/zynq/zynq_fpv6.gen 
INFO: [HLS 200-100] Execute       source E:/sdsoc171/SDx/2017.1/Vivado_HLS/common/technology/xilinx/common/xilinx_fpv6.gen 
INFO: [HLS 200-100] Command       ap_source returned 0; 0.005 sec.
INFO: [HLS 200-100] Command     ap_source returned 0; 0.005 sec.
INFO: [HLS 200-100] Execute     source C:/Users/c7benj/Documents/MULTI_ROTOR/Flight_Main/FlightMain/solution1/.autopilot/db/global.setting.tcl 
INFO: [HLS 200-100] Command     ap_source returned 0; 0.002 sec.
INFO: [IMPL 213-8] Exporting RTL as an IP in IP-XACT.
INFO: [HLS 200-100] Execute     source C:/Users/c7benj/Documents/MULTI_ROTOR/Flight_Main/FlightMain/solution1/.autopilot/db/global.setting.tcl 
INFO: [HLS 200-100] Command     ap_source returned 0; 0.002 sec.
INFO: [HLS 200-100] Execute     source C:/Users/c7benj/Documents/MULTI_ROTOR/Flight_Main/FlightMain/solution1/.autopilot/db/global.setting.tcl 
INFO: [HLS 200-100] Command     ap_source returned 0; 0.001 sec.
INFO: [HLS 200-100] Execute     source E:/sdsoc171/SDx/2017.1/Vivado_HLS/common/technology/generic/autopilot/common.gen 
INFO: [HLS 200-100] Execute       source E:/sdsoc171/SDx/2017.1/Vivado_HLS/common/technology/generic/autopilot/APCoreGen.gen 
INFO: [HLS 200-100] Command       ap_source returned 0; 0.002 sec.
INFO: [HLS 200-100] Command     ap_source returned 0; 0.004 sec.
INFO: [HLS 200-100] Execute     source E:/sdsoc171/SDx/2017.1/Vivado_HLS/common/technology/generic/autopilot/op.gen 
INFO: [HLS 200-100] Command     ap_source returned 0; 0.002 sec.
INFO: [HLS 200-100] Execute     source E:/sdsoc171/SDx/2017.1/Vivado_HLS/common/technology/generic/autopilot/op_simcore.gen 
INFO: [HLS 200-100] Command     ap_source returned 0; 0.002 sec.
INFO: [HLS 200-100] Execute     source E:/sdsoc171/SDx/2017.1/Vivado_HLS/common/technology/generic/autopilot/interface.gen 
INFO: [HLS 200-100] Command     ap_source returned 0; 0.001 sec.
INFO: [HLS 200-100] Execute     source C:/Users/c7benj/Documents/MULTI_ROTOR/Flight_Main/FlightMain/solution1/.autopilot/db/global.setting.tcl 
INFO: [HLS 200-100] Command     ap_source returned 0; 0.048 sec.
INFO: [HLS 200-100] Execute     source E:/sdsoc171/SDx/2017.1/Vivado_HLS/common/technology/xilinx/zynq/zynq.gen 
INFO: [HLS 200-100] Execute       source E:/sdsoc171/SDx/2017.1/Vivado_HLS/common/technology/xilinx/common/virtex.gen 
INFO: [HLS 200-100] Execute         source E:/sdsoc171/SDx/2017.1/Vivado_HLS/common/technology/xilinx/common/xilinx.gen 
INFO: [HLS 200-100] Execute           source E:/sdsoc171/SDx/2017.1/Vivado_HLS/common/technology/xilinx/interface/plb46.gen 
INFO: [HLS 200-100] Command           ap_source returned 0; 0.002 sec.
INFO: [HLS 200-100] Execute           source E:/sdsoc171/SDx/2017.1/Vivado_HLS/common/technology/xilinx/interface/fsl.gen 
INFO: [HLS 200-100] Command           ap_source returned 0; 0.001 sec.
INFO: [HLS 200-100] Execute           source E:/sdsoc171/SDx/2017.1/Vivado_HLS/common/technology/xilinx/interface/axi4.gen 
INFO: [HLS 200-100] Command           ap_source returned 0; 0.005 sec.
INFO: [HLS 200-100] Execute           source E:/sdsoc171/SDx/2017.1/Vivado_HLS/common/technology/xilinx/interface/nativeAXI4.gen 
INFO: [HLS 200-100] Execute             source E:/sdsoc171/SDx/2017.1/Vivado_HLS/common/technology/xilinx/interface/saxilite.gen 
INFO: [HLS 200-100] Command             ap_source returned 0; 0.009 sec.
INFO: [HLS 200-100] Execute             source E:/sdsoc171/SDx/2017.1/Vivado_HLS/common/technology/xilinx/interface/maxi.gen 
INFO: [HLS 200-100] Command             ap_source returned 0; 0.019 sec.
INFO: [HLS 200-100] Command           ap_source returned 0; 0.029 sec.
INFO: [HLS 200-100] Execute           source E:/sdsoc171/SDx/2017.1/Vivado_HLS/common/technology/xilinx/scripts/xilinxcoregen.gen 
INFO: [HLS 200-100] Command           ap_source returned 0; 0.022 sec.
INFO: [HLS 200-100] Execute           source E:/sdsoc171/SDx/2017.1/Vivado_HLS/common/technology/xilinx/interface/XilEDKCoreGen.gen 
INFO: [HLS 200-100] Command           ap_source returned 0; 0.016 sec.
INFO: [HLS 200-100] Execute           source E:/sdsoc171/SDx/2017.1/Vivado_HLS/common/technology/xilinx/ip/dds_compiler.gen 
INFO: [HLS 200-100] Command           ap_source returned 0; 0.006 sec.
INFO: [HLS 200-100] Execute           source E:/sdsoc171/SDx/2017.1/Vivado_HLS/common/technology/xilinx/ip/util.gen 
INFO: [HLS 200-100] Command           ap_source returned 0; 0 sec.
INFO: [HLS 200-100] Execute           source E:/sdsoc171/SDx/2017.1/Vivado_HLS/common/technology/xilinx/ip/xfft.gen 
INFO: [HLS 200-100] Command           ap_source returned 0; 0.167 sec.
INFO: [HLS 200-100] Execute           source E:/sdsoc171/SDx/2017.1/Vivado_HLS/common/technology/xilinx/ip/xfir.gen 
INFO: [HLS 200-100] Command           ap_source returned 0; 0.001 sec.
INFO: [HLS 200-100] Command         ap_source returned 0; 0.251 sec.
INFO: [HLS 200-100] Execute         source E:/sdsoc171/SDx/2017.1/Vivado_HLS/common/technology/xilinx/common/dsp48.gen 
INFO: [HLS 200-100] Command         ap_source returned 0; 0 sec.
INFO: [HLS 200-100] Command       ap_source returned 0; 0.255 sec.
INFO: [HLS 200-100] Command     ap_source returned 0; 0.256 sec.
INFO: [HLS 200-100] Execute     source E:/sdsoc171/SDx/2017.1/Vivado_HLS/common/technology/xilinx/zynq/zynq_fpv6.gen 
INFO: [HLS 200-100] Execute       source E:/sdsoc171/SDx/2017.1/Vivado_HLS/common/technology/xilinx/common/xilinx_fpv6.gen 
INFO: [HLS 200-100] Command       ap_source returned 0; 0.002 sec.
INFO: [HLS 200-100] Command     ap_source returned 0; 0.002 sec.
INFO: [HLS 200-100] Execute     source C:/Users/c7benj/Documents/MULTI_ROTOR/Flight_Main/FlightMain/solution1/.autopilot/db/global.setting.tcl 
INFO: [HLS 200-100] Command     ap_source returned 0; 0.001 sec.
INFO: [HLS 200-100] Execute     source C:/Users/c7benj/Documents/MULTI_ROTOR/Flight_Main/FlightMain/solution1/.autopilot/db/global.setting.tcl 
INFO: [HLS 200-100] Command     ap_source returned 0; 0.046 sec.
INFO: [HLS 200-100] Execute     source C:/Users/c7benj/Documents/MULTI_ROTOR/Flight_Main/FlightMain/solution1/.autopilot/db/flightmain.compgen.tcl 
INFO: [HLS 200-100] Command     ap_source returned 0; 0.001 sec.
INFO: [HLS 200-100] Execute     source C:/Users/c7benj/Documents/MULTI_ROTOR/Flight_Main/FlightMain/solution1/.autopilot/db/global.setting.tcl 
INFO: [HLS 200-100] Command     ap_source returned 0; 0.001 sec.
INFO: [HLS 200-100] Execute     source C:/Users/c7benj/Documents/MULTI_ROTOR/Flight_Main/FlightMain/solution1/.autopilot/db/global.setting.tcl 
INFO: [HLS 200-100] Command     ap_source returned 0; 0.001 sec.
INFO: [HLS 200-100] Execute     source C:/Users/c7benj/Documents/MULTI_ROTOR/Flight_Main/FlightMain/solution1/.autopilot/db/flightmain.compgen.tcl 
INFO: [HLS 200-100] Execute       source C:/Users/c7benj/Documents/MULTI_ROTOR/Flight_Main/FlightMain/solution1/.autopilot/db/flightmain.rtl_wrap.cfg.tcl 
INFO: [HLS 200-100] Command       ap_source returned 0; 0.001 sec.
INFO: [HLS 200-100] Execute       source C:/Users/c7benj/Documents/MULTI_ROTOR/Flight_Main/FlightMain/solution1/.autopilot/db/flightmain.rtl_wrap.cfg.tcl 
INFO: [HLS 200-100] Command       ap_source returned 0; 0.001 sec.
INFO: [HLS 200-100] Execute       source C:/Users/c7benj/Documents/MULTI_ROTOR/Flight_Main/FlightMain/solution1/.autopilot/db/flightmain.rtl_wrap.cfg.tcl 
INFO: [HLS 200-100] Command       ap_source returned 0; 0 sec.
INFO: [HLS 200-100] Execute       source C:/Users/c7benj/Documents/MULTI_ROTOR/Flight_Main/FlightMain/solution1/.autopilot/db/flightmain.tbgen.tcl 
INFO: [HLS 200-100] Command       ap_source returned 0; 0 sec.
INFO: [HLS 200-100] Execute       source C:/Users/c7benj/Documents/MULTI_ROTOR/Flight_Main/FlightMain/solution1/.autopilot/db/flightmain.tbgen.tcl 
INFO: [HLS 200-100] Command       ap_source returned 0; 0 sec.
INFO: [HLS 200-100] Command     ap_source returned 0; 0.069 sec.
INFO: [HLS 200-100] Execute     source C:/Users/c7benj/Documents/MULTI_ROTOR/Flight_Main/FlightMain/solution1/.autopilot/db/global.setting.tcl 
INFO: [HLS 200-100] Command     ap_source returned 0; 0.001 sec.
INFO: [HLS 200-100] Execute     source C:/Users/c7benj/Documents/MULTI_ROTOR/Flight_Main/FlightMain/solution1/.autopilot/db/global.setting.tcl 
INFO: [HLS 200-100] Command     ap_source returned 0; 0.001 sec.
INFO: [HLS 200-100] Execute     source C:/Users/c7benj/Documents/MULTI_ROTOR/Flight_Main/FlightMain/solution1/.autopilot/db/flightmain.compgen.tcl 
INFO: [HLS 200-100] Command     ap_source returned 0; 0.001 sec.
INFO: [HLS 200-100] Execute     source C:/Users/c7benj/Documents/MULTI_ROTOR/Flight_Main/FlightMain/solution1/.autopilot/db/global.setting.tcl 
INFO: [HLS 200-100] Command     ap_source returned 0; 0.001 sec.
INFO: [HLS 200-100] Execute     source C:/Users/c7benj/Documents/MULTI_ROTOR/Flight_Main/FlightMain/solution1/.autopilot/db/flightmain.constraint.tcl 
INFO: [HLS 200-100] Command     ap_source returned 0; 0.001 sec.
INFO: [HLS 200-100] Execute     source C:/Users/c7benj/Documents/MULTI_ROTOR/Flight_Main/FlightMain/solution1/.autopilot/db/global.setting.tcl 
INFO: [HLS 200-100] Command     ap_source returned 0; 0.001 sec.
INFO: [HLS 200-100] Execute     source C:/Users/c7benj/Documents/MULTI_ROTOR/Flight_Main/FlightMain/solution1/.autopilot/db/flightmain.rtl_wrap.cfg.tcl 
INFO: [HLS 200-100] Command     ap_source returned 0; 0.002 sec.
INFO: [HLS 200-100] Execute     source C:/Users/c7benj/Documents/MULTI_ROTOR/Flight_Main/FlightMain/solution1/.autopilot/db/flightmain.rtl_wrap.cfg.tcl 
INFO: [HLS 200-100] Command     ap_source returned 0; 0.002 sec.
INFO: [HLS 200-100] Execute     source C:/Users/c7benj/Documents/MULTI_ROTOR/Flight_Main/FlightMain/solution1/.autopilot/db/flightmain.rtl_wrap.cfg.tcl 
INFO: [HLS 200-100] Command     ap_source returned 0; 0.001 sec.
INFO: [HLS 200-100] Execute     source C:/Users/c7benj/Documents/MULTI_ROTOR/Flight_Main/FlightMain/solution1/.autopilot/db/flightmain.tbgen.tcl 
INFO: [HLS 200-100] Command     ap_source returned 0; 0.05 sec.
INFO: [HLS 200-100] Execute     source C:/Users/c7benj/Documents/MULTI_ROTOR/Flight_Main/FlightMain/solution1/.autopilot/db/flightmain.tbgen.tcl 
INFO: [HLS 200-100] Command     ap_source returned 0; 0.001 sec.
INFO: [HLS 200-100] Execute     source C:/Users/c7benj/Documents/MULTI_ROTOR/Flight_Main/FlightMain/solution1/.autopilot/db/global.setting.tcl 
INFO: [HLS 200-100] Command     ap_source returned 0; 0.002 sec.
INFO: [HLS 200-100] Execute     source C:/Users/c7benj/Documents/MULTI_ROTOR/Flight_Main/FlightMain/solution1/.autopilot/db/global.setting.tcl 
INFO: [HLS 200-100] Command     ap_source returned 0; 0.001 sec.
INFO: [HLS 200-100] Execute     source C:/Users/c7benj/Documents/MULTI_ROTOR/Flight_Main/FlightMain/solution1/.autopilot/db/global.setting.tcl 
INFO: [HLS 200-100] Command     ap_source returned 0; 0.001 sec.
INFO: [HLS 200-100] Execute     source C:/Users/c7benj/Documents/MULTI_ROTOR/Flight_Main/FlightMain/solution1/.autopilot/db/flightmain.rtl_wrap.cfg.tcl 
INFO: [HLS 200-100] Command     ap_source returned 0; 0.002 sec.
INFO: [HLS 200-100] Execute     source C:/Users/c7benj/Documents/MULTI_ROTOR/Flight_Main/FlightMain/solution1/.autopilot/db/flightmain.rtl_wrap.cfg.tcl 
INFO: [HLS 200-100] Command     ap_source returned 0; 0.002 sec.
INFO: [HLS 200-100] Execute     source C:/Users/c7benj/Documents/MULTI_ROTOR/Flight_Main/FlightMain/solution1/.autopilot/db/flightmain.tbgen.tcl 
INFO: [HLS 200-100] Command     ap_source returned 0; 0.001 sec.
INFO: [HLS 200-100] Execute     source C:/Users/c7benj/Documents/MULTI_ROTOR/Flight_Main/FlightMain/solution1/.autopilot/db/flightmain.tbgen.tcl 
INFO: [HLS 200-100] Command     ap_source returned 0; 0.002 sec.
INFO: [HLS 200-100] Execute     source C:/Users/c7benj/Documents/MULTI_ROTOR/Flight_Main/FlightMain/solution1/.autopilot/db/flightmain.rtl_wrap.cfg.tcl 
INFO: [HLS 200-100] Command     ap_source returned 0; 0.002 sec.
INFO: [HLS 200-100] Execute     source C:/Users/c7benj/Documents/MULTI_ROTOR/Flight_Main/FlightMain/solution1/.autopilot/db/flightmain.rtl_wrap.cfg.tcl 
INFO: [HLS 200-100] Command     ap_source returned 0; 0.001 sec.
INFO: [HLS 200-100] Execute     source C:/Users/c7benj/Documents/MULTI_ROTOR/Flight_Main/FlightMain/solution1/.autopilot/db/flightmain.tbgen.tcl 
INFO: [HLS 200-100] Command     ap_source returned 0; 0.002 sec.
INFO: [HLS 200-100] Execute     source C:/Users/c7benj/Documents/MULTI_ROTOR/Flight_Main/FlightMain/solution1/.autopilot/db/flightmain.tbgen.tcl 
INFO: [HLS 200-100] Command     ap_source returned 0; 0.001 sec.
INFO: [HLS 200-100] Execute     source C:/Users/c7benj/Documents/MULTI_ROTOR/Flight_Main/FlightMain/solution1/.autopilot/db/global.setting.tcl 
INFO: [HLS 200-100] Command     ap_source returned 0; 0.001 sec.
INFO: [HLS 200-100] Execute     source C:/Users/c7benj/Documents/MULTI_ROTOR/Flight_Main/FlightMain/solution1/.autopilot/db/global.setting.tcl 
INFO: [HLS 200-100] Command     ap_source returned 0; 0.001 sec.
INFO: [HLS 200-100] Execute     source C:/Users/c7benj/Documents/MULTI_ROTOR/Flight_Main/FlightMain/solution1/.autopilot/db/flightmain.constraint.tcl 
INFO: [HLS 200-100] Command     ap_source returned 0; 0.001 sec.
INFO: [HLS 200-100] Execute     source C:/Users/c7benj/Documents/MULTI_ROTOR/Flight_Main/FlightMain/solution1/.autopilot/db/global.setting.tcl 
INFO: [HLS 200-100] Command     ap_source returned 0; 0.001 sec.
INFO: [HLS 200-100] Execute     source C:/Users/c7benj/Documents/MULTI_ROTOR/Flight_Main/FlightMain/solution1/.autopilot/db/flightmain.constraint.tcl 
INFO: [HLS 200-100] Command     ap_source returned 0; 0.001 sec.
INFO: [HLS 200-100] Execute     source C:/Users/c7benj/Documents/MULTI_ROTOR/Flight_Main/FlightMain/solution1/.autopilot/db/global.setting.tcl 
INFO: [HLS 200-100] Command     ap_source returned 0; 0.001 sec.
INFO: [HLS 200-100] Execute     source E:/sdsoc171/SDx/2017.1/Vivado_HLS/common/technology/generic/autopilot/common.gen 
INFO: [HLS 200-100] Execute       source E:/sdsoc171/SDx/2017.1/Vivado_HLS/common/technology/generic/autopilot/APCoreGen.gen 
INFO: [HLS 200-100] Command       ap_source returned 0; 0.002 sec.
INFO: [HLS 200-100] Command     ap_source returned 0; 0.003 sec.
INFO: [HLS 200-100] Execute     source E:/sdsoc171/SDx/2017.1/Vivado_HLS/common/technology/generic/autopilot/op.gen 
INFO: [HLS 200-100] Command     ap_source returned 0; 0.001 sec.
INFO: [HLS 200-100] Execute     source E:/sdsoc171/SDx/2017.1/Vivado_HLS/common/technology/generic/autopilot/op_simcore.gen 
INFO: [HLS 200-100] Command     ap_source returned 0; 0.003 sec.
INFO: [HLS 200-100] Execute     source E:/sdsoc171/SDx/2017.1/Vivado_HLS/common/technology/generic/autopilot/interface.gen 
INFO: [HLS 200-100] Command     ap_source returned 0; 0 sec.
INFO: [HLS 200-100] Execute     source C:/Users/c7benj/Documents/MULTI_ROTOR/Flight_Main/FlightMain/solution1/.autopilot/db/global.setting.tcl 
INFO: [HLS 200-100] Command     ap_source returned 0; 0.04 sec.
INFO: [HLS 200-100] Execute     source E:/sdsoc171/SDx/2017.1/Vivado_HLS/common/technology/xilinx/zynq/zynq.gen 
INFO: [HLS 200-100] Execute       source E:/sdsoc171/SDx/2017.1/Vivado_HLS/common/technology/xilinx/common/virtex.gen 
INFO: [HLS 200-100] Execute         source E:/sdsoc171/SDx/2017.1/Vivado_HLS/common/technology/xilinx/common/xilinx.gen 
INFO: [HLS 200-100] Execute           source E:/sdsoc171/SDx/2017.1/Vivado_HLS/common/technology/xilinx/interface/plb46.gen 
INFO: [HLS 200-100] Command           ap_source returned 0; 0.003 sec.
INFO: [HLS 200-100] Execute           source E:/sdsoc171/SDx/2017.1/Vivado_HLS/common/technology/xilinx/interface/fsl.gen 
INFO: [HLS 200-100] Command           ap_source returned 0; 0.001 sec.
INFO: [HLS 200-100] Execute           source E:/sdsoc171/SDx/2017.1/Vivado_HLS/common/technology/xilinx/interface/axi4.gen 
INFO: [HLS 200-100] Command           ap_source returned 0; 0.005 sec.
INFO: [HLS 200-100] Execute           source E:/sdsoc171/SDx/2017.1/Vivado_HLS/common/technology/xilinx/interface/nativeAXI4.gen 
INFO: [HLS 200-100] Execute             source E:/sdsoc171/SDx/2017.1/Vivado_HLS/common/technology/xilinx/interface/saxilite.gen 
INFO: [HLS 200-100] Command             ap_source returned 0; 0.009 sec.
INFO: [HLS 200-100] Execute             source E:/sdsoc171/SDx/2017.1/Vivado_HLS/common/technology/xilinx/interface/maxi.gen 
INFO: [HLS 200-100] Command             ap_source returned 0; 0.018 sec.
INFO: [HLS 200-100] Command           ap_source returned 0; 0.027 sec.
INFO: [HLS 200-100] Execute           source E:/sdsoc171/SDx/2017.1/Vivado_HLS/common/technology/xilinx/scripts/xilinxcoregen.gen 
INFO: [HLS 200-100] Command           ap_source returned 0; 0.023 sec.
INFO: [HLS 200-100] Execute           source E:/sdsoc171/SDx/2017.1/Vivado_HLS/common/technology/xilinx/interface/XilEDKCoreGen.gen 
INFO: [HLS 200-100] Command           ap_source returned 0; 0.019 sec.
INFO: [HLS 200-100] Execute           source E:/sdsoc171/SDx/2017.1/Vivado_HLS/common/technology/xilinx/ip/dds_compiler.gen 
INFO: [HLS 200-100] Command           ap_source returned 0; 0.008 sec.
INFO: [HLS 200-100] Execute           source E:/sdsoc171/SDx/2017.1/Vivado_HLS/common/technology/xilinx/ip/util.gen 
INFO: [HLS 200-100] Command           ap_source returned 0; 0 sec.
INFO: [HLS 200-100] Execute           source E:/sdsoc171/SDx/2017.1/Vivado_HLS/common/technology/xilinx/ip/xfft.gen 
INFO: [HLS 200-100] Command           ap_source returned 0; 0.172 sec.
INFO: [HLS 200-100] Execute           source E:/sdsoc171/SDx/2017.1/Vivado_HLS/common/technology/xilinx/ip/xfir.gen 
INFO: [HLS 200-100] Command           ap_source returned 0; 0.001 sec.
INFO: [HLS 200-100] Command         ap_source returned 0; 0.262 sec.
INFO: [HLS 200-100] Execute         source E:/sdsoc171/SDx/2017.1/Vivado_HLS/common/technology/xilinx/common/dsp48.gen 
INFO: [HLS 200-100] Command         ap_source returned 0; 0 sec.
INFO: [HLS 200-100] Command       ap_source returned 0; 0.267 sec.
INFO: [HLS 200-100] Command     ap_source returned 0; 0.268 sec.
INFO: [HLS 200-100] Execute     source E:/sdsoc171/SDx/2017.1/Vivado_HLS/common/technology/xilinx/zynq/zynq_fpv6.gen 
INFO: [HLS 200-100] Execute       source E:/sdsoc171/SDx/2017.1/Vivado_HLS/common/technology/xilinx/common/xilinx_fpv6.gen 
INFO: [HLS 200-100] Command       ap_source returned 0; 0.003 sec.
INFO: [HLS 200-100] Command     ap_source returned 0; 0.003 sec.
INFO: [HLS 200-100] Execute     source C:/Users/c7benj/Documents/MULTI_ROTOR/Flight_Main/FlightMain/solution1/.autopilot/db/global.setting.tcl 
INFO: [HLS 200-100] Command     ap_source returned 0; 0.001 sec.
INFO: [HLS 200-100] Execute     source E:/sdsoc171/SDx/2017.1/Vivado_HLS/common/technology/generic/autopilot/common.gen 
INFO: [HLS 200-100] Execute       source E:/sdsoc171/SDx/2017.1/Vivado_HLS/common/technology/generic/autopilot/APCoreGen.gen 
INFO: [HLS 200-100] Command       ap_source returned 0; 0.001 sec.
INFO: [HLS 200-100] Command     ap_source returned 0; 0.001 sec.
INFO: [HLS 200-100] Execute     source E:/sdsoc171/SDx/2017.1/Vivado_HLS/common/technology/generic/autopilot/op.gen 
INFO: [HLS 200-100] Command     ap_source returned 0; 0 sec.
INFO: [HLS 200-100] Execute     source E:/sdsoc171/SDx/2017.1/Vivado_HLS/common/technology/generic/autopilot/op_simcore.gen 
INFO: [HLS 200-100] Command     ap_source returned 0; 0.002 sec.
INFO: [HLS 200-100] Execute     source E:/sdsoc171/SDx/2017.1/Vivado_HLS/common/technology/generic/autopilot/interface.gen 
INFO: [HLS 200-100] Command     ap_source returned 0; 0 sec.
INFO: [HLS 200-100] Execute     source C:/Users/c7benj/Documents/MULTI_ROTOR/Flight_Main/FlightMain/solution1/.autopilot/db/global.setting.tcl 
INFO: [HLS 200-100] Command     ap_source returned 0; 0.001 sec.
INFO: [HLS 200-100] Execute     source E:/sdsoc171/SDx/2017.1/Vivado_HLS/common/technology/xilinx/zynq/zynq.gen 
INFO: [HLS 200-100] Execute       source E:/sdsoc171/SDx/2017.1/Vivado_HLS/common/technology/xilinx/common/virtex.gen 
INFO: [HLS 200-100] Execute         source E:/sdsoc171/SDx/2017.1/Vivado_HLS/common/technology/xilinx/common/xilinx.gen 
INFO: [HLS 200-100] Execute           source E:/sdsoc171/SDx/2017.1/Vivado_HLS/common/technology/xilinx/interface/plb46.gen 
INFO: [HLS 200-100] Command           ap_source returned 0; 0.001 sec.
INFO: [HLS 200-100] Execute           source E:/sdsoc171/SDx/2017.1/Vivado_HLS/common/technology/xilinx/interface/fsl.gen 
INFO: [HLS 200-100] Command           ap_source returned 0; 0.001 sec.
INFO: [HLS 200-100] Execute           source E:/sdsoc171/SDx/2017.1/Vivado_HLS/common/technology/xilinx/interface/axi4.gen 
INFO: [HLS 200-100] Command           ap_source returned 0; 0.002 sec.
INFO: [HLS 200-100] Execute           source E:/sdsoc171/SDx/2017.1/Vivado_HLS/common/technology/xilinx/interface/nativeAXI4.gen 
INFO: [HLS 200-100] Execute             source E:/sdsoc171/SDx/2017.1/Vivado_HLS/common/technology/xilinx/interface/saxilite.gen 
INFO: [HLS 200-100] Command             ap_source returned 0; 0.005 sec.
INFO: [HLS 200-100] Execute             source E:/sdsoc171/SDx/2017.1/Vivado_HLS/common/technology/xilinx/interface/maxi.gen 
INFO: [HLS 200-100] Command             ap_source returned 0; 0.01 sec.
INFO: [HLS 200-100] Command           ap_source returned 0; 0.015 sec.
INFO: [HLS 200-100] Execute           source E:/sdsoc171/SDx/2017.1/Vivado_HLS/common/technology/xilinx/scripts/xilinxcoregen.gen 
INFO: [HLS 200-100] Command           ap_source returned 0; 0.014 sec.
INFO: [HLS 200-100] Execute           source E:/sdsoc171/SDx/2017.1/Vivado_HLS/common/technology/xilinx/interface/XilEDKCoreGen.gen 
INFO: [HLS 200-100] Command           ap_source returned 0; 0.011 sec.
INFO: [HLS 200-100] Execute           source E:/sdsoc171/SDx/2017.1/Vivado_HLS/common/technology/xilinx/ip/dds_compiler.gen 
INFO: [HLS 200-100] Command           ap_source returned 0; 0.004 sec.
INFO: [HLS 200-100] Execute           source E:/sdsoc171/SDx/2017.1/Vivado_HLS/common/technology/xilinx/ip/util.gen 
INFO: [HLS 200-100] Command           ap_source returned 0; 0 sec.
INFO: [HLS 200-100] Execute           source E:/sdsoc171/SDx/2017.1/Vivado_HLS/common/technology/xilinx/ip/xfft.gen 
INFO: [HLS 200-100] Command           ap_source returned 0; 0.123 sec.
INFO: [HLS 200-100] Execute           source E:/sdsoc171/SDx/2017.1/Vivado_HLS/common/technology/xilinx/ip/xfir.gen 
INFO: [HLS 200-100] Command           ap_source returned 0; 0.001 sec.
INFO: [HLS 200-100] Command         ap_source returned 0; 0.173 sec.
INFO: [HLS 200-100] Execute         source E:/sdsoc171/SDx/2017.1/Vivado_HLS/common/technology/xilinx/common/dsp48.gen 
INFO: [HLS 200-100] Command         ap_source returned 0; 0 sec.
INFO: [HLS 200-100] Command       ap_source returned 0; 0.176 sec.
INFO: [HLS 200-100] Command     ap_source returned 0; 0.177 sec.
INFO: [HLS 200-100] Execute     source E:/sdsoc171/SDx/2017.1/Vivado_HLS/common/technology/xilinx/zynq/zynq_fpv6.gen 
INFO: [HLS 200-100] Execute       source E:/sdsoc171/SDx/2017.1/Vivado_HLS/common/technology/xilinx/common/xilinx_fpv6.gen 
INFO: [HLS 200-100] Command       ap_source returned 0; 0.002 sec.
INFO: [HLS 200-100] Command     ap_source returned 0; 0.002 sec.
INFO: [HLS 200-100] Execute     source C:/Users/c7benj/Documents/MULTI_ROTOR/Flight_Main/FlightMain/solution1/.autopilot/db/global.setting.tcl 
INFO: [HLS 200-100] Command     ap_source returned 0; 0 sec.
INFO: [HLS 200-100] Execute     source C:/Users/c7benj/Documents/MULTI_ROTOR/Flight_Main/FlightMain/solution1/.autopilot/db/global.setting.tcl 
INFO: [HLS 200-100] Command     ap_source returned 0; 0.001 sec.
INFO: [HLS 200-100] Execute     source C:/Users/c7benj/Documents/MULTI_ROTOR/Flight_Main/FlightMain/solution1/.autopilot/db/global.setting.tcl 
INFO: [HLS 200-100] Command     ap_source returned 0; 0.001 sec.
INFO: [HLS 200-100] Execute     source E:/sdsoc171/SDx/2017.1/Vivado_HLS/common/technology/generic/autopilot/common.gen 
INFO: [HLS 200-100] Execute       source E:/sdsoc171/SDx/2017.1/Vivado_HLS/common/technology/generic/autopilot/APCoreGen.gen 
INFO: [HLS 200-100] Command       ap_source returned 0; 0.001 sec.
INFO: [HLS 200-100] Command     ap_source returned 0; 0.001 sec.
INFO: [HLS 200-100] Execute     source E:/sdsoc171/SDx/2017.1/Vivado_HLS/common/technology/generic/autopilot/op.gen 
INFO: [HLS 200-100] Command     ap_source returned 0; 0 sec.
INFO: [HLS 200-100] Execute     source E:/sdsoc171/SDx/2017.1/Vivado_HLS/common/technology/generic/autopilot/op_simcore.gen 
INFO: [HLS 200-100] Command     ap_source returned 0; 0.002 sec.
INFO: [HLS 200-100] Execute     source E:/sdsoc171/SDx/2017.1/Vivado_HLS/common/technology/generic/autopilot/interface.gen 
INFO: [HLS 200-100] Command     ap_source returned 0; 0 sec.
INFO: [HLS 200-100] Execute     source C:/Users/c7benj/Documents/MULTI_ROTOR/Flight_Main/FlightMain/solution1/.autopilot/db/global.setting.tcl 
INFO: [HLS 200-100] Command     ap_source returned 0; 0 sec.
INFO: [HLS 200-100] Execute     source E:/sdsoc171/SDx/2017.1/Vivado_HLS/common/technology/xilinx/zynq/zynq.gen 
INFO: [HLS 200-100] Execute       source E:/sdsoc171/SDx/2017.1/Vivado_HLS/common/technology/xilinx/common/virtex.gen 
INFO: [HLS 200-100] Execute         source E:/sdsoc171/SDx/2017.1/Vivado_HLS/common/technology/xilinx/common/xilinx.gen 
INFO: [HLS 200-100] Execute           source E:/sdsoc171/SDx/2017.1/Vivado_HLS/common/technology/xilinx/interface/plb46.gen 
INFO: [HLS 200-100] Command           ap_source returned 0; 0.001 sec.
INFO: [HLS 200-100] Execute           source E:/sdsoc171/SDx/2017.1/Vivado_HLS/common/technology/xilinx/interface/fsl.gen 
INFO: [HLS 200-100] Command           ap_source returned 0; 0.001 sec.
INFO: [HLS 200-100] Execute           source E:/sdsoc171/SDx/2017.1/Vivado_HLS/common/technology/xilinx/interface/axi4.gen 
INFO: [HLS 200-100] Command           ap_source returned 0; 0.002 sec.
INFO: [HLS 200-100] Execute           source E:/sdsoc171/SDx/2017.1/Vivado_HLS/common/technology/xilinx/interface/nativeAXI4.gen 
INFO: [HLS 200-100] Execute             source E:/sdsoc171/SDx/2017.1/Vivado_HLS/common/technology/xilinx/interface/saxilite.gen 
INFO: [HLS 200-100] Command             ap_source returned 0; 0.005 sec.
INFO: [HLS 200-100] Execute             source E:/sdsoc171/SDx/2017.1/Vivado_HLS/common/technology/xilinx/interface/maxi.gen 
INFO: [HLS 200-100] Command             ap_source returned 0; 0.011 sec.
INFO: [HLS 200-100] Command           ap_source returned 0; 0.016 sec.
INFO: [HLS 200-100] Execute           source E:/sdsoc171/SDx/2017.1/Vivado_HLS/common/technology/xilinx/scripts/xilinxcoregen.gen 
INFO: [HLS 200-100] Command           ap_source returned 0; 0.016 sec.
INFO: [HLS 200-100] Execute           source E:/sdsoc171/SDx/2017.1/Vivado_HLS/common/technology/xilinx/interface/XilEDKCoreGen.gen 
INFO: [HLS 200-100] Command           ap_source returned 0; 0.012 sec.
INFO: [HLS 200-100] Execute           source E:/sdsoc171/SDx/2017.1/Vivado_HLS/common/technology/xilinx/ip/dds_compiler.gen 
INFO: [HLS 200-100] Command           ap_source returned 0; 0.005 sec.
INFO: [HLS 200-100] Execute           source E:/sdsoc171/SDx/2017.1/Vivado_HLS/common/technology/xilinx/ip/util.gen 
INFO: [HLS 200-100] Command           ap_source returned 0; 0 sec.
INFO: [HLS 200-100] Execute           source E:/sdsoc171/SDx/2017.1/Vivado_HLS/common/technology/xilinx/ip/xfft.gen 
INFO: [HLS 200-100] Command           ap_source returned 0; 0.136 sec.
INFO: [HLS 200-100] Execute           source E:/sdsoc171/SDx/2017.1/Vivado_HLS/common/technology/xilinx/ip/xfir.gen 
INFO: [HLS 200-100] Command           ap_source returned 0; 0.001 sec.
INFO: [HLS 200-100] Command         ap_source returned 0; 0.193 sec.
INFO: [HLS 200-100] Execute         source E:/sdsoc171/SDx/2017.1/Vivado_HLS/common/technology/xilinx/common/dsp48.gen 
INFO: [HLS 200-100] Command         ap_source returned 0; 0 sec.
INFO: [HLS 200-100] Command       ap_source returned 0; 0.196 sec.
INFO: [HLS 200-100] Command     ap_source returned 0; 0.196 sec.
INFO: [HLS 200-100] Execute     source E:/sdsoc171/SDx/2017.1/Vivado_HLS/common/technology/xilinx/zynq/zynq_fpv6.gen 
INFO: [HLS 200-100] Execute       source E:/sdsoc171/SDx/2017.1/Vivado_HLS/common/technology/xilinx/common/xilinx_fpv6.gen 
INFO: [HLS 200-100] Command       ap_source returned 0; 0.002 sec.
INFO: [HLS 200-100] Command     ap_source returned 0; 0.002 sec.
INFO: [HLS 200-100] Execute     source C:/Users/c7benj/Documents/MULTI_ROTOR/Flight_Main/FlightMain/solution1/.autopilot/db/global.setting.tcl 
INFO: [HLS 200-100] Command     ap_source returned 0; 0.001 sec.
INFO: [HLS 200-100] Execute     source C:/Users/c7benj/Documents/MULTI_ROTOR/Flight_Main/FlightMain/solution1/.autopilot/db/global.setting.tcl 
INFO: [HLS 200-100] Command     ap_source returned 0; 0.001 sec.
INFO: [HLS 200-100] Execute     source C:/Users/c7benj/Documents/MULTI_ROTOR/Flight_Main/FlightMain/solution1/.autopilot/db/flightmain.compgen.tcl 
INFO: [HLS 200-100] Command     ap_source returned 0; 0 sec.
INFO: [HLS 200-100] Execute     source C:/Users/c7benj/Documents/MULTI_ROTOR/Flight_Main/FlightMain/solution1/.autopilot/db/global.setting.tcl 
INFO: [HLS 200-100] Command     ap_source returned 0; 0.001 sec.
INFO: [HLS 200-100] Execute     source C:/Users/c7benj/Documents/MULTI_ROTOR/Flight_Main/FlightMain/solution1/.autopilot/db/flightmain.constraint.tcl 
INFO: [HLS 200-100] Command     ap_source returned 0; 0 sec.
INFO: [HLS 200-100] Execute     source C:/Users/c7benj/Documents/MULTI_ROTOR/Flight_Main/FlightMain/solution1/.autopilot/db/global.setting.tcl 
INFO: [HLS 200-100] Command     ap_source returned 0; 0.001 sec.
INFO: [HLS 200-100] Execute     source E:/sdsoc171/SDx/2017.1/Vivado_HLS/common/technology/generic/autopilot/common.gen 
INFO: [HLS 200-100] Execute       source E:/sdsoc171/SDx/2017.1/Vivado_HLS/common/technology/generic/autopilot/APCoreGen.gen 
INFO: [HLS 200-100] Command       ap_source returned 0; 0.001 sec.
INFO: [HLS 200-100] Command     ap_source returned 0; 0.002 sec.
INFO: [HLS 200-100] Execute     source E:/sdsoc171/SDx/2017.1/Vivado_HLS/common/technology/generic/autopilot/op.gen 
INFO: [HLS 200-100] Command     ap_source returned 0; 0 sec.
INFO: [HLS 200-100] Execute     source E:/sdsoc171/SDx/2017.1/Vivado_HLS/common/technology/generic/autopilot/op_simcore.gen 
INFO: [HLS 200-100] Command     ap_source returned 0; 0.002 sec.
INFO: [HLS 200-100] Execute     source E:/sdsoc171/SDx/2017.1/Vivado_HLS/common/technology/generic/autopilot/interface.gen 
INFO: [HLS 200-100] Command     ap_source returned 0; 0 sec.
INFO: [HLS 200-100] Execute     source C:/Users/c7benj/Documents/MULTI_ROTOR/Flight_Main/FlightMain/solution1/.autopilot/db/global.setting.tcl 
INFO: [HLS 200-100] Command     ap_source returned 0; 0.036 sec.
INFO: [HLS 200-100] Execute     source E:/sdsoc171/SDx/2017.1/Vivado_HLS/common/technology/xilinx/zynq/zynq.gen 
INFO: [HLS 200-100] Execute       source E:/sdsoc171/SDx/2017.1/Vivado_HLS/common/technology/xilinx/common/virtex.gen 
INFO: [HLS 200-100] Execute         source E:/sdsoc171/SDx/2017.1/Vivado_HLS/common/technology/xilinx/common/xilinx.gen 
INFO: [HLS 200-100] Execute           source E:/sdsoc171/SDx/2017.1/Vivado_HLS/common/technology/xilinx/interface/plb46.gen 
INFO: [HLS 200-100] Command           ap_source returned 0; 0.002 sec.
INFO: [HLS 200-100] Execute           source E:/sdsoc171/SDx/2017.1/Vivado_HLS/common/technology/xilinx/interface/fsl.gen 
INFO: [HLS 200-100] Command           ap_source returned 0; 0.001 sec.
INFO: [HLS 200-100] Execute           source E:/sdsoc171/SDx/2017.1/Vivado_HLS/common/technology/xilinx/interface/axi4.gen 
INFO: [HLS 200-100] Command           ap_source returned 0; 0.005 sec.
INFO: [HLS 200-100] Execute           source E:/sdsoc171/SDx/2017.1/Vivado_HLS/common/technology/xilinx/interface/nativeAXI4.gen 
INFO: [HLS 200-100] Execute             source E:/sdsoc171/SDx/2017.1/Vivado_HLS/common/technology/xilinx/interface/saxilite.gen 
INFO: [HLS 200-100] Command             ap_source returned 0; 0.008 sec.
INFO: [HLS 200-100] Execute             source E:/sdsoc171/SDx/2017.1/Vivado_HLS/common/technology/xilinx/interface/maxi.gen 
INFO: [HLS 200-100] Command             ap_source returned 0; 0.02 sec.
INFO: [HLS 200-100] Command           ap_source returned 0; 0.028 sec.
INFO: [HLS 200-100] Execute           source E:/sdsoc171/SDx/2017.1/Vivado_HLS/common/technology/xilinx/scripts/xilinxcoregen.gen 
INFO: [HLS 200-100] Command           ap_source returned 0; 0.028 sec.
INFO: [HLS 200-100] Execute           source E:/sdsoc171/SDx/2017.1/Vivado_HLS/common/technology/xilinx/interface/XilEDKCoreGen.gen 
INFO: [HLS 200-100] Command           ap_source returned 0; 0.021 sec.
INFO: [HLS 200-100] Execute           source E:/sdsoc171/SDx/2017.1/Vivado_HLS/common/technology/xilinx/ip/dds_compiler.gen 
INFO: [HLS 200-100] Command           ap_source returned 0; 0.008 sec.
INFO: [HLS 200-100] Execute           source E:/sdsoc171/SDx/2017.1/Vivado_HLS/common/technology/xilinx/ip/util.gen 
INFO: [HLS 200-100] Command           ap_source returned 0; 0 sec.
INFO: [HLS 200-100] Execute           source E:/sdsoc171/SDx/2017.1/Vivado_HLS/common/technology/xilinx/ip/xfft.gen 
INFO: [HLS 200-100] Command           ap_source returned 0; 0.232 sec.
INFO: [HLS 200-100] Execute           source E:/sdsoc171/SDx/2017.1/Vivado_HLS/common/technology/xilinx/ip/xfir.gen 
INFO: [HLS 200-100] Command           ap_source returned 0; 0.001 sec.
INFO: [HLS 200-100] Command         ap_source returned 0; 0.328 sec.
INFO: [HLS 200-100] Execute         source E:/sdsoc171/SDx/2017.1/Vivado_HLS/common/technology/xilinx/common/dsp48.gen 
INFO: [HLS 200-100] Command         ap_source returned 0; 0 sec.
INFO: [HLS 200-100] Command       ap_source returned 0; 0.334 sec.
INFO: [HLS 200-100] Command     ap_source returned 0; 0.334 sec.
INFO: [HLS 200-100] Execute     source E:/sdsoc171/SDx/2017.1/Vivado_HLS/common/technology/xilinx/zynq/zynq_fpv6.gen 
INFO: [HLS 200-100] Execute       source E:/sdsoc171/SDx/2017.1/Vivado_HLS/common/technology/xilinx/common/xilinx_fpv6.gen 
INFO: [HLS 200-100] Command       ap_source returned 0; 0.003 sec.
INFO: [HLS 200-100] Command     ap_source returned 0; 0.004 sec.
WARNING: [IMPL 213-201] IO timing constraints are not applied without adding IO buffers.
INFO: [HLS 200-100] Execute     source C:/Users/c7benj/Documents/MULTI_ROTOR/Flight_Main/FlightMain/solution1/.autopilot/db/global.setting.tcl 
INFO: [HLS 200-100] Command     ap_source returned 0; 0.001 sec.
INFO: [HLS 200-100] Execute     source C:/Users/c7benj/Documents/MULTI_ROTOR/Flight_Main/FlightMain/solution1/.autopilot/db/global.setting.tcl 
INFO: [HLS 200-100] Command     ap_source returned 0; 0.001 sec.
INFO: [HLS 200-100] Execute     source E:/sdsoc171/SDx/2017.1/Vivado_HLS/common/technology/generic/autopilot/common.gen 
INFO: [HLS 200-100] Execute       source E:/sdsoc171/SDx/2017.1/Vivado_HLS/common/technology/generic/autopilot/APCoreGen.gen 
INFO: [HLS 200-100] Command       ap_source returned 0; 0.002 sec.
INFO: [HLS 200-100] Command     ap_source returned 0; 0.002 sec.
INFO: [HLS 200-100] Execute     source E:/sdsoc171/SDx/2017.1/Vivado_HLS/common/technology/generic/autopilot/op.gen 
INFO: [HLS 200-100] Command     ap_source returned 0; 0.001 sec.
INFO: [HLS 200-100] Execute     source E:/sdsoc171/SDx/2017.1/Vivado_HLS/common/technology/generic/autopilot/op_simcore.gen 
INFO: [HLS 200-100] Command     ap_source returned 0; 0.003 sec.
INFO: [HLS 200-100] Execute     source E:/sdsoc171/SDx/2017.1/Vivado_HLS/common/technology/generic/autopilot/interface.gen 
INFO: [HLS 200-100] Command     ap_source returned 0; 0 sec.
INFO: [HLS 200-100] Execute     source C:/Users/c7benj/Documents/MULTI_ROTOR/Flight_Main/FlightMain/solution1/.autopilot/db/global.setting.tcl 
INFO: [HLS 200-100] Command     ap_source returned 0; 0.001 sec.
INFO: [HLS 200-100] Execute     source E:/sdsoc171/SDx/2017.1/Vivado_HLS/common/technology/xilinx/zynq/zynq.gen 
INFO: [HLS 200-100] Execute       source E:/sdsoc171/SDx/2017.1/Vivado_HLS/common/technology/xilinx/common/virtex.gen 
INFO: [HLS 200-100] Execute         source E:/sdsoc171/SDx/2017.1/Vivado_HLS/common/technology/xilinx/common/xilinx.gen 
INFO: [HLS 200-100] Execute           source E:/sdsoc171/SDx/2017.1/Vivado_HLS/common/technology/xilinx/interface/plb46.gen 
INFO: [HLS 200-100] Command           ap_source returned 0; 0.002 sec.
INFO: [HLS 200-100] Execute           source E:/sdsoc171/SDx/2017.1/Vivado_HLS/common/technology/xilinx/interface/fsl.gen 
INFO: [HLS 200-100] Command           ap_source returned 0; 0.001 sec.
INFO: [HLS 200-100] Execute           source E:/sdsoc171/SDx/2017.1/Vivado_HLS/common/technology/xilinx/interface/axi4.gen 
INFO: [HLS 200-100] Command           ap_source returned 0; 0.004 sec.
INFO: [HLS 200-100] Execute           source E:/sdsoc171/SDx/2017.1/Vivado_HLS/common/technology/xilinx/interface/nativeAXI4.gen 
INFO: [HLS 200-100] Execute             source E:/sdsoc171/SDx/2017.1/Vivado_HLS/common/technology/xilinx/interface/saxilite.gen 
INFO: [HLS 200-100] Command             ap_source returned 0; 0.009 sec.
INFO: [HLS 200-100] Execute             source E:/sdsoc171/SDx/2017.1/Vivado_HLS/common/technology/xilinx/interface/maxi.gen 
INFO: [HLS 200-100] Command             ap_source returned 0; 0.02 sec.
INFO: [HLS 200-100] Command           ap_source returned 0; 0.029 sec.
INFO: [HLS 200-100] Execute           source E:/sdsoc171/SDx/2017.1/Vivado_HLS/common/technology/xilinx/scripts/xilinxcoregen.gen 
INFO: [HLS 200-100] Command           ap_source returned 0; 0.026 sec.
INFO: [HLS 200-100] Execute           source E:/sdsoc171/SDx/2017.1/Vivado_HLS/common/technology/xilinx/interface/XilEDKCoreGen.gen 
INFO: [HLS 200-100] Command           ap_source returned 0; 0.02 sec.
INFO: [HLS 200-100] Execute           source E:/sdsoc171/SDx/2017.1/Vivado_HLS/common/technology/xilinx/ip/dds_compiler.gen 
INFO: [HLS 200-100] Command           ap_source returned 0; 0.008 sec.
INFO: [HLS 200-100] Execute           source E:/sdsoc171/SDx/2017.1/Vivado_HLS/common/technology/xilinx/ip/util.gen 
INFO: [HLS 200-100] Command           ap_source returned 0; 0 sec.
INFO: [HLS 200-100] Execute           source E:/sdsoc171/SDx/2017.1/Vivado_HLS/common/technology/xilinx/ip/xfft.gen 
INFO: [HLS 200-100] Command           ap_source returned 0; 0.231 sec.
INFO: [HLS 200-100] Execute           source E:/sdsoc171/SDx/2017.1/Vivado_HLS/common/technology/xilinx/ip/xfir.gen 
INFO: [HLS 200-100] Command           ap_source returned 0; 0.002 sec.
INFO: [HLS 200-100] Command         ap_source returned 0; 0.326 sec.
INFO: [HLS 200-100] Execute         source E:/sdsoc171/SDx/2017.1/Vivado_HLS/common/technology/xilinx/common/dsp48.gen 
INFO: [HLS 200-100] Command         ap_source returned 0; 0.001 sec.
INFO: [HLS 200-100] Command       ap_source returned 0; 0.332 sec.
INFO: [HLS 200-100] Command     ap_source returned 0; 0.332 sec.
INFO: [HLS 200-100] Execute     source E:/sdsoc171/SDx/2017.1/Vivado_HLS/common/technology/xilinx/zynq/zynq_fpv6.gen 
INFO: [HLS 200-100] Execute       source E:/sdsoc171/SDx/2017.1/Vivado_HLS/common/technology/xilinx/common/xilinx_fpv6.gen 
INFO: [HLS 200-100] Command       ap_source returned 0; 0.004 sec.
INFO: [HLS 200-100] Command     ap_source returned 0; 0.004 sec.
INFO: [HLS 200-100] Execute     source C:/Users/c7benj/Documents/MULTI_ROTOR/Flight_Main/FlightMain/solution1/.autopilot/db/global.setting.tcl 
INFO: [HLS 200-100] Command     ap_source returned 0; 0.001 sec.
INFO: [HLS 200-100] Execute     source C:/Users/c7benj/Documents/MULTI_ROTOR/Flight_Main/FlightMain/solution1/.autopilot/db/global.setting.tcl 
INFO: [HLS 200-100] Command     ap_source returned 0; 0.001 sec.
INFO: [HLS 200-100] Execute     source C:/Users/c7benj/Documents/MULTI_ROTOR/Flight_Main/FlightMain/solution1/.autopilot/db/global.setting.tcl 
INFO: [HLS 200-100] Command     ap_source returned 0; 0.002 sec.
INFO: [HLS 200-100] Execute     source E:/sdsoc171/SDx/2017.1/Vivado_HLS/common/technology/generic/autopilot/common.gen 
INFO: [HLS 200-100] Execute       source E:/sdsoc171/SDx/2017.1/Vivado_HLS/common/technology/generic/autopilot/APCoreGen.gen 
INFO: [HLS 200-100] Command       ap_source returned 0; 0.001 sec.
INFO: [HLS 200-100] Command     ap_source returned 0; 0.003 sec.
INFO: [HLS 200-100] Execute     source E:/sdsoc171/SDx/2017.1/Vivado_HLS/common/technology/generic/autopilot/op.gen 
INFO: [HLS 200-100] Command     ap_source returned 0; 0.001 sec.
INFO: [HLS 200-100] Execute     source E:/sdsoc171/SDx/2017.1/Vivado_HLS/common/technology/generic/autopilot/op_simcore.gen 
INFO: [HLS 200-100] Command     ap_source returned 0; 0.002 sec.
INFO: [HLS 200-100] Execute     source E:/sdsoc171/SDx/2017.1/Vivado_HLS/common/technology/generic/autopilot/interface.gen 
INFO: [HLS 200-100] Command     ap_source returned 0; 0 sec.
INFO: [HLS 200-100] Execute     source C:/Users/c7benj/Documents/MULTI_ROTOR/Flight_Main/FlightMain/solution1/.autopilot/db/global.setting.tcl 
INFO: [HLS 200-100] Command     ap_source returned 0; 0.001 sec.
INFO: [HLS 200-100] Execute     source E:/sdsoc171/SDx/2017.1/Vivado_HLS/common/technology/xilinx/zynq/zynq.gen 
INFO: [HLS 200-100] Execute       source E:/sdsoc171/SDx/2017.1/Vivado_HLS/common/technology/xilinx/common/virtex.gen 
INFO: [HLS 200-100] Execute         source E:/sdsoc171/SDx/2017.1/Vivado_HLS/common/technology/xilinx/common/xilinx.gen 
INFO: [HLS 200-100] Execute           source E:/sdsoc171/SDx/2017.1/Vivado_HLS/common/technology/xilinx/interface/plb46.gen 
INFO: [HLS 200-100] Command           ap_source returned 0; 0.002 sec.
INFO: [HLS 200-100] Execute           source E:/sdsoc171/SDx/2017.1/Vivado_HLS/common/technology/xilinx/interface/fsl.gen 
INFO: [HLS 200-100] Command           ap_source returned 0; 0.001 sec.
INFO: [HLS 200-100] Execute           source E:/sdsoc171/SDx/2017.1/Vivado_HLS/common/technology/xilinx/interface/axi4.gen 
INFO: [HLS 200-100] Command           ap_source returned 0; 0.005 sec.
INFO: [HLS 200-100] Execute           source E:/sdsoc171/SDx/2017.1/Vivado_HLS/common/technology/xilinx/interface/nativeAXI4.gen 
INFO: [HLS 200-100] Execute             source E:/sdsoc171/SDx/2017.1/Vivado_HLS/common/technology/xilinx/interface/saxilite.gen 
INFO: [HLS 200-100] Command             ap_source returned 0; 0.009 sec.
INFO: [HLS 200-100] Execute             source E:/sdsoc171/SDx/2017.1/Vivado_HLS/common/technology/xilinx/interface/maxi.gen 
INFO: [HLS 200-100] Command             ap_source returned 0; 0.021 sec.
INFO: [HLS 200-100] Command           ap_source returned 0; 0.031 sec.
INFO: [HLS 200-100] Execute           source E:/sdsoc171/SDx/2017.1/Vivado_HLS/common/technology/xilinx/scripts/xilinxcoregen.gen 
INFO: [HLS 200-100] Command           ap_source returned 0; 0.026 sec.
INFO: [HLS 200-100] Execute           source E:/sdsoc171/SDx/2017.1/Vivado_HLS/common/technology/xilinx/interface/XilEDKCoreGen.gen 
INFO: [HLS 200-100] Command           ap_source returned 0; 0.019 sec.
INFO: [HLS 200-100] Execute           source E:/sdsoc171/SDx/2017.1/Vivado_HLS/common/technology/xilinx/ip/dds_compiler.gen 
INFO: [HLS 200-100] Command           ap_source returned 0; 0.007 sec.
INFO: [HLS 200-100] Execute           source E:/sdsoc171/SDx/2017.1/Vivado_HLS/common/technology/xilinx/ip/util.gen 
INFO: [HLS 200-100] Command           ap_source returned 0; 0.001 sec.
INFO: [HLS 200-100] Execute           source E:/sdsoc171/SDx/2017.1/Vivado_HLS/common/technology/xilinx/ip/xfft.gen 
INFO: [HLS 200-100] Command           ap_source returned 0; 0.186 sec.
INFO: [HLS 200-100] Execute           source E:/sdsoc171/SDx/2017.1/Vivado_HLS/common/technology/xilinx/ip/xfir.gen 
INFO: [HLS 200-100] Command           ap_source returned 0; 0.002 sec.
INFO: [HLS 200-100] Command         ap_source returned 0; 0.283 sec.
INFO: [HLS 200-100] Execute         source E:/sdsoc171/SDx/2017.1/Vivado_HLS/common/technology/xilinx/common/dsp48.gen 
INFO: [HLS 200-100] Command         ap_source returned 0; 0 sec.
INFO: [HLS 200-100] Command       ap_source returned 0; 0.287 sec.
INFO: [HLS 200-100] Command     ap_source returned 0; 0.288 sec.
INFO: [HLS 200-100] Execute     source E:/sdsoc171/SDx/2017.1/Vivado_HLS/common/technology/xilinx/zynq/zynq_fpv6.gen 
INFO: [HLS 200-100] Execute       source E:/sdsoc171/SDx/2017.1/Vivado_HLS/common/technology/xilinx/common/xilinx_fpv6.gen 
INFO: [HLS 200-100] Command       ap_source returned 0; 0.004 sec.
INFO: [HLS 200-100] Command     ap_source returned 0; 0.004 sec.
INFO: [HLS 200-100] Execute     source C:/Users/c7benj/Documents/MULTI_ROTOR/Flight_Main/FlightMain/solution1/.autopilot/db/global.setting.tcl 
INFO: [HLS 200-100] Command     ap_source returned 0; 0.001 sec.
INFO: [HLS 200-100] Execute     source C:/Users/c7benj/Documents/MULTI_ROTOR/Flight_Main/FlightMain/solution1/.autopilot/db/global.setting.tcl 
INFO: [HLS 200-100] Command     ap_source returned 0; 0.001 sec.
INFO: [HLS 200-100] Execute     source C:/Users/c7benj/Documents/MULTI_ROTOR/Flight_Main/FlightMain/solution1/.autopilot/db/flightmain.compgen.tcl 
INFO: [HLS 200-100] Command     ap_source returned 0; 0.001 sec.
INFO: [HLS 200-100] Execute     source C:/Users/c7benj/Documents/MULTI_ROTOR/Flight_Main/FlightMain/solution1/.autopilot/db/global.setting.tcl 
INFO: [HLS 200-100] Command     ap_source returned 0; 0.001 sec.
INFO: [HLS 200-100] Execute     source C:/Users/c7benj/Documents/MULTI_ROTOR/Flight_Main/FlightMain/solution1/.autopilot/db/flightmain.constraint.tcl 
INFO: [HLS 200-100] Command     ap_source returned 0; 0.001 sec.
INFO: [HLS 200-100] Execute     source C:/Users/c7benj/Documents/MULTI_ROTOR/Flight_Main/FlightMain/solution1/.autopilot/db/global.setting.tcl 
INFO: [HLS 200-100] Command     ap_source returned 0; 0.001 sec.
INFO: [HLS 200-100] Execute     source E:/sdsoc171/SDx/2017.1/Vivado_HLS/common/technology/generic/autopilot/common.gen 
INFO: [HLS 200-100] Execute       source E:/sdsoc171/SDx/2017.1/Vivado_HLS/common/technology/generic/autopilot/APCoreGen.gen 
INFO: [HLS 200-100] Command       ap_source returned 0; 0.001 sec.
INFO: [HLS 200-100] Command     ap_source returned 0; 0.003 sec.
INFO: [HLS 200-100] Execute     source E:/sdsoc171/SDx/2017.1/Vivado_HLS/common/technology/generic/autopilot/op.gen 
INFO: [HLS 200-100] Command     ap_source returned 0; 0.001 sec.
INFO: [HLS 200-100] Execute     source E:/sdsoc171/SDx/2017.1/Vivado_HLS/common/technology/generic/autopilot/op_simcore.gen 
INFO: [HLS 200-100] Command     ap_source returned 0; 0.003 sec.
INFO: [HLS 200-100] Execute     source E:/sdsoc171/SDx/2017.1/Vivado_HLS/common/technology/generic/autopilot/interface.gen 
INFO: [HLS 200-100] Command     ap_source returned 0; 0 sec.
INFO: [HLS 200-100] Execute     source C:/Users/c7benj/Documents/MULTI_ROTOR/Flight_Main/FlightMain/solution1/.autopilot/db/global.setting.tcl 
INFO: [HLS 200-100] Command     ap_source returned 0; 0.048 sec.
INFO: [HLS 200-100] Execute     source E:/sdsoc171/SDx/2017.1/Vivado_HLS/common/technology/xilinx/zynq/zynq.gen 
INFO: [HLS 200-100] Execute       source E:/sdsoc171/SDx/2017.1/Vivado_HLS/common/technology/xilinx/common/virtex.gen 
INFO: [HLS 200-100] Execute         source E:/sdsoc171/SDx/2017.1/Vivado_HLS/common/technology/xilinx/common/xilinx.gen 
INFO: [HLS 200-100] Execute           source E:/sdsoc171/SDx/2017.1/Vivado_HLS/common/technology/xilinx/interface/plb46.gen 
INFO: [HLS 200-100] Command           ap_source returned 0; 0.002 sec.
INFO: [HLS 200-100] Execute           source E:/sdsoc171/SDx/2017.1/Vivado_HLS/common/technology/xilinx/interface/fsl.gen 
INFO: [HLS 200-100] Command           ap_source returned 0; 0.001 sec.
INFO: [HLS 200-100] Execute           source E:/sdsoc171/SDx/2017.1/Vivado_HLS/common/technology/xilinx/interface/axi4.gen 
INFO: [HLS 200-100] Command           ap_source returned 0; 0.006 sec.
INFO: [HLS 200-100] Execute           source E:/sdsoc171/SDx/2017.1/Vivado_HLS/common/technology/xilinx/interface/nativeAXI4.gen 
INFO: [HLS 200-100] Execute             source E:/sdsoc171/SDx/2017.1/Vivado_HLS/common/technology/xilinx/interface/saxilite.gen 
INFO: [HLS 200-100] Command             ap_source returned 0; 0.009 sec.
INFO: [HLS 200-100] Execute             source E:/sdsoc171/SDx/2017.1/Vivado_HLS/common/technology/xilinx/interface/maxi.gen 
INFO: [HLS 200-100] Command             ap_source returned 0; 0.021 sec.
INFO: [HLS 200-100] Command           ap_source returned 0; 0.03 sec.
INFO: [HLS 200-100] Execute           source E:/sdsoc171/SDx/2017.1/Vivado_HLS/common/technology/xilinx/scripts/xilinxcoregen.gen 
INFO: [HLS 200-100] Command           ap_source returned 0; 0.026 sec.
INFO: [HLS 200-100] Execute           source E:/sdsoc171/SDx/2017.1/Vivado_HLS/common/technology/xilinx/interface/XilEDKCoreGen.gen 
INFO: [HLS 200-100] Command           ap_source returned 0; 0.022 sec.
INFO: [HLS 200-100] Execute           source E:/sdsoc171/SDx/2017.1/Vivado_HLS/common/technology/xilinx/ip/dds_compiler.gen 
INFO: [HLS 200-100] Command           ap_source returned 0; 0.008 sec.
INFO: [HLS 200-100] Execute           source E:/sdsoc171/SDx/2017.1/Vivado_HLS/common/technology/xilinx/ip/util.gen 
INFO: [HLS 200-100] Command           ap_source returned 0; 0 sec.
INFO: [HLS 200-100] Execute           source E:/sdsoc171/SDx/2017.1/Vivado_HLS/common/technology/xilinx/ip/xfft.gen 
INFO: [HLS 200-100] Command           ap_source returned 0; 0.235 sec.
INFO: [HLS 200-100] Execute           source E:/sdsoc171/SDx/2017.1/Vivado_HLS/common/technology/xilinx/ip/xfir.gen 
INFO: [HLS 200-100] Command           ap_source returned 0; 0.002 sec.
INFO: [HLS 200-100] Command         ap_source returned 0; 0.336 sec.
INFO: [HLS 200-100] Execute         source E:/sdsoc171/SDx/2017.1/Vivado_HLS/common/technology/xilinx/common/dsp48.gen 
INFO: [HLS 200-100] Command         ap_source returned 0; 0 sec.
INFO: [HLS 200-100] Command       ap_source returned 0; 0.341 sec.
INFO: [HLS 200-100] Command     ap_source returned 0; 0.341 sec.
INFO: [HLS 200-100] Execute     source E:/sdsoc171/SDx/2017.1/Vivado_HLS/common/technology/xilinx/zynq/zynq_fpv6.gen 
INFO: [HLS 200-100] Execute       source E:/sdsoc171/SDx/2017.1/Vivado_HLS/common/technology/xilinx/common/xilinx_fpv6.gen 
INFO: [HLS 200-100] Command       ap_source returned 0; 0.003 sec.
INFO: [HLS 200-100] Command     ap_source returned 0; 0.003 sec.
WARNING: [IMPL 213-201] IO timing constraints are not applied without adding IO buffers.
INFO: [HLS 200-100] Execute     source C:/Users/c7benj/Documents/MULTI_ROTOR/Flight_Main/FlightMain/solution1/.autopilot/db/global.setting.tcl 
INFO: [HLS 200-100] Command     ap_source returned 0; 0.001 sec.
INFO: [HLS 200-100] Command   export_design returned 0; 53.742 sec.
INFO: [HLS 200-100] Command ap_source returned 0; 54.489 sec.
INFO: [HLS 200-100] Execute cleanup_all 
INFO: [HLS 200-100] Command cleanup_all returned 0; 0 sec.
