

================================================================
== Vivado HLS Report for 'imu_spi'
================================================================
* Date:           Sun May  5 15:54:38 2019

* Version:        2018.2 (Build 2258646 on Thu Jun 14 20:25:20 MDT 2018)
* Project:        AXI_SPI_Driver
* Solution:       solution1
* Product family: zynq
* Target device:  xc7z020clg400-1


================================================================
== Performance Estimates
================================================================
+ Timing (ns): 
    * Summary: 
    +--------+-------+----------+------------+
    |  Clock | Target| Estimated| Uncertainty|
    +--------+-------+----------+------------+
    |ap_clk  |  10.00|     8.750|        1.25|
    +--------+-------+----------+------------+

+ Latency (clock cycles): 
    * Summary: 
    +-----+-----+-----+-----+---------+
    |  Latency  |  Interval | Pipeline|
    | min | max | min | max |   Type  |
    +-----+-----+-----+-----+---------+
    |   16|   16|   16|   16|   none  |
    +-----+-----+-----+-----+---------+

    + Detail: 
        * Instance: 
        N/A

        * Loop: 
        N/A

============================================================
+ Verbose Summary: Synthesis Manager
============================================================
InlineROM: 1
ExposeGlobal: 0
============================================================
+ Verbose Summary: CDFG Model
============================================================
IsTopModel: 1
ResetActiveHigh: 1
IsCombinational: 0
IsDatapathOnly: 0
HasWiredReturn: 1
HasMFsm: 0
HasVarLatency: 1
IsPipeline: 0
IsRtlPipelined: 0
IsInstanceOverlapped: 0
IsDontTouch: 0
HasImplIP: 0
IsGatedGlobalClock: 0


============================================================
+ Verbose Summary: Schedule
============================================================
* Number of FSM states : 17
* Pipeline : 0
* Dataflow Pipeline: 0

* FSM state transitions: 
1 --> 
	2  / true
2 --> 
	3  / true
3 --> 
	4  / true
4 --> 
	5  / true
5 --> 
	6  / true
6 --> 
	7  / true
7 --> 
	8  / true
8 --> 
	9  / true
9 --> 
	10  / true
10 --> 
	11  / true
11 --> 
	12  / true
12 --> 
	13  / true
13 --> 
	14  / true
14 --> 
	15  / true
15 --> 
	16  / true
16 --> 
	17  / true
17 --> 

* FSM state operations: 

State 1 <SV = 0> <Delay = 8.75>
ST_1 : Operation 18 [1/1] (0.00ns)   --->   "%spi_bus_addr = getelementptr i32* %spi_bus, i64 96"   --->   Operation 18 'getelementptr' 'spi_bus_addr' <Predicate = true> <Delay = 0.00>
ST_1 : Operation 19 [1/1] (8.75ns)   --->   "%spi_bus_addr_req = call i1 @_ssdm_op_WriteReq.m_axi.i32P(i32* %spi_bus_addr, i32 1)" [AXI_SPI_Driver/AXI_SPI_Driver.cpp:92]   --->   Operation 19 'writereq' 'spi_bus_addr_req' <Predicate = true> <Delay = 8.75> <Core = "m_axi">   --->   Core 9 'm_axi' <Latency = 6> <II = 1> <Delay = 1.00> <Adapter> <Opcode : 'read' 'write' 'readreq' 'writereq' 'writeresp'>

State 2 <SV = 1> <Delay = 8.75>
ST_2 : Operation 20 [1/1] (8.75ns)   --->   "call void @_ssdm_op_Write.m_axi.volatile.i32P(i32* %spi_bus_addr, i32 6, i4 -1)" [AXI_SPI_Driver/AXI_SPI_Driver.cpp:92]   --->   Operation 20 'write' <Predicate = true> <Delay = 8.75> <Core = "m_axi">   --->   Core 9 'm_axi' <Latency = 6> <II = 1> <Delay = 1.00> <Adapter> <Opcode : 'read' 'write' 'readreq' 'writereq' 'writeresp'>
ST_2 : Operation 21 [1/1] (0.00ns)   --->   "%spi_bus_addr_1 = getelementptr i32* %spi_bus, i64 112"   --->   Operation 21 'getelementptr' 'spi_bus_addr_1' <Predicate = true> <Delay = 0.00>
ST_2 : Operation 22 [1/1] (8.75ns)   --->   "%spi_bus_addr_1_req = call i1 @_ssdm_op_WriteReq.m_axi.i32P(i32* %spi_bus_addr_1, i32 1)" [AXI_SPI_Driver/AXI_SPI_Driver.cpp:93]   --->   Operation 22 'writereq' 'spi_bus_addr_1_req' <Predicate = true> <Delay = 8.75> <Core = "m_axi">   --->   Core 9 'm_axi' <Latency = 6> <II = 1> <Delay = 1.00> <Adapter> <Opcode : 'read' 'write' 'readreq' 'writereq' 'writeresp'>

State 3 <SV = 2> <Delay = 8.75>
ST_3 : Operation 23 [1/1] (1.00ns)   --->   "%TX_message_read = call i16 @_ssdm_op_Read.s_axilite.i16(i16 %TX_message)"   --->   Operation 23 'read' 'TX_message_read' <Predicate = true> <Delay = 1.00> <Core = "s_axilite">   --->   Core 10 's_axilite' <Latency = 0> <II = 1> <Delay = 1.00> <Adapter> <Opcode : 'read' 'write'>
ST_3 : Operation 24 [5/5] (8.75ns)   --->   "%spi_bus_addr_resp = call i1 @_ssdm_op_WriteResp.m_axi.i32P(i32* %spi_bus_addr)" [AXI_SPI_Driver/AXI_SPI_Driver.cpp:92]   --->   Operation 24 'writeresp' 'spi_bus_addr_resp' <Predicate = true> <Delay = 8.75> <Core = "m_axi">   --->   Core 9 'm_axi' <Latency = 6> <II = 1> <Delay = 1.00> <Adapter> <Opcode : 'read' 'write' 'readreq' 'writereq' 'writeresp'>
ST_3 : Operation 25 [1/1] (8.75ns)   --->   "call void @_ssdm_op_Write.m_axi.volatile.i32P(i32* %spi_bus_addr_1, i32 65534, i4 -1)" [AXI_SPI_Driver/AXI_SPI_Driver.cpp:93]   --->   Operation 25 'write' <Predicate = true> <Delay = 8.75> <Core = "m_axi">   --->   Core 9 'm_axi' <Latency = 6> <II = 1> <Delay = 1.00> <Adapter> <Opcode : 'read' 'write' 'readreq' 'writereq' 'writeresp'>
ST_3 : Operation 26 [1/1] (0.00ns)   --->   "%spi_bus_addr_2 = getelementptr i32* %spi_bus, i64 104"   --->   Operation 26 'getelementptr' 'spi_bus_addr_2' <Predicate = true> <Delay = 0.00>
ST_3 : Operation 27 [1/1] (8.75ns)   --->   "%spi_bus_addr_2_req = call i1 @_ssdm_op_WriteReq.m_axi.i32P(i32* %spi_bus_addr_2, i32 1)" [AXI_SPI_Driver/AXI_SPI_Driver.cpp:97]   --->   Operation 27 'writereq' 'spi_bus_addr_2_req' <Predicate = true> <Delay = 8.75> <Core = "m_axi">   --->   Core 9 'm_axi' <Latency = 6> <II = 1> <Delay = 1.00> <Adapter> <Opcode : 'read' 'write' 'readreq' 'writereq' 'writeresp'>

State 4 <SV = 3> <Delay = 8.75>
ST_4 : Operation 28 [1/1] (0.00ns)   --->   "%tmp = zext i16 %TX_message_read to i32" [AXI_SPI_Driver/AXI_SPI_Driver.cpp:86]   --->   Operation 28 'zext' 'tmp' <Predicate = true> <Delay = 0.00>
ST_4 : Operation 29 [4/5] (8.75ns)   --->   "%spi_bus_addr_resp = call i1 @_ssdm_op_WriteResp.m_axi.i32P(i32* %spi_bus_addr)" [AXI_SPI_Driver/AXI_SPI_Driver.cpp:92]   --->   Operation 29 'writeresp' 'spi_bus_addr_resp' <Predicate = true> <Delay = 8.75> <Core = "m_axi">   --->   Core 9 'm_axi' <Latency = 6> <II = 1> <Delay = 1.00> <Adapter> <Opcode : 'read' 'write' 'readreq' 'writereq' 'writeresp'>
ST_4 : Operation 30 [5/5] (8.75ns)   --->   "%spi_bus_addr_1_resp = call i1 @_ssdm_op_WriteResp.m_axi.i32P(i32* %spi_bus_addr_1)" [AXI_SPI_Driver/AXI_SPI_Driver.cpp:93]   --->   Operation 30 'writeresp' 'spi_bus_addr_1_resp' <Predicate = true> <Delay = 8.75> <Core = "m_axi">   --->   Core 9 'm_axi' <Latency = 6> <II = 1> <Delay = 1.00> <Adapter> <Opcode : 'read' 'write' 'readreq' 'writereq' 'writeresp'>
ST_4 : Operation 31 [1/1] (8.75ns)   --->   "call void @_ssdm_op_Write.m_axi.volatile.i32P(i32* %spi_bus_addr_2, i32 %tmp, i4 -1)" [AXI_SPI_Driver/AXI_SPI_Driver.cpp:97]   --->   Operation 31 'write' <Predicate = true> <Delay = 8.75> <Core = "m_axi">   --->   Core 9 'm_axi' <Latency = 6> <II = 1> <Delay = 1.00> <Adapter> <Opcode : 'read' 'write' 'readreq' 'writereq' 'writeresp'>

State 5 <SV = 4> <Delay = 8.75>
ST_5 : Operation 32 [3/5] (8.75ns)   --->   "%spi_bus_addr_resp = call i1 @_ssdm_op_WriteResp.m_axi.i32P(i32* %spi_bus_addr)" [AXI_SPI_Driver/AXI_SPI_Driver.cpp:92]   --->   Operation 32 'writeresp' 'spi_bus_addr_resp' <Predicate = true> <Delay = 8.75> <Core = "m_axi">   --->   Core 9 'm_axi' <Latency = 6> <II = 1> <Delay = 1.00> <Adapter> <Opcode : 'read' 'write' 'readreq' 'writereq' 'writeresp'>
ST_5 : Operation 33 [4/5] (8.75ns)   --->   "%spi_bus_addr_1_resp = call i1 @_ssdm_op_WriteResp.m_axi.i32P(i32* %spi_bus_addr_1)" [AXI_SPI_Driver/AXI_SPI_Driver.cpp:93]   --->   Operation 33 'writeresp' 'spi_bus_addr_1_resp' <Predicate = true> <Delay = 8.75> <Core = "m_axi">   --->   Core 9 'm_axi' <Latency = 6> <II = 1> <Delay = 1.00> <Adapter> <Opcode : 'read' 'write' 'readreq' 'writereq' 'writeresp'>
ST_5 : Operation 34 [5/5] (8.75ns)   --->   "%spi_bus_addr_2_resp = call i1 @_ssdm_op_WriteResp.m_axi.i32P(i32* %spi_bus_addr_2)" [AXI_SPI_Driver/AXI_SPI_Driver.cpp:97]   --->   Operation 34 'writeresp' 'spi_bus_addr_2_resp' <Predicate = true> <Delay = 8.75> <Core = "m_axi">   --->   Core 9 'm_axi' <Latency = 6> <II = 1> <Delay = 1.00> <Adapter> <Opcode : 'read' 'write' 'readreq' 'writereq' 'writeresp'>

State 6 <SV = 5> <Delay = 8.75>
ST_6 : Operation 35 [2/5] (8.75ns)   --->   "%spi_bus_addr_resp = call i1 @_ssdm_op_WriteResp.m_axi.i32P(i32* %spi_bus_addr)" [AXI_SPI_Driver/AXI_SPI_Driver.cpp:92]   --->   Operation 35 'writeresp' 'spi_bus_addr_resp' <Predicate = true> <Delay = 8.75> <Core = "m_axi">   --->   Core 9 'm_axi' <Latency = 6> <II = 1> <Delay = 1.00> <Adapter> <Opcode : 'read' 'write' 'readreq' 'writereq' 'writeresp'>
ST_6 : Operation 36 [3/5] (8.75ns)   --->   "%spi_bus_addr_1_resp = call i1 @_ssdm_op_WriteResp.m_axi.i32P(i32* %spi_bus_addr_1)" [AXI_SPI_Driver/AXI_SPI_Driver.cpp:93]   --->   Operation 36 'writeresp' 'spi_bus_addr_1_resp' <Predicate = true> <Delay = 8.75> <Core = "m_axi">   --->   Core 9 'm_axi' <Latency = 6> <II = 1> <Delay = 1.00> <Adapter> <Opcode : 'read' 'write' 'readreq' 'writereq' 'writeresp'>
ST_6 : Operation 37 [4/5] (8.75ns)   --->   "%spi_bus_addr_2_resp = call i1 @_ssdm_op_WriteResp.m_axi.i32P(i32* %spi_bus_addr_2)" [AXI_SPI_Driver/AXI_SPI_Driver.cpp:97]   --->   Operation 37 'writeresp' 'spi_bus_addr_2_resp' <Predicate = true> <Delay = 8.75> <Core = "m_axi">   --->   Core 9 'm_axi' <Latency = 6> <II = 1> <Delay = 1.00> <Adapter> <Opcode : 'read' 'write' 'readreq' 'writereq' 'writeresp'>

State 7 <SV = 6> <Delay = 8.75>
ST_7 : Operation 38 [1/5] (8.75ns)   --->   "%spi_bus_addr_resp = call i1 @_ssdm_op_WriteResp.m_axi.i32P(i32* %spi_bus_addr)" [AXI_SPI_Driver/AXI_SPI_Driver.cpp:92]   --->   Operation 38 'writeresp' 'spi_bus_addr_resp' <Predicate = true> <Delay = 8.75> <Core = "m_axi">   --->   Core 9 'm_axi' <Latency = 6> <II = 1> <Delay = 1.00> <Adapter> <Opcode : 'read' 'write' 'readreq' 'writereq' 'writeresp'>
ST_7 : Operation 39 [2/5] (8.75ns)   --->   "%spi_bus_addr_1_resp = call i1 @_ssdm_op_WriteResp.m_axi.i32P(i32* %spi_bus_addr_1)" [AXI_SPI_Driver/AXI_SPI_Driver.cpp:93]   --->   Operation 39 'writeresp' 'spi_bus_addr_1_resp' <Predicate = true> <Delay = 8.75> <Core = "m_axi">   --->   Core 9 'm_axi' <Latency = 6> <II = 1> <Delay = 1.00> <Adapter> <Opcode : 'read' 'write' 'readreq' 'writereq' 'writeresp'>
ST_7 : Operation 40 [3/5] (8.75ns)   --->   "%spi_bus_addr_2_resp = call i1 @_ssdm_op_WriteResp.m_axi.i32P(i32* %spi_bus_addr_2)" [AXI_SPI_Driver/AXI_SPI_Driver.cpp:97]   --->   Operation 40 'writeresp' 'spi_bus_addr_2_resp' <Predicate = true> <Delay = 8.75> <Core = "m_axi">   --->   Core 9 'm_axi' <Latency = 6> <II = 1> <Delay = 1.00> <Adapter> <Opcode : 'read' 'write' 'readreq' 'writereq' 'writeresp'>

State 8 <SV = 7> <Delay = 8.75>
ST_8 : Operation 41 [1/5] (8.75ns)   --->   "%spi_bus_addr_1_resp = call i1 @_ssdm_op_WriteResp.m_axi.i32P(i32* %spi_bus_addr_1)" [AXI_SPI_Driver/AXI_SPI_Driver.cpp:93]   --->   Operation 41 'writeresp' 'spi_bus_addr_1_resp' <Predicate = true> <Delay = 8.75> <Core = "m_axi">   --->   Core 9 'm_axi' <Latency = 6> <II = 1> <Delay = 1.00> <Adapter> <Opcode : 'read' 'write' 'readreq' 'writereq' 'writeresp'>
ST_8 : Operation 42 [2/5] (8.75ns)   --->   "%spi_bus_addr_2_resp = call i1 @_ssdm_op_WriteResp.m_axi.i32P(i32* %spi_bus_addr_2)" [AXI_SPI_Driver/AXI_SPI_Driver.cpp:97]   --->   Operation 42 'writeresp' 'spi_bus_addr_2_resp' <Predicate = true> <Delay = 8.75> <Core = "m_axi">   --->   Core 9 'm_axi' <Latency = 6> <II = 1> <Delay = 1.00> <Adapter> <Opcode : 'read' 'write' 'readreq' 'writereq' 'writeresp'>

State 9 <SV = 8> <Delay = 8.75>
ST_9 : Operation 43 [1/5] (8.75ns)   --->   "%spi_bus_addr_2_resp = call i1 @_ssdm_op_WriteResp.m_axi.i32P(i32* %spi_bus_addr_2)" [AXI_SPI_Driver/AXI_SPI_Driver.cpp:97]   --->   Operation 43 'writeresp' 'spi_bus_addr_2_resp' <Predicate = true> <Delay = 8.75> <Core = "m_axi">   --->   Core 9 'm_axi' <Latency = 6> <II = 1> <Delay = 1.00> <Adapter> <Opcode : 'read' 'write' 'readreq' 'writereq' 'writeresp'>

State 10 <SV = 9> <Delay = 8.75>
ST_10 : Operation 44 [1/1] (0.00ns)   --->   "%spi_bus_addr_3 = getelementptr i32* %spi_bus, i64 108"   --->   Operation 44 'getelementptr' 'spi_bus_addr_3' <Predicate = true> <Delay = 0.00>
ST_10 : Operation 45 [7/7] (8.75ns)   --->   "%p_req = call i1 @_ssdm_op_ReadReq.m_axi.i32P(i32* %spi_bus_addr_3, i32 1)" [AXI_SPI_Driver/AXI_SPI_Driver.cpp:101]   --->   Operation 45 'readreq' 'p_req' <Predicate = true> <Delay = 8.75> <Core = "m_axi">   --->   Core 9 'm_axi' <Latency = 6> <II = 1> <Delay = 1.00> <Adapter> <Opcode : 'read' 'write' 'readreq' 'writereq' 'writeresp'>

State 11 <SV = 10> <Delay = 8.75>
ST_11 : Operation 46 [6/7] (8.75ns)   --->   "%p_req = call i1 @_ssdm_op_ReadReq.m_axi.i32P(i32* %spi_bus_addr_3, i32 1)" [AXI_SPI_Driver/AXI_SPI_Driver.cpp:101]   --->   Operation 46 'readreq' 'p_req' <Predicate = true> <Delay = 8.75> <Core = "m_axi">   --->   Core 9 'm_axi' <Latency = 6> <II = 1> <Delay = 1.00> <Adapter> <Opcode : 'read' 'write' 'readreq' 'writereq' 'writeresp'>

State 12 <SV = 11> <Delay = 8.75>
ST_12 : Operation 47 [5/7] (8.75ns)   --->   "%p_req = call i1 @_ssdm_op_ReadReq.m_axi.i32P(i32* %spi_bus_addr_3, i32 1)" [AXI_SPI_Driver/AXI_SPI_Driver.cpp:101]   --->   Operation 47 'readreq' 'p_req' <Predicate = true> <Delay = 8.75> <Core = "m_axi">   --->   Core 9 'm_axi' <Latency = 6> <II = 1> <Delay = 1.00> <Adapter> <Opcode : 'read' 'write' 'readreq' 'writereq' 'writeresp'>

State 13 <SV = 12> <Delay = 8.75>
ST_13 : Operation 48 [4/7] (8.75ns)   --->   "%p_req = call i1 @_ssdm_op_ReadReq.m_axi.i32P(i32* %spi_bus_addr_3, i32 1)" [AXI_SPI_Driver/AXI_SPI_Driver.cpp:101]   --->   Operation 48 'readreq' 'p_req' <Predicate = true> <Delay = 8.75> <Core = "m_axi">   --->   Core 9 'm_axi' <Latency = 6> <II = 1> <Delay = 1.00> <Adapter> <Opcode : 'read' 'write' 'readreq' 'writereq' 'writeresp'>

State 14 <SV = 13> <Delay = 8.75>
ST_14 : Operation 49 [3/7] (8.75ns)   --->   "%p_req = call i1 @_ssdm_op_ReadReq.m_axi.i32P(i32* %spi_bus_addr_3, i32 1)" [AXI_SPI_Driver/AXI_SPI_Driver.cpp:101]   --->   Operation 49 'readreq' 'p_req' <Predicate = true> <Delay = 8.75> <Core = "m_axi">   --->   Core 9 'm_axi' <Latency = 6> <II = 1> <Delay = 1.00> <Adapter> <Opcode : 'read' 'write' 'readreq' 'writereq' 'writeresp'>

State 15 <SV = 14> <Delay = 8.75>
ST_15 : Operation 50 [2/7] (8.75ns)   --->   "%p_req = call i1 @_ssdm_op_ReadReq.m_axi.i32P(i32* %spi_bus_addr_3, i32 1)" [AXI_SPI_Driver/AXI_SPI_Driver.cpp:101]   --->   Operation 50 'readreq' 'p_req' <Predicate = true> <Delay = 8.75> <Core = "m_axi">   --->   Core 9 'm_axi' <Latency = 6> <II = 1> <Delay = 1.00> <Adapter> <Opcode : 'read' 'write' 'readreq' 'writereq' 'writeresp'>

State 16 <SV = 15> <Delay = 8.75>
ST_16 : Operation 51 [1/7] (8.75ns)   --->   "%p_req = call i1 @_ssdm_op_ReadReq.m_axi.i32P(i32* %spi_bus_addr_3, i32 1)" [AXI_SPI_Driver/AXI_SPI_Driver.cpp:101]   --->   Operation 51 'readreq' 'p_req' <Predicate = true> <Delay = 8.75> <Core = "m_axi">   --->   Core 9 'm_axi' <Latency = 6> <II = 1> <Delay = 1.00> <Adapter> <Opcode : 'read' 'write' 'readreq' 'writereq' 'writeresp'>

State 17 <SV = 16> <Delay = 8.75>
ST_17 : Operation 52 [1/1] (0.00ns)   --->   "call void (...)* @_ssdm_op_SpecBitsMap(i32* %spi_bus), !map !14"   --->   Operation 52 'specbitsmap' <Predicate = true> <Delay = 0.00>
ST_17 : Operation 53 [1/1] (0.00ns)   --->   "call void (...)* @_ssdm_op_SpecBitsMap(i16 %TX_message) nounwind, !map !20"   --->   Operation 53 'specbitsmap' <Predicate = true> <Delay = 0.00>
ST_17 : Operation 54 [1/1] (0.00ns)   --->   "call void (...)* @_ssdm_op_SpecBitsMap(i16 %RX_message) nounwind, !map !26"   --->   Operation 54 'specbitsmap' <Predicate = true> <Delay = 0.00>
ST_17 : Operation 55 [1/1] (0.00ns)   --->   "call void (...)* @_ssdm_op_SpecTopModule([8 x i8]* @imu_spi_str) nounwind"   --->   Operation 55 'spectopmodule' <Predicate = true> <Delay = 0.00>
ST_17 : Operation 56 [1/1] (0.00ns)   --->   "call void (...)* @_ssdm_op_SpecInterface(i32 0, [10 x i8]* @p_str, i32 0, i32 0, [1 x i8]* @p_str1, i32 0, i32 0, [1 x i8]* @p_str1, [1 x i8]* @p_str1, [1 x i8]* @p_str1, i32 0, i32 0, i32 0, i32 0, [1 x i8]* @p_str1, [1 x i8]* @p_str1) nounwind" [AXI_SPI_Driver/AXI_SPI_Driver.cpp:84]   --->   Operation 56 'specinterface' <Predicate = true> <Delay = 0.00>
ST_17 : Operation 57 [1/1] (0.00ns)   --->   "call void (...)* @_ssdm_op_SpecInterface(i16 %TX_message, [10 x i8]* @p_str, i32 0, i32 0, [1 x i8]* @p_str1, i32 0, i32 0, [1 x i8]* @p_str1, [1 x i8]* @p_str1, [1 x i8]* @p_str1, i32 0, i32 0, i32 0, i32 0, [1 x i8]* @p_str1, [1 x i8]* @p_str1) nounwind" [AXI_SPI_Driver/AXI_SPI_Driver.cpp:86]   --->   Operation 57 'specinterface' <Predicate = true> <Delay = 0.00>
ST_17 : Operation 58 [1/1] (0.00ns)   --->   "call void (...)* @_ssdm_op_SpecInterface(i16 %RX_message, [10 x i8]* @p_str, i32 0, i32 0, [1 x i8]* @p_str1, i32 0, i32 0, [1 x i8]* @p_str1, [1 x i8]* @p_str1, [1 x i8]* @p_str1, i32 0, i32 0, i32 0, i32 0, [1 x i8]* @p_str1, [1 x i8]* @p_str1) nounwind" [AXI_SPI_Driver/AXI_SPI_Driver.cpp:87]   --->   Operation 58 'specinterface' <Predicate = true> <Delay = 0.00>
ST_17 : Operation 59 [1/1] (0.00ns)   --->   "call void (...)* @_ssdm_op_SpecInterface(i32* %spi_bus, [6 x i8]* @p_str2, i32 0, i32 0, [1 x i8]* @p_str1, i32 0, i32 32, [1 x i8]* @p_str1, [4 x i8]* @p_str3, [1 x i8]* @p_str1, i32 16, i32 16, i32 16, i32 16, [1 x i8]* @p_str1, [1 x i8]* @p_str1)"   --->   Operation 59 'specinterface' <Predicate = true> <Delay = 0.00>
ST_17 : Operation 60 [1/1] (8.75ns)   --->   "%empty = call i32 @_ssdm_op_Read.m_axi.volatile.i32P(i32* %spi_bus_addr_3)" [AXI_SPI_Driver/AXI_SPI_Driver.cpp:101]   --->   Operation 60 'read' 'empty' <Predicate = true> <Delay = 8.75> <Core = "m_axi">   --->   Core 9 'm_axi' <Latency = 6> <II = 1> <Delay = 1.00> <Adapter> <Opcode : 'read' 'write' 'readreq' 'writereq' 'writeresp'>
ST_17 : Operation 61 [1/1] (0.00ns)   --->   "ret void" [AXI_SPI_Driver/AXI_SPI_Driver.cpp:105]   --->   Operation 61 'ret' <Predicate = true> <Delay = 0.00>


============================================================
+ Verbose Summary: Timing violations
============================================================
Target clock period: 10ns, clock uncertainty: 1.25ns.

 <State 1>: 8.75ns
The critical path consists of the following:
	'getelementptr' operation ('spi_bus_addr') [14]  (0 ns)
	bus request on port 'spi_bus' (AXI_SPI_Driver/AXI_SPI_Driver.cpp:92) [15]  (8.75 ns)

 <State 2>: 8.75ns
The critical path consists of the following:
	bus write on port 'spi_bus' (AXI_SPI_Driver/AXI_SPI_Driver.cpp:92) [16]  (8.75 ns)

 <State 3>: 8.75ns
The critical path consists of the following:
	bus access on port 'spi_bus' (AXI_SPI_Driver/AXI_SPI_Driver.cpp:92) [17]  (8.75 ns)

 <State 4>: 8.75ns
The critical path consists of the following:
	bus write on port 'spi_bus' (AXI_SPI_Driver/AXI_SPI_Driver.cpp:97) [24]  (8.75 ns)

 <State 5>: 8.75ns
The critical path consists of the following:
	bus access on port 'spi_bus' (AXI_SPI_Driver/AXI_SPI_Driver.cpp:92) [17]  (8.75 ns)

 <State 6>: 8.75ns
The critical path consists of the following:
	bus access on port 'spi_bus' (AXI_SPI_Driver/AXI_SPI_Driver.cpp:92) [17]  (8.75 ns)

 <State 7>: 8.75ns
The critical path consists of the following:
	bus access on port 'spi_bus' (AXI_SPI_Driver/AXI_SPI_Driver.cpp:92) [17]  (8.75 ns)

 <State 8>: 8.75ns
The critical path consists of the following:
	bus access on port 'spi_bus' (AXI_SPI_Driver/AXI_SPI_Driver.cpp:93) [21]  (8.75 ns)

 <State 9>: 8.75ns
The critical path consists of the following:
	bus access on port 'spi_bus' (AXI_SPI_Driver/AXI_SPI_Driver.cpp:97) [25]  (8.75 ns)

 <State 10>: 8.75ns
The critical path consists of the following:
	'getelementptr' operation ('spi_bus_addr_3') [26]  (0 ns)
	bus request on port 'spi_bus' (AXI_SPI_Driver/AXI_SPI_Driver.cpp:101) [27]  (8.75 ns)

 <State 11>: 8.75ns
The critical path consists of the following:
	bus request on port 'spi_bus' (AXI_SPI_Driver/AXI_SPI_Driver.cpp:101) [27]  (8.75 ns)

 <State 12>: 8.75ns
The critical path consists of the following:
	bus request on port 'spi_bus' (AXI_SPI_Driver/AXI_SPI_Driver.cpp:101) [27]  (8.75 ns)

 <State 13>: 8.75ns
The critical path consists of the following:
	bus request on port 'spi_bus' (AXI_SPI_Driver/AXI_SPI_Driver.cpp:101) [27]  (8.75 ns)

 <State 14>: 8.75ns
The critical path consists of the following:
	bus request on port 'spi_bus' (AXI_SPI_Driver/AXI_SPI_Driver.cpp:101) [27]  (8.75 ns)

 <State 15>: 8.75ns
The critical path consists of the following:
	bus request on port 'spi_bus' (AXI_SPI_Driver/AXI_SPI_Driver.cpp:101) [27]  (8.75 ns)

 <State 16>: 8.75ns
The critical path consists of the following:
	bus request on port 'spi_bus' (AXI_SPI_Driver/AXI_SPI_Driver.cpp:101) [27]  (8.75 ns)

 <State 17>: 8.75ns
The critical path consists of the following:
	bus read on port 'spi_bus' (AXI_SPI_Driver/AXI_SPI_Driver.cpp:101) [28]  (8.75 ns)


============================================================
+ Verbose Summary: Binding
============================================================
N/A
* FSMD analyzer results:
  - Output states:
 - Input state : 
  - Chain level:
	State 1
	State 2
	State 3
	State 4
	State 5
	State 6
	State 7
	State 8
	State 9
	State 10
	State 11
	State 12
	State 13
	State 14
	State 15
	State 16
	State 17


============================================================
+ Verbose Summary: Datapath Resource usage 
============================================================
N/A
