INFO: [HLS 200-0] Workspace C:/Users/c7benj/Documents/MULTI_ROTOR/Flight_Main/FlightMain/solution1 opened at Sat May 25 15:30:01 -0700 2019
INFO: [HLS 200-100] Execute     config_clock -quiet -name default -period 10 -default=false 
INFO: [SYN 201-201] Setting up clock 'default' with a period of 10ns.
INFO: [HLS 200-100] Command     config_clock returned 0; 0 sec.
INFO: [HLS 200-100] Execute     open_platform DefaultPlatform 
INFO: [HLS 200-100] Command     open_platform returned 0; 0 sec.
INFO: [HLS 200-100] Execute     import_lib E:/sdsoc171/SDx/2017.1/Vivado_HLS/common/technology/xilinx/zynq/zynq 
INFO: [HLS 200-100] Execute       source E:/sdsoc171/SDx/2017.1/Vivado_HLS/common/technology/xilinx/common/xilinx.lib 
INFO: [HLS 200-100] Execute         source E:/sdsoc171/SDx/2017.1/Vivado_HLS/common/technology/xilinx/interface/xilinx_interface.lib 
INFO: [HLS 200-100] Execute           source E:/sdsoc171/SDx/2017.1/Vivado_HLS/common/technology/xilinx/interface/plb46.lib 
INFO: [HLS 200-100] Command           ap_source returned 0; 0.01 sec.
INFO: [HLS 200-100] Execute           source E:/sdsoc171/SDx/2017.1/Vivado_HLS/common/technology/xilinx/interface/fsl.lib 
INFO: [HLS 200-100] Command           ap_source returned 0; 0 sec.
INFO: [HLS 200-100] Execute           source E:/sdsoc171/SDx/2017.1/Vivado_HLS/common/technology/xilinx/interface/axi4.lib 
INFO: [HLS 200-100] Command           ap_source returned 0; 0.009 sec.
INFO: [HLS 200-100] Execute           source E:/sdsoc171/SDx/2017.1/Vivado_HLS/common/technology/xilinx/interface/maxi.lib 
INFO: [HLS 200-100] Command           ap_source returned 0; 0.001 sec.
INFO: [HLS 200-100] Execute           source E:/sdsoc171/SDx/2017.1/Vivado_HLS/common/technology/xilinx/interface/saxilite.lib 
INFO: [HLS 200-100] Command           ap_source returned 0; 0.001 sec.
INFO: [HLS 200-100] Command         ap_source returned 0; 0.023 sec.
INFO: [HLS 200-100] Execute         source E:/sdsoc171/SDx/2017.1/Vivado_HLS/common/technology/xilinx/common/dsp48.lib 
INFO: [HLS 200-100] Command         ap_source returned 0; 0.008 sec.
INFO: [HLS 200-100] Execute         source E:/sdsoc171/SDx/2017.1/Vivado_HLS/common/technology/xilinx/ip/dds_compiler.lib 
INFO: [HLS 200-100] Command         ap_source returned 0; 0 sec.
INFO: [HLS 200-100] Execute         source E:/sdsoc171/SDx/2017.1/Vivado_HLS/common/technology/xilinx/ip/xfft.lib 
INFO: [HLS 200-100] Command         ap_source returned 0; 0 sec.
INFO: [HLS 200-100] Execute         source E:/sdsoc171/SDx/2017.1/Vivado_HLS/common/technology/xilinx/ip/xfir.lib 
INFO: [HLS 200-100] Command         ap_source returned 0; 0.001 sec.
INFO: [HLS 200-100] Command       ap_source returned 0; 0.046 sec.
INFO: [HLS 200-100] Execute       source E:/sdsoc171/SDx/2017.1/Vivado_HLS/common/technology/xilinx/common/xilinx_old.lib 
INFO: [HLS 200-100] Command       ap_source returned 0; 0.002 sec.
INFO: [HLS 200-100] Execute       source E:/sdsoc171/SDx/2017.1/Vivado_HLS/common/technology/xilinx/common/xilinx_vivado.lib 
INFO: [HLS 200-100] Command       ap_source returned 0; 0.002 sec.
INFO: [HLS 200-100] Execute       source E:/sdsoc171/SDx/2017.1/Vivado_HLS/common/technology/xilinx/common/xilinx.hlp 
INFO: [HLS 200-100] Execute         source E:/sdsoc171/SDx/2017.1/Vivado_HLS/common/technology/xilinx/common/target_info.tcl 
INFO: [HLS 200-100] Command         ap_source returned 0; 0.001 sec.
INFO: [HLS 200-100] Execute         source E:/sdsoc171/SDx/2017.1/Vivado_HLS/common/technology/xilinx/interface/xilinx_interface.hlp 
INFO: [HLS 200-100] Execute           source E:/sdsoc171/SDx/2017.1/Vivado_HLS/common/technology/xilinx/interface/maxi.hlp 
INFO: [HLS 200-100] Command           ap_source returned 0; 0.003 sec.
INFO: [HLS 200-100] Execute           source E:/sdsoc171/SDx/2017.1/Vivado_HLS/common/technology/xilinx/interface/saxilite.hlp 
INFO: [HLS 200-100] Command           ap_source returned 0; 0.007 sec.
INFO: [HLS 200-100] Command         ap_source returned 0; 0.012 sec.
INFO: [HLS 200-100] Execute         source E:/sdsoc171/SDx/2017.1/Vivado_HLS/common/technology/xilinx/common/dsp48.hlp 
INFO: [HLS 200-100] Command         ap_source returned 0; 0.009 sec.
INFO: [HLS 200-100] Command       ap_source returned 0; 0.04 sec.
INFO: [HLS 200-100] Execute       source E:/sdsoc171/SDx/2017.1/Vivado_HLS/common/technology/xilinx/zynq/dsp48e1.hlp 
INFO: [HLS 200-100] Command       ap_source returned 0; 0.004 sec.
INFO: [HLS 200-100] Execute       get_default_platform 
INFO: [HLS 200-100] Command       get_default_platform returned 0; 0 sec.
INFO: [HLS 200-100] Execute       config_chip_info -quiet -resource  {SLICE 13300}  {LUT 53200}     {FF 106400} {DSP48E 220}   {BRAM 280}  
INFO: [HLS 200-100] Command       config_chip_info returned 0; 0 sec.
INFO: [HLS 200-100] Execute       config_chip_info -quiet -speed medium 
INFO: [HLS 200-100] Command       config_chip_info returned 0; 0.001 sec.
INFO: [HLS 200-100] Execute       source E:/sdsoc171/SDx/2017.1/Vivado_HLS/common/technology/xilinx/common/xilinx.hlp 
INFO: [HLS 200-100] Execute         source E:/sdsoc171/SDx/2017.1/Vivado_HLS/common/technology/xilinx/common/target_info.tcl 
INFO: [HLS 200-100] Command         ap_source returned 0; 0.047 sec.
INFO: [HLS 200-100] Execute         source E:/sdsoc171/SDx/2017.1/Vivado_HLS/common/technology/xilinx/interface/xilinx_interface.hlp 
INFO: [HLS 200-100] Execute           source E:/sdsoc171/SDx/2017.1/Vivado_HLS/common/technology/xilinx/interface/maxi.hlp 
INFO: [HLS 200-100] Command           ap_source returned 0; 0 sec.
INFO: [HLS 200-100] Execute           source E:/sdsoc171/SDx/2017.1/Vivado_HLS/common/technology/xilinx/interface/saxilite.hlp 
INFO: [HLS 200-100] Command           ap_source returned 0; 0.001 sec.
INFO: [HLS 200-100] Command         ap_source returned 0; 0.001 sec.
INFO: [HLS 200-100] Execute         source E:/sdsoc171/SDx/2017.1/Vivado_HLS/common/technology/xilinx/common/dsp48.hlp 
INFO: [HLS 200-100] Command         ap_source returned 0; 0.002 sec.
INFO: [HLS 200-100] Command       ap_source returned 0; 0.054 sec.
INFO: [HLS 200-100] Command     import_lib returned 0; 0.18 sec.
INFO: [HLS 200-100] Execute     source E:/sdsoc171/SDx/2017.1/Vivado_HLS/common/technology/xilinx/zynq/zynq.gen 
INFO: [HLS 200-100] Execute       source E:/sdsoc171/SDx/2017.1/Vivado_HLS/common/technology/xilinx/common/virtex.gen 
INFO: [HLS 200-100] Execute         source E:/sdsoc171/SDx/2017.1/Vivado_HLS/common/technology/xilinx/common/xilinx.gen 
INFO: [HLS 200-100] Execute           source E:/sdsoc171/SDx/2017.1/Vivado_HLS/common/technology/xilinx/interface/plb46.gen 
INFO: [HLS 200-100] Command           ap_source returned 0; 0.003 sec.
INFO: [HLS 200-100] Execute           source E:/sdsoc171/SDx/2017.1/Vivado_HLS/common/technology/xilinx/interface/fsl.gen 
INFO: [HLS 200-100] Command           ap_source returned 0; 0.001 sec.
INFO: [HLS 200-100] Execute           source E:/sdsoc171/SDx/2017.1/Vivado_HLS/common/technology/xilinx/interface/axi4.gen 
INFO: [HLS 200-100] Command           ap_source returned 0; 0.004 sec.
INFO: [HLS 200-100] Execute           source E:/sdsoc171/SDx/2017.1/Vivado_HLS/common/technology/xilinx/interface/nativeAXI4.gen 
INFO: [HLS 200-100] Execute             source E:/sdsoc171/SDx/2017.1/Vivado_HLS/common/technology/xilinx/interface/saxilite.gen 
INFO: [HLS 200-100] Command             ap_source returned 0; 0.008 sec.
INFO: [HLS 200-100] Execute             source E:/sdsoc171/SDx/2017.1/Vivado_HLS/common/technology/xilinx/interface/maxi.gen 
INFO: [HLS 200-100] Command             ap_source returned 0; 0.017 sec.
INFO: [HLS 200-100] Command           ap_source returned 0; 0.026 sec.
INFO: [HLS 200-100] Execute           source E:/sdsoc171/SDx/2017.1/Vivado_HLS/common/technology/xilinx/scripts/xilinxcoregen.gen 
INFO: [HLS 200-100] Command           ap_source returned 0; 0.021 sec.
INFO: [HLS 200-100] Execute           source E:/sdsoc171/SDx/2017.1/Vivado_HLS/common/technology/xilinx/interface/XilEDKCoreGen.gen 
INFO: [HLS 200-100] Command           ap_source returned 0; 0.016 sec.
INFO: [HLS 200-100] Execute           source E:/sdsoc171/SDx/2017.1/Vivado_HLS/common/technology/xilinx/ip/dds_compiler.gen 
INFO: [HLS 200-100] Command           ap_source returned 0; 0.006 sec.
INFO: [HLS 200-100] Execute           source E:/sdsoc171/SDx/2017.1/Vivado_HLS/common/technology/xilinx/ip/util.gen 
INFO: [HLS 200-100] Command           ap_source returned 0; 0 sec.
INFO: [HLS 200-100] Execute           source E:/sdsoc171/SDx/2017.1/Vivado_HLS/common/technology/xilinx/ip/xfft.gen 
INFO: [HLS 200-100] Command           ap_source returned 0; 0.174 sec.
INFO: [HLS 200-100] Execute           source E:/sdsoc171/SDx/2017.1/Vivado_HLS/common/technology/xilinx/ip/xfir.gen 
INFO: [HLS 200-100] Command           ap_source returned 0; 0.001 sec.
INFO: [HLS 200-100] Command         ap_source returned 0; 0.259 sec.
INFO: [HLS 200-100] Execute         source E:/sdsoc171/SDx/2017.1/Vivado_HLS/common/technology/xilinx/common/dsp48.gen 
INFO: [HLS 200-100] Command         ap_source returned 0; 0 sec.
INFO: [HLS 200-100] Command       ap_source returned 0; 0.263 sec.
INFO: [HLS 200-100] Command     ap_source returned 0; 0.264 sec.
INFO: [HLS 200-100] Execute     open_platform DefaultPlatform 
INFO: [HLS 200-100] Command     open_platform returned 0; 0 sec.
INFO: [HLS 200-100] Execute     import_lib E:/sdsoc171/SDx/2017.1/Vivado_HLS/common/technology/xilinx/zynq/zynq_fpv6 
INFO: [HLS 200-100] Execute       source E:/sdsoc171/SDx/2017.1/Vivado_HLS/common/technology/xilinx/common/xilinx_fpv7.lib 
INFO: [HLS 200-100] Execute         source E:/sdsoc171/SDx/2017.1/Vivado_HLS/common/technology/xilinx/common/xilinx_hp.lib 
INFO: [HLS 200-100] Command         ap_source returned 0; 0.002 sec.
INFO: [HLS 200-100] Command       ap_source returned 0; 0.007 sec.
INFO: [HLS 200-100] Execute       source E:/sdsoc171/SDx/2017.1/Vivado_HLS/common/technology/xilinx/common/xilinx_fpv.hlp 
INFO: [HLS 200-100] Execute         source E:/sdsoc171/SDx/2017.1/Vivado_HLS/common/technology/xilinx/common/xilinx.hlp 
INFO: [HLS 200-100] Execute           source E:/sdsoc171/SDx/2017.1/Vivado_HLS/common/technology/xilinx/common/target_info.tcl 
INFO: [HLS 200-100] Command           ap_source returned 0; 0.056 sec.
INFO: [HLS 200-100] Execute           source E:/sdsoc171/SDx/2017.1/Vivado_HLS/common/technology/xilinx/interface/xilinx_interface.hlp 
INFO: [HLS 200-100] Execute             source E:/sdsoc171/SDx/2017.1/Vivado_HLS/common/technology/xilinx/interface/maxi.hlp 
INFO: [HLS 200-100] Command             ap_source returned 0; 0 sec.
INFO: [HLS 200-100] Execute             source E:/sdsoc171/SDx/2017.1/Vivado_HLS/common/technology/xilinx/interface/saxilite.hlp 
INFO: [HLS 200-100] Command             ap_source returned 0; 0.001 sec.
INFO: [HLS 200-100] Command           ap_source returned 0; 0.002 sec.
INFO: [HLS 200-100] Execute           source E:/sdsoc171/SDx/2017.1/Vivado_HLS/common/technology/xilinx/common/dsp48.hlp 
INFO: [HLS 200-100] Command           ap_source returned 0; 0.001 sec.
INFO: [HLS 200-100] Command         ap_source returned 0; 0.062 sec.
INFO: [HLS 200-100] Command       ap_source returned 0; 0.067 sec.
INFO: [HLS 200-100] Execute       source E:/sdsoc171/SDx/2017.1/Vivado_HLS/common/technology/xilinx/zynq/zynq_hp.hlp 
INFO: [HLS 200-100] Command       ap_source returned 0; 0.005 sec.
INFO: [HLS 200-100] Command     import_lib returned 0; 0.109 sec.
INFO: [HLS 200-100] Execute     source E:/sdsoc171/SDx/2017.1/Vivado_HLS/common/technology/xilinx/zynq/zynq_fpv6.gen 
INFO: [HLS 200-100] Execute       source E:/sdsoc171/SDx/2017.1/Vivado_HLS/common/technology/xilinx/common/xilinx_fpv6.gen 
INFO: [HLS 200-100] Command       ap_source returned 0; 0.003 sec.
INFO: [HLS 200-100] Command     ap_source returned 0; 0.004 sec.
INFO: [HLS 200-100] Execute     set_part xc7z020clg400-1 
INFO: [HLS 200-100] Execute       add_library xilinx/zynq/zynq:xc7z020:clg400:-1 
INFO: [HLS 200-100] Execute         get_default_platform 
INFO: [HLS 200-100] Command         get_default_platform returned 0; 0 sec.
INFO: [HLS 200-100] Execute         license_isbetapart xc7z020 
INFO: [HLS 200-100] Command         license_isbetapart returned 1; 0.299 sec.
INFO: [HLS 200-100] Execute         get_default_platform 
INFO: [HLS 200-100] Command         get_default_platform returned 0; 0 sec.
INFO: [HLS 200-100] Execute         config_chip_info -quiet -resource  {SLICE 13300}  {LUT 53200}     {FF 106400} {DSP48E 220}   {BRAM 280}  
INFO: [HLS 200-100] Command         config_chip_info returned 0; 0 sec.
INFO: [HLS 200-100] Execute         config_chip_info -quiet -speed slow 
INFO: [HLS 200-100] Command         config_chip_info returned 0; 0 sec.
INFO: [HLS 200-100] Command       add_library returned 0; 0.307 sec.
INFO: [HLS 200-100] Execute       add_library xilinx/zynq/zynq_fpv6 
INFO: [HLS 200-100] Execute         get_default_platform 
INFO: [HLS 200-100] Command         get_default_platform returned 0; 0 sec.
INFO: [HLS 200-100] Command       add_library returned 0; 0.003 sec.
INFO: [HLS 200-10] Setting target device to 'xc7z020clg400-1'
INFO: [HLS 200-100] Execute       get_default_platform 
INFO: [HLS 200-100] Command       get_default_platform returned 0; 0 sec.
INFO: [HLS 200-100] Command     set_part returned 0; 0.434 sec.
INFO: [HLS 200-100] Execute     get_default_platform 
INFO: [HLS 200-100] Command     get_default_platform returned 0; 0 sec.
INFO: [HLS 200-100] Execute     config_chip_info -quiet -resource  {SLICE 13300}  {LUT 53200}     {FF 106400} {DSP48E 220}   {BRAM 280}  
INFO: [HLS 200-100] Command     config_chip_info returned 0; 0 sec.
INFO: [HLS 200-100] Execute     config_chip_info -quiet -speed slow 
INFO: [HLS 200-100] Command     config_chip_info returned 0; 0 sec.
INFO: [HLS 200-100] Command   open_solution returned 0; 1.044 sec.
INFO: [HLS 200-100] Execute   export_design -rtl vhdl -format ip_catalog 
INFO: [HLS 200-100] Execute     source C:/Users/c7benj/Documents/MULTI_ROTOR/Flight_Main/FlightMain/solution1/.autopilot/db/global.setting.tcl 
INFO: [HLS 200-100] Command     ap_source returned 0; 0.001 sec.
INFO: [HLS 200-100] Execute     source E:/sdsoc171/SDx/2017.1/Vivado_HLS/common/technology/generic/autopilot/common.gen 
INFO: [HLS 200-100] Execute       source E:/sdsoc171/SDx/2017.1/Vivado_HLS/common/technology/generic/autopilot/APCoreGen.gen 
INFO: [HLS 200-100] Command       ap_source returned 0; 0.002 sec.
INFO: [HLS 200-100] Command     ap_source returned 0; 0.003 sec.
INFO: [HLS 200-100] Execute     source E:/sdsoc171/SDx/2017.1/Vivado_HLS/common/technology/generic/autopilot/op.gen 
INFO: [HLS 200-100] Command     ap_source returned 0; 0.001 sec.
INFO: [HLS 200-100] Execute     source E:/sdsoc171/SDx/2017.1/Vivado_HLS/common/technology/generic/autopilot/op_simcore.gen 
INFO: [HLS 200-100] Command     ap_source returned 0; 0.002 sec.
INFO: [HLS 200-100] Execute     source E:/sdsoc171/SDx/2017.1/Vivado_HLS/common/technology/generic/autopilot/interface.gen 
INFO: [HLS 200-100] Command     ap_source returned 0; 0.001 sec.
INFO: [HLS 200-100] Execute     source C:/Users/c7benj/Documents/MULTI_ROTOR/Flight_Main/FlightMain/solution1/.autopilot/db/global.setting.tcl 
INFO: [HLS 200-100] Command     ap_source returned 0; 0.001 sec.
INFO: [HLS 200-100] Execute     source E:/sdsoc171/SDx/2017.1/Vivado_HLS/common/technology/xilinx/zynq/zynq.gen 
INFO: [HLS 200-100] Execute       source E:/sdsoc171/SDx/2017.1/Vivado_HLS/common/technology/xilinx/common/virtex.gen 
INFO: [HLS 200-100] Execute         source E:/sdsoc171/SDx/2017.1/Vivado_HLS/common/technology/xilinx/common/xilinx.gen 
INFO: [HLS 200-100] Execute           source E:/sdsoc171/SDx/2017.1/Vivado_HLS/common/technology/xilinx/interface/plb46.gen 
INFO: [HLS 200-100] Command           ap_source returned 0; 0.003 sec.
INFO: [HLS 200-100] Execute           source E:/sdsoc171/SDx/2017.1/Vivado_HLS/common/technology/xilinx/interface/fsl.gen 
INFO: [HLS 200-100] Command           ap_source returned 0; 0.001 sec.
INFO: [HLS 200-100] Execute           source E:/sdsoc171/SDx/2017.1/Vivado_HLS/common/technology/xilinx/interface/axi4.gen 
INFO: [HLS 200-100] Command           ap_source returned 0; 0.005 sec.
INFO: [HLS 200-100] Execute           source E:/sdsoc171/SDx/2017.1/Vivado_HLS/common/technology/xilinx/interface/nativeAXI4.gen 
INFO: [HLS 200-100] Execute             source E:/sdsoc171/SDx/2017.1/Vivado_HLS/common/technology/xilinx/interface/saxilite.gen 
INFO: [HLS 200-100] Command             ap_source returned 0; 0.011 sec.
INFO: [HLS 200-100] Execute             source E:/sdsoc171/SDx/2017.1/Vivado_HLS/common/technology/xilinx/interface/maxi.gen 
INFO: [HLS 200-100] Command             ap_source returned 0; 0.022 sec.
INFO: [HLS 200-100] Command           ap_source returned 0; 0.034 sec.
INFO: [HLS 200-100] Execute           source E:/sdsoc171/SDx/2017.1/Vivado_HLS/common/technology/xilinx/scripts/xilinxcoregen.gen 
INFO: [HLS 200-100] Command           ap_source returned 0; 0.027 sec.
INFO: [HLS 200-100] Execute           source E:/sdsoc171/SDx/2017.1/Vivado_HLS/common/technology/xilinx/interface/XilEDKCoreGen.gen 
INFO: [HLS 200-100] Command           ap_source returned 0; 0.017 sec.
INFO: [HLS 200-100] Execute           source E:/sdsoc171/SDx/2017.1/Vivado_HLS/common/technology/xilinx/ip/dds_compiler.gen 
INFO: [HLS 200-100] Command           ap_source returned 0; 0.008 sec.
INFO: [HLS 200-100] Execute           source E:/sdsoc171/SDx/2017.1/Vivado_HLS/common/technology/xilinx/ip/util.gen 
INFO: [HLS 200-100] Command           ap_source returned 0; 0.001 sec.
INFO: [HLS 200-100] Execute           source E:/sdsoc171/SDx/2017.1/Vivado_HLS/common/technology/xilinx/ip/xfft.gen 
INFO: [HLS 200-100] Command           ap_source returned 0; 0.195 sec.
INFO: [HLS 200-100] Execute           source E:/sdsoc171/SDx/2017.1/Vivado_HLS/common/technology/xilinx/ip/xfir.gen 
INFO: [HLS 200-100] Command           ap_source returned 0; 0.002 sec.
INFO: [HLS 200-100] Command         ap_source returned 0; 0.304 sec.
INFO: [HLS 200-100] Execute         source E:/sdsoc171/SDx/2017.1/Vivado_HLS/common/technology/xilinx/common/dsp48.gen 
INFO: [HLS 200-100] Command         ap_source returned 0; 0 sec.
INFO: [HLS 200-100] Command       ap_source returned 0; 0.309 sec.
INFO: [HLS 200-100] Command     ap_source returned 0; 0.311 sec.
INFO: [HLS 200-100] Execute     source E:/sdsoc171/SDx/2017.1/Vivado_HLS/common/technology/xilinx/zynq/zynq_fpv6.gen 
INFO: [HLS 200-100] Execute       source E:/sdsoc171/SDx/2017.1/Vivado_HLS/common/technology/xilinx/common/xilinx_fpv6.gen 
INFO: [HLS 200-100] Command       ap_source returned 0; 0.004 sec.
INFO: [HLS 200-100] Command     ap_source returned 0; 0.004 sec.
INFO: [HLS 200-100] Execute     source C:/Users/c7benj/Documents/MULTI_ROTOR/Flight_Main/FlightMain/solution1/.autopilot/db/global.setting.tcl 
INFO: [HLS 200-100] Command     ap_source returned 0; 0.002 sec.
INFO: [IMPL 213-8] Exporting RTL as an IP in IP-XACT.
INFO: [HLS 200-100] Execute     source C:/Users/c7benj/Documents/MULTI_ROTOR/Flight_Main/FlightMain/solution1/.autopilot/db/global.setting.tcl 
INFO: [HLS 200-100] Command     ap_source returned 0; 0.001 sec.
INFO: [HLS 200-100] Execute     source C:/Users/c7benj/Documents/MULTI_ROTOR/Flight_Main/FlightMain/solution1/.autopilot/db/global.setting.tcl 
INFO: [HLS 200-100] Command     ap_source returned 0; 0.001 sec.
INFO: [HLS 200-100] Execute     source E:/sdsoc171/SDx/2017.1/Vivado_HLS/common/technology/generic/autopilot/common.gen 
INFO: [HLS 200-100] Execute       source E:/sdsoc171/SDx/2017.1/Vivado_HLS/common/technology/generic/autopilot/APCoreGen.gen 
INFO: [HLS 200-100] Command       ap_source returned 0; 0.002 sec.
INFO: [HLS 200-100] Command     ap_source returned 0; 0.003 sec.
INFO: [HLS 200-100] Execute     source E:/sdsoc171/SDx/2017.1/Vivado_HLS/common/technology/generic/autopilot/op.gen 
INFO: [HLS 200-100] Command     ap_source returned 0; 0.001 sec.
INFO: [HLS 200-100] Execute     source E:/sdsoc171/SDx/2017.1/Vivado_HLS/common/technology/generic/autopilot/op_simcore.gen 
INFO: [HLS 200-100] Command     ap_source returned 0; 0.004 sec.
INFO: [HLS 200-100] Execute     source E:/sdsoc171/SDx/2017.1/Vivado_HLS/common/technology/generic/autopilot/interface.gen 
INFO: [HLS 200-100] Command     ap_source returned 0; 0 sec.
INFO: [HLS 200-100] Execute     source C:/Users/c7benj/Documents/MULTI_ROTOR/Flight_Main/FlightMain/solution1/.autopilot/db/global.setting.tcl 
INFO: [HLS 200-100] Command     ap_source returned 0; 0.105 sec.
INFO: [HLS 200-100] Execute     source E:/sdsoc171/SDx/2017.1/Vivado_HLS/common/technology/xilinx/zynq/zynq.gen 
INFO: [HLS 200-100] Execute       source E:/sdsoc171/SDx/2017.1/Vivado_HLS/common/technology/xilinx/common/virtex.gen 
INFO: [HLS 200-100] Execute         source E:/sdsoc171/SDx/2017.1/Vivado_HLS/common/technology/xilinx/common/xilinx.gen 
INFO: [HLS 200-100] Execute           source E:/sdsoc171/SDx/2017.1/Vivado_HLS/common/technology/xilinx/interface/plb46.gen 
INFO: [HLS 200-100] Command           ap_source returned 0; 0.003 sec.
INFO: [HLS 200-100] Execute           source E:/sdsoc171/SDx/2017.1/Vivado_HLS/common/technology/xilinx/interface/fsl.gen 
INFO: [HLS 200-100] Command           ap_source returned 0; 0.001 sec.
INFO: [HLS 200-100] Execute           source E:/sdsoc171/SDx/2017.1/Vivado_HLS/common/technology/xilinx/interface/axi4.gen 
INFO: [HLS 200-100] Command           ap_source returned 0; 0.004 sec.
INFO: [HLS 200-100] Execute           source E:/sdsoc171/SDx/2017.1/Vivado_HLS/common/technology/xilinx/interface/nativeAXI4.gen 
INFO: [HLS 200-100] Execute             source E:/sdsoc171/SDx/2017.1/Vivado_HLS/common/technology/xilinx/interface/saxilite.gen 
INFO: [HLS 200-100] Command             ap_source returned 0; 0.009 sec.
INFO: [HLS 200-100] Execute             source E:/sdsoc171/SDx/2017.1/Vivado_HLS/common/technology/xilinx/interface/maxi.gen 
INFO: [HLS 200-100] Command             ap_source returned 0; 0.019 sec.
INFO: [HLS 200-100] Command           ap_source returned 0; 0.029 sec.
INFO: [HLS 200-100] Execute           source E:/sdsoc171/SDx/2017.1/Vivado_HLS/common/technology/xilinx/scripts/xilinxcoregen.gen 
INFO: [HLS 200-100] Command           ap_source returned 0; 0.025 sec.
INFO: [HLS 200-100] Execute           source E:/sdsoc171/SDx/2017.1/Vivado_HLS/common/technology/xilinx/interface/XilEDKCoreGen.gen 
INFO: [HLS 200-100] Command           ap_source returned 0; 0.019 sec.
INFO: [HLS 200-100] Execute           source E:/sdsoc171/SDx/2017.1/Vivado_HLS/common/technology/xilinx/ip/dds_compiler.gen 
INFO: [HLS 200-100] Command           ap_source returned 0; 0.007 sec.
INFO: [HLS 200-100] Execute           source E:/sdsoc171/SDx/2017.1/Vivado_HLS/common/technology/xilinx/ip/util.gen 
INFO: [HLS 200-100] Command           ap_source returned 0; 0.001 sec.
INFO: [HLS 200-100] Execute           source E:/sdsoc171/SDx/2017.1/Vivado_HLS/common/technology/xilinx/ip/xfft.gen 
INFO: [HLS 200-100] Command           ap_source returned 0; 0.186 sec.
INFO: [HLS 200-100] Execute           source E:/sdsoc171/SDx/2017.1/Vivado_HLS/common/technology/xilinx/ip/xfir.gen 
INFO: [HLS 200-100] Command           ap_source returned 0; 0.002 sec.
INFO: [HLS 200-100] Command         ap_source returned 0; 0.28 sec.
INFO: [HLS 200-100] Execute         source E:/sdsoc171/SDx/2017.1/Vivado_HLS/common/technology/xilinx/common/dsp48.gen 
INFO: [HLS 200-100] Command         ap_source returned 0; 0.001 sec.
INFO: [HLS 200-100] Command       ap_source returned 0; 0.285 sec.
INFO: [HLS 200-100] Command     ap_source returned 0; 0.287 sec.
INFO: [HLS 200-100] Execute     source E:/sdsoc171/SDx/2017.1/Vivado_HLS/common/technology/xilinx/zynq/zynq_fpv6.gen 
INFO: [HLS 200-100] Execute       source E:/sdsoc171/SDx/2017.1/Vivado_HLS/common/technology/xilinx/common/xilinx_fpv6.gen 
INFO: [HLS 200-100] Command       ap_source returned 0; 0.003 sec.
INFO: [HLS 200-100] Command     ap_source returned 0; 0.003 sec.
INFO: [HLS 200-100] Execute     source C:/Users/c7benj/Documents/MULTI_ROTOR/Flight_Main/FlightMain/solution1/.autopilot/db/global.setting.tcl 
INFO: [HLS 200-100] Command     ap_source returned 0; 0.001 sec.
INFO: [HLS 200-100] Execute     source C:/Users/c7benj/Documents/MULTI_ROTOR/Flight_Main/FlightMain/solution1/.autopilot/db/global.setting.tcl 
INFO: [HLS 200-100] Command     ap_source returned 0; 0.038 sec.
INFO: [HLS 200-100] Execute     source C:/Users/c7benj/Documents/MULTI_ROTOR/Flight_Main/FlightMain/solution1/.autopilot/db/flightmain.compgen.tcl 
INFO: [HLS 200-100] Command     ap_source returned 0; 0.052 sec.
INFO: [HLS 200-100] Execute     source C:/Users/c7benj/Documents/MULTI_ROTOR/Flight_Main/FlightMain/solution1/.autopilot/db/global.setting.tcl 
INFO: [HLS 200-100] Command     ap_source returned 0; 0.001 sec.
INFO: [HLS 200-100] Execute     source C:/Users/c7benj/Documents/MULTI_ROTOR/Flight_Main/FlightMain/solution1/.autopilot/db/global.setting.tcl 
INFO: [HLS 200-100] Command     ap_source returned 0; 0.001 sec.
INFO: [HLS 200-100] Execute     source C:/Users/c7benj/Documents/MULTI_ROTOR/Flight_Main/FlightMain/solution1/.autopilot/db/flightmain.compgen.tcl 
INFO: [HLS 200-100] Execute       source C:/Users/c7benj/Documents/MULTI_ROTOR/Flight_Main/FlightMain/solution1/.autopilot/db/flightmain.rtl_wrap.cfg.tcl 
INFO: [HLS 200-100] Command       ap_source returned 0; 0.001 sec.
INFO: [HLS 200-100] Execute       source C:/Users/c7benj/Documents/MULTI_ROTOR/Flight_Main/FlightMain/solution1/.autopilot/db/flightmain.rtl_wrap.cfg.tcl 
INFO: [HLS 200-100] Command       ap_source returned 0; 0.001 sec.
INFO: [HLS 200-100] Execute       source C:/Users/c7benj/Documents/MULTI_ROTOR/Flight_Main/FlightMain/solution1/.autopilot/db/flightmain.rtl_wrap.cfg.tcl 
INFO: [HLS 200-100] Command       ap_source returned 0; 0.001 sec.
INFO: [HLS 200-100] Execute       source C:/Users/c7benj/Documents/MULTI_ROTOR/Flight_Main/FlightMain/solution1/.autopilot/db/flightmain.tbgen.tcl 
INFO: [HLS 200-100] Command       ap_source returned 0; 0.001 sec.
INFO: [HLS 200-100] Execute       source C:/Users/c7benj/Documents/MULTI_ROTOR/Flight_Main/FlightMain/solution1/.autopilot/db/flightmain.tbgen.tcl 
INFO: [HLS 200-100] Command       ap_source returned 0; 0.001 sec.
INFO: [HLS 200-100] Command     ap_source returned 0; 0.101 sec.
INFO: [HLS 200-100] Execute     source C:/Users/c7benj/Documents/MULTI_ROTOR/Flight_Main/FlightMain/solution1/.autopilot/db/global.setting.tcl 
INFO: [HLS 200-100] Command     ap_source returned 0; 0.001 sec.
INFO: [HLS 200-100] Execute     source C:/Users/c7benj/Documents/MULTI_ROTOR/Flight_Main/FlightMain/solution1/.autopilot/db/global.setting.tcl 
INFO: [HLS 200-100] Command     ap_source returned 0; 0 sec.
INFO: [HLS 200-100] Execute     source C:/Users/c7benj/Documents/MULTI_ROTOR/Flight_Main/FlightMain/solution1/.autopilot/db/flightmain.compgen.tcl 
INFO: [HLS 200-100] Command     ap_source returned 0; 0.003 sec.
INFO: [HLS 200-100] Execute     source C:/Users/c7benj/Documents/MULTI_ROTOR/Flight_Main/FlightMain/solution1/.autopilot/db/global.setting.tcl 
INFO: [HLS 200-100] Command     ap_source returned 0; 0.002 sec.
INFO: [HLS 200-100] Execute     source C:/Users/c7benj/Documents/MULTI_ROTOR/Flight_Main/FlightMain/solution1/.autopilot/db/flightmain.constraint.tcl 
INFO: [HLS 200-100] Command     ap_source returned 0; 0.001 sec.
INFO: [HLS 200-100] Execute     source C:/Users/c7benj/Documents/MULTI_ROTOR/Flight_Main/FlightMain/solution1/.autopilot/db/global.setting.tcl 
INFO: [HLS 200-100] Command     ap_source returned 0; 0.001 sec.
INFO: [HLS 200-100] Execute     source C:/Users/c7benj/Documents/MULTI_ROTOR/Flight_Main/FlightMain/solution1/.autopilot/db/flightmain.rtl_wrap.cfg.tcl 
INFO: [HLS 200-100] Command     ap_source returned 0; 0.002 sec.
INFO: [HLS 200-100] Execute     source C:/Users/c7benj/Documents/MULTI_ROTOR/Flight_Main/FlightMain/solution1/.autopilot/db/flightmain.rtl_wrap.cfg.tcl 
INFO: [HLS 200-100] Command     ap_source returned 0; 0.002 sec.
INFO: [HLS 200-100] Execute     source C:/Users/c7benj/Documents/MULTI_ROTOR/Flight_Main/FlightMain/solution1/.autopilot/db/flightmain.rtl_wrap.cfg.tcl 
INFO: [HLS 200-100] Command     ap_source returned 0; 0.002 sec.
INFO: [HLS 200-100] Execute     source C:/Users/c7benj/Documents/MULTI_ROTOR/Flight_Main/FlightMain/solution1/.autopilot/db/flightmain.tbgen.tcl 
INFO: [HLS 200-100] Command     ap_source returned 0; 0.111 sec.
INFO: [HLS 200-100] Execute     source C:/Users/c7benj/Documents/MULTI_ROTOR/Flight_Main/FlightMain/solution1/.autopilot/db/flightmain.tbgen.tcl 
INFO: [HLS 200-100] Command     ap_source returned 0; 0.001 sec.
INFO: [HLS 200-100] Execute     source C:/Users/c7benj/Documents/MULTI_ROTOR/Flight_Main/FlightMain/solution1/.autopilot/db/global.setting.tcl 
INFO: [HLS 200-100] Command     ap_source returned 0; 0.002 sec.
INFO: [HLS 200-100] Execute     source C:/Users/c7benj/Documents/MULTI_ROTOR/Flight_Main/FlightMain/solution1/.autopilot/db/global.setting.tcl 
INFO: [HLS 200-100] Command     ap_source returned 0; 0.001 sec.
INFO: [HLS 200-100] Execute     source C:/Users/c7benj/Documents/MULTI_ROTOR/Flight_Main/FlightMain/solution1/.autopilot/db/global.setting.tcl 
INFO: [HLS 200-100] Command     ap_source returned 0; 0.001 sec.
INFO: [HLS 200-100] Execute     source C:/Users/c7benj/Documents/MULTI_ROTOR/Flight_Main/FlightMain/solution1/.autopilot/db/flightmain.rtl_wrap.cfg.tcl 
INFO: [HLS 200-100] Command     ap_source returned 0; 0.001 sec.
INFO: [HLS 200-100] Execute     source C:/Users/c7benj/Documents/MULTI_ROTOR/Flight_Main/FlightMain/solution1/.autopilot/db/flightmain.rtl_wrap.cfg.tcl 
INFO: [HLS 200-100] Command     ap_source returned 0; 0.002 sec.
INFO: [HLS 200-100] Execute     source C:/Users/c7benj/Documents/MULTI_ROTOR/Flight_Main/FlightMain/solution1/.autopilot/db/flightmain.tbgen.tcl 
INFO: [HLS 200-100] Command     ap_source returned 0; 0.001 sec.
INFO: [HLS 200-100] Execute     source C:/Users/c7benj/Documents/MULTI_ROTOR/Flight_Main/FlightMain/solution1/.autopilot/db/flightmain.tbgen.tcl 
INFO: [HLS 200-100] Command     ap_source returned 0; 0.002 sec.
INFO: [HLS 200-100] Execute     source C:/Users/c7benj/Documents/MULTI_ROTOR/Flight_Main/FlightMain/solution1/.autopilot/db/flightmain.rtl_wrap.cfg.tcl 
INFO: [HLS 200-100] Command     ap_source returned 0; 0.001 sec.
INFO: [HLS 200-100] Execute     source C:/Users/c7benj/Documents/MULTI_ROTOR/Flight_Main/FlightMain/solution1/.autopilot/db/flightmain.rtl_wrap.cfg.tcl 
INFO: [HLS 200-100] Command     ap_source returned 0; 0.001 sec.
INFO: [HLS 200-100] Execute     source C:/Users/c7benj/Documents/MULTI_ROTOR/Flight_Main/FlightMain/solution1/.autopilot/db/flightmain.tbgen.tcl 
INFO: [HLS 200-100] Command     ap_source returned 0; 0.001 sec.
INFO: [HLS 200-100] Execute     source C:/Users/c7benj/Documents/MULTI_ROTOR/Flight_Main/FlightMain/solution1/.autopilot/db/flightmain.tbgen.tcl 
INFO: [HLS 200-100] Command     ap_source returned 0; 0.001 sec.
INFO: [HLS 200-100] Execute     source C:/Users/c7benj/Documents/MULTI_ROTOR/Flight_Main/FlightMain/solution1/.autopilot/db/global.setting.tcl 
INFO: [HLS 200-100] Command     ap_source returned 0; 0.001 sec.
INFO: [HLS 200-100] Execute     source C:/Users/c7benj/Documents/MULTI_ROTOR/Flight_Main/FlightMain/solution1/.autopilot/db/global.setting.tcl 
INFO: [HLS 200-100] Command     ap_source returned 0; 0.001 sec.
INFO: [HLS 200-100] Execute     source C:/Users/c7benj/Documents/MULTI_ROTOR/Flight_Main/FlightMain/solution1/.autopilot/db/flightmain.constraint.tcl 
INFO: [HLS 200-100] Command     ap_source returned 0; 0.001 sec.
INFO: [HLS 200-100] Execute     source C:/Users/c7benj/Documents/MULTI_ROTOR/Flight_Main/FlightMain/solution1/.autopilot/db/global.setting.tcl 
INFO: [HLS 200-100] Command     ap_source returned 0; 0.001 sec.
INFO: [HLS 200-100] Execute     source C:/Users/c7benj/Documents/MULTI_ROTOR/Flight_Main/FlightMain/solution1/.autopilot/db/flightmain.constraint.tcl 
INFO: [HLS 200-100] Command     ap_source returned 0; 0.001 sec.
INFO: [HLS 200-100] Execute     source C:/Users/c7benj/Documents/MULTI_ROTOR/Flight_Main/FlightMain/solution1/.autopilot/db/global.setting.tcl 
INFO: [HLS 200-100] Command     ap_source returned 0; 0.001 sec.
INFO: [HLS 200-100] Execute     source E:/sdsoc171/SDx/2017.1/Vivado_HLS/common/technology/generic/autopilot/common.gen 
INFO: [HLS 200-100] Execute       source E:/sdsoc171/SDx/2017.1/Vivado_HLS/common/technology/generic/autopilot/APCoreGen.gen 
INFO: [HLS 200-100] Command       ap_source returned 0; 0.002 sec.
INFO: [HLS 200-100] Command     ap_source returned 0; 0.003 sec.
INFO: [HLS 200-100] Execute     source E:/sdsoc171/SDx/2017.1/Vivado_HLS/common/technology/generic/autopilot/op.gen 
INFO: [HLS 200-100] Command     ap_source returned 0; 0.001 sec.
INFO: [HLS 200-100] Execute     source E:/sdsoc171/SDx/2017.1/Vivado_HLS/common/technology/generic/autopilot/op_simcore.gen 
INFO: [HLS 200-100] Command     ap_source returned 0; 0.003 sec.
INFO: [HLS 200-100] Execute     source E:/sdsoc171/SDx/2017.1/Vivado_HLS/common/technology/generic/autopilot/interface.gen 
INFO: [HLS 200-100] Command     ap_source returned 0; 0.001 sec.
INFO: [HLS 200-100] Execute     source C:/Users/c7benj/Documents/MULTI_ROTOR/Flight_Main/FlightMain/solution1/.autopilot/db/global.setting.tcl 
INFO: [HLS 200-100] Command     ap_source returned 0; 0.045 sec.
INFO: [HLS 200-100] Execute     source E:/sdsoc171/SDx/2017.1/Vivado_HLS/common/technology/xilinx/zynq/zynq.gen 
INFO: [HLS 200-100] Execute       source E:/sdsoc171/SDx/2017.1/Vivado_HLS/common/technology/xilinx/common/virtex.gen 
INFO: [HLS 200-100] Execute         source E:/sdsoc171/SDx/2017.1/Vivado_HLS/common/technology/xilinx/common/xilinx.gen 
INFO: [HLS 200-100] Execute           source E:/sdsoc171/SDx/2017.1/Vivado_HLS/common/technology/xilinx/interface/plb46.gen 
INFO: [HLS 200-100] Command           ap_source returned 0; 0.002 sec.
INFO: [HLS 200-100] Execute           source E:/sdsoc171/SDx/2017.1/Vivado_HLS/common/technology/xilinx/interface/fsl.gen 
INFO: [HLS 200-100] Command           ap_source returned 0; 0.001 sec.
INFO: [HLS 200-100] Execute           source E:/sdsoc171/SDx/2017.1/Vivado_HLS/common/technology/xilinx/interface/axi4.gen 
INFO: [HLS 200-100] Command           ap_source returned 0; 0.005 sec.
INFO: [HLS 200-100] Execute           source E:/sdsoc171/SDx/2017.1/Vivado_HLS/common/technology/xilinx/interface/nativeAXI4.gen 
INFO: [HLS 200-100] Execute             source E:/sdsoc171/SDx/2017.1/Vivado_HLS/common/technology/xilinx/interface/saxilite.gen 
INFO: [HLS 200-100] Command             ap_source returned 0; 0.008 sec.
INFO: [HLS 200-100] Execute             source E:/sdsoc171/SDx/2017.1/Vivado_HLS/common/technology/xilinx/interface/maxi.gen 
INFO: [HLS 200-100] Command             ap_source returned 0; 0.018 sec.
INFO: [HLS 200-100] Command           ap_source returned 0; 0.027 sec.
INFO: [HLS 200-100] Execute           source E:/sdsoc171/SDx/2017.1/Vivado_HLS/common/technology/xilinx/scripts/xilinxcoregen.gen 
INFO: [HLS 200-100] Command           ap_source returned 0; 0.023 sec.
INFO: [HLS 200-100] Execute           source E:/sdsoc171/SDx/2017.1/Vivado_HLS/common/technology/xilinx/interface/XilEDKCoreGen.gen 
INFO: [HLS 200-100] Command           ap_source returned 0; 0.019 sec.
INFO: [HLS 200-100] Execute           source E:/sdsoc171/SDx/2017.1/Vivado_HLS/common/technology/xilinx/ip/dds_compiler.gen 
INFO: [HLS 200-100] Command           ap_source returned 0; 0.007 sec.
INFO: [HLS 200-100] Execute           source E:/sdsoc171/SDx/2017.1/Vivado_HLS/common/technology/xilinx/ip/util.gen 
INFO: [HLS 200-100] Command           ap_source returned 0; 0 sec.
INFO: [HLS 200-100] Execute           source E:/sdsoc171/SDx/2017.1/Vivado_HLS/common/technology/xilinx/ip/xfft.gen 
INFO: [HLS 200-100] Command           ap_source returned 0; 0.173 sec.
INFO: [HLS 200-100] Execute           source E:/sdsoc171/SDx/2017.1/Vivado_HLS/common/technology/xilinx/ip/xfir.gen 
INFO: [HLS 200-100] Command           ap_source returned 0; 0.001 sec.
INFO: [HLS 200-100] Command         ap_source returned 0; 0.26 sec.
INFO: [HLS 200-100] Execute         source E:/sdsoc171/SDx/2017.1/Vivado_HLS/common/technology/xilinx/common/dsp48.gen 
INFO: [HLS 200-100] Command         ap_source returned 0; 0.001 sec.
INFO: [HLS 200-100] Command       ap_source returned 0; 0.265 sec.
INFO: [HLS 200-100] Command     ap_source returned 0; 0.266 sec.
INFO: [HLS 200-100] Execute     source E:/sdsoc171/SDx/2017.1/Vivado_HLS/common/technology/xilinx/zynq/zynq_fpv6.gen 
INFO: [HLS 200-100] Execute       source E:/sdsoc171/SDx/2017.1/Vivado_HLS/common/technology/xilinx/common/xilinx_fpv6.gen 
INFO: [HLS 200-100] Command       ap_source returned 0; 0.003 sec.
INFO: [HLS 200-100] Command     ap_source returned 0; 0.003 sec.
INFO: [HLS 200-100] Execute     source C:/Users/c7benj/Documents/MULTI_ROTOR/Flight_Main/FlightMain/solution1/.autopilot/db/global.setting.tcl 
INFO: [HLS 200-100] Command     ap_source returned 0; 0.001 sec.
INFO: [HLS 200-100] Execute     source E:/sdsoc171/SDx/2017.1/Vivado_HLS/common/technology/generic/autopilot/common.gen 
INFO: [HLS 200-100] Execute       source E:/sdsoc171/SDx/2017.1/Vivado_HLS/common/technology/generic/autopilot/APCoreGen.gen 
INFO: [HLS 200-100] Command       ap_source returned 0; 0.002 sec.
INFO: [HLS 200-100] Command     ap_source returned 0; 0.003 sec.
INFO: [HLS 200-100] Execute     source E:/sdsoc171/SDx/2017.1/Vivado_HLS/common/technology/generic/autopilot/op.gen 
INFO: [HLS 200-100] Command     ap_source returned 0; 0.001 sec.
INFO: [HLS 200-100] Execute     source E:/sdsoc171/SDx/2017.1/Vivado_HLS/common/technology/generic/autopilot/op_simcore.gen 
INFO: [HLS 200-100] Command     ap_source returned 0; 0.003 sec.
INFO: [HLS 200-100] Execute     source E:/sdsoc171/SDx/2017.1/Vivado_HLS/common/technology/generic/autopilot/interface.gen 
INFO: [HLS 200-100] Command     ap_source returned 0; 0 sec.
INFO: [HLS 200-100] Execute     source C:/Users/c7benj/Documents/MULTI_ROTOR/Flight_Main/FlightMain/solution1/.autopilot/db/global.setting.tcl 
INFO: [HLS 200-100] Command     ap_source returned 0; 0.001 sec.
INFO: [HLS 200-100] Execute     source E:/sdsoc171/SDx/2017.1/Vivado_HLS/common/technology/xilinx/zynq/zynq.gen 
INFO: [HLS 200-100] Execute       source E:/sdsoc171/SDx/2017.1/Vivado_HLS/common/technology/xilinx/common/virtex.gen 
INFO: [HLS 200-100] Execute         source E:/sdsoc171/SDx/2017.1/Vivado_HLS/common/technology/xilinx/common/xilinx.gen 
INFO: [HLS 200-100] Execute           source E:/sdsoc171/SDx/2017.1/Vivado_HLS/common/technology/xilinx/interface/plb46.gen 
INFO: [HLS 200-100] Command           ap_source returned 0; 0.002 sec.
INFO: [HLS 200-100] Execute           source E:/sdsoc171/SDx/2017.1/Vivado_HLS/common/technology/xilinx/interface/fsl.gen 
INFO: [HLS 200-100] Command           ap_source returned 0; 0.001 sec.
INFO: [HLS 200-100] Execute           source E:/sdsoc171/SDx/2017.1/Vivado_HLS/common/technology/xilinx/interface/axi4.gen 
INFO: [HLS 200-100] Command           ap_source returned 0; 0.006 sec.
INFO: [HLS 200-100] Execute           source E:/sdsoc171/SDx/2017.1/Vivado_HLS/common/technology/xilinx/interface/nativeAXI4.gen 
INFO: [HLS 200-100] Execute             source E:/sdsoc171/SDx/2017.1/Vivado_HLS/common/technology/xilinx/interface/saxilite.gen 
INFO: [HLS 200-100] Command             ap_source returned 0; 0.01 sec.
INFO: [HLS 200-100] Execute             source E:/sdsoc171/SDx/2017.1/Vivado_HLS/common/technology/xilinx/interface/maxi.gen 
INFO: [HLS 200-100] Command             ap_source returned 0; 0.021 sec.
INFO: [HLS 200-100] Command           ap_source returned 0; 0.033 sec.
INFO: [HLS 200-100] Execute           source E:/sdsoc171/SDx/2017.1/Vivado_HLS/common/technology/xilinx/scripts/xilinxcoregen.gen 
INFO: [HLS 200-100] Command           ap_source returned 0; 0.027 sec.
INFO: [HLS 200-100] Execute           source E:/sdsoc171/SDx/2017.1/Vivado_HLS/common/technology/xilinx/interface/XilEDKCoreGen.gen 
INFO: [HLS 200-100] Command           ap_source returned 0; 0.018 sec.
INFO: [HLS 200-100] Execute           source E:/sdsoc171/SDx/2017.1/Vivado_HLS/common/technology/xilinx/ip/dds_compiler.gen 
INFO: [HLS 200-100] Command           ap_source returned 0; 0.007 sec.
INFO: [HLS 200-100] Execute           source E:/sdsoc171/SDx/2017.1/Vivado_HLS/common/technology/xilinx/ip/util.gen 
INFO: [HLS 200-100] Command           ap_source returned 0; 0.001 sec.
INFO: [HLS 200-100] Execute           source E:/sdsoc171/SDx/2017.1/Vivado_HLS/common/technology/xilinx/ip/xfft.gen 
INFO: [HLS 200-100] Command           ap_source returned 0; 0.221 sec.
INFO: [HLS 200-100] Execute           source E:/sdsoc171/SDx/2017.1/Vivado_HLS/common/technology/xilinx/ip/xfir.gen 
INFO: [HLS 200-100] Command           ap_source returned 0; 0.001 sec.
INFO: [HLS 200-100] Command         ap_source returned 0; 0.32 sec.
INFO: [HLS 200-100] Execute         source E:/sdsoc171/SDx/2017.1/Vivado_HLS/common/technology/xilinx/common/dsp48.gen 
INFO: [HLS 200-100] Command         ap_source returned 0; 0 sec.
INFO: [HLS 200-100] Command       ap_source returned 0; 0.325 sec.
INFO: [HLS 200-100] Command     ap_source returned 0; 0.326 sec.
INFO: [HLS 200-100] Execute     source E:/sdsoc171/SDx/2017.1/Vivado_HLS/common/technology/xilinx/zynq/zynq_fpv6.gen 
INFO: [HLS 200-100] Execute       source E:/sdsoc171/SDx/2017.1/Vivado_HLS/common/technology/xilinx/common/xilinx_fpv6.gen 
INFO: [HLS 200-100] Command       ap_source returned 0; 0.003 sec.
INFO: [HLS 200-100] Command     ap_source returned 0; 0.003 sec.
INFO: [HLS 200-100] Execute     source C:/Users/c7benj/Documents/MULTI_ROTOR/Flight_Main/FlightMain/solution1/.autopilot/db/global.setting.tcl 
INFO: [HLS 200-100] Command     ap_source returned 0; 0.001 sec.
INFO: [HLS 200-100] Execute     source C:/Users/c7benj/Documents/MULTI_ROTOR/Flight_Main/FlightMain/solution1/.autopilot/db/global.setting.tcl 
INFO: [HLS 200-100] Command     ap_source returned 0; 0.001 sec.
INFO: [HLS 200-100] Execute     source C:/Users/c7benj/Documents/MULTI_ROTOR/Flight_Main/FlightMain/solution1/.autopilot/db/global.setting.tcl 
INFO: [HLS 200-100] Command     ap_source returned 0; 0.001 sec.
INFO: [HLS 200-100] Execute     source E:/sdsoc171/SDx/2017.1/Vivado_HLS/common/technology/generic/autopilot/common.gen 
INFO: [HLS 200-100] Execute       source E:/sdsoc171/SDx/2017.1/Vivado_HLS/common/technology/generic/autopilot/APCoreGen.gen 
INFO: [HLS 200-100] Command       ap_source returned 0; 0.002 sec.
INFO: [HLS 200-100] Command     ap_source returned 0; 0.003 sec.
INFO: [HLS 200-100] Execute     source E:/sdsoc171/SDx/2017.1/Vivado_HLS/common/technology/generic/autopilot/op.gen 
INFO: [HLS 200-100] Command     ap_source returned 0; 0.001 sec.
INFO: [HLS 200-100] Execute     source E:/sdsoc171/SDx/2017.1/Vivado_HLS/common/technology/generic/autopilot/op_simcore.gen 
INFO: [HLS 200-100] Command     ap_source returned 0; 0.003 sec.
INFO: [HLS 200-100] Execute     source E:/sdsoc171/SDx/2017.1/Vivado_HLS/common/technology/generic/autopilot/interface.gen 
INFO: [HLS 200-100] Command     ap_source returned 0; 0 sec.
INFO: [HLS 200-100] Execute     source C:/Users/c7benj/Documents/MULTI_ROTOR/Flight_Main/FlightMain/solution1/.autopilot/db/global.setting.tcl 
INFO: [HLS 200-100] Command     ap_source returned 0; 0.001 sec.
INFO: [HLS 200-100] Execute     source E:/sdsoc171/SDx/2017.1/Vivado_HLS/common/technology/xilinx/zynq/zynq.gen 
INFO: [HLS 200-100] Execute       source E:/sdsoc171/SDx/2017.1/Vivado_HLS/common/technology/xilinx/common/virtex.gen 
INFO: [HLS 200-100] Execute         source E:/sdsoc171/SDx/2017.1/Vivado_HLS/common/technology/xilinx/common/xilinx.gen 
INFO: [HLS 200-100] Execute           source E:/sdsoc171/SDx/2017.1/Vivado_HLS/common/technology/xilinx/interface/plb46.gen 
INFO: [HLS 200-100] Command           ap_source returned 0; 0.002 sec.
INFO: [HLS 200-100] Execute           source E:/sdsoc171/SDx/2017.1/Vivado_HLS/common/technology/xilinx/interface/fsl.gen 
INFO: [HLS 200-100] Command           ap_source returned 0; 0.001 sec.
INFO: [HLS 200-100] Execute           source E:/sdsoc171/SDx/2017.1/Vivado_HLS/common/technology/xilinx/interface/axi4.gen 
INFO: [HLS 200-100] Command           ap_source returned 0; 0.006 sec.
INFO: [HLS 200-100] Execute           source E:/sdsoc171/SDx/2017.1/Vivado_HLS/common/technology/xilinx/interface/nativeAXI4.gen 
INFO: [HLS 200-100] Execute             source E:/sdsoc171/SDx/2017.1/Vivado_HLS/common/technology/xilinx/interface/saxilite.gen 
INFO: [HLS 200-100] Command             ap_source returned 0; 0.009 sec.
INFO: [HLS 200-100] Execute             source E:/sdsoc171/SDx/2017.1/Vivado_HLS/common/technology/xilinx/interface/maxi.gen 
INFO: [HLS 200-100] Command             ap_source returned 0; 0.021 sec.
INFO: [HLS 200-100] Command           ap_source returned 0; 0.031 sec.
INFO: [HLS 200-100] Execute           source E:/sdsoc171/SDx/2017.1/Vivado_HLS/common/technology/xilinx/scripts/xilinxcoregen.gen 
INFO: [HLS 200-100] Command           ap_source returned 0; 0.03 sec.
INFO: [HLS 200-100] Execute           source E:/sdsoc171/SDx/2017.1/Vivado_HLS/common/technology/xilinx/interface/XilEDKCoreGen.gen 
INFO: [HLS 200-100] Command           ap_source returned 0; 0.021 sec.
INFO: [HLS 200-100] Execute           source E:/sdsoc171/SDx/2017.1/Vivado_HLS/common/technology/xilinx/ip/dds_compiler.gen 
INFO: [HLS 200-100] Command           ap_source returned 0; 0.007 sec.
INFO: [HLS 200-100] Execute           source E:/sdsoc171/SDx/2017.1/Vivado_HLS/common/technology/xilinx/ip/util.gen 
INFO: [HLS 200-100] Command           ap_source returned 0; 0 sec.
INFO: [HLS 200-100] Execute           source E:/sdsoc171/SDx/2017.1/Vivado_HLS/common/technology/xilinx/ip/xfft.gen 
INFO: [HLS 200-100] Command           ap_source returned 0; 0.214 sec.
INFO: [HLS 200-100] Execute           source E:/sdsoc171/SDx/2017.1/Vivado_HLS/common/technology/xilinx/ip/xfir.gen 
INFO: [HLS 200-100] Command           ap_source returned 0; 0.002 sec.
INFO: [HLS 200-100] Command         ap_source returned 0; 0.316 sec.
INFO: [HLS 200-100] Execute         source E:/sdsoc171/SDx/2017.1/Vivado_HLS/common/technology/xilinx/common/dsp48.gen 
INFO: [HLS 200-100] Command         ap_source returned 0; 0.001 sec.
INFO: [HLS 200-100] Command       ap_source returned 0; 0.322 sec.
INFO: [HLS 200-100] Command     ap_source returned 0; 0.324 sec.
INFO: [HLS 200-100] Execute     source E:/sdsoc171/SDx/2017.1/Vivado_HLS/common/technology/xilinx/zynq/zynq_fpv6.gen 
INFO: [HLS 200-100] Execute       source E:/sdsoc171/SDx/2017.1/Vivado_HLS/common/technology/xilinx/common/xilinx_fpv6.gen 
INFO: [HLS 200-100] Command       ap_source returned 0; 0.004 sec.
INFO: [HLS 200-100] Command     ap_source returned 0; 0.005 sec.
INFO: [HLS 200-100] Execute     source C:/Users/c7benj/Documents/MULTI_ROTOR/Flight_Main/FlightMain/solution1/.autopilot/db/global.setting.tcl 
INFO: [HLS 200-100] Command     ap_source returned 0; 0.001 sec.
INFO: [HLS 200-100] Execute     source C:/Users/c7benj/Documents/MULTI_ROTOR/Flight_Main/FlightMain/solution1/.autopilot/db/global.setting.tcl 
INFO: [HLS 200-100] Command     ap_source returned 0; 0.002 sec.
INFO: [HLS 200-100] Execute     source C:/Users/c7benj/Documents/MULTI_ROTOR/Flight_Main/FlightMain/solution1/.autopilot/db/flightmain.compgen.tcl 
INFO: [HLS 200-100] Command     ap_source returned 0; 0.055 sec.
INFO: [HLS 200-100] Execute     source C:/Users/c7benj/Documents/MULTI_ROTOR/Flight_Main/FlightMain/solution1/.autopilot/db/global.setting.tcl 
INFO: [HLS 200-100] Command     ap_source returned 0; 0.001 sec.
INFO: [HLS 200-100] Execute     source C:/Users/c7benj/Documents/MULTI_ROTOR/Flight_Main/FlightMain/solution1/.autopilot/db/flightmain.constraint.tcl 
INFO: [HLS 200-100] Command     ap_source returned 0; 0.001 sec.
INFO: [HLS 200-100] Execute     source C:/Users/c7benj/Documents/MULTI_ROTOR/Flight_Main/FlightMain/solution1/.autopilot/db/global.setting.tcl 
INFO: [HLS 200-100] Command     ap_source returned 0; 0.001 sec.
INFO: [HLS 200-100] Execute     source E:/sdsoc171/SDx/2017.1/Vivado_HLS/common/technology/generic/autopilot/common.gen 
INFO: [HLS 200-100] Execute       source E:/sdsoc171/SDx/2017.1/Vivado_HLS/common/technology/generic/autopilot/APCoreGen.gen 
INFO: [HLS 200-100] Command       ap_source returned 0; 0.001 sec.
INFO: [HLS 200-100] Command     ap_source returned 0; 0.003 sec.
INFO: [HLS 200-100] Execute     source E:/sdsoc171/SDx/2017.1/Vivado_HLS/common/technology/generic/autopilot/op.gen 
INFO: [HLS 200-100] Command     ap_source returned 0; 0.001 sec.
INFO: [HLS 200-100] Execute     source E:/sdsoc171/SDx/2017.1/Vivado_HLS/common/technology/generic/autopilot/op_simcore.gen 
INFO: [HLS 200-100] Command     ap_source returned 0; 0.002 sec.
INFO: [HLS 200-100] Execute     source E:/sdsoc171/SDx/2017.1/Vivado_HLS/common/technology/generic/autopilot/interface.gen 
INFO: [HLS 200-100] Command     ap_source returned 0; 0 sec.
INFO: [HLS 200-100] Execute     source C:/Users/c7benj/Documents/MULTI_ROTOR/Flight_Main/FlightMain/solution1/.autopilot/db/global.setting.tcl 
INFO: [HLS 200-100] Command     ap_source returned 0; 0.046 sec.
INFO: [HLS 200-100] Execute     source E:/sdsoc171/SDx/2017.1/Vivado_HLS/common/technology/xilinx/zynq/zynq.gen 
INFO: [HLS 200-100] Execute       source E:/sdsoc171/SDx/2017.1/Vivado_HLS/common/technology/xilinx/common/virtex.gen 
INFO: [HLS 200-100] Execute         source E:/sdsoc171/SDx/2017.1/Vivado_HLS/common/technology/xilinx/common/xilinx.gen 
INFO: [HLS 200-100] Execute           source E:/sdsoc171/SDx/2017.1/Vivado_HLS/common/technology/xilinx/interface/plb46.gen 
INFO: [HLS 200-100] Command           ap_source returned 0; 0.001 sec.
INFO: [HLS 200-100] Execute           source E:/sdsoc171/SDx/2017.1/Vivado_HLS/common/technology/xilinx/interface/fsl.gen 
INFO: [HLS 200-100] Command           ap_source returned 0; 0 sec.
INFO: [HLS 200-100] Execute           source E:/sdsoc171/SDx/2017.1/Vivado_HLS/common/technology/xilinx/interface/axi4.gen 
INFO: [HLS 200-100] Command           ap_source returned 0; 0.004 sec.
INFO: [HLS 200-100] Execute           source E:/sdsoc171/SDx/2017.1/Vivado_HLS/common/technology/xilinx/interface/nativeAXI4.gen 
INFO: [HLS 200-100] Execute             source E:/sdsoc171/SDx/2017.1/Vivado_HLS/common/technology/xilinx/interface/saxilite.gen 
INFO: [HLS 200-100] Command             ap_source returned 0; 0.007 sec.
INFO: [HLS 200-100] Execute             source E:/sdsoc171/SDx/2017.1/Vivado_HLS/common/technology/xilinx/interface/maxi.gen 
INFO: [HLS 200-100] Command             ap_source returned 0; 0.019 sec.
INFO: [HLS 200-100] Command           ap_source returned 0; 0.026 sec.
INFO: [HLS 200-100] Execute           source E:/sdsoc171/SDx/2017.1/Vivado_HLS/common/technology/xilinx/scripts/xilinxcoregen.gen 
INFO: [HLS 200-100] Command           ap_source returned 0; 0.026 sec.
INFO: [HLS 200-100] Execute           source E:/sdsoc171/SDx/2017.1/Vivado_HLS/common/technology/xilinx/interface/XilEDKCoreGen.gen 
INFO: [HLS 200-100] Command           ap_source returned 0; 0.02 sec.
INFO: [HLS 200-100] Execute           source E:/sdsoc171/SDx/2017.1/Vivado_HLS/common/technology/xilinx/ip/dds_compiler.gen 
INFO: [HLS 200-100] Command           ap_source returned 0; 0.008 sec.
INFO: [HLS 200-100] Execute           source E:/sdsoc171/SDx/2017.1/Vivado_HLS/common/technology/xilinx/ip/util.gen 
INFO: [HLS 200-100] Command           ap_source returned 0; 0.001 sec.
INFO: [HLS 200-100] Execute           source E:/sdsoc171/SDx/2017.1/Vivado_HLS/common/technology/xilinx/ip/xfft.gen 
INFO: [HLS 200-100] Command           ap_source returned 0; 0.189 sec.
INFO: [HLS 200-100] Execute           source E:/sdsoc171/SDx/2017.1/Vivado_HLS/common/technology/xilinx/ip/xfir.gen 
INFO: [HLS 200-100] Command           ap_source returned 0; 0.001 sec.
INFO: [HLS 200-100] Command         ap_source returned 0; 0.279 sec.
INFO: [HLS 200-100] Execute         source E:/sdsoc171/SDx/2017.1/Vivado_HLS/common/technology/xilinx/common/dsp48.gen 
INFO: [HLS 200-100] Command         ap_source returned 0; 0 sec.
INFO: [HLS 200-100] Command       ap_source returned 0; 0.284 sec.
INFO: [HLS 200-100] Command     ap_source returned 0; 0.285 sec.
INFO: [HLS 200-100] Execute     source E:/sdsoc171/SDx/2017.1/Vivado_HLS/common/technology/xilinx/zynq/zynq_fpv6.gen 
INFO: [HLS 200-100] Execute       source E:/sdsoc171/SDx/2017.1/Vivado_HLS/common/technology/xilinx/common/xilinx_fpv6.gen 
INFO: [HLS 200-100] Command       ap_source returned 0; 0.004 sec.
INFO: [HLS 200-100] Command     ap_source returned 0; 0.004 sec.
INFO: [HLS 200-100] Execute     source C:/Users/c7benj/Documents/MULTI_ROTOR/Flight_Main/FlightMain/solution1/.autopilot/db/global.setting.tcl 
INFO: [HLS 200-100] Command     ap_source returned 0; 0.001 sec.
INFO: [HLS 200-100] Execute     source C:/Users/c7benj/Documents/MULTI_ROTOR/Flight_Main/FlightMain/solution1/.autopilot/db/global.setting.tcl 
INFO: [HLS 200-100] Command     ap_source returned 0; 0.001 sec.
INFO: [HLS 200-100] Execute     source E:/sdsoc171/SDx/2017.1/Vivado_HLS/common/technology/generic/autopilot/common.gen 
INFO: [HLS 200-100] Execute       source E:/sdsoc171/SDx/2017.1/Vivado_HLS/common/technology/generic/autopilot/APCoreGen.gen 
INFO: [HLS 200-100] Command       ap_source returned 0; 0.002 sec.
INFO: [HLS 200-100] Command     ap_source returned 0; 0.003 sec.
INFO: [HLS 200-100] Execute     source E:/sdsoc171/SDx/2017.1/Vivado_HLS/common/technology/generic/autopilot/op.gen 
INFO: [HLS 200-100] Command     ap_source returned 0; 0.001 sec.
INFO: [HLS 200-100] Execute     source E:/sdsoc171/SDx/2017.1/Vivado_HLS/common/technology/generic/autopilot/op_simcore.gen 
INFO: [HLS 200-100] Command     ap_source returned 0; 0.002 sec.
INFO: [HLS 200-100] Execute     source E:/sdsoc171/SDx/2017.1/Vivado_HLS/common/technology/generic/autopilot/interface.gen 
INFO: [HLS 200-100] Command     ap_source returned 0; 0 sec.
INFO: [HLS 200-100] Execute     source C:/Users/c7benj/Documents/MULTI_ROTOR/Flight_Main/FlightMain/solution1/.autopilot/db/global.setting.tcl 
INFO: [HLS 200-100] Command     ap_source returned 0; 0.001 sec.
INFO: [HLS 200-100] Execute     source E:/sdsoc171/SDx/2017.1/Vivado_HLS/common/technology/xilinx/zynq/zynq.gen 
INFO: [HLS 200-100] Execute       source E:/sdsoc171/SDx/2017.1/Vivado_HLS/common/technology/xilinx/common/virtex.gen 
INFO: [HLS 200-100] Execute         source E:/sdsoc171/SDx/2017.1/Vivado_HLS/common/technology/xilinx/common/xilinx.gen 
INFO: [HLS 200-100] Execute           source E:/sdsoc171/SDx/2017.1/Vivado_HLS/common/technology/xilinx/interface/plb46.gen 
INFO: [HLS 200-100] Command           ap_source returned 0; 0.002 sec.
INFO: [HLS 200-100] Execute           source E:/sdsoc171/SDx/2017.1/Vivado_HLS/common/technology/xilinx/interface/fsl.gen 
INFO: [HLS 200-100] Command           ap_source returned 0; 0.001 sec.
INFO: [HLS 200-100] Execute           source E:/sdsoc171/SDx/2017.1/Vivado_HLS/common/technology/xilinx/interface/axi4.gen 
INFO: [HLS 200-100] Command           ap_source returned 0; 0.005 sec.
INFO: [HLS 200-100] Execute           source E:/sdsoc171/SDx/2017.1/Vivado_HLS/common/technology/xilinx/interface/nativeAXI4.gen 
INFO: [HLS 200-100] Execute             source E:/sdsoc171/SDx/2017.1/Vivado_HLS/common/technology/xilinx/interface/saxilite.gen 
INFO: [HLS 200-100] Command             ap_source returned 0; 0.008 sec.
INFO: [HLS 200-100] Execute             source E:/sdsoc171/SDx/2017.1/Vivado_HLS/common/technology/xilinx/interface/maxi.gen 
INFO: [HLS 200-100] Command             ap_source returned 0; 0.018 sec.
INFO: [HLS 200-100] Command           ap_source returned 0; 0.027 sec.
INFO: [HLS 200-100] Execute           source E:/sdsoc171/SDx/2017.1/Vivado_HLS/common/technology/xilinx/scripts/xilinxcoregen.gen 
INFO: [HLS 200-100] Command           ap_source returned 0; 0.024 sec.
INFO: [HLS 200-100] Execute           source E:/sdsoc171/SDx/2017.1/Vivado_HLS/common/technology/xilinx/interface/XilEDKCoreGen.gen 
INFO: [HLS 200-100] Command           ap_source returned 0; 0.022 sec.
INFO: [HLS 200-100] Execute           source E:/sdsoc171/SDx/2017.1/Vivado_HLS/common/technology/xilinx/ip/dds_compiler.gen 
INFO: [HLS 200-100] Command           ap_source returned 0; 0.007 sec.
INFO: [HLS 200-100] Execute           source E:/sdsoc171/SDx/2017.1/Vivado_HLS/common/technology/xilinx/ip/util.gen 
INFO: [HLS 200-100] Command           ap_source returned 0; 0.001 sec.
INFO: [HLS 200-100] Execute           source E:/sdsoc171/SDx/2017.1/Vivado_HLS/common/technology/xilinx/ip/xfft.gen 
INFO: [HLS 200-100] Command           ap_source returned 0; 0.222 sec.
INFO: [HLS 200-100] Execute           source E:/sdsoc171/SDx/2017.1/Vivado_HLS/common/technology/xilinx/ip/xfir.gen 
INFO: [HLS 200-100] Command           ap_source returned 0; 0.001 sec.
INFO: [HLS 200-100] Command         ap_source returned 0; 0.315 sec.
INFO: [HLS 200-100] Execute         source E:/sdsoc171/SDx/2017.1/Vivado_HLS/common/technology/xilinx/common/dsp48.gen 
INFO: [HLS 200-100] Command         ap_source returned 0; 0 sec.
INFO: [HLS 200-100] Command       ap_source returned 0; 0.321 sec.
INFO: [HLS 200-100] Command     ap_source returned 0; 0.321 sec.
INFO: [HLS 200-100] Execute     source E:/sdsoc171/SDx/2017.1/Vivado_HLS/common/technology/xilinx/zynq/zynq_fpv6.gen 
INFO: [HLS 200-100] Execute       source E:/sdsoc171/SDx/2017.1/Vivado_HLS/common/technology/xilinx/common/xilinx_fpv6.gen 
INFO: [HLS 200-100] Command       ap_source returned 0; 0.003 sec.
INFO: [HLS 200-100] Command     ap_source returned 0; 0.004 sec.
INFO: [HLS 200-100] Execute     source C:/Users/c7benj/Documents/MULTI_ROTOR/Flight_Main/FlightMain/solution1/.autopilot/db/global.setting.tcl 
INFO: [HLS 200-100] Command     ap_source returned 0; 0.001 sec.
INFO: [HLS 200-100] Execute     source C:/Users/c7benj/Documents/MULTI_ROTOR/Flight_Main/FlightMain/solution1/.autopilot/db/global.setting.tcl 
INFO: [HLS 200-100] Command     ap_source returned 0; 0.001 sec.
INFO: [HLS 200-100] Execute     source C:/Users/c7benj/Documents/MULTI_ROTOR/Flight_Main/FlightMain/solution1/.autopilot/db/global.setting.tcl 
INFO: [HLS 200-100] Command     ap_source returned 0; 0.001 sec.
INFO: [HLS 200-100] Execute     source E:/sdsoc171/SDx/2017.1/Vivado_HLS/common/technology/generic/autopilot/common.gen 
INFO: [HLS 200-100] Execute       source E:/sdsoc171/SDx/2017.1/Vivado_HLS/common/technology/generic/autopilot/APCoreGen.gen 
INFO: [HLS 200-100] Command       ap_source returned 0; 0.001 sec.
INFO: [HLS 200-100] Command     ap_source returned 0; 0.002 sec.
INFO: [HLS 200-100] Execute     source E:/sdsoc171/SDx/2017.1/Vivado_HLS/common/technology/generic/autopilot/op.gen 
INFO: [HLS 200-100] Command     ap_source returned 0; 0.001 sec.
INFO: [HLS 200-100] Execute     source E:/sdsoc171/SDx/2017.1/Vivado_HLS/common/technology/generic/autopilot/op_simcore.gen 
INFO: [HLS 200-100] Command     ap_source returned 0; 0.002 sec.
INFO: [HLS 200-100] Execute     source E:/sdsoc171/SDx/2017.1/Vivado_HLS/common/technology/generic/autopilot/interface.gen 
INFO: [HLS 200-100] Command     ap_source returned 0; 0 sec.
INFO: [HLS 200-100] Execute     source C:/Users/c7benj/Documents/MULTI_ROTOR/Flight_Main/FlightMain/solution1/.autopilot/db/global.setting.tcl 
INFO: [HLS 200-100] Command     ap_source returned 0; 0.001 sec.
INFO: [HLS 200-100] Execute     source E:/sdsoc171/SDx/2017.1/Vivado_HLS/common/technology/xilinx/zynq/zynq.gen 
INFO: [HLS 200-100] Execute       source E:/sdsoc171/SDx/2017.1/Vivado_HLS/common/technology/xilinx/common/virtex.gen 
INFO: [HLS 200-100] Execute         source E:/sdsoc171/SDx/2017.1/Vivado_HLS/common/technology/xilinx/common/xilinx.gen 
INFO: [HLS 200-100] Execute           source E:/sdsoc171/SDx/2017.1/Vivado_HLS/common/technology/xilinx/interface/plb46.gen 
INFO: [HLS 200-100] Command           ap_source returned 0; 0.002 sec.
INFO: [HLS 200-100] Execute           source E:/sdsoc171/SDx/2017.1/Vivado_HLS/common/technology/xilinx/interface/fsl.gen 
INFO: [HLS 200-100] Command           ap_source returned 0; 0.001 sec.
INFO: [HLS 200-100] Execute           source E:/sdsoc171/SDx/2017.1/Vivado_HLS/common/technology/xilinx/interface/axi4.gen 
INFO: [HLS 200-100] Command           ap_source returned 0; 0.003 sec.
INFO: [HLS 200-100] Execute           source E:/sdsoc171/SDx/2017.1/Vivado_HLS/common/technology/xilinx/interface/nativeAXI4.gen 
INFO: [HLS 200-100] Execute             source E:/sdsoc171/SDx/2017.1/Vivado_HLS/common/technology/xilinx/interface/saxilite.gen 
INFO: [HLS 200-100] Command             ap_source returned 0; 0.006 sec.
INFO: [HLS 200-100] Execute             source E:/sdsoc171/SDx/2017.1/Vivado_HLS/common/technology/xilinx/interface/maxi.gen 
INFO: [HLS 200-100] Command             ap_source returned 0; 0.016 sec.
INFO: [HLS 200-100] Command           ap_source returned 0; 0.024 sec.
INFO: [HLS 200-100] Execute           source E:/sdsoc171/SDx/2017.1/Vivado_HLS/common/technology/xilinx/scripts/xilinxcoregen.gen 
INFO: [HLS 200-100] Command           ap_source returned 0; 0.024 sec.
INFO: [HLS 200-100] Execute           source E:/sdsoc171/SDx/2017.1/Vivado_HLS/common/technology/xilinx/interface/XilEDKCoreGen.gen 
INFO: [HLS 200-100] Command           ap_source returned 0; 0.019 sec.
INFO: [HLS 200-100] Execute           source E:/sdsoc171/SDx/2017.1/Vivado_HLS/common/technology/xilinx/ip/dds_compiler.gen 
INFO: [HLS 200-100] Command           ap_source returned 0; 0.007 sec.
INFO: [HLS 200-100] Execute           source E:/sdsoc171/SDx/2017.1/Vivado_HLS/common/technology/xilinx/ip/util.gen 
INFO: [HLS 200-100] Command           ap_source returned 0; 0.001 sec.
INFO: [HLS 200-100] Execute           source E:/sdsoc171/SDx/2017.1/Vivado_HLS/common/technology/xilinx/ip/xfft.gen 
INFO: [HLS 200-100] Command           ap_source returned 0; 0.186 sec.
INFO: [HLS 200-100] Execute           source E:/sdsoc171/SDx/2017.1/Vivado_HLS/common/technology/xilinx/ip/xfir.gen 
INFO: [HLS 200-100] Command           ap_source returned 0; 0.002 sec.
INFO: [HLS 200-100] Command         ap_source returned 0; 0.269 sec.
INFO: [HLS 200-100] Execute         source E:/sdsoc171/SDx/2017.1/Vivado_HLS/common/technology/xilinx/common/dsp48.gen 
INFO: [HLS 200-100] Command         ap_source returned 0; 0 sec.
INFO: [HLS 200-100] Command       ap_source returned 0; 0.273 sec.
INFO: [HLS 200-100] Command     ap_source returned 0; 0.273 sec.
INFO: [HLS 200-100] Execute     source E:/sdsoc171/SDx/2017.1/Vivado_HLS/common/technology/xilinx/zynq/zynq_fpv6.gen 
INFO: [HLS 200-100] Execute       source E:/sdsoc171/SDx/2017.1/Vivado_HLS/common/technology/xilinx/common/xilinx_fpv6.gen 
INFO: [HLS 200-100] Command       ap_source returned 0; 0.003 sec.
INFO: [HLS 200-100] Command     ap_source returned 0; 0.003 sec.
INFO: [HLS 200-100] Execute     source C:/Users/c7benj/Documents/MULTI_ROTOR/Flight_Main/FlightMain/solution1/.autopilot/db/global.setting.tcl 
INFO: [HLS 200-100] Command     ap_source returned 0; 0.001 sec.
INFO: [HLS 200-100] Execute     source C:/Users/c7benj/Documents/MULTI_ROTOR/Flight_Main/FlightMain/solution1/.autopilot/db/global.setting.tcl 
INFO: [HLS 200-100] Command     ap_source returned 0; 0.001 sec.
INFO: [HLS 200-100] Execute     source C:/Users/c7benj/Documents/MULTI_ROTOR/Flight_Main/FlightMain/solution1/.autopilot/db/flightmain.compgen.tcl 
INFO: [HLS 200-100] Command     ap_source returned 0; 0.047 sec.
INFO: [HLS 200-100] Execute     source C:/Users/c7benj/Documents/MULTI_ROTOR/Flight_Main/FlightMain/solution1/.autopilot/db/global.setting.tcl 
INFO: [HLS 200-100] Command     ap_source returned 0; 0.001 sec.
INFO: [HLS 200-100] Execute     source C:/Users/c7benj/Documents/MULTI_ROTOR/Flight_Main/FlightMain/solution1/.autopilot/db/flightmain.constraint.tcl 
INFO: [HLS 200-100] Command     ap_source returned 0; 0.001 sec.
INFO: [HLS 200-100] Execute     source C:/Users/c7benj/Documents/MULTI_ROTOR/Flight_Main/FlightMain/solution1/.autopilot/db/global.setting.tcl 
INFO: [HLS 200-100] Command     ap_source returned 0; 0.001 sec.
INFO: [HLS 200-100] Execute     source E:/sdsoc171/SDx/2017.1/Vivado_HLS/common/technology/generic/autopilot/common.gen 
INFO: [HLS 200-100] Execute       source E:/sdsoc171/SDx/2017.1/Vivado_HLS/common/technology/generic/autopilot/APCoreGen.gen 
INFO: [HLS 200-100] Command       ap_source returned 0; 0.002 sec.
INFO: [HLS 200-100] Command     ap_source returned 0; 0.004 sec.
INFO: [HLS 200-100] Execute     source E:/sdsoc171/SDx/2017.1/Vivado_HLS/common/technology/generic/autopilot/op.gen 
INFO: [HLS 200-100] Command     ap_source returned 0; 0.001 sec.
INFO: [HLS 200-100] Execute     source E:/sdsoc171/SDx/2017.1/Vivado_HLS/common/technology/generic/autopilot/op_simcore.gen 
INFO: [HLS 200-100] Command     ap_source returned 0; 0.003 sec.
INFO: [HLS 200-100] Execute     source E:/sdsoc171/SDx/2017.1/Vivado_HLS/common/technology/generic/autopilot/interface.gen 
INFO: [HLS 200-100] Command     ap_source returned 0; 0 sec.
INFO: [HLS 200-100] Execute     source C:/Users/c7benj/Documents/MULTI_ROTOR/Flight_Main/FlightMain/solution1/.autopilot/db/global.setting.tcl 
INFO: [HLS 200-100] Command     ap_source returned 0; 0.034 sec.
INFO: [HLS 200-100] Execute     source E:/sdsoc171/SDx/2017.1/Vivado_HLS/common/technology/xilinx/zynq/zynq.gen 
INFO: [HLS 200-100] Execute       source E:/sdsoc171/SDx/2017.1/Vivado_HLS/common/technology/xilinx/common/virtex.gen 
INFO: [HLS 200-100] Execute         source E:/sdsoc171/SDx/2017.1/Vivado_HLS/common/technology/xilinx/common/xilinx.gen 
INFO: [HLS 200-100] Execute           source E:/sdsoc171/SDx/2017.1/Vivado_HLS/common/technology/xilinx/interface/plb46.gen 
INFO: [HLS 200-100] Command           ap_source returned 0; 0.003 sec.
INFO: [HLS 200-100] Execute           source E:/sdsoc171/SDx/2017.1/Vivado_HLS/common/technology/xilinx/interface/fsl.gen 
INFO: [HLS 200-100] Command           ap_source returned 0; 0.001 sec.
INFO: [HLS 200-100] Execute           source E:/sdsoc171/SDx/2017.1/Vivado_HLS/common/technology/xilinx/interface/axi4.gen 
INFO: [HLS 200-100] Command           ap_source returned 0; 0.005 sec.
INFO: [HLS 200-100] Execute           source E:/sdsoc171/SDx/2017.1/Vivado_HLS/common/technology/xilinx/interface/nativeAXI4.gen 
INFO: [HLS 200-100] Execute             source E:/sdsoc171/SDx/2017.1/Vivado_HLS/common/technology/xilinx/interface/saxilite.gen 
INFO: [HLS 200-100] Command             ap_source returned 0; 0.008 sec.
INFO: [HLS 200-100] Execute             source E:/sdsoc171/SDx/2017.1/Vivado_HLS/common/technology/xilinx/interface/maxi.gen 
INFO: [HLS 200-100] Command             ap_source returned 0; 0.019 sec.
INFO: [HLS 200-100] Command           ap_source returned 0; 0.027 sec.
INFO: [HLS 200-100] Execute           source E:/sdsoc171/SDx/2017.1/Vivado_HLS/common/technology/xilinx/scripts/xilinxcoregen.gen 
INFO: [HLS 200-100] Command           ap_source returned 0; 0.023 sec.
INFO: [HLS 200-100] Execute           source E:/sdsoc171/SDx/2017.1/Vivado_HLS/common/technology/xilinx/interface/XilEDKCoreGen.gen 
INFO: [HLS 200-100] Command           ap_source returned 0; 0.019 sec.
INFO: [HLS 200-100] Execute           source E:/sdsoc171/SDx/2017.1/Vivado_HLS/common/technology/xilinx/ip/dds_compiler.gen 
INFO: [HLS 200-100] Command           ap_source returned 0; 0.007 sec.
INFO: [HLS 200-100] Execute           source E:/sdsoc171/SDx/2017.1/Vivado_HLS/common/technology/xilinx/ip/util.gen 
INFO: [HLS 200-100] Command           ap_source returned 0; 0 sec.
INFO: [HLS 200-100] Execute           source E:/sdsoc171/SDx/2017.1/Vivado_HLS/common/technology/xilinx/ip/xfft.gen 
INFO: [HLS 200-100] Command           ap_source returned 0; 0.183 sec.
INFO: [HLS 200-100] Execute           source E:/sdsoc171/SDx/2017.1/Vivado_HLS/common/technology/xilinx/ip/xfir.gen 
INFO: [HLS 200-100] Command           ap_source returned 0; 0.001 sec.
INFO: [HLS 200-100] Command         ap_source returned 0; 0.272 sec.
INFO: [HLS 200-100] Execute         source E:/sdsoc171/SDx/2017.1/Vivado_HLS/common/technology/xilinx/common/dsp48.gen 
INFO: [HLS 200-100] Command         ap_source returned 0; 0.001 sec.
INFO: [HLS 200-100] Command       ap_source returned 0; 0.277 sec.
INFO: [HLS 200-100] Command     ap_source returned 0; 0.277 sec.
INFO: [HLS 200-100] Execute     source E:/sdsoc171/SDx/2017.1/Vivado_HLS/common/technology/xilinx/zynq/zynq_fpv6.gen 
INFO: [HLS 200-100] Execute       source E:/sdsoc171/SDx/2017.1/Vivado_HLS/common/technology/xilinx/common/xilinx_fpv6.gen 
INFO: [HLS 200-100] Command       ap_source returned 0; 0.003 sec.
INFO: [HLS 200-100] Command     ap_source returned 0; 0.003 sec.
INFO: [HLS 200-100] Execute     source C:/Users/c7benj/Documents/MULTI_ROTOR/Flight_Main/FlightMain/solution1/.autopilot/db/global.setting.tcl 
INFO: [HLS 200-100] Command     ap_source returned 0; 0.001 sec.
INFO: [HLS 200-100] Command   export_design returned 0; 120.864 sec.
INFO: [HLS 200-100] Command ap_source returned 0; 121.914 sec.
INFO: [HLS 200-100] Execute cleanup_all 
INFO: [HLS 200-100] Command cleanup_all returned 0; 0 sec.
