

================================================================
== Vivado HLS Report for 'flightmain'
================================================================
* Date:           Sat May 25 15:28:37 2019

* Version:        2017.1 (Build 1846317 on Thu Jun 22 18:17:09 MDT 2017)
* Project:        FlightMain
* Solution:       solution1
* Product family: zynq
* Target device:  xc7z020clg400-1


================================================================
== Performance Estimates
================================================================
+ Timing (ns): 
    * Summary: 
    +--------+-------+----------+------------+
    |  Clock | Target| Estimated| Uncertainty|
    +--------+-------+----------+------------+
    |ap_clk  |  10.00|      8.36|        1.25|
    +--------+-------+----------+------------+

+ Latency (clock cycles): 
    * Summary: 
    +-----+-----+-----+-----+----------+
    |  Latency  |  Interval | Pipeline |
    | min | max | min | max |   Type   |
    +-----+-----+-----+-----+----------+
    |   20|   20|   20|   20| function |
    +-----+-----+-----+-----+----------+

    + Detail: 
        * Instance: 
        N/A

        * Loop: 
        N/A

============================================================
+ Verbose Summary: Synthesis Manager
============================================================
InlineROM: 1
ExposeGlobal: 0
============================================================
+ Verbose Summary: CDFG Model
============================================================
IsTopModel: 1
ResetActiveHigh: 1
IsCombinational: 0
IsDatapathOnly: 0
HasWiredReturn: 1
HasMFsm: 2
HasVarLatency: 0
IsPipeline: 1
IsRtlPipelined: 1
IsInstanceOverlapped: 0
IsDontTouch: 0
HasImplIP: 0
IsGatedGlobalClock: 0

+ Individual pipeline summary: 
  * Pipeline-0: initiation interval (II) = 20, depth = 21


============================================================
+ Verbose Summary: Schedule
============================================================
* Number of FSM states: 21
* Pipeline: 1
  Pipeline-0: II = 20, D = 21, States = { 1 2 3 4 5 6 7 8 9 10 11 12 13 14 15 16 17 18 19 20 21 }
* Dataflow Pipeline: 0

* FSM state transitions: 
1 --> 
	2  / true
2 --> 
	3  / true
3 --> 
	4  / true
4 --> 
	5  / true
5 --> 
	6  / true
6 --> 
	7  / true
7 --> 
	8  / true
8 --> 
	9  / true
9 --> 
	10  / true
10 --> 
	11  / true
11 --> 
	12  / true
12 --> 
	13  / true
13 --> 
	14  / true
14 --> 
	15  / true
15 --> 
	16  / true
16 --> 
	17  / true
17 --> 
	18  / true
18 --> 
	19  / true
19 --> 
	20  / true
20 --> 
	21  / true
21 --> 
* FSM state operations: 

 <State 1>: 2.32ns
ST_1: rcCmdIn_V_addr (19)  [1/1] 0.00ns
.preheader.preheader:8  %rcCmdIn_V_addr = getelementptr [5 x i16]* %rcCmdIn_V, i32 0, i32 0

ST_1: delay_load (30)  [1/1] 0.00ns
.preheader.preheader:19  %delay_load = load i1* @delay, align 1

ST_1: StgValue_24 (35)  [1/1] 0.00ns  loc: flightmain.cpp:38
.preheader.preheader:24  br i1 %delay_load, label %ap_fixed_base.exit251_ifconv, label %._crit_edge176

ST_1: p_Val2_s (37)  [2/2] 2.32ns  loc: flightmain.cpp:41
ap_fixed_base.exit251_ifconv:0  %p_Val2_s = load i16* %rcCmdIn_V_addr, align 2


 <State 2>: 4.75ns
ST_2: p_Val2_s (37)  [1/2] 2.32ns  loc: flightmain.cpp:41
ap_fixed_base.exit251_ifconv:0  %p_Val2_s = load i16* %rcCmdIn_V_addr, align 2

ST_2: tmp_3 (40)  [1/1] 2.43ns  loc: flightmain.cpp:41
ap_fixed_base.exit251_ifconv:3  %tmp_3 = icmp eq i16 %p_Val2_s, 16384

ST_2: rcCmdIn_V_addr_1 (58)  [1/1] 0.00ns  loc: flightmain.cpp:41
ap_fixed_base.exit251_ifconv:21  %rcCmdIn_V_addr_1 = getelementptr [5 x i16]* %rcCmdIn_V, i32 0, i32 1

ST_2: p_Val2_2 (59)  [2/2] 2.32ns  loc: flightmain.cpp:41
ap_fixed_base.exit251_ifconv:22  %p_Val2_2 = load i16* %rcCmdIn_V_addr_1, align 2


 <State 3>: 8.36ns
ST_3: tmp_1 (38)  [1/1] 0.00ns  loc: flightmain.cpp:41
ap_fixed_base.exit251_ifconv:1  %tmp_1 = sext i16 %p_Val2_s to i17

ST_3: tmp_2 (39)  [1/1] 2.08ns  loc: flightmain.cpp:41
ap_fixed_base.exit251_ifconv:2  %tmp_2 = add i17 -16384, %tmp_1

ST_3: dp8 (41)  [1/1] 0.00ns  loc: flightmain.cpp:41
ap_fixed_base.exit251_ifconv:4  %dp8 = sext i17 %tmp_2 to i32

ST_3: dp (42)  [6/6] 6.28ns  loc: flightmain.cpp:41
ap_fixed_base.exit251_ifconv:5  %dp = sitofp i32 %dp8 to double

ST_3: p_Val2_2 (59)  [1/2] 2.32ns  loc: flightmain.cpp:41
ap_fixed_base.exit251_ifconv:22  %p_Val2_2 = load i16* %rcCmdIn_V_addr_1, align 2

ST_3: tmp_4 (62)  [1/1] 2.43ns  loc: flightmain.cpp:41
ap_fixed_base.exit251_ifconv:25  %tmp_4 = icmp eq i16 %p_Val2_2, 16384

ST_3: rcCmdIn_V_addr_2 (80)  [1/1] 0.00ns  loc: flightmain.cpp:42
ap_fixed_base.exit251_ifconv:43  %rcCmdIn_V_addr_2 = getelementptr [5 x i16]* %rcCmdIn_V, i32 0, i32 2

ST_3: p_Val2_4 (81)  [2/2] 2.32ns  loc: flightmain.cpp:42
ap_fixed_base.exit251_ifconv:44  %p_Val2_4 = load i16* %rcCmdIn_V_addr_2, align 2


 <State 4>: 8.36ns
ST_4: dp (42)  [5/6] 6.28ns  loc: flightmain.cpp:41
ap_fixed_base.exit251_ifconv:5  %dp = sitofp i32 %dp8 to double

ST_4: tmp_9 (60)  [1/1] 0.00ns  loc: flightmain.cpp:41
ap_fixed_base.exit251_ifconv:23  %tmp_9 = sext i16 %p_Val2_2 to i17

ST_4: tmp_s (61)  [1/1] 2.08ns  loc: flightmain.cpp:41
ap_fixed_base.exit251_ifconv:24  %tmp_s = add i17 -16384, %tmp_9

ST_4: dp_s (63)  [1/1] 0.00ns  loc: flightmain.cpp:41
ap_fixed_base.exit251_ifconv:26  %dp_s = sext i17 %tmp_s to i32

ST_4: dp_1 (64)  [6/6] 6.28ns  loc: flightmain.cpp:41
ap_fixed_base.exit251_ifconv:27  %dp_1 = sitofp i32 %dp_s to double

ST_4: p_Val2_4 (81)  [1/2] 2.32ns  loc: flightmain.cpp:42
ap_fixed_base.exit251_ifconv:44  %p_Val2_4 = load i16* %rcCmdIn_V_addr_2, align 2

ST_4: tmp_10 (84)  [1/1] 2.43ns  loc: flightmain.cpp:42
ap_fixed_base.exit251_ifconv:47  %tmp_10 = icmp eq i16 %p_Val2_4, 16384

ST_4: rcCmdIn_V_addr_3 (102)  [1/1] 0.00ns  loc: flightmain.cpp:42
ap_fixed_base.exit251_ifconv:65  %rcCmdIn_V_addr_3 = getelementptr [5 x i16]* %rcCmdIn_V, i32 0, i32 3

ST_4: p_Val2_6 (103)  [2/2] 2.32ns  loc: flightmain.cpp:42
ap_fixed_base.exit251_ifconv:66  %p_Val2_6 = load i16* %rcCmdIn_V_addr_3, align 2


 <State 5>: 8.36ns
ST_5: dp (42)  [4/6] 6.28ns  loc: flightmain.cpp:41
ap_fixed_base.exit251_ifconv:5  %dp = sitofp i32 %dp8 to double

ST_5: dp_1 (64)  [5/6] 6.28ns  loc: flightmain.cpp:41
ap_fixed_base.exit251_ifconv:27  %dp_1 = sitofp i32 %dp_s to double

ST_5: tmp_5 (82)  [1/1] 0.00ns  loc: flightmain.cpp:42
ap_fixed_base.exit251_ifconv:45  %tmp_5 = sext i16 %p_Val2_4 to i17

ST_5: tmp_7 (83)  [1/1] 2.08ns  loc: flightmain.cpp:42
ap_fixed_base.exit251_ifconv:46  %tmp_7 = add i17 -16384, %tmp_5

ST_5: dp_4 (85)  [1/1] 0.00ns  loc: flightmain.cpp:42
ap_fixed_base.exit251_ifconv:48  %dp_4 = sext i17 %tmp_7 to i32

ST_5: dp_2 (86)  [6/6] 6.28ns  loc: flightmain.cpp:42
ap_fixed_base.exit251_ifconv:49  %dp_2 = sitofp i32 %dp_4 to double

ST_5: p_Val2_6 (103)  [1/2] 2.32ns  loc: flightmain.cpp:42
ap_fixed_base.exit251_ifconv:66  %p_Val2_6 = load i16* %rcCmdIn_V_addr_3, align 2

ST_5: tmp_14 (106)  [1/1] 2.43ns  loc: flightmain.cpp:42
ap_fixed_base.exit251_ifconv:69  %tmp_14 = icmp eq i16 %p_Val2_6, 16384


 <State 6>: 8.36ns
ST_6: dp (42)  [3/6] 6.28ns  loc: flightmain.cpp:41
ap_fixed_base.exit251_ifconv:5  %dp = sitofp i32 %dp8 to double

ST_6: dp_1 (64)  [4/6] 6.28ns  loc: flightmain.cpp:41
ap_fixed_base.exit251_ifconv:27  %dp_1 = sitofp i32 %dp_s to double

ST_6: dp_2 (86)  [5/6] 6.28ns  loc: flightmain.cpp:42
ap_fixed_base.exit251_ifconv:49  %dp_2 = sitofp i32 %dp_4 to double

ST_6: tmp_12 (104)  [1/1] 0.00ns  loc: flightmain.cpp:42
ap_fixed_base.exit251_ifconv:67  %tmp_12 = sext i16 %p_Val2_6 to i17

ST_6: tmp_13 (105)  [1/1] 2.08ns  loc: flightmain.cpp:42
ap_fixed_base.exit251_ifconv:68  %tmp_13 = add i17 -16384, %tmp_12

ST_6: dp_5 (107)  [1/1] 0.00ns  loc: flightmain.cpp:42
ap_fixed_base.exit251_ifconv:70  %dp_5 = sext i17 %tmp_13 to i32

ST_6: dp_3 (108)  [6/6] 6.28ns  loc: flightmain.cpp:42
ap_fixed_base.exit251_ifconv:71  %dp_3 = sitofp i32 %dp_5 to double


 <State 7>: 6.28ns
ST_7: dp (42)  [2/6] 6.28ns  loc: flightmain.cpp:41
ap_fixed_base.exit251_ifconv:5  %dp = sitofp i32 %dp8 to double

ST_7: dp_1 (64)  [3/6] 6.28ns  loc: flightmain.cpp:41
ap_fixed_base.exit251_ifconv:27  %dp_1 = sitofp i32 %dp_s to double

ST_7: dp_2 (86)  [4/6] 6.28ns  loc: flightmain.cpp:42
ap_fixed_base.exit251_ifconv:49  %dp_2 = sitofp i32 %dp_4 to double

ST_7: dp_3 (108)  [5/6] 6.28ns  loc: flightmain.cpp:42
ap_fixed_base.exit251_ifconv:71  %dp_3 = sitofp i32 %dp_5 to double


 <State 8>: 8.26ns
ST_8: dp (42)  [1/6] 6.28ns  loc: flightmain.cpp:41
ap_fixed_base.exit251_ifconv:5  %dp = sitofp i32 %dp8 to double

ST_8: res_V_7 (43)  [1/1] 0.00ns  loc: flightmain.cpp:41
ap_fixed_base.exit251_ifconv:6  %res_V_7 = bitcast double %dp to i64

ST_8: exp_V (44)  [1/1] 0.00ns  loc: flightmain.cpp:41
ap_fixed_base.exit251_ifconv:7  %exp_V = call i11 @_ssdm_op_PartSelect.i11.i64.i32.i32(i64 %res_V_7, i32 52, i32 62)

ST_8: exp_V_8 (45)  [1/1] 1.98ns  loc: flightmain.cpp:41
ap_fixed_base.exit251_ifconv:8  %exp_V_8 = add i11 -15, %exp_V

ST_8: p_Result_s (46)  [1/1] 0.00ns  loc: flightmain.cpp:41
ap_fixed_base.exit251_ifconv:9  %p_Result_s = call i64 @llvm.part.set.i64.i11(i64 %res_V_7, i11 %exp_V_8, i32 52, i32 62) nounwind

ST_8: tmp (47)  [1/1] 0.00ns  loc: r:/builds/2017.1_sdx/nightly/2017_06_22_1915620/src/products/hls/hls_lib/src/hls/utils/x_hls_utils.h:495->r:/builds/2017.1_sdx/nightly/2017_06_22_1915620/src/products/hls/hls_lib/src/hls/utils/x_hls_utils.h:512->r:/builds/2017.1_sdx/nightly/2017_06_22_1915620/src/products/hls/hls_lib/src/hls/utils/x_hls_utils.h:526->r:/builds/2017.1_sdx/nightly/2017_06_22_1915620/src/products/hls/hls_lib/src/hls/hls_basic_math.h:337->r:/builds/2017.1_sdx/nightly/2017_06_22_1915620/src/products/hls/hls_lib/src/hls/hls_basic_math.h:372->r:/builds/2017.1_sdx/nightly/2017_06_22_1915620/src/products/hls/hls_lib/src/hls_math.h:65->r:/builds/2017.1_sdx/nightly/2017_06_22_1915620/src/products/hls/hls_lib/src/lib_hlsm.cpp:268->flightmain.cpp:41
ap_fixed_base.exit251_ifconv:10  %tmp = trunc i64 %p_Result_s to i63

ST_8: dp_1 (64)  [2/6] 6.28ns  loc: flightmain.cpp:41
ap_fixed_base.exit251_ifconv:27  %dp_1 = sitofp i32 %dp_s to double

ST_8: dp_2 (86)  [3/6] 6.28ns  loc: flightmain.cpp:42
ap_fixed_base.exit251_ifconv:49  %dp_2 = sitofp i32 %dp_4 to double

ST_8: dp_3 (108)  [4/6] 6.28ns  loc: flightmain.cpp:42
ap_fixed_base.exit251_ifconv:71  %dp_3 = sitofp i32 %dp_5 to double


 <State 9>: 8.26ns
ST_9: tmp_6 (48)  [1/1] 1.37ns  loc: r:/builds/2017.1_sdx/nightly/2017_06_22_1915620/src/products/hls/hls_lib/src/hls/utils/x_hls_utils.h:475->r:/builds/2017.1_sdx/nightly/2017_06_22_1915620/src/products/hls/hls_lib/src/hls/utils/x_hls_utils.h:479->r:/builds/2017.1_sdx/nightly/2017_06_22_1915620/src/products/hls/hls_lib/src/hls/hls_basic_math.h:335->r:/builds/2017.1_sdx/nightly/2017_06_22_1915620/src/products/hls/hls_lib/src/hls/hls_basic_math.h:372->r:/builds/2017.1_sdx/nightly/2017_06_22_1915620/src/products/hls/hls_lib/src/hls_math.h:65->r:/builds/2017.1_sdx/nightly/2017_06_22_1915620/src/products/hls/hls_lib/src/lib_hlsm.cpp:268->flightmain.cpp:41
ap_fixed_base.exit251_ifconv:11  %tmp_6 = select i1 %tmp_3, i63 0, i63 %tmp

ST_9: tmp_8 (49)  [1/1] 0.00ns  loc: r:/builds/2017.1_sdx/nightly/2017_06_22_1915620/src/products/hls/hls_lib/src/hls/utils/x_hls_utils.h:475->r:/builds/2017.1_sdx/nightly/2017_06_22_1915620/src/products/hls/hls_lib/src/hls/utils/x_hls_utils.h:479->r:/builds/2017.1_sdx/nightly/2017_06_22_1915620/src/products/hls/hls_lib/src/hls/hls_basic_math.h:335->r:/builds/2017.1_sdx/nightly/2017_06_22_1915620/src/products/hls/hls_lib/src/hls/hls_basic_math.h:372->r:/builds/2017.1_sdx/nightly/2017_06_22_1915620/src/products/hls/hls_lib/src/hls_math.h:65->r:/builds/2017.1_sdx/nightly/2017_06_22_1915620/src/products/hls/hls_lib/src/lib_hlsm.cpp:268->flightmain.cpp:41
ap_fixed_base.exit251_ifconv:12  %tmp_8 = trunc i63 %tmp_6 to i52

ST_9: p_Result_1 (50)  [1/1] 0.00ns  loc: r:/builds/2017.1_sdx/nightly/2017_06_22_1915620/src/products/hls/hls_lib/src/hls/utils/x_hls_utils.h:495->r:/builds/2017.1_sdx/nightly/2017_06_22_1915620/src/products/hls/hls_lib/src/hls/utils/x_hls_utils.h:512->r:/builds/2017.1_sdx/nightly/2017_06_22_1915620/src/products/hls/hls_lib/src/hls/utils/x_hls_utils.h:526->r:/builds/2017.1_sdx/nightly/2017_06_22_1915620/src/products/hls/hls_lib/src/hls/hls_basic_math.h:337->r:/builds/2017.1_sdx/nightly/2017_06_22_1915620/src/products/hls/hls_lib/src/hls/hls_basic_math.h:372->r:/builds/2017.1_sdx/nightly/2017_06_22_1915620/src/products/hls/hls_lib/src/hls_math.h:65->r:/builds/2017.1_sdx/nightly/2017_06_22_1915620/src/products/hls/hls_lib/src/lib_hlsm.cpp:268->flightmain.cpp:41
ap_fixed_base.exit251_ifconv:13  %p_Result_1 = call i64 @_ssdm_op_BitConcatenate.i64.i1.i63(i1 false, i63 %tmp_6)

ST_9: ret_i_i_i_i_i_i (51)  [1/1] 0.00ns  loc: r:/builds/2017.1_sdx/nightly/2017_06_22_1915620/src/products/hls/hls_lib/src/hls/utils/x_hls_utils.h:512->r:/builds/2017.1_sdx/nightly/2017_06_22_1915620/src/products/hls/hls_lib/src/hls/utils/x_hls_utils.h:526->r:/builds/2017.1_sdx/nightly/2017_06_22_1915620/src/products/hls/hls_lib/src/hls/hls_basic_math.h:337->r:/builds/2017.1_sdx/nightly/2017_06_22_1915620/src/products/hls/hls_lib/src/hls/hls_basic_math.h:372->r:/builds/2017.1_sdx/nightly/2017_06_22_1915620/src/products/hls/hls_lib/src/hls_math.h:65->r:/builds/2017.1_sdx/nightly/2017_06_22_1915620/src/products/hls/hls_lib/src/lib_hlsm.cpp:268->flightmain.cpp:41
ap_fixed_base.exit251_ifconv:14  %ret_i_i_i_i_i_i = bitcast i64 %p_Result_1 to double

ST_9: tmp_11 (52)  [1/1] 0.00ns  loc: r:/builds/2017.1_sdx/nightly/2017_06_22_1915620/src/products/hls/hls_lib/src/hls/utils/x_hls_utils.h:475->r:/builds/2017.1_sdx/nightly/2017_06_22_1915620/src/products/hls/hls_lib/src/hls/utils/x_hls_utils.h:479->r:/builds/2017.1_sdx/nightly/2017_06_22_1915620/src/products/hls/hls_lib/src/hls/hls_basic_math.h:335->r:/builds/2017.1_sdx/nightly/2017_06_22_1915620/src/products/hls/hls_lib/src/hls/hls_basic_math.h:372->r:/builds/2017.1_sdx/nightly/2017_06_22_1915620/src/products/hls/hls_lib/src/hls_math.h:65->r:/builds/2017.1_sdx/nightly/2017_06_22_1915620/src/products/hls/hls_lib/src/lib_hlsm.cpp:268->flightmain.cpp:41
ap_fixed_base.exit251_ifconv:15  %tmp_11 = call i11 @_ssdm_op_PartSelect.i11.i63.i32.i32(i63 %tmp_6, i32 52, i32 62)

ST_9: notlhs (53)  [1/1] 1.88ns  loc: r:/builds/2017.1_sdx/nightly/2017_06_22_1915620/src/products/hls/hls_lib/src/hls/utils/x_hls_utils.h:475->r:/builds/2017.1_sdx/nightly/2017_06_22_1915620/src/products/hls/hls_lib/src/hls/utils/x_hls_utils.h:479->r:/builds/2017.1_sdx/nightly/2017_06_22_1915620/src/products/hls/hls_lib/src/hls/hls_basic_math.h:335->r:/builds/2017.1_sdx/nightly/2017_06_22_1915620/src/products/hls/hls_lib/src/hls/hls_basic_math.h:372->r:/builds/2017.1_sdx/nightly/2017_06_22_1915620/src/products/hls/hls_lib/src/hls_math.h:65->r:/builds/2017.1_sdx/nightly/2017_06_22_1915620/src/products/hls/hls_lib/src/lib_hlsm.cpp:268->flightmain.cpp:41
ap_fixed_base.exit251_ifconv:16  %notlhs = icmp ne i11 %tmp_11, -1

ST_9: notrhs (54)  [1/1] 2.90ns  loc: r:/builds/2017.1_sdx/nightly/2017_06_22_1915620/src/products/hls/hls_lib/src/hls/utils/x_hls_utils.h:475->r:/builds/2017.1_sdx/nightly/2017_06_22_1915620/src/products/hls/hls_lib/src/hls/utils/x_hls_utils.h:479->r:/builds/2017.1_sdx/nightly/2017_06_22_1915620/src/products/hls/hls_lib/src/hls/hls_basic_math.h:335->r:/builds/2017.1_sdx/nightly/2017_06_22_1915620/src/products/hls/hls_lib/src/hls/hls_basic_math.h:372->r:/builds/2017.1_sdx/nightly/2017_06_22_1915620/src/products/hls/hls_lib/src/hls_math.h:65->r:/builds/2017.1_sdx/nightly/2017_06_22_1915620/src/products/hls/hls_lib/src/lib_hlsm.cpp:268->flightmain.cpp:41
ap_fixed_base.exit251_ifconv:17  %notrhs = icmp eq i52 %tmp_8, 0

ST_9: tmp_16 (56)  [1/1] 6.82ns  loc: flightmain.cpp:41
ap_fixed_base.exit251_ifconv:19  %tmp_16 = fcmp olt double %ret_i_i_i_i_i_i, 5.000000e-02

ST_9: dp_1 (64)  [1/6] 6.28ns  loc: flightmain.cpp:41
ap_fixed_base.exit251_ifconv:27  %dp_1 = sitofp i32 %dp_s to double

ST_9: res_V_8 (65)  [1/1] 0.00ns  loc: flightmain.cpp:41
ap_fixed_base.exit251_ifconv:28  %res_V_8 = bitcast double %dp_1 to i64

ST_9: exp_V_2 (66)  [1/1] 0.00ns  loc: flightmain.cpp:41
ap_fixed_base.exit251_ifconv:29  %exp_V_2 = call i11 @_ssdm_op_PartSelect.i11.i64.i32.i32(i64 %res_V_8, i32 52, i32 62)

ST_9: exp_V_9 (67)  [1/1] 1.98ns  loc: flightmain.cpp:41
ap_fixed_base.exit251_ifconv:30  %exp_V_9 = add i11 -15, %exp_V_2

ST_9: p_Result_2 (68)  [1/1] 0.00ns  loc: flightmain.cpp:41
ap_fixed_base.exit251_ifconv:31  %p_Result_2 = call i64 @llvm.part.set.i64.i11(i64 %res_V_8, i11 %exp_V_9, i32 52, i32 62) nounwind

ST_9: tmp_18 (69)  [1/1] 0.00ns  loc: r:/builds/2017.1_sdx/nightly/2017_06_22_1915620/src/products/hls/hls_lib/src/hls/utils/x_hls_utils.h:495->r:/builds/2017.1_sdx/nightly/2017_06_22_1915620/src/products/hls/hls_lib/src/hls/utils/x_hls_utils.h:512->r:/builds/2017.1_sdx/nightly/2017_06_22_1915620/src/products/hls/hls_lib/src/hls/utils/x_hls_utils.h:526->r:/builds/2017.1_sdx/nightly/2017_06_22_1915620/src/products/hls/hls_lib/src/hls/hls_basic_math.h:337->r:/builds/2017.1_sdx/nightly/2017_06_22_1915620/src/products/hls/hls_lib/src/hls/hls_basic_math.h:372->r:/builds/2017.1_sdx/nightly/2017_06_22_1915620/src/products/hls/hls_lib/src/hls_math.h:65->r:/builds/2017.1_sdx/nightly/2017_06_22_1915620/src/products/hls/hls_lib/src/lib_hlsm.cpp:268->flightmain.cpp:41
ap_fixed_base.exit251_ifconv:32  %tmp_18 = trunc i64 %p_Result_2 to i63

ST_9: dp_2 (86)  [2/6] 6.28ns  loc: flightmain.cpp:42
ap_fixed_base.exit251_ifconv:49  %dp_2 = sitofp i32 %dp_4 to double

ST_9: dp_3 (108)  [3/6] 6.28ns  loc: flightmain.cpp:42
ap_fixed_base.exit251_ifconv:71  %dp_3 = sitofp i32 %dp_5 to double


 <State 10>: 8.26ns
ST_10: tmp_19 (70)  [1/1] 1.37ns  loc: r:/builds/2017.1_sdx/nightly/2017_06_22_1915620/src/products/hls/hls_lib/src/hls/utils/x_hls_utils.h:475->r:/builds/2017.1_sdx/nightly/2017_06_22_1915620/src/products/hls/hls_lib/src/hls/utils/x_hls_utils.h:479->r:/builds/2017.1_sdx/nightly/2017_06_22_1915620/src/products/hls/hls_lib/src/hls/hls_basic_math.h:335->r:/builds/2017.1_sdx/nightly/2017_06_22_1915620/src/products/hls/hls_lib/src/hls/hls_basic_math.h:372->r:/builds/2017.1_sdx/nightly/2017_06_22_1915620/src/products/hls/hls_lib/src/hls_math.h:65->r:/builds/2017.1_sdx/nightly/2017_06_22_1915620/src/products/hls/hls_lib/src/lib_hlsm.cpp:268->flightmain.cpp:41
ap_fixed_base.exit251_ifconv:33  %tmp_19 = select i1 %tmp_4, i63 0, i63 %tmp_18

ST_10: tmp_20 (71)  [1/1] 0.00ns  loc: r:/builds/2017.1_sdx/nightly/2017_06_22_1915620/src/products/hls/hls_lib/src/hls/utils/x_hls_utils.h:475->r:/builds/2017.1_sdx/nightly/2017_06_22_1915620/src/products/hls/hls_lib/src/hls/utils/x_hls_utils.h:479->r:/builds/2017.1_sdx/nightly/2017_06_22_1915620/src/products/hls/hls_lib/src/hls/hls_basic_math.h:335->r:/builds/2017.1_sdx/nightly/2017_06_22_1915620/src/products/hls/hls_lib/src/hls/hls_basic_math.h:372->r:/builds/2017.1_sdx/nightly/2017_06_22_1915620/src/products/hls/hls_lib/src/hls_math.h:65->r:/builds/2017.1_sdx/nightly/2017_06_22_1915620/src/products/hls/hls_lib/src/lib_hlsm.cpp:268->flightmain.cpp:41
ap_fixed_base.exit251_ifconv:34  %tmp_20 = trunc i63 %tmp_19 to i52

ST_10: p_Result_3 (72)  [1/1] 0.00ns  loc: r:/builds/2017.1_sdx/nightly/2017_06_22_1915620/src/products/hls/hls_lib/src/hls/utils/x_hls_utils.h:495->r:/builds/2017.1_sdx/nightly/2017_06_22_1915620/src/products/hls/hls_lib/src/hls/utils/x_hls_utils.h:512->r:/builds/2017.1_sdx/nightly/2017_06_22_1915620/src/products/hls/hls_lib/src/hls/utils/x_hls_utils.h:526->r:/builds/2017.1_sdx/nightly/2017_06_22_1915620/src/products/hls/hls_lib/src/hls/hls_basic_math.h:337->r:/builds/2017.1_sdx/nightly/2017_06_22_1915620/src/products/hls/hls_lib/src/hls/hls_basic_math.h:372->r:/builds/2017.1_sdx/nightly/2017_06_22_1915620/src/products/hls/hls_lib/src/hls_math.h:65->r:/builds/2017.1_sdx/nightly/2017_06_22_1915620/src/products/hls/hls_lib/src/lib_hlsm.cpp:268->flightmain.cpp:41
ap_fixed_base.exit251_ifconv:35  %p_Result_3 = call i64 @_ssdm_op_BitConcatenate.i64.i1.i63(i1 false, i63 %tmp_19)

ST_10: ret_i_i_i_i_i_i9 (73)  [1/1] 0.00ns  loc: r:/builds/2017.1_sdx/nightly/2017_06_22_1915620/src/products/hls/hls_lib/src/hls/utils/x_hls_utils.h:512->r:/builds/2017.1_sdx/nightly/2017_06_22_1915620/src/products/hls/hls_lib/src/hls/utils/x_hls_utils.h:526->r:/builds/2017.1_sdx/nightly/2017_06_22_1915620/src/products/hls/hls_lib/src/hls/hls_basic_math.h:337->r:/builds/2017.1_sdx/nightly/2017_06_22_1915620/src/products/hls/hls_lib/src/hls/hls_basic_math.h:372->r:/builds/2017.1_sdx/nightly/2017_06_22_1915620/src/products/hls/hls_lib/src/hls_math.h:65->r:/builds/2017.1_sdx/nightly/2017_06_22_1915620/src/products/hls/hls_lib/src/lib_hlsm.cpp:268->flightmain.cpp:41
ap_fixed_base.exit251_ifconv:36  %ret_i_i_i_i_i_i9 = bitcast i64 %p_Result_3 to double

ST_10: tmp_21 (74)  [1/1] 0.00ns  loc: r:/builds/2017.1_sdx/nightly/2017_06_22_1915620/src/products/hls/hls_lib/src/hls/utils/x_hls_utils.h:475->r:/builds/2017.1_sdx/nightly/2017_06_22_1915620/src/products/hls/hls_lib/src/hls/utils/x_hls_utils.h:479->r:/builds/2017.1_sdx/nightly/2017_06_22_1915620/src/products/hls/hls_lib/src/hls/hls_basic_math.h:335->r:/builds/2017.1_sdx/nightly/2017_06_22_1915620/src/products/hls/hls_lib/src/hls/hls_basic_math.h:372->r:/builds/2017.1_sdx/nightly/2017_06_22_1915620/src/products/hls/hls_lib/src/hls_math.h:65->r:/builds/2017.1_sdx/nightly/2017_06_22_1915620/src/products/hls/hls_lib/src/lib_hlsm.cpp:268->flightmain.cpp:41
ap_fixed_base.exit251_ifconv:37  %tmp_21 = call i11 @_ssdm_op_PartSelect.i11.i63.i32.i32(i63 %tmp_19, i32 52, i32 62)

ST_10: notlhs1 (75)  [1/1] 1.88ns  loc: r:/builds/2017.1_sdx/nightly/2017_06_22_1915620/src/products/hls/hls_lib/src/hls/utils/x_hls_utils.h:475->r:/builds/2017.1_sdx/nightly/2017_06_22_1915620/src/products/hls/hls_lib/src/hls/utils/x_hls_utils.h:479->r:/builds/2017.1_sdx/nightly/2017_06_22_1915620/src/products/hls/hls_lib/src/hls/hls_basic_math.h:335->r:/builds/2017.1_sdx/nightly/2017_06_22_1915620/src/products/hls/hls_lib/src/hls/hls_basic_math.h:372->r:/builds/2017.1_sdx/nightly/2017_06_22_1915620/src/products/hls/hls_lib/src/hls_math.h:65->r:/builds/2017.1_sdx/nightly/2017_06_22_1915620/src/products/hls/hls_lib/src/lib_hlsm.cpp:268->flightmain.cpp:41
ap_fixed_base.exit251_ifconv:38  %notlhs1 = icmp ne i11 %tmp_21, -1

ST_10: notrhs1 (76)  [1/1] 2.90ns  loc: r:/builds/2017.1_sdx/nightly/2017_06_22_1915620/src/products/hls/hls_lib/src/hls/utils/x_hls_utils.h:475->r:/builds/2017.1_sdx/nightly/2017_06_22_1915620/src/products/hls/hls_lib/src/hls/utils/x_hls_utils.h:479->r:/builds/2017.1_sdx/nightly/2017_06_22_1915620/src/products/hls/hls_lib/src/hls/hls_basic_math.h:335->r:/builds/2017.1_sdx/nightly/2017_06_22_1915620/src/products/hls/hls_lib/src/hls/hls_basic_math.h:372->r:/builds/2017.1_sdx/nightly/2017_06_22_1915620/src/products/hls/hls_lib/src/hls_math.h:65->r:/builds/2017.1_sdx/nightly/2017_06_22_1915620/src/products/hls/hls_lib/src/lib_hlsm.cpp:268->flightmain.cpp:41
ap_fixed_base.exit251_ifconv:39  %notrhs1 = icmp eq i52 %tmp_20, 0

ST_10: tmp_23 (78)  [1/1] 6.82ns  loc: flightmain.cpp:41
ap_fixed_base.exit251_ifconv:41  %tmp_23 = fcmp olt double %ret_i_i_i_i_i_i9, 5.000000e-02

ST_10: dp_2 (86)  [1/6] 6.28ns  loc: flightmain.cpp:42
ap_fixed_base.exit251_ifconv:49  %dp_2 = sitofp i32 %dp_4 to double

ST_10: res_V (87)  [1/1] 0.00ns  loc: flightmain.cpp:42
ap_fixed_base.exit251_ifconv:50  %res_V = bitcast double %dp_2 to i64

ST_10: exp_V_4 (88)  [1/1] 0.00ns  loc: flightmain.cpp:42
ap_fixed_base.exit251_ifconv:51  %exp_V_4 = call i11 @_ssdm_op_PartSelect.i11.i64.i32.i32(i64 %res_V, i32 52, i32 62)

ST_10: exp_V_10 (89)  [1/1] 1.98ns  loc: flightmain.cpp:42
ap_fixed_base.exit251_ifconv:52  %exp_V_10 = add i11 -15, %exp_V_4

ST_10: p_Result_4 (90)  [1/1] 0.00ns  loc: flightmain.cpp:42
ap_fixed_base.exit251_ifconv:53  %p_Result_4 = call i64 @llvm.part.set.i64.i11(i64 %res_V, i11 %exp_V_10, i32 52, i32 62) nounwind

ST_10: tmp_25 (91)  [1/1] 0.00ns  loc: r:/builds/2017.1_sdx/nightly/2017_06_22_1915620/src/products/hls/hls_lib/src/hls/utils/x_hls_utils.h:495->r:/builds/2017.1_sdx/nightly/2017_06_22_1915620/src/products/hls/hls_lib/src/hls/utils/x_hls_utils.h:512->r:/builds/2017.1_sdx/nightly/2017_06_22_1915620/src/products/hls/hls_lib/src/hls/utils/x_hls_utils.h:526->r:/builds/2017.1_sdx/nightly/2017_06_22_1915620/src/products/hls/hls_lib/src/hls/hls_basic_math.h:337->r:/builds/2017.1_sdx/nightly/2017_06_22_1915620/src/products/hls/hls_lib/src/hls/hls_basic_math.h:372->r:/builds/2017.1_sdx/nightly/2017_06_22_1915620/src/products/hls/hls_lib/src/hls_math.h:65->r:/builds/2017.1_sdx/nightly/2017_06_22_1915620/src/products/hls/hls_lib/src/lib_hlsm.cpp:268->flightmain.cpp:42
ap_fixed_base.exit251_ifconv:54  %tmp_25 = trunc i64 %p_Result_4 to i63

ST_10: dp_3 (108)  [2/6] 6.28ns  loc: flightmain.cpp:42
ap_fixed_base.exit251_ifconv:71  %dp_3 = sitofp i32 %dp_5 to double


 <State 11>: 8.26ns
ST_11: tmp_26 (92)  [1/1] 1.37ns  loc: r:/builds/2017.1_sdx/nightly/2017_06_22_1915620/src/products/hls/hls_lib/src/hls/utils/x_hls_utils.h:475->r:/builds/2017.1_sdx/nightly/2017_06_22_1915620/src/products/hls/hls_lib/src/hls/utils/x_hls_utils.h:479->r:/builds/2017.1_sdx/nightly/2017_06_22_1915620/src/products/hls/hls_lib/src/hls/hls_basic_math.h:335->r:/builds/2017.1_sdx/nightly/2017_06_22_1915620/src/products/hls/hls_lib/src/hls/hls_basic_math.h:372->r:/builds/2017.1_sdx/nightly/2017_06_22_1915620/src/products/hls/hls_lib/src/hls_math.h:65->r:/builds/2017.1_sdx/nightly/2017_06_22_1915620/src/products/hls/hls_lib/src/lib_hlsm.cpp:268->flightmain.cpp:42
ap_fixed_base.exit251_ifconv:55  %tmp_26 = select i1 %tmp_10, i63 0, i63 %tmp_25

ST_11: tmp_27 (93)  [1/1] 0.00ns  loc: r:/builds/2017.1_sdx/nightly/2017_06_22_1915620/src/products/hls/hls_lib/src/hls/utils/x_hls_utils.h:475->r:/builds/2017.1_sdx/nightly/2017_06_22_1915620/src/products/hls/hls_lib/src/hls/utils/x_hls_utils.h:479->r:/builds/2017.1_sdx/nightly/2017_06_22_1915620/src/products/hls/hls_lib/src/hls/hls_basic_math.h:335->r:/builds/2017.1_sdx/nightly/2017_06_22_1915620/src/products/hls/hls_lib/src/hls/hls_basic_math.h:372->r:/builds/2017.1_sdx/nightly/2017_06_22_1915620/src/products/hls/hls_lib/src/hls_math.h:65->r:/builds/2017.1_sdx/nightly/2017_06_22_1915620/src/products/hls/hls_lib/src/lib_hlsm.cpp:268->flightmain.cpp:42
ap_fixed_base.exit251_ifconv:56  %tmp_27 = trunc i63 %tmp_26 to i52

ST_11: p_Result_5 (94)  [1/1] 0.00ns  loc: r:/builds/2017.1_sdx/nightly/2017_06_22_1915620/src/products/hls/hls_lib/src/hls/utils/x_hls_utils.h:495->r:/builds/2017.1_sdx/nightly/2017_06_22_1915620/src/products/hls/hls_lib/src/hls/utils/x_hls_utils.h:512->r:/builds/2017.1_sdx/nightly/2017_06_22_1915620/src/products/hls/hls_lib/src/hls/utils/x_hls_utils.h:526->r:/builds/2017.1_sdx/nightly/2017_06_22_1915620/src/products/hls/hls_lib/src/hls/hls_basic_math.h:337->r:/builds/2017.1_sdx/nightly/2017_06_22_1915620/src/products/hls/hls_lib/src/hls/hls_basic_math.h:372->r:/builds/2017.1_sdx/nightly/2017_06_22_1915620/src/products/hls/hls_lib/src/hls_math.h:65->r:/builds/2017.1_sdx/nightly/2017_06_22_1915620/src/products/hls/hls_lib/src/lib_hlsm.cpp:268->flightmain.cpp:42
ap_fixed_base.exit251_ifconv:57  %p_Result_5 = call i64 @_ssdm_op_BitConcatenate.i64.i1.i63(i1 false, i63 %tmp_26)

ST_11: ret_i_i_i_i_i_i1 (95)  [1/1] 0.00ns  loc: r:/builds/2017.1_sdx/nightly/2017_06_22_1915620/src/products/hls/hls_lib/src/hls/utils/x_hls_utils.h:512->r:/builds/2017.1_sdx/nightly/2017_06_22_1915620/src/products/hls/hls_lib/src/hls/utils/x_hls_utils.h:526->r:/builds/2017.1_sdx/nightly/2017_06_22_1915620/src/products/hls/hls_lib/src/hls/hls_basic_math.h:337->r:/builds/2017.1_sdx/nightly/2017_06_22_1915620/src/products/hls/hls_lib/src/hls/hls_basic_math.h:372->r:/builds/2017.1_sdx/nightly/2017_06_22_1915620/src/products/hls/hls_lib/src/hls_math.h:65->r:/builds/2017.1_sdx/nightly/2017_06_22_1915620/src/products/hls/hls_lib/src/lib_hlsm.cpp:268->flightmain.cpp:42
ap_fixed_base.exit251_ifconv:58  %ret_i_i_i_i_i_i1 = bitcast i64 %p_Result_5 to double

ST_11: tmp_28 (96)  [1/1] 0.00ns  loc: r:/builds/2017.1_sdx/nightly/2017_06_22_1915620/src/products/hls/hls_lib/src/hls/utils/x_hls_utils.h:475->r:/builds/2017.1_sdx/nightly/2017_06_22_1915620/src/products/hls/hls_lib/src/hls/utils/x_hls_utils.h:479->r:/builds/2017.1_sdx/nightly/2017_06_22_1915620/src/products/hls/hls_lib/src/hls/hls_basic_math.h:335->r:/builds/2017.1_sdx/nightly/2017_06_22_1915620/src/products/hls/hls_lib/src/hls/hls_basic_math.h:372->r:/builds/2017.1_sdx/nightly/2017_06_22_1915620/src/products/hls/hls_lib/src/hls_math.h:65->r:/builds/2017.1_sdx/nightly/2017_06_22_1915620/src/products/hls/hls_lib/src/lib_hlsm.cpp:268->flightmain.cpp:42
ap_fixed_base.exit251_ifconv:59  %tmp_28 = call i11 @_ssdm_op_PartSelect.i11.i63.i32.i32(i63 %tmp_26, i32 52, i32 62)

ST_11: notlhs2 (97)  [1/1] 1.88ns  loc: r:/builds/2017.1_sdx/nightly/2017_06_22_1915620/src/products/hls/hls_lib/src/hls/utils/x_hls_utils.h:475->r:/builds/2017.1_sdx/nightly/2017_06_22_1915620/src/products/hls/hls_lib/src/hls/utils/x_hls_utils.h:479->r:/builds/2017.1_sdx/nightly/2017_06_22_1915620/src/products/hls/hls_lib/src/hls/hls_basic_math.h:335->r:/builds/2017.1_sdx/nightly/2017_06_22_1915620/src/products/hls/hls_lib/src/hls/hls_basic_math.h:372->r:/builds/2017.1_sdx/nightly/2017_06_22_1915620/src/products/hls/hls_lib/src/hls_math.h:65->r:/builds/2017.1_sdx/nightly/2017_06_22_1915620/src/products/hls/hls_lib/src/lib_hlsm.cpp:268->flightmain.cpp:42
ap_fixed_base.exit251_ifconv:60  %notlhs2 = icmp ne i11 %tmp_28, -1

ST_11: notrhs2 (98)  [1/1] 2.90ns  loc: r:/builds/2017.1_sdx/nightly/2017_06_22_1915620/src/products/hls/hls_lib/src/hls/utils/x_hls_utils.h:475->r:/builds/2017.1_sdx/nightly/2017_06_22_1915620/src/products/hls/hls_lib/src/hls/utils/x_hls_utils.h:479->r:/builds/2017.1_sdx/nightly/2017_06_22_1915620/src/products/hls/hls_lib/src/hls/hls_basic_math.h:335->r:/builds/2017.1_sdx/nightly/2017_06_22_1915620/src/products/hls/hls_lib/src/hls/hls_basic_math.h:372->r:/builds/2017.1_sdx/nightly/2017_06_22_1915620/src/products/hls/hls_lib/src/hls_math.h:65->r:/builds/2017.1_sdx/nightly/2017_06_22_1915620/src/products/hls/hls_lib/src/lib_hlsm.cpp:268->flightmain.cpp:42
ap_fixed_base.exit251_ifconv:61  %notrhs2 = icmp eq i52 %tmp_27, 0

ST_11: tmp_30 (100)  [1/1] 6.82ns  loc: flightmain.cpp:42
ap_fixed_base.exit251_ifconv:63  %tmp_30 = fcmp olt double %ret_i_i_i_i_i_i1, 5.000000e-02

ST_11: dp_3 (108)  [1/6] 6.28ns  loc: flightmain.cpp:42
ap_fixed_base.exit251_ifconv:71  %dp_3 = sitofp i32 %dp_5 to double

ST_11: res_V_9 (109)  [1/1] 0.00ns  loc: flightmain.cpp:42
ap_fixed_base.exit251_ifconv:72  %res_V_9 = bitcast double %dp_3 to i64

ST_11: exp_V_6 (110)  [1/1] 0.00ns  loc: flightmain.cpp:42
ap_fixed_base.exit251_ifconv:73  %exp_V_6 = call i11 @_ssdm_op_PartSelect.i11.i64.i32.i32(i64 %res_V_9, i32 52, i32 62)

ST_11: exp_V_11 (111)  [1/1] 1.98ns  loc: flightmain.cpp:42
ap_fixed_base.exit251_ifconv:74  %exp_V_11 = add i11 -15, %exp_V_6

ST_11: p_Result_6 (112)  [1/1] 0.00ns  loc: flightmain.cpp:42
ap_fixed_base.exit251_ifconv:75  %p_Result_6 = call i64 @llvm.part.set.i64.i11(i64 %res_V_9, i11 %exp_V_11, i32 52, i32 62) nounwind

ST_11: tmp_32 (113)  [1/1] 0.00ns  loc: r:/builds/2017.1_sdx/nightly/2017_06_22_1915620/src/products/hls/hls_lib/src/hls/utils/x_hls_utils.h:495->r:/builds/2017.1_sdx/nightly/2017_06_22_1915620/src/products/hls/hls_lib/src/hls/utils/x_hls_utils.h:512->r:/builds/2017.1_sdx/nightly/2017_06_22_1915620/src/products/hls/hls_lib/src/hls/utils/x_hls_utils.h:526->r:/builds/2017.1_sdx/nightly/2017_06_22_1915620/src/products/hls/hls_lib/src/hls/hls_basic_math.h:337->r:/builds/2017.1_sdx/nightly/2017_06_22_1915620/src/products/hls/hls_lib/src/hls/hls_basic_math.h:372->r:/builds/2017.1_sdx/nightly/2017_06_22_1915620/src/products/hls/hls_lib/src/hls_math.h:65->r:/builds/2017.1_sdx/nightly/2017_06_22_1915620/src/products/hls/hls_lib/src/lib_hlsm.cpp:268->flightmain.cpp:42
ap_fixed_base.exit251_ifconv:76  %tmp_32 = trunc i64 %p_Result_6 to i63


 <State 12>: 8.20ns
ST_12: tmp_22 (77)  [1/1] 0.00ns  loc: r:/builds/2017.1_sdx/nightly/2017_06_22_1915620/src/products/hls/hls_lib/src/hls/utils/x_hls_utils.h:475->r:/builds/2017.1_sdx/nightly/2017_06_22_1915620/src/products/hls/hls_lib/src/hls/utils/x_hls_utils.h:479->r:/builds/2017.1_sdx/nightly/2017_06_22_1915620/src/products/hls/hls_lib/src/hls/hls_basic_math.h:335->r:/builds/2017.1_sdx/nightly/2017_06_22_1915620/src/products/hls/hls_lib/src/hls/hls_basic_math.h:372->r:/builds/2017.1_sdx/nightly/2017_06_22_1915620/src/products/hls/hls_lib/src/hls_math.h:65->r:/builds/2017.1_sdx/nightly/2017_06_22_1915620/src/products/hls/hls_lib/src/lib_hlsm.cpp:268->flightmain.cpp:41 (grouped into LUT with out node tmp1)
ap_fixed_base.exit251_ifconv:40  %tmp_22 = or i1 %notrhs1, %notlhs1

ST_12: tmp_24 (79)  [1/1] 0.00ns  loc: flightmain.cpp:41 (grouped into LUT with out node tmp1)
ap_fixed_base.exit251_ifconv:42  %tmp_24 = and i1 %tmp_22, %tmp_23

ST_12: tmp_29 (99)  [1/1] 0.00ns  loc: r:/builds/2017.1_sdx/nightly/2017_06_22_1915620/src/products/hls/hls_lib/src/hls/utils/x_hls_utils.h:475->r:/builds/2017.1_sdx/nightly/2017_06_22_1915620/src/products/hls/hls_lib/src/hls/utils/x_hls_utils.h:479->r:/builds/2017.1_sdx/nightly/2017_06_22_1915620/src/products/hls/hls_lib/src/hls/hls_basic_math.h:335->r:/builds/2017.1_sdx/nightly/2017_06_22_1915620/src/products/hls/hls_lib/src/hls/hls_basic_math.h:372->r:/builds/2017.1_sdx/nightly/2017_06_22_1915620/src/products/hls/hls_lib/src/hls_math.h:65->r:/builds/2017.1_sdx/nightly/2017_06_22_1915620/src/products/hls/hls_lib/src/lib_hlsm.cpp:268->flightmain.cpp:42 (grouped into LUT with out node tmp1)
ap_fixed_base.exit251_ifconv:62  %tmp_29 = or i1 %notrhs2, %notlhs2

ST_12: tmp_31 (101)  [1/1] 0.00ns  loc: flightmain.cpp:42 (grouped into LUT with out node tmp1)
ap_fixed_base.exit251_ifconv:64  %tmp_31 = and i1 %tmp_29, %tmp_30

ST_12: tmp_33 (114)  [1/1] 1.37ns  loc: r:/builds/2017.1_sdx/nightly/2017_06_22_1915620/src/products/hls/hls_lib/src/hls/utils/x_hls_utils.h:475->r:/builds/2017.1_sdx/nightly/2017_06_22_1915620/src/products/hls/hls_lib/src/hls/utils/x_hls_utils.h:479->r:/builds/2017.1_sdx/nightly/2017_06_22_1915620/src/products/hls/hls_lib/src/hls/hls_basic_math.h:335->r:/builds/2017.1_sdx/nightly/2017_06_22_1915620/src/products/hls/hls_lib/src/hls/hls_basic_math.h:372->r:/builds/2017.1_sdx/nightly/2017_06_22_1915620/src/products/hls/hls_lib/src/hls_math.h:65->r:/builds/2017.1_sdx/nightly/2017_06_22_1915620/src/products/hls/hls_lib/src/lib_hlsm.cpp:268->flightmain.cpp:42
ap_fixed_base.exit251_ifconv:77  %tmp_33 = select i1 %tmp_14, i63 0, i63 %tmp_32

ST_12: tmp_34 (115)  [1/1] 0.00ns  loc: r:/builds/2017.1_sdx/nightly/2017_06_22_1915620/src/products/hls/hls_lib/src/hls/utils/x_hls_utils.h:475->r:/builds/2017.1_sdx/nightly/2017_06_22_1915620/src/products/hls/hls_lib/src/hls/utils/x_hls_utils.h:479->r:/builds/2017.1_sdx/nightly/2017_06_22_1915620/src/products/hls/hls_lib/src/hls/hls_basic_math.h:335->r:/builds/2017.1_sdx/nightly/2017_06_22_1915620/src/products/hls/hls_lib/src/hls/hls_basic_math.h:372->r:/builds/2017.1_sdx/nightly/2017_06_22_1915620/src/products/hls/hls_lib/src/hls_math.h:65->r:/builds/2017.1_sdx/nightly/2017_06_22_1915620/src/products/hls/hls_lib/src/lib_hlsm.cpp:268->flightmain.cpp:42
ap_fixed_base.exit251_ifconv:78  %tmp_34 = trunc i63 %tmp_33 to i52

ST_12: p_Result_7 (116)  [1/1] 0.00ns  loc: r:/builds/2017.1_sdx/nightly/2017_06_22_1915620/src/products/hls/hls_lib/src/hls/utils/x_hls_utils.h:495->r:/builds/2017.1_sdx/nightly/2017_06_22_1915620/src/products/hls/hls_lib/src/hls/utils/x_hls_utils.h:512->r:/builds/2017.1_sdx/nightly/2017_06_22_1915620/src/products/hls/hls_lib/src/hls/utils/x_hls_utils.h:526->r:/builds/2017.1_sdx/nightly/2017_06_22_1915620/src/products/hls/hls_lib/src/hls/hls_basic_math.h:337->r:/builds/2017.1_sdx/nightly/2017_06_22_1915620/src/products/hls/hls_lib/src/hls/hls_basic_math.h:372->r:/builds/2017.1_sdx/nightly/2017_06_22_1915620/src/products/hls/hls_lib/src/hls_math.h:65->r:/builds/2017.1_sdx/nightly/2017_06_22_1915620/src/products/hls/hls_lib/src/lib_hlsm.cpp:268->flightmain.cpp:42
ap_fixed_base.exit251_ifconv:79  %p_Result_7 = call i64 @_ssdm_op_BitConcatenate.i64.i1.i63(i1 false, i63 %tmp_33)

ST_12: ret_i_i_i_i_i_i2 (117)  [1/1] 0.00ns  loc: r:/builds/2017.1_sdx/nightly/2017_06_22_1915620/src/products/hls/hls_lib/src/hls/utils/x_hls_utils.h:512->r:/builds/2017.1_sdx/nightly/2017_06_22_1915620/src/products/hls/hls_lib/src/hls/utils/x_hls_utils.h:526->r:/builds/2017.1_sdx/nightly/2017_06_22_1915620/src/products/hls/hls_lib/src/hls/hls_basic_math.h:337->r:/builds/2017.1_sdx/nightly/2017_06_22_1915620/src/products/hls/hls_lib/src/hls/hls_basic_math.h:372->r:/builds/2017.1_sdx/nightly/2017_06_22_1915620/src/products/hls/hls_lib/src/hls_math.h:65->r:/builds/2017.1_sdx/nightly/2017_06_22_1915620/src/products/hls/hls_lib/src/lib_hlsm.cpp:268->flightmain.cpp:42
ap_fixed_base.exit251_ifconv:80  %ret_i_i_i_i_i_i2 = bitcast i64 %p_Result_7 to double

ST_12: tmp_39 (118)  [1/1] 0.00ns  loc: r:/builds/2017.1_sdx/nightly/2017_06_22_1915620/src/products/hls/hls_lib/src/hls/utils/x_hls_utils.h:475->r:/builds/2017.1_sdx/nightly/2017_06_22_1915620/src/products/hls/hls_lib/src/hls/utils/x_hls_utils.h:479->r:/builds/2017.1_sdx/nightly/2017_06_22_1915620/src/products/hls/hls_lib/src/hls/hls_basic_math.h:335->r:/builds/2017.1_sdx/nightly/2017_06_22_1915620/src/products/hls/hls_lib/src/hls/hls_basic_math.h:372->r:/builds/2017.1_sdx/nightly/2017_06_22_1915620/src/products/hls/hls_lib/src/hls_math.h:65->r:/builds/2017.1_sdx/nightly/2017_06_22_1915620/src/products/hls/hls_lib/src/lib_hlsm.cpp:268->flightmain.cpp:42
ap_fixed_base.exit251_ifconv:81  %tmp_39 = call i11 @_ssdm_op_PartSelect.i11.i63.i32.i32(i63 %tmp_33, i32 52, i32 62)

ST_12: notlhs3 (119)  [1/1] 1.88ns  loc: r:/builds/2017.1_sdx/nightly/2017_06_22_1915620/src/products/hls/hls_lib/src/hls/utils/x_hls_utils.h:475->r:/builds/2017.1_sdx/nightly/2017_06_22_1915620/src/products/hls/hls_lib/src/hls/utils/x_hls_utils.h:479->r:/builds/2017.1_sdx/nightly/2017_06_22_1915620/src/products/hls/hls_lib/src/hls/hls_basic_math.h:335->r:/builds/2017.1_sdx/nightly/2017_06_22_1915620/src/products/hls/hls_lib/src/hls/hls_basic_math.h:372->r:/builds/2017.1_sdx/nightly/2017_06_22_1915620/src/products/hls/hls_lib/src/hls_math.h:65->r:/builds/2017.1_sdx/nightly/2017_06_22_1915620/src/products/hls/hls_lib/src/lib_hlsm.cpp:268->flightmain.cpp:42
ap_fixed_base.exit251_ifconv:82  %notlhs3 = icmp ne i11 %tmp_39, -1

ST_12: notrhs3 (120)  [1/1] 2.90ns  loc: r:/builds/2017.1_sdx/nightly/2017_06_22_1915620/src/products/hls/hls_lib/src/hls/utils/x_hls_utils.h:475->r:/builds/2017.1_sdx/nightly/2017_06_22_1915620/src/products/hls/hls_lib/src/hls/utils/x_hls_utils.h:479->r:/builds/2017.1_sdx/nightly/2017_06_22_1915620/src/products/hls/hls_lib/src/hls/hls_basic_math.h:335->r:/builds/2017.1_sdx/nightly/2017_06_22_1915620/src/products/hls/hls_lib/src/hls/hls_basic_math.h:372->r:/builds/2017.1_sdx/nightly/2017_06_22_1915620/src/products/hls/hls_lib/src/hls_math.h:65->r:/builds/2017.1_sdx/nightly/2017_06_22_1915620/src/products/hls/hls_lib/src/lib_hlsm.cpp:268->flightmain.cpp:42
ap_fixed_base.exit251_ifconv:83  %notrhs3 = icmp eq i52 %tmp_34, 0

ST_12: tmp_41 (122)  [1/1] 6.82ns  loc: flightmain.cpp:42
ap_fixed_base.exit251_ifconv:85  %tmp_41 = fcmp olt double %ret_i_i_i_i_i_i2, 5.000000e-02

ST_12: tmp1 (125)  [1/1] 0.93ns  loc: flightmain.cpp:65 (out node of the LUT)
ap_fixed_base.exit251_ifconv:88  %tmp1 = and i1 %tmp_24, %tmp_31


 <State 13>: 4.36ns
ST_13: obj_avd_flag_V_read (16)  [1/1] 1.00ns
.preheader.preheader:5  %obj_avd_flag_V_read = call i16 @_ssdm_op_Read.s_axilite.i16(i16 %obj_avd_flag_V)

ST_13: horizon_cmd_V_read (17)  [1/1] 1.00ns
.preheader.preheader:6  %horizon_cmd_V_read = call i16 @_ssdm_op_Read.s_axilite.i16(i16 %horizon_cmd_V)

ST_13: obj_avd_cmd_V_read (18)  [1/1] 1.00ns
.preheader.preheader:7  %obj_avd_cmd_V_read = call i16 @_ssdm_op_Read.s_axilite.i16(i16 %obj_avd_cmd_V)

ST_13: p_Val2_8 (31)  [1/1] 0.00ns  loc: flightmain.cpp:47
.preheader.preheader:20  %p_Val2_8 = load i16* @lastrcCmdIn_V_0, align 2

ST_13: tmp_15 (55)  [1/1] 0.00ns  loc: r:/builds/2017.1_sdx/nightly/2017_06_22_1915620/src/products/hls/hls_lib/src/hls/utils/x_hls_utils.h:475->r:/builds/2017.1_sdx/nightly/2017_06_22_1915620/src/products/hls/hls_lib/src/hls/utils/x_hls_utils.h:479->r:/builds/2017.1_sdx/nightly/2017_06_22_1915620/src/products/hls/hls_lib/src/hls/hls_basic_math.h:335->r:/builds/2017.1_sdx/nightly/2017_06_22_1915620/src/products/hls/hls_lib/src/hls/hls_basic_math.h:372->r:/builds/2017.1_sdx/nightly/2017_06_22_1915620/src/products/hls/hls_lib/src/hls_math.h:65->r:/builds/2017.1_sdx/nightly/2017_06_22_1915620/src/products/hls/hls_lib/src/lib_hlsm.cpp:268->flightmain.cpp:41 (grouped into LUT with out node tmp2)
ap_fixed_base.exit251_ifconv:18  %tmp_15 = or i1 %notrhs, %notlhs

ST_13: tmp_17 (57)  [1/1] 0.00ns  loc: flightmain.cpp:41 (grouped into LUT with out node tmp2)
ap_fixed_base.exit251_ifconv:20  %tmp_17 = and i1 %tmp_15, %tmp_16

ST_13: tmp_40 (121)  [1/1] 0.00ns  loc: r:/builds/2017.1_sdx/nightly/2017_06_22_1915620/src/products/hls/hls_lib/src/hls/utils/x_hls_utils.h:475->r:/builds/2017.1_sdx/nightly/2017_06_22_1915620/src/products/hls/hls_lib/src/hls/utils/x_hls_utils.h:479->r:/builds/2017.1_sdx/nightly/2017_06_22_1915620/src/products/hls/hls_lib/src/hls/hls_basic_math.h:335->r:/builds/2017.1_sdx/nightly/2017_06_22_1915620/src/products/hls/hls_lib/src/hls/hls_basic_math.h:372->r:/builds/2017.1_sdx/nightly/2017_06_22_1915620/src/products/hls/hls_lib/src/hls_math.h:65->r:/builds/2017.1_sdx/nightly/2017_06_22_1915620/src/products/hls/hls_lib/src/lib_hlsm.cpp:268->flightmain.cpp:42 (grouped into LUT with out node tmp2)
ap_fixed_base.exit251_ifconv:84  %tmp_40 = or i1 %notrhs3, %notlhs3

ST_13: tmp_42 (123)  [1/1] 0.00ns  loc: flightmain.cpp:42 (grouped into LUT with out node tmp2)
ap_fixed_base.exit251_ifconv:86  %tmp_42 = and i1 %tmp_40, %tmp_41

ST_13: tmp_35 (124)  [1/1] 2.43ns  loc: flightmain.cpp:65
ap_fixed_base.exit251_ifconv:87  %tmp_35 = icmp eq i16 %obj_avd_cmd_V_read, 0

ST_13: tmp2 (126)  [1/1] 0.93ns  loc: flightmain.cpp:65 (out node of the LUT)
ap_fixed_base.exit251_ifconv:89  %tmp2 = and i1 %tmp_17, %tmp_42

ST_13: tmp_36 (127)  [1/1] 0.93ns  loc: flightmain.cpp:65 (out node of the LUT)
ap_fixed_base.exit251_ifconv:90  %tmp_36 = and i1 %tmp2, %tmp1

ST_13: tmp_37 (128)  [1/1] 2.43ns  loc: flightmain.cpp:73
ap_fixed_base.exit251_ifconv:91  %tmp_37 = icmp eq i16 %horizon_cmd_V_read, 0

ST_13: tmp3 (129)  [1/1] 0.00ns  loc: flightmain.cpp:73 (grouped into LUT with out node or_cond3)
ap_fixed_base.exit251_ifconv:92  %tmp3 = and i1 %tmp_36, %tmp_37

ST_13: or_cond3 (130)  [1/1] 0.93ns  loc: flightmain.cpp:73 (out node of the LUT)
ap_fixed_base.exit251_ifconv:93  %or_cond3 = and i1 %tmp3, %tmp_35

ST_13: StgValue_147 (131)  [1/1] 0.00ns  loc: flightmain.cpp:73
ap_fixed_base.exit251_ifconv:94  br i1 %or_cond3, label %._crit_edge197, label %._crit_edge196

ST_13: tmp_38 (133)  [1/1] 2.43ns  loc: flightmain.cpp:74
._crit_edge196:0  %tmp_38 = icmp eq i16 %obj_avd_flag_V_read, 0

ST_13: tmp4 (134)  [1/1] 0.00ns  loc: flightmain.cpp:74 (grouped into LUT with out node or_cond4)
._crit_edge196:1  %tmp4 = and i1 %tmp_36, %tmp_38

ST_13: or_cond4 (135)  [1/1] 0.93ns  loc: flightmain.cpp:74 (out node of the LUT)
._crit_edge196:2  %or_cond4 = and i1 %tmp4, %tmp_37

ST_13: StgValue_151 (136)  [1/1] 0.00ns  loc: flightmain.cpp:74
._crit_edge196:3  br i1 %or_cond4, label %._crit_edge197, label %._crit_edge187

ST_13: StgValue_152 (138)  [1/1] 2.32ns  loc: flightmain.cpp:76
._crit_edge197:0  store i16 %p_Val2_8, i16* %rcCmdIn_V_addr, align 2


 <State 14>: 2.32ns
ST_14: p_Val2_9 (32)  [1/1] 0.00ns  loc: flightmain.cpp:47
.preheader.preheader:21  %p_Val2_9 = load i16* @lastrcCmdIn_V_1, align 2

ST_14: StgValue_154 (139)  [1/1] 2.32ns  loc: flightmain.cpp:77
._crit_edge197:1  store i16 %p_Val2_9, i16* %rcCmdIn_V_addr_1, align 2


 <State 15>: 2.32ns
ST_15: p_Val2_10 (33)  [1/1] 0.00ns  loc: flightmain.cpp:48
.preheader.preheader:22  %p_Val2_10 = load i16* @lastrcCmdIn_V_2, align 2

ST_15: StgValue_156 (140)  [1/1] 2.32ns  loc: flightmain.cpp:78
._crit_edge197:2  store i16 %p_Val2_10, i16* %rcCmdIn_V_addr_2, align 2


 <State 16>: 2.32ns
ST_16: p_Val2_11 (34)  [1/1] 0.00ns  loc: flightmain.cpp:48
.preheader.preheader:23  %p_Val2_11 = load i16* @lastrcCmdIn_V_3, align 2

ST_16: StgValue_158 (141)  [1/1] 2.32ns  loc: flightmain.cpp:79
._crit_edge197:3  store i16 %p_Val2_11, i16* %rcCmdIn_V_addr_3, align 2


 <State 17>: 2.32ns
ST_17: StgValue_159 (146)  [1/1] 0.00ns  loc: flightmain.cpp:83
._crit_edge176:0  store i1 true, i1* @delay, align 1

ST_17: rcCmdIn_V_load (147)  [2/2] 2.32ns  loc: flightmain.cpp:84
._crit_edge176:1  %rcCmdIn_V_load = load i16* %rcCmdIn_V_addr, align 2


 <State 18>: 2.32ns
ST_18: rcCmdIn_V_load (147)  [1/2] 2.32ns  loc: flightmain.cpp:84
._crit_edge176:1  %rcCmdIn_V_load = load i16* %rcCmdIn_V_addr, align 2

ST_18: StgValue_162 (148)  [1/1] 0.00ns  loc: flightmain.cpp:84
._crit_edge176:2  store i16 %rcCmdIn_V_load, i16* @lastrcCmdIn_V_0, align 2

ST_18: rcCmdIn_V_addr_4 (149)  [1/1] 0.00ns  loc: flightmain.cpp:85
._crit_edge176:3  %rcCmdIn_V_addr_4 = getelementptr [5 x i16]* %rcCmdIn_V, i32 0, i32 1

ST_18: rcCmdIn_V_load_1 (150)  [2/2] 2.32ns  loc: flightmain.cpp:85
._crit_edge176:4  %rcCmdIn_V_load_1 = load i16* %rcCmdIn_V_addr_4, align 2


 <State 19>: 2.32ns
ST_19: rcCmdIn_V_load_1 (150)  [1/2] 2.32ns  loc: flightmain.cpp:85
._crit_edge176:4  %rcCmdIn_V_load_1 = load i16* %rcCmdIn_V_addr_4, align 2

ST_19: StgValue_166 (151)  [1/1] 0.00ns  loc: flightmain.cpp:85
._crit_edge176:5  store i16 %rcCmdIn_V_load_1, i16* @lastrcCmdIn_V_1, align 2

ST_19: rcCmdIn_V_addr_5 (152)  [1/1] 0.00ns  loc: flightmain.cpp:86
._crit_edge176:6  %rcCmdIn_V_addr_5 = getelementptr [5 x i16]* %rcCmdIn_V, i32 0, i32 2

ST_19: rcCmdIn_V_load_2 (153)  [2/2] 2.32ns  loc: flightmain.cpp:86
._crit_edge176:7  %rcCmdIn_V_load_2 = load i16* %rcCmdIn_V_addr_5, align 2


 <State 20>: 2.32ns
ST_20: rcCmdIn_V_load_2 (153)  [1/2] 2.32ns  loc: flightmain.cpp:86
._crit_edge176:7  %rcCmdIn_V_load_2 = load i16* %rcCmdIn_V_addr_5, align 2

ST_20: StgValue_170 (154)  [1/1] 0.00ns  loc: flightmain.cpp:86
._crit_edge176:8  store i16 %rcCmdIn_V_load_2, i16* @lastrcCmdIn_V_2, align 2

ST_20: rcCmdIn_V_addr_6 (155)  [1/1] 0.00ns  loc: flightmain.cpp:87
._crit_edge176:9  %rcCmdIn_V_addr_6 = getelementptr [5 x i16]* %rcCmdIn_V, i32 0, i32 3

ST_20: rcCmdIn_V_load_3 (156)  [2/2] 2.32ns  loc: flightmain.cpp:87
._crit_edge176:10  %rcCmdIn_V_load_3 = load i16* %rcCmdIn_V_addr_6, align 2


 <State 21>: 2.32ns
ST_21: StgValue_173 (11)  [1/1] 0.00ns
.preheader.preheader:0  call void (...)* @_ssdm_op_SpecBitsMap([5 x i16]* %rcCmdIn_V), !map !3832

ST_21: StgValue_174 (12)  [1/1] 0.00ns
.preheader.preheader:1  call void (...)* @_ssdm_op_SpecBitsMap([4 x i16]* %measured_V), !map !3838

ST_21: StgValue_175 (13)  [1/1] 0.00ns
.preheader.preheader:2  call void (...)* @_ssdm_op_SpecBitsMap(i16 %obj_avd_cmd_V), !map !3844

ST_21: StgValue_176 (14)  [1/1] 0.00ns
.preheader.preheader:3  call void (...)* @_ssdm_op_SpecBitsMap(i16 %horizon_cmd_V), !map !3850

ST_21: StgValue_177 (15)  [1/1] 0.00ns
.preheader.preheader:4  call void (...)* @_ssdm_op_SpecBitsMap(i16 %obj_avd_flag_V), !map !3854

ST_21: StgValue_178 (20)  [1/1] 0.00ns
.preheader.preheader:9  call void (...)* @_ssdm_op_SpecTopModule([11 x i8]* @flightmain_str) nounwind

ST_21: StgValue_179 (21)  [1/1] 0.00ns  loc: flightmain.cpp:26
.preheader.preheader:10  call void (...)* @_ssdm_op_SpecInterface(i32 0, [10 x i8]* @p_str, i32 0, i32 0, [1 x i8]* @p_str2, i32 0, i32 0, [5 x i8]* @p_str3, [1 x i8]* @p_str2, [1 x i8]* @p_str2, i32 0, i32 0, i32 0, i32 0, [1 x i8]* @p_str2, [1 x i8]* @p_str2) nounwind

ST_21: empty (22)  [1/1] 0.00ns
.preheader.preheader:11  %empty = call i32 (...)* @_ssdm_op_SpecMemCore([5 x i16]* %rcCmdIn_V, [1 x i8]* @p_str4, [7 x i8]* @RAM_1P_str, [1 x i8]* @p_str4, i32 -1, [1 x i8]* @p_str4, [1 x i8]* @p_str4, [1 x i8]* @p_str4, [1 x i8]* @p_str4, [1 x i8]* @p_str4)

ST_21: StgValue_181 (23)  [1/1] 0.00ns
.preheader.preheader:12  call void (...)* @_ssdm_op_SpecInterface([5 x i16]* %rcCmdIn_V, [10 x i8]* @p_str, i32 0, i32 0, [1 x i8]* @p_str2, i32 0, i32 0, [5 x i8]* @p_str3, [1 x i8]* @p_str2, [1 x i8]* @p_str2, i32 0, i32 0, i32 0, i32 0, [1 x i8]* @p_str2, [1 x i8]* @p_str2) nounwind

ST_21: empty_9 (24)  [1/1] 0.00ns
.preheader.preheader:13  %empty_9 = call i32 (...)* @_ssdm_op_SpecMemCore([4 x i16]* %measured_V, [1 x i8]* @p_str5, [7 x i8]* @RAM_1P_str, [1 x i8]* @p_str5, i32 -1, [1 x i8]* @p_str5, [1 x i8]* @p_str5, [1 x i8]* @p_str5, [1 x i8]* @p_str5, [1 x i8]* @p_str5)

ST_21: StgValue_183 (25)  [1/1] 0.00ns
.preheader.preheader:14  call void (...)* @_ssdm_op_SpecInterface([4 x i16]* %measured_V, [10 x i8]* @p_str, i32 0, i32 0, [1 x i8]* @p_str2, i32 0, i32 0, [5 x i8]* @p_str3, [1 x i8]* @p_str2, [1 x i8]* @p_str2, i32 0, i32 0, i32 0, i32 0, [1 x i8]* @p_str2, [1 x i8]* @p_str2) nounwind

ST_21: StgValue_184 (26)  [1/1] 0.00ns  loc: flightmain.cpp:30
.preheader.preheader:15  call void (...)* @_ssdm_op_SpecInterface(i16 %obj_avd_cmd_V, [10 x i8]* @p_str, i32 0, i32 0, [1 x i8]* @p_str2, i32 0, i32 0, [5 x i8]* @p_str3, [1 x i8]* @p_str2, [1 x i8]* @p_str2, i32 0, i32 0, i32 0, i32 0, [1 x i8]* @p_str2, [1 x i8]* @p_str2) nounwind

ST_21: StgValue_185 (27)  [1/1] 0.00ns  loc: flightmain.cpp:31
.preheader.preheader:16  call void (...)* @_ssdm_op_SpecInterface(i16 %horizon_cmd_V, [10 x i8]* @p_str, i32 0, i32 0, [1 x i8]* @p_str2, i32 0, i32 0, [5 x i8]* @p_str3, [1 x i8]* @p_str2, [1 x i8]* @p_str2, i32 0, i32 0, i32 0, i32 0, [1 x i8]* @p_str2, [1 x i8]* @p_str2) nounwind

ST_21: StgValue_186 (28)  [1/1] 0.00ns  loc: flightmain.cpp:32
.preheader.preheader:17  call void (...)* @_ssdm_op_SpecInterface(i16 %obj_avd_flag_V, [10 x i8]* @p_str, i32 0, i32 0, [1 x i8]* @p_str2, i32 0, i32 0, [5 x i8]* @p_str3, [1 x i8]* @p_str2, [1 x i8]* @p_str2, i32 0, i32 0, i32 0, i32 0, [1 x i8]* @p_str2, [1 x i8]* @p_str2) nounwind

ST_21: StgValue_187 (29)  [1/1] 0.00ns  loc: flightmain.cpp:36
.preheader.preheader:18  call void (...)* @_ssdm_op_SpecPipeline(i32 -1, i32 1, i32 1, i32 0, [1 x i8]* @p_str2) nounwind

ST_21: StgValue_188 (142)  [1/1] 0.00ns  loc: flightmain.cpp:80
._crit_edge197:4  br label %._crit_edge187

ST_21: StgValue_189 (144)  [1/1] 0.00ns  loc: flightmain.cpp:82
._crit_edge187:0  br label %._crit_edge176

ST_21: rcCmdIn_V_load_3 (156)  [1/2] 2.32ns  loc: flightmain.cpp:87
._crit_edge176:10  %rcCmdIn_V_load_3 = load i16* %rcCmdIn_V_addr_6, align 2

ST_21: StgValue_191 (157)  [1/1] 0.00ns  loc: flightmain.cpp:87
._crit_edge176:11  store i16 %rcCmdIn_V_load_3, i16* @lastrcCmdIn_V_3, align 2

ST_21: StgValue_192 (158)  [1/1] 0.00ns  loc: flightmain.cpp:95
._crit_edge176:12  ret void



============================================================
+ Verbose Summary: Timing violations
============================================================
Target clock period: 10ns, clock uncertainty: 1.25ns.

 <State 1>: 2.32ns
The critical path consists of the following:
	'getelementptr' operation ('rcCmdIn_V_addr') [19]  (0 ns)
	'load' operation ('__Val2__', flightmain.cpp:41) on array 'rcCmdIn_V' [37]  (2.32 ns)

 <State 2>: 4.75ns
The critical path consists of the following:
	'load' operation ('__Val2__', flightmain.cpp:41) on array 'rcCmdIn_V' [37]  (2.32 ns)
	'icmp' operation ('tmp_3', flightmain.cpp:41) [40]  (2.43 ns)

 <State 3>: 8.36ns
The critical path consists of the following:
	'add' operation ('tmp_2', flightmain.cpp:41) [39]  (2.08 ns)
	'sitodp' operation ('dp', flightmain.cpp:41) [42]  (6.28 ns)

 <State 4>: 8.36ns
The critical path consists of the following:
	'add' operation ('tmp_s', flightmain.cpp:41) [61]  (2.08 ns)
	'sitodp' operation ('dp', flightmain.cpp:41) [64]  (6.28 ns)

 <State 5>: 8.36ns
The critical path consists of the following:
	'add' operation ('tmp_7', flightmain.cpp:42) [83]  (2.08 ns)
	'sitodp' operation ('dp', flightmain.cpp:42) [86]  (6.28 ns)

 <State 6>: 8.36ns
The critical path consists of the following:
	'add' operation ('tmp_13', flightmain.cpp:42) [105]  (2.08 ns)
	'sitodp' operation ('dp', flightmain.cpp:42) [108]  (6.28 ns)

 <State 7>: 6.28ns
The critical path consists of the following:
	'sitodp' operation ('dp', flightmain.cpp:41) [42]  (6.28 ns)

 <State 8>: 8.26ns
The critical path consists of the following:
	'sitodp' operation ('dp', flightmain.cpp:41) [42]  (6.28 ns)
	'add' operation ('exp.V', flightmain.cpp:41) [45]  (1.98 ns)

 <State 9>: 8.26ns
The critical path consists of the following:
	'sitodp' operation ('dp', flightmain.cpp:41) [64]  (6.28 ns)
	'add' operation ('exp.V', flightmain.cpp:41) [67]  (1.98 ns)

 <State 10>: 8.26ns
The critical path consists of the following:
	'sitodp' operation ('dp', flightmain.cpp:42) [86]  (6.28 ns)
	'add' operation ('exp.V', flightmain.cpp:42) [89]  (1.98 ns)

 <State 11>: 8.26ns
The critical path consists of the following:
	'sitodp' operation ('dp', flightmain.cpp:42) [108]  (6.28 ns)
	'add' operation ('exp.V', flightmain.cpp:42) [111]  (1.98 ns)

 <State 12>: 8.2ns
The critical path consists of the following:
	'select' operation ('tmp_33', r:/builds/2017.1_sdx/nightly/2017_06_22_1915620/src/products/hls/hls_lib/src/hls/utils/x_hls_utils.h:475->r:/builds/2017.1_sdx/nightly/2017_06_22_1915620/src/products/hls/hls_lib/src/hls/utils/x_hls_utils.h:479->r:/builds/2017.1_sdx/nightly/2017_06_22_1915620/src/products/hls/hls_lib/src/hls/hls_basic_math.h:335->r:/builds/2017.1_sdx/nightly/2017_06_22_1915620/src/products/hls/hls_lib/src/hls/hls_basic_math.h:372->r:/builds/2017.1_sdx/nightly/2017_06_22_1915620/src/products/hls/hls_lib/src/hls_math.h:65->r:/builds/2017.1_sdx/nightly/2017_06_22_1915620/src/products/hls/hls_lib/src/lib_hlsm.cpp:268->flightmain.cpp:42) [114]  (1.37 ns)
	'dcmp' operation ('tmp_41', flightmain.cpp:42) [122]  (6.82 ns)

 <State 13>: 4.36ns
The critical path consists of the following:
	s_axi read on port 'obj_avd_flag_V' [16]  (1 ns)
	'icmp' operation ('tmp_38', flightmain.cpp:74) [133]  (2.43 ns)
	'and' operation ('tmp4', flightmain.cpp:74) [134]  (0 ns)
	'and' operation ('or_cond4', flightmain.cpp:74) [135]  (0.931 ns)

 <State 14>: 2.32ns
The critical path consists of the following:
	'load' operation ('__Val2__', flightmain.cpp:47) on static variable 'lastrcCmdIn_V_1' [32]  (0 ns)
	'store' operation (flightmain.cpp:77) of variable '__Val2__', flightmain.cpp:47 on array 'rcCmdIn_V' [139]  (2.32 ns)

 <State 15>: 2.32ns
The critical path consists of the following:
	'load' operation ('__Val2__', flightmain.cpp:48) on static variable 'lastrcCmdIn_V_2' [33]  (0 ns)
	'store' operation (flightmain.cpp:78) of variable '__Val2__', flightmain.cpp:48 on array 'rcCmdIn_V' [140]  (2.32 ns)

 <State 16>: 2.32ns
The critical path consists of the following:
	'load' operation ('__Val2__', flightmain.cpp:48) on static variable 'lastrcCmdIn_V_3' [34]  (0 ns)
	'store' operation (flightmain.cpp:79) of variable '__Val2__', flightmain.cpp:48 on array 'rcCmdIn_V' [141]  (2.32 ns)

 <State 17>: 2.32ns
The critical path consists of the following:
	'load' operation ('rcCmdIn_V_load', flightmain.cpp:84) on array 'rcCmdIn_V' [147]  (2.32 ns)

 <State 18>: 2.32ns
The critical path consists of the following:
	'load' operation ('rcCmdIn_V_load', flightmain.cpp:84) on array 'rcCmdIn_V' [147]  (2.32 ns)

 <State 19>: 2.32ns
The critical path consists of the following:
	'load' operation ('rcCmdIn_V_load_1', flightmain.cpp:85) on array 'rcCmdIn_V' [150]  (2.32 ns)

 <State 20>: 2.32ns
The critical path consists of the following:
	'load' operation ('rcCmdIn_V_load_2', flightmain.cpp:86) on array 'rcCmdIn_V' [153]  (2.32 ns)

 <State 21>: 2.32ns
The critical path consists of the following:
	'load' operation ('rcCmdIn_V_load_3', flightmain.cpp:87) on array 'rcCmdIn_V' [156]  (2.32 ns)


============================================================
+ Verbose Summary: Binding
============================================================
N/A
* FSMD analyzer results:
  - Output states:
 - Input state : 
  - Chain level:
	State 1
	State 2
	State 3
	State 4
	State 5
	State 6
	State 7
	State 8
	State 9
	State 10
	State 11
	State 12
	State 13
	State 14
	State 15
	State 16
	State 17
	State 18
	State 19
	State 20
	State 21


============================================================
+ Verbose Summary: Datapath Resource usage 
============================================================
N/A
